(105,) [ 0.          0.144423    0.288846    0.433269    0.57769199  0.72211499
  0.86653799  1.01096099  1.15538399  1.29980699  1.44422999  1.58865298
  1.73307598  1.87749898  2.02192198  2.16634498  2.31076798  2.45519098
  2.59961397  2.74403697  2.88845997  3.03288297  3.17730597  3.32172897
  3.46615197  3.61057496  3.75499796  3.89942096  4.04384396  4.18826696
  4.33268996  4.47711296  4.62153595  4.76595895  4.91038195  5.05480495
  5.19922795  5.34365095  5.48807395  5.63249694  5.77691994  5.92134294
  6.06576594  6.21018894  6.35461194  6.49903494  6.64345793  6.78788093
  6.93230393  7.          7.288846    7.57769199  7.86653799  8.15538399
  8.44422999  8.73307598  9.02192198  9.31076798  9.59961397  9.88845997
 10.17730597 10.46615197 10.75499796 11.04384396 11.33268996 11.62153595
 11.91038195 12.19922795 12.48807395 12.77691994 13.06576594 13.35461194
 13.64345793 13.93230393 14.22114993 14.50999593 14.79884192 15.08768792
 15.37653392 15.66537991 15.95422591 16.24307191 16.53191791 16.8207639
 17.1096099  17.3984559  17.68730189 17.97614789 18.26499389 18.55383989
 18.84268588 19.13153188 19.42037788 19.70922387 19.99806987 20.
 20.57769199 21.15538399 21.73307598 22.31076798 22.88845997 23.46615197
 24.04384396 24.62153595 25.19922795]
(24,) [  0.  15.  30.  45.  60.  75.  90. 105. 120. 135. 150. 165. 180. 195.
 210. 225. 240. 255. 270. 285. 300. 315. 330. 345.] deg
2520
0 110.37421917915344
1 165.24403929710388
2 220.28661346435547
3 274.3626928329468
4 328.59413146972656
5 382.8927962779999
6 437.13962864875793
7 491.7358260154724
8 547.147390127182
9 601.6487555503845
10 656.1088440418243
11 710.1388897895813
12 764.5671875476837
13 818.865471124649
14 872.9853010177612
15 927.6703855991364
16 982.0361399650574
17 1036.1957376003265
18 1090.36190533638
19 1144.22167634964
20 1198.7936613559723
21 1253.0592789649963
22 1307.437249660492
23 1361.6341631412506
24 1416.1269414424896
25 1470.5441999435425
26 1525.0916233062744
27 1579.7534129619598
28 1633.775225162506
29 1687.9597640037537
30 1741.7515881061554
31 1795.839555978775
32 1850.0930514335632
33 1904.5224776268005
34 1958.8154773712158
35 2012.8000774383545
36 2067.479367494583
37 2122.5213854312897
38 2176.5488183498383
39 2230.82870388031
40 2285.670572757721
41 2340.259598016739
42 2395.4993324279785
43 2450.696851491928
44 2505.1927032470703
45 2559.2881186008453
46 2613.3848192691803
47 2667.9180207252502
48 2722.4093232154846
49 2777.2684502601624
50 2831.646894454956
51 2885.4685237407684
52 2939.62197637558
53 2994.4059863090515
54 3048.4009294509888
55 3102.5091927051544
56 3156.4116656780243
57 3211.037589788437
58 3265.4635009765625
59 3320.318018913269
60 3374.4202761650085
61 3428.511484861374
62 3482.8927421569824
63 3537.4325184822083
64 3591.560829639435
65 3645.823860168457
66 3699.7213859558105
67 3753.75292468071
68 3808.2285373210907
69 3862.438545227051
70 3916.4667778015137
71 3971.00470495224
72 4025.046976327896
73 4079.651319503784
74 4135.509551286697
75 4190.192571401596
76 4244.597935676575
77 4298.851505279541
78 4353.152209281921
79 4407.433095932007
80 4461.666697740555
81 4516.001190185547
82 4569.482549190521
83 4623.866772651672
84 4678.136237621307
85 4732.647382736206
86 4787.580159187317
87 4841.941819906235
88 4897.272221803665
89 4952.986507177353
90 5007.331468343735
91 5061.996340513229
92 5116.279072999954
93 5170.16734623909
94 5224.199006795883
95 5278.2899518013
96 5332.799428701401
97 5387.1319308280945
98 5441.446141004562
99 5495.882720947266
100 5550.285026788712
101 5604.916191577911
102 5659.713577032089
103 5715.400162696838
104 5769.761580705643
105 5824.242641687393
106 5878.544137954712
107 5932.706635475159
108 5986.972487688065
109 6042.114899396896
110 6096.847958803177
111 6151.029383182526
112 6204.97598528862
113 6259.585552453995
114 6314.254270792007
115 6368.731741666794
116 6423.863128423691
117 6478.602595806122
118 6532.973662376404
119 6588.464280128479
120 6643.043527126312
121 6697.61497092247
122 6751.914717435837
123 6806.050065279007
124 6860.441751718521
125 6915.158580541611
126 6969.508623123169
127 7024.874755382538
128 7079.292607784271
129 7133.594316959381
130 7188.467101097107
131 7243.377250432968
132 7297.6366539001465
133 7352.045251369476
134 7406.382625818253
135 7460.8282816410065
136 7514.928215503693
137 7569.0354216098785
138 7623.422078847885
139 7678.1007168293
140 7732.639979600906
141 7786.889269113541
142 7841.246473073959
143 7895.925160884857
144 7950.364703655243
145 8004.125508546829
146 8058.815242290497
147 8113.714954614639
148 8167.765436887741
149 8223.10352897644
150 8277.529339313507
151 8331.671479940414
152 8386.13898897171
153 8440.103147983551
154 8494.433596611023
155 8549.093630552292
156 8603.212374687195
157 8657.703997135162
158 8712.061506271362
159 8766.263337135315
160 8820.834215164185
161 8875.688689947128
162 8929.833596467972
163 8984.101182222366
164 9038.55226969719
165 9093.385357379913
166 9148.309887647629
167 9202.601218223572
168 9257.15990781784
169 9311.428828716278
170 9366.180505514145
171 9420.509039878845
172 9474.934392929077
173 9529.418483495712
174 9583.649911165237
175 9637.825586557388
176 9692.06108379364
177 9746.031950235367
178 9800.004947423935
179 9854.226803064346
180 9908.660857200623
181 9963.201299905777
182 10017.798320055008
183 10072.413280963898
184 10126.706016778946
185 10181.238399505615
186 10236.063310861588
187 10290.674897432327
188 10344.926433801651
189 10399.073464155197
190 10453.596256017685
191 10507.696019172668
192 10562.22588968277
193 10616.181688785553
194 10671.02929019928
195 10725.245544672012
196 10779.333422899246
197 10834.328177452087
198 10888.816405057907
199 10943.016795873642
200 10997.133858442307
201 11051.660876989365
202 11106.446504592896
203 11160.52387046814
204 11215.115938186646
205 11269.757968187332
206 11324.312743902206
207 11377.910277843475
208 11432.382607460022
209 11487.0227060318
210 11541.573963165283
211 11595.731329202652
212 11649.728469133377
213 11703.907721042633
214 11758.419761896133
215 11812.821716308594
216 11867.074251174927
217 11921.745612621307
218 11976.414951086044
219 12031.023936033249
220 12085.603580713272
221 12140.252840280533
222 12194.74980020523
223 12248.983884572983
224 12303.419504404068
225 12357.914759397507
226 12412.619220495224
227 12467.356688976288
228 12521.493727207184
229 12575.722099542618
230 12630.265508174896
231 12685.264315366745
232 12739.004902362823
233 12793.764355182648
234 12848.32402062416
235 12902.86948800087
236 12957.26844906807
237 13011.800717830658
238 13066.106462717056
239 13120.555885791779
240 13174.78887295723
241 13228.982273817062
242 13284.040736436844
243 13338.097678661346
244 13392.681270599365
245 13447.53350520134
246 13502.020128011703
247 13556.318455696106
248 13610.567935228348
249 13664.95201587677
250 13718.972381830215
251 13773.08532333374
252 13827.611770153046
253 13882.568179368973
254 13936.905689001083
255 13991.927993297577
256 14046.884381055832
257 14101.685507297516
258 14155.878268241882
259 14210.485154867172
260 14264.72482585907
261 14319.368937015533
262 14374.084446907043
263 14428.842027664185
264 14483.29145693779
265 14537.709800958633
266 14591.963001012802
267 14646.329596281052
268 14701.274333238602
269 14755.940158367157
270 14809.905441761017
271 14864.508444547653
272 14918.56362938881
273 14972.994044542313
274 15027.524464130402
275 15082.281965494156
276 15136.729447126389
277 15192.11719417572
278 15246.914036273956
279 15301.142485618591
280 15355.617270231247
281 15410.144076108932
282 15465.73475241661
283 15520.833672046661
284 15574.76452255249
285 15629.655772447586
286 15684.096987485886
287 15738.384637594223
288 15792.612030744553
289 15847.061695575714
290 15901.287796258926
291 15955.716814756393
292 16010.304767131805
293 16064.853729724884
294 16119.255122184753
295 16173.544820785522
296 16227.821566343307
297 16282.259656190872
298 16336.61556816101
299 16392.033607006073
300 16446.29835987091
301 16501.31412577629
302 16556.42734503746
303 16610.58576655388
304 16664.9536652565
305 16719.593089818954
306 16773.89558315277
307 16828.322732448578
308 16882.56272959709
309 16937.075561523438
310 16991.658589839935
311 17046.854045152664
312 17101.259707927704
313 17156.149568080902
314 17210.481739997864
315 17264.874143123627
316 17318.9439265728
317 17373.640624046326
318 17428.153346776962
319 17482.953299999237
320 17537.71312236786
321 17592.508714437485
322 17646.768800258636
323 17701.58229160309
324 17755.754072904587
325 17810.421169281006
326 17865.075894594193
327 17919.391706705093
328 17974.155086040497
329 18028.78036093712
330 18082.954062223434
331 18137.45275783539
332 18191.88202381134
333 18246.16948413849
334 18300.612109184265
335 18355.045861959457
336 18409.721094608307
337 18464.254376649857
338 18518.89029455185
339 18573.4522190094
340 18628.087545871735
341 18683.4363553524
342 18737.187789201736
343 18791.895573854446
344 18846.33065032959
345 18900.637757062912
346 18955.16395354271
347 19009.77075099945
348 19064.312990427017
349 19119.255971193314
350 19173.891612768173
351 19228.06044268608
352 19282.5747590065
353 19337.106266498566
354 19392.11341691017
355 19446.813284873962
356 19501.231199741364
357 19555.583228826523
358 19610.62886404991
359 19666.31885266304
360 19720.549506664276
361 19775.184306383133
362 19829.574142932892
363 19884.298151493073
364 19938.690294981003
365 19993.25546479225
366 20047.457355976105
367 20102.106793642044
368 20156.759377002716
369 20210.90310192108
370 20265.325993299484
371 20319.70782351494
372 20373.94225668907
373 20428.111638069153
374 20482.81947660446
375 20537.53302693367
376 20591.963119506836
377 20646.51179623604
