RuntimeError: Undefined plan with nthreads. This is a bug
Exception ignored in: 'pyfftw.pyfftw._fftw_plan_with_nthreads_null'
Traceback (most recent call last):
  File "/home/u21/kianmilani/.local/lib/python3.9/site-packages/PyPROPER3-3.2.5-py3.9-linux-x86_64.egg/proper/prop_fftw_wisdom.py", line 48, in prop_fftw_wisdom
    pyfftw.FFTW(data, data, direction='FFTW_FORWARD', axes=(0,1), threads=proper.fftw_single_nthreads, flags=['FFTW_MEASURE','FFTW_UNALIGNED'] )
RuntimeError: Undefined plan with nthreads. This is a bug
RuntimeError: Undefined plan with nthreads. This is a bug
Exception ignored in: 'pyfftw.pyfftw._fftw_plan_with_nthreads_null'
Traceback (most recent call last):
  File "/home/u21/kianmilani/.local/lib/python3.9/site-packages/PyPROPER3-3.2.5-py3.9-linux-x86_64.egg/proper/prop_fftw_wisdom.py", line 49, in prop_fftw_wisdom
    pyfftw.FFTW(data, data, direction='FFTW_BACKWARD', axes=(0,1), threads=proper.fftw_single_nthreads, flags=['FFTW_MEASURE','FFTW_UNALIGNED'])
RuntimeError: Undefined plan with nthreads. This is a bug
RuntimeError: Undefined plan with nthreads. This is a bug
Exception ignored in: 'pyfftw.pyfftw._fftw_plan_with_nthreads_null'
Traceback (most recent call last):
  File "/home/u21/kianmilani/.local/lib/python3.9/site-packages/PyPROPER3-3.2.5-py3.9-linux-x86_64.egg/proper/prop_fftw_wisdom.py", line 60, in prop_fftw_wisdom
    pyfftw.FFTW(data, data, direction='FFTW_FORWARD', axes=(0,1), threads=proper.fftw_multi_nthreads, flags=['FFTW_MEASURE','FFTW_UNALIGNED'] )
RuntimeError: Undefined plan with nthreads. This is a bug
RuntimeError: Undefined plan with nthreads. This is a bug
Exception ignored in: 'pyfftw.pyfftw._fftw_plan_with_nthreads_null'
Traceback (most recent call last):
  File "/home/u21/kianmilani/.local/lib/python3.9/site-packages/PyPROPER3-3.2.5-py3.9-linux-x86_64.egg/proper/prop_fftw_wisdom.py", line 61, in prop_fftw_wisdom
    pyfftw.FFTW(data, data, direction='FFTW_BACKWARD', axes=(0,1), threads=proper.fftw_multi_nthreads, flags=['FFTW_MEASURE','FFTW_UNALIGNED'])
RuntimeError: Undefined plan with nthreads. This is a bug
Computing wisdom for 8 threads
Computing wisdom for 1 threads
(158,) [ 0.    0.05  0.1   0.15  0.2   0.25  0.3   0.35  0.4   0.45  0.5   0.55
  0.6   0.65  0.7   0.75  0.8   0.85  0.9   0.95  1.    1.05  1.1   1.15
  1.2   1.25  1.3   1.35  1.4   1.45  1.5   1.55  1.6   1.65  1.7   1.75
  1.8   1.85  1.9   1.95  2.    2.05  2.1   2.15  2.2   2.25  2.3   2.35
  2.4   2.45  2.5   2.55  2.6   2.65  2.7   2.75  2.8   2.85  2.9   2.95
  3.    3.05  3.1   3.15  3.2   3.25  3.3   3.35  3.4   3.45  3.5   3.55
  3.6   3.65  3.7   3.75  3.8   3.9   4.    4.1   4.2   4.3   4.4   4.5
  4.6   4.7   4.8   4.9   5.    5.1   5.2   5.3   5.4   5.5   5.6   5.7
  5.8   5.9   6.    6.1   6.2   6.3   6.4   6.5   6.6   6.7   6.8   6.9
  7.    7.1   7.2   7.3   7.4   7.5   7.6   7.7   7.8   7.9   8.    8.1
  8.2   8.3   8.4   8.5   8.6   8.7   8.8   8.9   9.    9.1   9.2   9.3
  9.4   9.5   9.6   9.7   9.95 10.2  10.45 10.7  10.95 11.2  11.45 11.7
 11.95 12.2  12.45 12.7  12.95 13.2  13.45 13.7  13.95 14.2  14.45 14.7
 14.95 15.2 ]
(24,) [  0.  15.  30.  45.  60.  75.  90. 105. 120. 135. 150. 165. 180. 195.
 210. 225. 240. 255. 270. 285. 300. 315. 330. 345.] deg
3792
0 11.257524967193604
1 24.559576749801636
2 37.68101525306702
3 50.821373462677
4 63.95547294616699
5 77.11460661888123
6 90.48535442352295
7 103.67315816879272
8 116.84045481681824
9 130.47699642181396
10 143.49523997306824
11 156.5096514225006
12 169.70588970184326
13 182.95261073112488
14 196.12402415275574
15 209.64476537704468
16 222.80310893058777
17 235.94268321990967
18 249.01917791366577
19 262.3527047634125
20 275.5516040325165
21 288.8339626789093
22 301.99155378341675
23 315.74941778182983
24 329.0519030094147
25 342.2041037082672
26 355.16457962989807
27 368.1956024169922
28 381.52716183662415
29 394.8524446487427
30 408.1323685646057
31 421.33609414100647
32 434.237872838974
33 447.53648853302
34 460.9777853488922
35 474.40313816070557
36 487.48603320121765
37 500.5172345638275
38 513.4727504253387
39 526.7624185085297
40 539.8511517047882
41 552.9361526966095
42 565.98659491539
43 579.176682472229
44 592.1866896152496
45 605.9823081493378
46 619.3504846096039
47 632.39768409729
48 645.4726910591125
49 659.0240347385406
50 672.357527256012
51 685.580887556076
52 698.8524429798126
53 712.0474212169647
54 724.9545464515686
55 738.1181271076202
56 751.3375835418701
57 764.386376619339
58 777.6009180545807
59 790.91774559021
60 803.9372601509094
61 817.2735803127289
62 830.2521774768829
63 843.4131684303284
64 856.29669880867
65 869.495952129364
66 883.1034512519836
67 896.1438250541687
68 909.1811130046844
69 922.9211320877075
70 936.2909216880798
71 949.1818776130676
72 962.640702009201
73 975.8278048038483
74 989.0683917999268
75 1002.1864528656006
76 1015.3706822395325
77 1028.5960342884064
78 1041.9532294273376
79 1055.0824871063232
80 1068.295126914978
81 1081.8268554210663
82 1095.3910925388336
83 1108.3113005161285
84 1121.3691902160645
85 1134.6706244945526
86 1147.7057831287384
87 1160.531049489975
88 1173.9213666915894
89 1187.0131523609161
90 1200.3386719226837
91 1213.2057638168335
92 1226.2301297187805
93 1239.4480476379395
94 1252.9655272960663
95 1265.7590899467468
96 1279.4539895057678
97 1293.0921747684479
98 1306.5246040821075
99 1319.728427886963
100 1332.9358870983124
101 1346.3075006008148
102 1358.7404963970184
103 1371.887271642685
104 1385.076591014862
105 1398.1359558105469
106 1411.173635005951
107 1424.4952585697174
108 1437.787841796875
109 1450.8467450141907
110 1464.0574431419373
111 1477.4632742404938
112 1490.6318233013153
113 1503.6808285713196
114 1517.1672303676605
115 1530.4965014457703
116 1543.4932315349579
117 1556.7261745929718
118 1569.9891843795776
119 1583.249240398407
120 1596.6968085765839
121 1609.8644306659698
122 1623.1101455688477
123 1636.345209121704
124 1649.5140755176544
125 1662.812434911728
126 1676.2190039157867
127 1689.4906973838806
128 1703.0681009292603
129 1715.9832496643066
130 1729.0730457305908
131 1742.0537567138672
132 1755.4221844673157
133 1768.5945084095001
134 1781.8375344276428
135 1795.6085221767426
136 1808.414712190628
137 1822.0629703998566
138 1835.4269363880157
139 1848.4419932365417
140 1861.6140139102936
141 1874.6693246364594
142 1887.7714307308197
143 1900.9251868724823
144 1914.164006948471
145 1927.1564540863037
146 1940.236071586609
147 1953.7329993247986
148 1967.0092687606812
149 1980.0935893058777
150 1993.195059299469
151 2006.6136305332184
152 2019.7845606803894
153 2032.948246717453
154 2046.2170515060425
155 2059.551844358444
156 2072.988014936447
157 2086.1331157684326
Detailed performance metrics for this job will be available at https://metrics.hpc.arizona.edu/#job_viewer?action=show&realm=SUPREMM&resource_id=73&local_job_id=4160722 by 8am on 2022/08/20.
