0.30303030303030304 21.821421675669285 mas / pix
5617
(256, 256)
0 64.49751853942871
(256, 256)
1 128.61624431610107
Saved data to path  /npool/nvme/kianmilani/disk-data/psfs/spc_band4_psfs_polaxis-2_20240418.fits
(256, 256)
2 199.8725938796997
Saved data to path  /npool/nvme/kianmilani/disk-data/psfs/spc_band4_psfs_polaxis-2_20240418.fits
(256, 256)
3 274.6101040840149
Saved data to path  /npool/nvme/kianmilani/disk-data/psfs/spc_band4_psfs_polaxis-2_20240418.fits
(256, 256)
4 347.5860176086426
Saved data to path  /npool/nvme/kianmilani/disk-data/psfs/spc_band4_psfs_polaxis-2_20240418.fits
(256, 256)
5 421.18576669692993
Saved data to path  /npool/nvme/kianmilani/disk-data/psfs/spc_band4_psfs_polaxis-2_20240418.fits
(256, 256)
6 494.6793580055237
Saved data to path  /npool/nvme/kianmilani/disk-data/psfs/spc_band4_psfs_polaxis-2_20240418.fits
(256, 256)
7 566.5502157211304
Saved data to path  /npool/nvme/kianmilani/disk-data/psfs/spc_band4_psfs_polaxis-2_20240418.fits
(256, 256)
8 639.6621654033661
Saved data to path  /npool/nvme/kianmilani/disk-data/psfs/spc_band4_psfs_polaxis-2_20240418.fits
(256, 256)
9 713.5005292892456
Saved data to path  /npool/nvme/kianmilani/disk-data/psfs/spc_band4_psfs_polaxis-2_20240418.fits
(256, 256)
10 785.3223474025726
Saved data to path  /npool/nvme/kianmilani/disk-data/psfs/spc_band4_psfs_polaxis-2_20240418.fits
(256, 256)
11 860.2891912460327
Saved data to path  /npool/nvme/kianmilani/disk-data/psfs/spc_band4_psfs_polaxis-2_20240418.fits
(256, 256)
12 933.2160928249359
Saved data to path  /npool/nvme/kianmilani/disk-data/psfs/spc_band4_psfs_polaxis-2_20240418.fits
(256, 256)
13 1007.3922882080078
Saved data to path  /npool/nvme/kianmilani/disk-data/psfs/spc_band4_psfs_polaxis-2_20240418.fits
(256, 256)
14 1081.4585201740265
Saved data to path  /npool/nvme/kianmilani/disk-data/psfs/spc_band4_psfs_polaxis-2_20240418.fits
(256, 256)
15 1155.5930280685425
Saved data to path  /npool/nvme/kianmilani/disk-data/psfs/spc_band4_psfs_polaxis-2_20240418.fits
(256, 256)
16 1230.0048143863678
Saved data to path  /npool/nvme/kianmilani/disk-data/psfs/spc_band4_psfs_polaxis-2_20240418.fits
(256, 256)
17 1304.7882776260376
Saved data to path  /npool/nvme/kianmilani/disk-data/psfs/spc_band4_psfs_polaxis-2_20240418.fits
(256, 256)
18 1379.6633138656616
Saved data to path  /npool/nvme/kianmilani/disk-data/psfs/spc_band4_psfs_polaxis-2_20240418.fits
(256, 256)
19 1453.7995278835297
Saved data to path  /npool/nvme/kianmilani/disk-data/psfs/spc_band4_psfs_polaxis-2_20240418.fits
(256, 256)
20 1529.2842557430267
Saved data to path  /npool/nvme/kianmilani/disk-data/psfs/spc_band4_psfs_polaxis-2_20240418.fits
(256, 256)
21 1604.7398793697357
Saved data to path  /npool/nvme/kianmilani/disk-data/psfs/spc_band4_psfs_polaxis-2_20240418.fits
(256, 256)
22 1679.7183558940887
Saved data to path  /npool/nvme/kianmilani/disk-data/psfs/spc_band4_psfs_polaxis-2_20240418.fits
(256, 256)
23 1754.4427797794342
Saved data to path  /npool/nvme/kianmilani/disk-data/psfs/spc_band4_psfs_polaxis-2_20240418.fits
(256, 256)
24 1828.8574726581573
Saved data to path  /npool/nvme/kianmilani/disk-data/psfs/spc_band4_psfs_polaxis-2_20240418.fits
(256, 256)
25 1903.347778558731
Saved data to path  /npool/nvme/kianmilani/disk-data/psfs/spc_band4_psfs_polaxis-2_20240418.fits
(256, 256)
26 1977.953400850296
Saved data to path  /npool/nvme/kianmilani/disk-data/psfs/spc_band4_psfs_polaxis-2_20240418.fits
(256, 256)
27 2052.772223472595
Saved data to path  /npool/nvme/kianmilani/disk-data/psfs/spc_band4_psfs_polaxis-2_20240418.fits
(256, 256)
28 2126.563807964325
Saved data to path  /npool/nvme/kianmilani/disk-data/psfs/spc_band4_psfs_polaxis-2_20240418.fits
(256, 256)
29 2201.7308354377747
Saved data to path  /npool/nvme/kianmilani/disk-data/psfs/spc_band4_psfs_polaxis-2_20240418.fits
(256, 256)
30 2275.260437488556
Saved data to path  /npool/nvme/kianmilani/disk-data/psfs/spc_band4_psfs_polaxis-2_20240418.fits
(256, 256)
31 2350.5502877235413
Saved data to path  /npool/nvme/kianmilani/disk-data/psfs/spc_band4_psfs_polaxis-2_20240418.fits
(256, 256)
32 2425.538409471512
Saved data to path  /npool/nvme/kianmilani/disk-data/psfs/spc_band4_psfs_polaxis-2_20240418.fits
(256, 256)
33 2500.838841676712
Saved data to path  /npool/nvme/kianmilani/disk-data/psfs/spc_band4_psfs_polaxis-2_20240418.fits
(256, 256)
34 2571.3927233219147
Saved data to path  /npool/nvme/kianmilani/disk-data/psfs/spc_band4_psfs_polaxis-2_20240418.fits
(256, 256)
35 2645.899663925171
Saved data to path  /npool/nvme/kianmilani/disk-data/psfs/spc_band4_psfs_polaxis-2_20240418.fits
(256, 256)
36 2717.9068825244904
Saved data to path  /npool/nvme/kianmilani/disk-data/psfs/spc_band4_psfs_polaxis-2_20240418.fits
(256, 256)
37 2791.689731359482
Saved data to path  /npool/nvme/kianmilani/disk-data/psfs/spc_band4_psfs_polaxis-2_20240418.fits
(256, 256)
38 2866.40789103508
Saved data to path  /npool/nvme/kianmilani/disk-data/psfs/spc_band4_psfs_polaxis-2_20240418.fits
(256, 256)
39 2940.5455236434937
Saved data to path  /npool/nvme/kianmilani/disk-data/psfs/spc_band4_psfs_polaxis-2_20240418.fits
(256, 256)
40 3013.972670316696
Saved data to path  /npool/nvme/kianmilani/disk-data/psfs/spc_band4_psfs_polaxis-2_20240418.fits
(256, 256)
41 3088.029894590378
Saved data to path  /npool/nvme/kianmilani/disk-data/psfs/spc_band4_psfs_polaxis-2_20240418.fits
(256, 256)
42 3160.605409860611
Saved data to path  /npool/nvme/kianmilani/disk-data/psfs/spc_band4_psfs_polaxis-2_20240418.fits
(256, 256)
43 3234.172627210617
Saved data to path  /npool/nvme/kianmilani/disk-data/psfs/spc_band4_psfs_polaxis-2_20240418.fits
(256, 256)
44 3308.672623157501
Saved data to path  /npool/nvme/kianmilani/disk-data/psfs/spc_band4_psfs_polaxis-2_20240418.fits
(256, 256)
45 3382.876256465912
Saved data to path  /npool/nvme/kianmilani/disk-data/psfs/spc_band4_psfs_polaxis-2_20240418.fits
(256, 256)
46 3457.8049399852753
Saved data to path  /npool/nvme/kianmilani/disk-data/psfs/spc_band4_psfs_polaxis-2_20240418.fits
(256, 256)
47 3532.675859451294
Saved data to path  /npool/nvme/kianmilani/disk-data/psfs/spc_band4_psfs_polaxis-2_20240418.fits
(256, 256)
48 3606.692811489105
Saved data to path  /npool/nvme/kianmilani/disk-data/psfs/spc_band4_psfs_polaxis-2_20240418.fits
(256, 256)
49 3680.676920413971
Saved data to path  /npool/nvme/kianmilani/disk-data/psfs/spc_band4_psfs_polaxis-2_20240418.fits
(256, 256)
50 3755.322972536087
Saved data to path  /npool/nvme/kianmilani/disk-data/psfs/spc_band4_psfs_polaxis-2_20240418.fits
(256, 256)
51 3832.0077090263367
Saved data to path  /npool/nvme/kianmilani/disk-data/psfs/spc_band4_psfs_polaxis-2_20240418.fits
(256, 256)
52 3903.7032995224
Saved data to path  /npool/nvme/kianmilani/disk-data/psfs/spc_band4_psfs_polaxis-2_20240418.fits
(256, 256)
53 3977.9852640628815
Saved data to path  /npool/nvme/kianmilani/disk-data/psfs/spc_band4_psfs_polaxis-2_20240418.fits
(256, 256)
54 4051.4769484996796
Saved data to path  /npool/nvme/kianmilani/disk-data/psfs/spc_band4_psfs_polaxis-2_20240418.fits
(256, 256)
55 4127.023665189743
Saved data to path  /npool/nvme/kianmilani/disk-data/psfs/spc_band4_psfs_polaxis-2_20240418.fits
(256, 256)
56 4203.153591394424
Saved data to path  /npool/nvme/kianmilani/disk-data/psfs/spc_band4_psfs_polaxis-2_20240418.fits
(256, 256)
57 4278.448542833328
Saved data to path  /npool/nvme/kianmilani/disk-data/psfs/spc_band4_psfs_polaxis-2_20240418.fits
(256, 256)
58 4354.008318424225
Saved data to path  /npool/nvme/kianmilani/disk-data/psfs/spc_band4_psfs_polaxis-2_20240418.fits
(256, 256)
59 4429.235917329788
Saved data to path  /npool/nvme/kianmilani/disk-data/psfs/spc_band4_psfs_polaxis-2_20240418.fits
(256, 256)
60 4504.787650346756
Saved data to path  /npool/nvme/kianmilani/disk-data/psfs/spc_band4_psfs_polaxis-2_20240418.fits
(256, 256)
61 4580.23691368103
Saved data to path  /npool/nvme/kianmilani/disk-data/psfs/spc_band4_psfs_polaxis-2_20240418.fits
(256, 256)
62 4656.836065292358
Saved data to path  /npool/nvme/kianmilani/disk-data/psfs/spc_band4_psfs_polaxis-2_20240418.fits
(256, 256)
63 4731.386568069458
Saved data to path  /npool/nvme/kianmilani/disk-data/psfs/spc_band4_psfs_polaxis-2_20240418.fits
(256, 256)
64 4805.589197874069
Saved data to path  /npool/nvme/kianmilani/disk-data/psfs/spc_band4_psfs_polaxis-2_20240418.fits
(256, 256)
65 4880.377719402313
Saved data to path  /npool/nvme/kianmilani/disk-data/psfs/spc_band4_psfs_polaxis-2_20240418.fits
(256, 256)
66 4952.655209064484
Saved data to path  /npool/nvme/kianmilani/disk-data/psfs/spc_band4_psfs_polaxis-2_20240418.fits
(256, 256)
67 5026.4453938007355
Saved data to path  /npool/nvme/kianmilani/disk-data/psfs/spc_band4_psfs_polaxis-2_20240418.fits
(256, 256)
68 5099.351845979691
Saved data to path  /npool/nvme/kianmilani/disk-data/psfs/spc_band4_psfs_polaxis-2_20240418.fits
(256, 256)
69 5172.5979290008545
Saved data to path  /npool/nvme/kianmilani/disk-data/psfs/spc_band4_psfs_polaxis-2_20240418.fits
(256, 256)
70 5246.168083906174
Saved data to path  /npool/nvme/kianmilani/disk-data/psfs/spc_band4_psfs_polaxis-2_20240418.fits
(256, 256)
71 5322.835133075714
Saved data to path  /npool/nvme/kianmilani/disk-data/psfs/spc_band4_psfs_polaxis-2_20240418.fits
(256, 256)
72 5397.0969297885895
Saved data to path  /npool/nvme/kianmilani/disk-data/psfs/spc_band4_psfs_polaxis-2_20240418.fits
(256, 256)
73 5470.295256853104
Saved data to path  /npool/nvme/kianmilani/disk-data/psfs/spc_band4_psfs_polaxis-2_20240418.fits
(256, 256)
74 5544.314943313599
Saved data to path  /npool/nvme/kianmilani/disk-data/psfs/spc_band4_psfs_polaxis-2_20240418.fits
(256, 256)
75 5619.105067014694
Saved data to path  /npool/nvme/kianmilani/disk-data/psfs/spc_band4_psfs_polaxis-2_20240418.fits
(256, 256)
76 5692.37255525589
Saved data to path  /npool/nvme/kianmilani/disk-data/psfs/spc_band4_psfs_polaxis-2_20240418.fits
(256, 256)
77 5767.516206026077
Saved data to path  /npool/nvme/kianmilani/disk-data/psfs/spc_band4_psfs_polaxis-2_20240418.fits
(256, 256)
78 5841.745348930359
Saved data to path  /npool/nvme/kianmilani/disk-data/psfs/spc_band4_psfs_polaxis-2_20240418.fits
(256, 256)
79 5915.399610757828
Saved data to path  /npool/nvme/kianmilani/disk-data/psfs/spc_band4_psfs_polaxis-2_20240418.fits
(256, 256)
80 5988.594321489334
Saved data to path  /npool/nvme/kianmilani/disk-data/psfs/spc_band4_psfs_polaxis-2_20240418.fits
(256, 256)
81 6064.051239490509
Saved data to path  /npool/nvme/kianmilani/disk-data/psfs/spc_band4_psfs_polaxis-2_20240418.fits
(256, 256)
82 6134.476969718933
Saved data to path  /npool/nvme/kianmilani/disk-data/psfs/spc_band4_psfs_polaxis-2_20240418.fits
(256, 256)
83 6210.8941769599915
Saved data to path  /npool/nvme/kianmilani/disk-data/psfs/spc_band4_psfs_polaxis-2_20240418.fits
(256, 256)
84 6286.793323755264
Saved data to path  /npool/nvme/kianmilani/disk-data/psfs/spc_band4_psfs_polaxis-2_20240418.fits
(256, 256)
85 6361.673254966736
Saved data to path  /npool/nvme/kianmilani/disk-data/psfs/spc_band4_psfs_polaxis-2_20240418.fits
(256, 256)
86 6437.194392204285
Saved data to path  /npool/nvme/kianmilani/disk-data/psfs/spc_band4_psfs_polaxis-2_20240418.fits
(256, 256)
87 6513.191155672073
Saved data to path  /npool/nvme/kianmilani/disk-data/psfs/spc_band4_psfs_polaxis-2_20240418.fits
(256, 256)
88 6585.210477113724
Saved data to path  /npool/nvme/kianmilani/disk-data/psfs/spc_band4_psfs_polaxis-2_20240418.fits
(256, 256)
89 6661.952086925507
Saved data to path  /npool/nvme/kianmilani/disk-data/psfs/spc_band4_psfs_polaxis-2_20240418.fits
(256, 256)
90 6738.234808444977
Saved data to path  /npool/nvme/kianmilani/disk-data/psfs/spc_band4_psfs_polaxis-2_20240418.fits
(256, 256)
91 6813.888403177261
Saved data to path  /npool/nvme/kianmilani/disk-data/psfs/spc_band4_psfs_polaxis-2_20240418.fits
(256, 256)
92 6887.376878976822
Saved data to path  /npool/nvme/kianmilani/disk-data/psfs/spc_band4_psfs_polaxis-2_20240418.fits
(256, 256)
93 6960.374946117401
Saved data to path  /npool/nvme/kianmilani/disk-data/psfs/spc_band4_psfs_polaxis-2_20240418.fits
(256, 256)
94 7035.05279135704
Saved data to path  /npool/nvme/kianmilani/disk-data/psfs/spc_band4_psfs_polaxis-2_20240418.fits
(256, 256)
95 7109.616674423218
Saved data to path  /npool/nvme/kianmilani/disk-data/psfs/spc_band4_psfs_polaxis-2_20240418.fits
(256, 256)
96 7186.322016716003
Saved data to path  /npool/nvme/kianmilani/disk-data/psfs/spc_band4_psfs_polaxis-2_20240418.fits
(256, 256)
97 7262.098796367645
Saved data to path  /npool/nvme/kianmilani/disk-data/psfs/spc_band4_psfs_polaxis-2_20240418.fits
(256, 256)
98 7338.90554022789
Saved data to path  /npool/nvme/kianmilani/disk-data/psfs/spc_band4_psfs_polaxis-2_20240418.fits
(256, 256)
99 7415.194095611572
Saved data to path  /npool/nvme/kianmilani/disk-data/psfs/spc_band4_psfs_polaxis-2_20240418.fits
(256, 256)
100 7490.982434511185
Saved data to path  /npool/nvme/kianmilani/disk-data/psfs/spc_band4_psfs_polaxis-2_20240418.fits
(256, 256)
101 7562.398050069809
Saved data to path  /npool/nvme/kianmilani/disk-data/psfs/spc_band4_psfs_polaxis-2_20240418.fits
(256, 256)
102 7638.6077127456665
Saved data to path  /npool/nvme/kianmilani/disk-data/psfs/spc_band4_psfs_polaxis-2_20240418.fits
(256, 256)
103 7712.968246221542
Saved data to path  /npool/nvme/kianmilani/disk-data/psfs/spc_band4_psfs_polaxis-2_20240418.fits
(256, 256)
104 7785.158087968826
Saved data to path  /npool/nvme/kianmilani/disk-data/psfs/spc_band4_psfs_polaxis-2_20240418.fits
(256, 256)
105 7860.891366243362
Saved data to path  /npool/nvme/kianmilani/disk-data/psfs/spc_band4_psfs_polaxis-2_20240418.fits
(256, 256)
106 7936.189014673233
Saved data to path  /npool/nvme/kianmilani/disk-data/psfs/spc_band4_psfs_polaxis-2_20240418.fits
(256, 256)
107 8010.7142860889435
Saved data to path  /npool/nvme/kianmilani/disk-data/psfs/spc_band4_psfs_polaxis-2_20240418.fits
(256, 256)
108 8087.206074476242
Saved data to path  /npool/nvme/kianmilani/disk-data/psfs/spc_band4_psfs_polaxis-2_20240418.fits
(256, 256)
109 8162.5679767131805
Saved data to path  /npool/nvme/kianmilani/disk-data/psfs/spc_band4_psfs_polaxis-2_20240418.fits
(256, 256)
110 8238.45585989952
Saved data to path  /npool/nvme/kianmilani/disk-data/psfs/spc_band4_psfs_polaxis-2_20240418.fits
(256, 256)
111 8314.185724258423
Saved data to path  /npool/nvme/kianmilani/disk-data/psfs/spc_band4_psfs_polaxis-2_20240418.fits
(256, 256)
112 8389.429609298706
Saved data to path  /npool/nvme/kianmilani/disk-data/psfs/spc_band4_psfs_polaxis-2_20240418.fits
(256, 256)
113 8464.59294128418
Saved data to path  /npool/nvme/kianmilani/disk-data/psfs/spc_band4_psfs_polaxis-2_20240418.fits
(256, 256)
114 8540.550671815872
Saved data to path  /npool/nvme/kianmilani/disk-data/psfs/spc_band4_psfs_polaxis-2_20240418.fits
(256, 256)
115 8616.271612167358
Saved data to path  /npool/nvme/kianmilani/disk-data/psfs/spc_band4_psfs_polaxis-2_20240418.fits
(256, 256)
116 8687.815430641174
Saved data to path  /npool/nvme/kianmilani/disk-data/psfs/spc_band4_psfs_polaxis-2_20240418.fits
(256, 256)
117 8763.419047117233
Saved data to path  /npool/nvme/kianmilani/disk-data/psfs/spc_band4_psfs_polaxis-2_20240418.fits
(256, 256)
118 8837.566450119019
Saved data to path  /npool/nvme/kianmilani/disk-data/psfs/spc_band4_psfs_polaxis-2_20240418.fits
(256, 256)
119 8912.525704145432
Saved data to path  /npool/nvme/kianmilani/disk-data/psfs/spc_band4_psfs_polaxis-2_20240418.fits
(256, 256)
120 8988.490145683289
Saved data to path  /npool/nvme/kianmilani/disk-data/psfs/spc_band4_psfs_polaxis-2_20240418.fits
(256, 256)
121 9063.661128997803
Saved data to path  /npool/nvme/kianmilani/disk-data/psfs/spc_band4_psfs_polaxis-2_20240418.fits
(256, 256)
122 9138.703053951263
Saved data to path  /npool/nvme/kianmilani/disk-data/psfs/spc_band4_psfs_polaxis-2_20240418.fits
(256, 256)
123 9213.753319978714
Saved data to path  /npool/nvme/kianmilani/disk-data/psfs/spc_band4_psfs_polaxis-2_20240418.fits
(256, 256)
124 9288.506471633911
Saved data to path  /npool/nvme/kianmilani/disk-data/psfs/spc_band4_psfs_polaxis-2_20240418.fits
(256, 256)
125 9362.18020439148
Saved data to path  /npool/nvme/kianmilani/disk-data/psfs/spc_band4_psfs_polaxis-2_20240418.fits
(256, 256)
126 9438.04529929161
Saved data to path  /npool/nvme/kianmilani/disk-data/psfs/spc_band4_psfs_polaxis-2_20240418.fits
(256, 256)
127 9509.364332675934
Saved data to path  /npool/nvme/kianmilani/disk-data/psfs/spc_band4_psfs_polaxis-2_20240418.fits
(256, 256)
128 9584.97621679306
Saved data to path  /npool/nvme/kianmilani/disk-data/psfs/spc_band4_psfs_polaxis-2_20240418.fits
(256, 256)
129 9672.24087882042
Saved data to path  /npool/nvme/kianmilani/disk-data/psfs/spc_band4_psfs_polaxis-2_20240418.fits
(256, 256)
130 9751.912549495697
Saved data to path  /npool/nvme/kianmilani/disk-data/psfs/spc_band4_psfs_polaxis-2_20240418.fits
(256, 256)
131 9826.501463890076
Saved data to path  /npool/nvme/kianmilani/disk-data/psfs/spc_band4_psfs_polaxis-2_20240418.fits
(256, 256)
132 9903.720903873444
Saved data to path  /npool/nvme/kianmilani/disk-data/psfs/spc_band4_psfs_polaxis-2_20240418.fits
(256, 256)
133 9977.522270441055
Saved data to path  /npool/nvme/kianmilani/disk-data/psfs/spc_band4_psfs_polaxis-2_20240418.fits
(256, 256)
134 10056.756937742233
Saved data to path  /npool/nvme/kianmilani/disk-data/psfs/spc_band4_psfs_polaxis-2_20240418.fits
(256, 256)
135 10142.74096608162
Saved data to path  /npool/nvme/kianmilani/disk-data/psfs/spc_band4_psfs_polaxis-2_20240418.fits
(256, 256)
136 10226.469764947891
Saved data to path  /npool/nvme/kianmilani/disk-data/psfs/spc_band4_psfs_polaxis-2_20240418.fits
(256, 256)
137 10311.520267009735
Saved data to path  /npool/nvme/kianmilani/disk-data/psfs/spc_band4_psfs_polaxis-2_20240418.fits
(256, 256)
138 10392.230397939682
Saved data to path  /npool/nvme/kianmilani/disk-data/psfs/spc_band4_psfs_polaxis-2_20240418.fits
(256, 256)
139 10477.924415826797
Saved data to path  /npool/nvme/kianmilani/disk-data/psfs/spc_band4_psfs_polaxis-2_20240418.fits
(256, 256)
140 10558.16076207161
Saved data to path  /npool/nvme/kianmilani/disk-data/psfs/spc_band4_psfs_polaxis-2_20240418.fits
(256, 256)
141 10634.214296102524
Saved data to path  /npool/nvme/kianmilani/disk-data/psfs/spc_band4_psfs_polaxis-2_20240418.fits
(256, 256)
142 10710.584425926208
Saved data to path  /npool/nvme/kianmilani/disk-data/psfs/spc_band4_psfs_polaxis-2_20240418.fits
(256, 256)
143 10785.505384206772
Saved data to path  /npool/nvme/kianmilani/disk-data/psfs/spc_band4_psfs_polaxis-2_20240418.fits
(256, 256)
144 10860.675077438354
Saved data to path  /npool/nvme/kianmilani/disk-data/psfs/spc_band4_psfs_polaxis-2_20240418.fits
(256, 256)
145 10934.952963352203
Saved data to path  /npool/nvme/kianmilani/disk-data/psfs/spc_band4_psfs_polaxis-2_20240418.fits
(256, 256)
146 11009.314874649048
Saved data to path  /npool/nvme/kianmilani/disk-data/psfs/spc_band4_psfs_polaxis-2_20240418.fits
(256, 256)
147 11084.303239822388
Saved data to path  /npool/nvme/kianmilani/disk-data/psfs/spc_band4_psfs_polaxis-2_20240418.fits
(256, 256)
148 11159.377808570862
Saved data to path  /npool/nvme/kianmilani/disk-data/psfs/spc_band4_psfs_polaxis-2_20240418.fits
(256, 256)
149 11234.742585659027
Saved data to path  /npool/nvme/kianmilani/disk-data/psfs/spc_band4_psfs_polaxis-2_20240418.fits
(256, 256)
150 11305.396730184555
Saved data to path  /npool/nvme/kianmilani/disk-data/psfs/spc_band4_psfs_polaxis-2_20240418.fits
(256, 256)
151 11378.461366653442
Saved data to path  /npool/nvme/kianmilani/disk-data/psfs/spc_band4_psfs_polaxis-2_20240418.fits
(256, 256)
152 11451.518080949783
Saved data to path  /npool/nvme/kianmilani/disk-data/psfs/spc_band4_psfs_polaxis-2_20240418.fits
(256, 256)
153 11526.917795658112
Saved data to path  /npool/nvme/kianmilani/disk-data/psfs/spc_band4_psfs_polaxis-2_20240418.fits
(256, 256)
154 11600.29112958908
Saved data to path  /npool/nvme/kianmilani/disk-data/psfs/spc_band4_psfs_polaxis-2_20240418.fits
(256, 256)
155 11675.233698368073
Saved data to path  /npool/nvme/kianmilani/disk-data/psfs/spc_band4_psfs_polaxis-2_20240418.fits
(256, 256)
156 11746.95355272293
Saved data to path  /npool/nvme/kianmilani/disk-data/psfs/spc_band4_psfs_polaxis-2_20240418.fits
(256, 256)
157 11818.964075565338
Saved data to path  /npool/nvme/kianmilani/disk-data/psfs/spc_band4_psfs_polaxis-2_20240418.fits
(256, 256)
158 11891.46953010559
Saved data to path  /npool/nvme/kianmilani/disk-data/psfs/spc_band4_psfs_polaxis-2_20240418.fits
(256, 256)
159 11965.445100545883
Saved data to path  /npool/nvme/kianmilani/disk-data/psfs/spc_band4_psfs_polaxis-2_20240418.fits
(256, 256)
160 12039.077563524246
Saved data to path  /npool/nvme/kianmilani/disk-data/psfs/spc_band4_psfs_polaxis-2_20240418.fits
(256, 256)
161 12112.423265695572
Saved data to path  /npool/nvme/kianmilani/disk-data/psfs/spc_band4_psfs_polaxis-2_20240418.fits
(256, 256)
162 12185.78958940506
Saved data to path  /npool/nvme/kianmilani/disk-data/psfs/spc_band4_psfs_polaxis-2_20240418.fits
(256, 256)
163 12260.929179430008
Saved data to path  /npool/nvme/kianmilani/disk-data/psfs/spc_band4_psfs_polaxis-2_20240418.fits
(256, 256)
164 12335.485135316849
Saved data to path  /npool/nvme/kianmilani/disk-data/psfs/spc_band4_psfs_polaxis-2_20240418.fits
(256, 256)
165 12409.88620519638
Saved data to path  /npool/nvme/kianmilani/disk-data/psfs/spc_band4_psfs_polaxis-2_20240418.fits
(256, 256)
166 12485.290992975235
Saved data to path  /npool/nvme/kianmilani/disk-data/psfs/spc_band4_psfs_polaxis-2_20240418.fits
(256, 256)
167 12559.723042964935
Saved data to path  /npool/nvme/kianmilani/disk-data/psfs/spc_band4_psfs_polaxis-2_20240418.fits
(256, 256)
168 12635.44590473175
Saved data to path  /npool/nvme/kianmilani/disk-data/psfs/spc_band4_psfs_polaxis-2_20240418.fits
(256, 256)
169 12709.993331432343
Saved data to path  /npool/nvme/kianmilani/disk-data/psfs/spc_band4_psfs_polaxis-2_20240418.fits
(256, 256)
170 12786.418772935867
Saved data to path  /npool/nvme/kianmilani/disk-data/psfs/spc_band4_psfs_polaxis-2_20240418.fits
(256, 256)
171 12862.296955347061
Saved data to path  /npool/nvme/kianmilani/disk-data/psfs/spc_band4_psfs_polaxis-2_20240418.fits
(256, 256)
172 12936.516991376877
Saved data to path  /npool/nvme/kianmilani/disk-data/psfs/spc_band4_psfs_polaxis-2_20240418.fits
(256, 256)
173 13012.279044389725
Saved data to path  /npool/nvme/kianmilani/disk-data/psfs/spc_band4_psfs_polaxis-2_20240418.fits
(256, 256)
174 13085.779647111893
Saved data to path  /npool/nvme/kianmilani/disk-data/psfs/spc_band4_psfs_polaxis-2_20240418.fits
(256, 256)
175 13156.683985471725
Saved data to path  /npool/nvme/kianmilani/disk-data/psfs/spc_band4_psfs_polaxis-2_20240418.fits
(256, 256)
176 13231.98443865776
Saved data to path  /npool/nvme/kianmilani/disk-data/psfs/spc_band4_psfs_polaxis-2_20240418.fits
(256, 256)
177 13307.118765354156
Saved data to path  /npool/nvme/kianmilani/disk-data/psfs/spc_band4_psfs_polaxis-2_20240418.fits
(256, 256)
178 13382.172930240631
Saved data to path  /npool/nvme/kianmilani/disk-data/psfs/spc_band4_psfs_polaxis-2_20240418.fits
(256, 256)
179 13458.131157636642
Saved data to path  /npool/nvme/kianmilani/disk-data/psfs/spc_band4_psfs_polaxis-2_20240418.fits
(256, 256)
180 13533.649564504623
Saved data to path  /npool/nvme/kianmilani/disk-data/psfs/spc_band4_psfs_polaxis-2_20240418.fits
(256, 256)
181 13608.500045776367
Saved data to path  /npool/nvme/kianmilani/disk-data/psfs/spc_band4_psfs_polaxis-2_20240418.fits
(256, 256)
182 13684.901124715805
Saved data to path  /npool/nvme/kianmilani/disk-data/psfs/spc_band4_psfs_polaxis-2_20240418.fits
(256, 256)
183 13759.798516750336
Saved data to path  /npool/nvme/kianmilani/disk-data/psfs/spc_band4_psfs_polaxis-2_20240418.fits
(256, 256)
184 13835.547727823257
Saved data to path  /npool/nvme/kianmilani/disk-data/psfs/spc_band4_psfs_polaxis-2_20240418.fits
(256, 256)
185 13911.496018886566
Saved data to path  /npool/nvme/kianmilani/disk-data/psfs/spc_band4_psfs_polaxis-2_20240418.fits
(256, 256)
186 13987.736982584
Saved data to path  /npool/nvme/kianmilani/disk-data/psfs/spc_band4_psfs_polaxis-2_20240418.fits
(256, 256)
187 14062.329216003418
Saved data to path  /npool/nvme/kianmilani/disk-data/psfs/spc_band4_psfs_polaxis-2_20240418.fits
(256, 256)
188 14135.806730270386
Saved data to path  /npool/nvme/kianmilani/disk-data/psfs/spc_band4_psfs_polaxis-2_20240418.fits
(256, 256)
189 14210.971664905548
Saved data to path  /npool/nvme/kianmilani/disk-data/psfs/spc_band4_psfs_polaxis-2_20240418.fits
(256, 256)
190 14284.360172986984
Saved data to path  /npool/nvme/kianmilani/disk-data/psfs/spc_band4_psfs_polaxis-2_20240418.fits
(256, 256)
191 14359.39641571045
Saved data to path  /npool/nvme/kianmilani/disk-data/psfs/spc_band4_psfs_polaxis-2_20240418.fits
(256, 256)
192 14436.071161746979
Saved data to path  /npool/nvme/kianmilani/disk-data/psfs/spc_band4_psfs_polaxis-2_20240418.fits
(256, 256)
193 14512.406763792038
Saved data to path  /npool/nvme/kianmilani/disk-data/psfs/spc_band4_psfs_polaxis-2_20240418.fits
(256, 256)
194 14589.776094198227
Saved data to path  /npool/nvme/kianmilani/disk-data/psfs/spc_band4_psfs_polaxis-2_20240418.fits
(256, 256)
195 14664.545563220978
Saved data to path  /npool/nvme/kianmilani/disk-data/psfs/spc_band4_psfs_polaxis-2_20240418.fits
(256, 256)
196 14740.694144964218
Saved data to path  /npool/nvme/kianmilani/disk-data/psfs/spc_band4_psfs_polaxis-2_20240418.fits
(256, 256)
197 14816.045515537262
Saved data to path  /npool/nvme/kianmilani/disk-data/psfs/spc_band4_psfs_polaxis-2_20240418.fits
(256, 256)
198 14890.337721586227
Saved data to path  /npool/nvme/kianmilani/disk-data/psfs/spc_band4_psfs_polaxis-2_20240418.fits
(256, 256)
199 14967.119314908981
Saved data to path  /npool/nvme/kianmilani/disk-data/psfs/spc_band4_psfs_polaxis-2_20240418.fits
(256, 256)
200 15040.650833129883
Saved data to path  /npool/nvme/kianmilani/disk-data/psfs/spc_band4_psfs_polaxis-2_20240418.fits
(256, 256)
201 15113.608226537704
Saved data to path  /npool/nvme/kianmilani/disk-data/psfs/spc_band4_psfs_polaxis-2_20240418.fits
(256, 256)
202 15186.387509822845
Saved data to path  /npool/nvme/kianmilani/disk-data/psfs/spc_band4_psfs_polaxis-2_20240418.fits
(256, 256)
203 15260.42223572731
Saved data to path  /npool/nvme/kianmilani/disk-data/psfs/spc_band4_psfs_polaxis-2_20240418.fits
(256, 256)
204 15332.982414484024
Saved data to path  /npool/nvme/kianmilani/disk-data/psfs/spc_band4_psfs_polaxis-2_20240418.fits
(256, 256)
205 15405.935220479965
Saved data to path  /npool/nvme/kianmilani/disk-data/psfs/spc_band4_psfs_polaxis-2_20240418.fits
(256, 256)
206 15482.723722696304
Saved data to path  /npool/nvme/kianmilani/disk-data/psfs/spc_band4_psfs_polaxis-2_20240418.fits
(256, 256)
207 15560.228425264359
Saved data to path  /npool/nvme/kianmilani/disk-data/psfs/spc_band4_psfs_polaxis-2_20240418.fits
(256, 256)
208 15636.221533298492
Saved data to path  /npool/nvme/kianmilani/disk-data/psfs/spc_band4_psfs_polaxis-2_20240418.fits
(256, 256)
209 15711.198675394058
Saved data to path  /npool/nvme/kianmilani/disk-data/psfs/spc_band4_psfs_polaxis-2_20240418.fits
(256, 256)
210 15787.26750421524
Saved data to path  /npool/nvme/kianmilani/disk-data/psfs/spc_band4_psfs_polaxis-2_20240418.fits
(256, 256)
211 15863.494691371918
Saved data to path  /npool/nvme/kianmilani/disk-data/psfs/spc_band4_psfs_polaxis-2_20240418.fits
(256, 256)
212 15940.653985261917
Saved data to path  /npool/nvme/kianmilani/disk-data/psfs/spc_band4_psfs_polaxis-2_20240418.fits
(256, 256)
213 16019.349420070648
Saved data to path  /npool/nvme/kianmilani/disk-data/psfs/spc_band4_psfs_polaxis-2_20240418.fits
(256, 256)
214 16094.782810688019
Saved data to path  /npool/nvme/kianmilani/disk-data/psfs/spc_band4_psfs_polaxis-2_20240418.fits
(256, 256)
215 16171.590250730515
Saved data to path  /npool/nvme/kianmilani/disk-data/psfs/spc_band4_psfs_polaxis-2_20240418.fits
(256, 256)
216 16249.473599433899
Saved data to path  /npool/nvme/kianmilani/disk-data/psfs/spc_band4_psfs_polaxis-2_20240418.fits
(256, 256)
217 16325.806463956833
Saved data to path  /npool/nvme/kianmilani/disk-data/psfs/spc_band4_psfs_polaxis-2_20240418.fits
(256, 256)
218 16399.541365861893
Saved data to path  /npool/nvme/kianmilani/disk-data/psfs/spc_band4_psfs_polaxis-2_20240418.fits
(256, 256)
219 16474.91917848587
Saved data to path  /npool/nvme/kianmilani/disk-data/psfs/spc_band4_psfs_polaxis-2_20240418.fits
(256, 256)
220 16549.399106025696
Saved data to path  /npool/nvme/kianmilani/disk-data/psfs/spc_band4_psfs_polaxis-2_20240418.fits
(256, 256)
221 16624.904574871063
Saved data to path  /npool/nvme/kianmilani/disk-data/psfs/spc_band4_psfs_polaxis-2_20240418.fits
(256, 256)
222 16698.470217466354
Saved data to path  /npool/nvme/kianmilani/disk-data/psfs/spc_band4_psfs_polaxis-2_20240418.fits
(256, 256)
223 16774.23361158371
Saved data to path  /npool/nvme/kianmilani/disk-data/psfs/spc_band4_psfs_polaxis-2_20240418.fits
(256, 256)
224 16849.58676123619
Saved data to path  /npool/nvme/kianmilani/disk-data/psfs/spc_band4_psfs_polaxis-2_20240418.fits
(256, 256)
225 16925.404997110367
Saved data to path  /npool/nvme/kianmilani/disk-data/psfs/spc_band4_psfs_polaxis-2_20240418.fits
(256, 256)
226 17003.04899430275
Saved data to path  /npool/nvme/kianmilani/disk-data/psfs/spc_band4_psfs_polaxis-2_20240418.fits
(256, 256)
227 17077.148544311523
Saved data to path  /npool/nvme/kianmilani/disk-data/psfs/spc_band4_psfs_polaxis-2_20240418.fits
(256, 256)
228 17152.49753165245
Saved data to path  /npool/nvme/kianmilani/disk-data/psfs/spc_band4_psfs_polaxis-2_20240418.fits
(256, 256)
229 17226.754422426224
Saved data to path  /npool/nvme/kianmilani/disk-data/psfs/spc_band4_psfs_polaxis-2_20240418.fits
(256, 256)
230 17302.636494398117
Saved data to path  /npool/nvme/kianmilani/disk-data/psfs/spc_band4_psfs_polaxis-2_20240418.fits
(256, 256)
231 17378.350464105606
Saved data to path  /npool/nvme/kianmilani/disk-data/psfs/spc_band4_psfs_polaxis-2_20240418.fits
(256, 256)
232 17454.563052892685
Saved data to path  /npool/nvme/kianmilani/disk-data/psfs/spc_band4_psfs_polaxis-2_20240418.fits
(256, 256)
233 17530.87405538559
Saved data to path  /npool/nvme/kianmilani/disk-data/psfs/spc_band4_psfs_polaxis-2_20240418.fits
(256, 256)
234 17608.39995455742
Saved data to path  /npool/nvme/kianmilani/disk-data/psfs/spc_band4_psfs_polaxis-2_20240418.fits
(256, 256)
235 17683.617605686188
Saved data to path  /npool/nvme/kianmilani/disk-data/psfs/spc_band4_psfs_polaxis-2_20240418.fits
(256, 256)
236 17761.633645534515
Saved data to path  /npool/nvme/kianmilani/disk-data/psfs/spc_band4_psfs_polaxis-2_20240418.fits
(256, 256)
237 17839.503940820694
Saved data to path  /npool/nvme/kianmilani/disk-data/psfs/spc_band4_psfs_polaxis-2_20240418.fits
(256, 256)
238 17915.419391155243
Saved data to path  /npool/nvme/kianmilani/disk-data/psfs/spc_band4_psfs_polaxis-2_20240418.fits
(256, 256)
239 17990.17670083046
Saved data to path  /npool/nvme/kianmilani/disk-data/psfs/spc_band4_psfs_polaxis-2_20240418.fits
(256, 256)
240 18065.349552631378
Saved data to path  /npool/nvme/kianmilani/disk-data/psfs/spc_band4_psfs_polaxis-2_20240418.fits
(256, 256)
241 18138.141624450684
Saved data to path  /npool/nvme/kianmilani/disk-data/psfs/spc_band4_psfs_polaxis-2_20240418.fits
(256, 256)
242 18210.952309846878
Saved data to path  /npool/nvme/kianmilani/disk-data/psfs/spc_band4_psfs_polaxis-2_20240418.fits
(256, 256)
243 18285.39224100113
Saved data to path  /npool/nvme/kianmilani/disk-data/psfs/spc_band4_psfs_polaxis-2_20240418.fits
(256, 256)
244 18360.168964624405
Saved data to path  /npool/nvme/kianmilani/disk-data/psfs/spc_band4_psfs_polaxis-2_20240418.fits
(256, 256)
245 18435.872925281525
Saved data to path  /npool/nvme/kianmilani/disk-data/psfs/spc_band4_psfs_polaxis-2_20240418.fits
(256, 256)
246 18513.054141283035
Saved data to path  /npool/nvme/kianmilani/disk-data/psfs/spc_band4_psfs_polaxis-2_20240418.fits
(256, 256)
247 18588.464272260666
Saved data to path  /npool/nvme/kianmilani/disk-data/psfs/spc_band4_psfs_polaxis-2_20240418.fits
(256, 256)
248 18664.184887886047
Saved data to path  /npool/nvme/kianmilani/disk-data/psfs/spc_band4_psfs_polaxis-2_20240418.fits
(256, 256)
249 18740.786583662033
Saved data to path  /npool/nvme/kianmilani/disk-data/psfs/spc_band4_psfs_polaxis-2_20240418.fits
(256, 256)
250 18817.034098386765
Saved data to path  /npool/nvme/kianmilani/disk-data/psfs/spc_band4_psfs_polaxis-2_20240418.fits
(256, 256)
251 18893.484860897064
Saved data to path  /npool/nvme/kianmilani/disk-data/psfs/spc_band4_psfs_polaxis-2_20240418.fits
(256, 256)
252 18970.718878507614
Saved data to path  /npool/nvme/kianmilani/disk-data/psfs/spc_band4_psfs_polaxis-2_20240418.fits
(256, 256)
253 19048.043374300003
Saved data to path  /npool/nvme/kianmilani/disk-data/psfs/spc_band4_psfs_polaxis-2_20240418.fits
(256, 256)
254 19122.21130132675
Saved data to path  /npool/nvme/kianmilani/disk-data/psfs/spc_band4_psfs_polaxis-2_20240418.fits
(256, 256)
255 19197.67652964592
Saved data to path  /npool/nvme/kianmilani/disk-data/psfs/spc_band4_psfs_polaxis-2_20240418.fits
(256, 256)
256 19273.334924697876
Saved data to path  /npool/nvme/kianmilani/disk-data/psfs/spc_band4_psfs_polaxis-2_20240418.fits
(256, 256)
257 19350.926737308502
Saved data to path  /npool/nvme/kianmilani/disk-data/psfs/spc_band4_psfs_polaxis-2_20240418.fits
(256, 256)
258 19426.353442907333
Saved data to path  /npool/nvme/kianmilani/disk-data/psfs/spc_band4_psfs_polaxis-2_20240418.fits
(256, 256)
259 19500.655297517776
Saved data to path  /npool/nvme/kianmilani/disk-data/psfs/spc_band4_psfs_polaxis-2_20240418.fits
(256, 256)
260 19577.40859937668
Saved data to path  /npool/nvme/kianmilani/disk-data/psfs/spc_band4_psfs_polaxis-2_20240418.fits
(256, 256)
261 19650.682012796402
Saved data to path  /npool/nvme/kianmilani/disk-data/psfs/spc_band4_psfs_polaxis-2_20240418.fits
(256, 256)
262 19725.090274572372
Saved data to path  /npool/nvme/kianmilani/disk-data/psfs/spc_band4_psfs_polaxis-2_20240418.fits
(256, 256)
263 19801.174852371216
Saved data to path  /npool/nvme/kianmilani/disk-data/psfs/spc_band4_psfs_polaxis-2_20240418.fits
(256, 256)
264 19876.62763786316
Saved data to path  /npool/nvme/kianmilani/disk-data/psfs/spc_band4_psfs_polaxis-2_20240418.fits
(256, 256)
265 19951.681849241257
Saved data to path  /npool/nvme/kianmilani/disk-data/psfs/spc_band4_psfs_polaxis-2_20240418.fits
(256, 256)
266 20026.17034983635
Saved data to path  /npool/nvme/kianmilani/disk-data/psfs/spc_band4_psfs_polaxis-2_20240418.fits
(256, 256)
267 20100.464476823807
Saved data to path  /npool/nvme/kianmilani/disk-data/psfs/spc_band4_psfs_polaxis-2_20240418.fits
(256, 256)
268 20176.738795042038
Saved data to path  /npool/nvme/kianmilani/disk-data/psfs/spc_band4_psfs_polaxis-2_20240418.fits
(256, 256)
269 20253.435171365738
Saved data to path  /npool/nvme/kianmilani/disk-data/psfs/spc_band4_psfs_polaxis-2_20240418.fits
(256, 256)
270 20329.724864006042
Saved data to path  /npool/nvme/kianmilani/disk-data/psfs/spc_band4_psfs_polaxis-2_20240418.fits
(256, 256)
271 20404.65758895874
Saved data to path  /npool/nvme/kianmilani/disk-data/psfs/spc_band4_psfs_polaxis-2_20240418.fits
(256, 256)
272 20481.597494602203
Saved data to path  /npool/nvme/kianmilani/disk-data/psfs/spc_band4_psfs_polaxis-2_20240418.fits
(256, 256)
273 20559.89330816269
Saved data to path  /npool/nvme/kianmilani/disk-data/psfs/spc_band4_psfs_polaxis-2_20240418.fits
(256, 256)
274 20635.60597205162
Saved data to path  /npool/nvme/kianmilani/disk-data/psfs/spc_band4_psfs_polaxis-2_20240418.fits
(256, 256)
275 20711.479768037796
Saved data to path  /npool/nvme/kianmilani/disk-data/psfs/spc_band4_psfs_polaxis-2_20240418.fits
(256, 256)
276 20787.042484998703
Saved data to path  /npool/nvme/kianmilani/disk-data/psfs/spc_band4_psfs_polaxis-2_20240418.fits
(256, 256)
277 20862.588433027267
Saved data to path  /npool/nvme/kianmilani/disk-data/psfs/spc_band4_psfs_polaxis-2_20240418.fits
(256, 256)
278 20937.480526447296
Saved data to path  /npool/nvme/kianmilani/disk-data/psfs/spc_band4_psfs_polaxis-2_20240418.fits
(256, 256)
279 21013.26518034935
Saved data to path  /npool/nvme/kianmilani/disk-data/psfs/spc_band4_psfs_polaxis-2_20240418.fits
(256, 256)
280 21088.76834821701
Saved data to path  /npool/nvme/kianmilani/disk-data/psfs/spc_band4_psfs_polaxis-2_20240418.fits
(256, 256)
281 21164.021566152573
Saved data to path  /npool/nvme/kianmilani/disk-data/psfs/spc_band4_psfs_polaxis-2_20240418.fits
(256, 256)
282 21238.678283452988
Saved data to path  /npool/nvme/kianmilani/disk-data/psfs/spc_band4_psfs_polaxis-2_20240418.fits
(256, 256)
283 21314.32148861885
Saved data to path  /npool/nvme/kianmilani/disk-data/psfs/spc_band4_psfs_polaxis-2_20240418.fits
(256, 256)
284 21390.792217493057
Saved data to path  /npool/nvme/kianmilani/disk-data/psfs/spc_band4_psfs_polaxis-2_20240418.fits
(256, 256)
285 21466.29451918602
Saved data to path  /npool/nvme/kianmilani/disk-data/psfs/spc_band4_psfs_polaxis-2_20240418.fits
(256, 256)
286 21541.671270608902
Saved data to path  /npool/nvme/kianmilani/disk-data/psfs/spc_band4_psfs_polaxis-2_20240418.fits
(256, 256)
287 21617.042226314545
Saved data to path  /npool/nvme/kianmilani/disk-data/psfs/spc_band4_psfs_polaxis-2_20240418.fits
(256, 256)
288 21693.043848514557
Saved data to path  /npool/nvme/kianmilani/disk-data/psfs/spc_band4_psfs_polaxis-2_20240418.fits
(256, 256)
289 21768.86591386795
Saved data to path  /npool/nvme/kianmilani/disk-data/psfs/spc_band4_psfs_polaxis-2_20240418.fits
(256, 256)
290 21843.878784656525
Saved data to path  /npool/nvme/kianmilani/disk-data/psfs/spc_band4_psfs_polaxis-2_20240418.fits
(256, 256)
291 21918.689789056778
Saved data to path  /npool/nvme/kianmilani/disk-data/psfs/spc_band4_psfs_polaxis-2_20240418.fits
(256, 256)
292 21994.680120944977
Saved data to path  /npool/nvme/kianmilani/disk-data/psfs/spc_band4_psfs_polaxis-2_20240418.fits
(256, 256)
293 22070.173223495483
Saved data to path  /npool/nvme/kianmilani/disk-data/psfs/spc_band4_psfs_polaxis-2_20240418.fits
(256, 256)
294 22145.986556768417
Saved data to path  /npool/nvme/kianmilani/disk-data/psfs/spc_band4_psfs_polaxis-2_20240418.fits
(256, 256)
295 22220.555783987045
Saved data to path  /npool/nvme/kianmilani/disk-data/psfs/spc_band4_psfs_polaxis-2_20240418.fits
(256, 256)
296 22292.6515045166
Saved data to path  /npool/nvme/kianmilani/disk-data/psfs/spc_band4_psfs_polaxis-2_20240418.fits
(256, 256)
297 22367.697900772095
Saved data to path  /npool/nvme/kianmilani/disk-data/psfs/spc_band4_psfs_polaxis-2_20240418.fits
(256, 256)
298 22444.006406068802
Saved data to path  /npool/nvme/kianmilani/disk-data/psfs/spc_band4_psfs_polaxis-2_20240418.fits
(256, 256)
299 22519.47907614708
Saved data to path  /npool/nvme/kianmilani/disk-data/psfs/spc_band4_psfs_polaxis-2_20240418.fits
(256, 256)
300 22596.614977121353
Saved data to path  /npool/nvme/kianmilani/disk-data/psfs/spc_band4_psfs_polaxis-2_20240418.fits
(256, 256)
301 22671.74609184265
Saved data to path  /npool/nvme/kianmilani/disk-data/psfs/spc_band4_psfs_polaxis-2_20240418.fits
(256, 256)
302 22747.172471046448
Saved data to path  /npool/nvme/kianmilani/disk-data/psfs/spc_band4_psfs_polaxis-2_20240418.fits
(256, 256)
303 22823.724770784378
Saved data to path  /npool/nvme/kianmilani/disk-data/psfs/spc_band4_psfs_polaxis-2_20240418.fits
(256, 256)
304 22898.740491867065
Saved data to path  /npool/nvme/kianmilani/disk-data/psfs/spc_band4_psfs_polaxis-2_20240418.fits
(256, 256)
305 22973.75976371765
Saved data to path  /npool/nvme/kianmilani/disk-data/psfs/spc_band4_psfs_polaxis-2_20240418.fits
(256, 256)
306 23050.07163643837
Saved data to path  /npool/nvme/kianmilani/disk-data/psfs/spc_band4_psfs_polaxis-2_20240418.fits
(256, 256)
307 23124.525380134583
Saved data to path  /npool/nvme/kianmilani/disk-data/psfs/spc_band4_psfs_polaxis-2_20240418.fits
(256, 256)
308 23200.00364470482
Saved data to path  /npool/nvme/kianmilani/disk-data/psfs/spc_band4_psfs_polaxis-2_20240418.fits
(256, 256)
309 23275.796657562256
Saved data to path  /npool/nvme/kianmilani/disk-data/psfs/spc_band4_psfs_polaxis-2_20240418.fits
(256, 256)
310 23350.878670930862
Saved data to path  /npool/nvme/kianmilani/disk-data/psfs/spc_band4_psfs_polaxis-2_20240418.fits
(256, 256)
311 23427.194216489792
Saved data to path  /npool/nvme/kianmilani/disk-data/psfs/spc_band4_psfs_polaxis-2_20240418.fits
(256, 256)
312 23503.258544683456
Saved data to path  /npool/nvme/kianmilani/disk-data/psfs/spc_band4_psfs_polaxis-2_20240418.fits
(256, 256)
313 23578.88073682785
Saved data to path  /npool/nvme/kianmilani/disk-data/psfs/spc_band4_psfs_polaxis-2_20240418.fits
(256, 256)
314 23655.893496990204
Saved data to path  /npool/nvme/kianmilani/disk-data/psfs/spc_band4_psfs_polaxis-2_20240418.fits
(256, 256)
315 23730.428467988968
Saved data to path  /npool/nvme/kianmilani/disk-data/psfs/spc_band4_psfs_polaxis-2_20240418.fits
(256, 256)
316 23805.818374872208
Saved data to path  /npool/nvme/kianmilani/disk-data/psfs/spc_band4_psfs_polaxis-2_20240418.fits
(256, 256)
317 23880.004048109055
Saved data to path  /npool/nvme/kianmilani/disk-data/psfs/spc_band4_psfs_polaxis-2_20240418.fits
(256, 256)
318 23957.10795903206
Saved data to path  /npool/nvme/kianmilani/disk-data/psfs/spc_band4_psfs_polaxis-2_20240418.fits
(256, 256)
319 24032.252027273178
Saved data to path  /npool/nvme/kianmilani/disk-data/psfs/spc_band4_psfs_polaxis-2_20240418.fits
(256, 256)
320 24107.82471060753
Saved data to path  /npool/nvme/kianmilani/disk-data/psfs/spc_band4_psfs_polaxis-2_20240418.fits
(256, 256)
321 24183.425944805145
Saved data to path  /npool/nvme/kianmilani/disk-data/psfs/spc_band4_psfs_polaxis-2_20240418.fits
(256, 256)
322 24258.25985455513
Saved data to path  /npool/nvme/kianmilani/disk-data/psfs/spc_band4_psfs_polaxis-2_20240418.fits
(256, 256)
323 24332.7513859272
Saved data to path  /npool/nvme/kianmilani/disk-data/psfs/spc_band4_psfs_polaxis-2_20240418.fits
(256, 256)
324 24407.893911361694
Saved data to path  /npool/nvme/kianmilani/disk-data/psfs/spc_band4_psfs_polaxis-2_20240418.fits
(256, 256)
325 24484.516345977783
Saved data to path  /npool/nvme/kianmilani/disk-data/psfs/spc_band4_psfs_polaxis-2_20240418.fits
(256, 256)
326 24562.271029233932
Saved data to path  /npool/nvme/kianmilani/disk-data/psfs/spc_band4_psfs_polaxis-2_20240418.fits
(256, 256)
327 24638.245008707047
Saved data to path  /npool/nvme/kianmilani/disk-data/psfs/spc_band4_psfs_polaxis-2_20240418.fits
(256, 256)
328 24713.460309267044
Saved data to path  /npool/nvme/kianmilani/disk-data/psfs/spc_band4_psfs_polaxis-2_20240418.fits
(256, 256)
329 24789.36573076248
Saved data to path  /npool/nvme/kianmilani/disk-data/psfs/spc_band4_psfs_polaxis-2_20240418.fits
(256, 256)
330 24865.231736898422
Saved data to path  /npool/nvme/kianmilani/disk-data/psfs/spc_band4_psfs_polaxis-2_20240418.fits
(256, 256)
331 24939.830222845078
Saved data to path  /npool/nvme/kianmilani/disk-data/psfs/spc_band4_psfs_polaxis-2_20240418.fits
(256, 256)
332 25013.26324725151
Saved data to path  /npool/nvme/kianmilani/disk-data/psfs/spc_band4_psfs_polaxis-2_20240418.fits
(256, 256)
333 25088.97939133644
Saved data to path  /npool/nvme/kianmilani/disk-data/psfs/spc_band4_psfs_polaxis-2_20240418.fits
(256, 256)
334 25164.25291609764
Saved data to path  /npool/nvme/kianmilani/disk-data/psfs/spc_band4_psfs_polaxis-2_20240418.fits
(256, 256)
335 25239.33227133751
Saved data to path  /npool/nvme/kianmilani/disk-data/psfs/spc_band4_psfs_polaxis-2_20240418.fits
(256, 256)
336 25315.09885621071
Saved data to path  /npool/nvme/kianmilani/disk-data/psfs/spc_band4_psfs_polaxis-2_20240418.fits
(256, 256)
337 25389.01566553116
Saved data to path  /npool/nvme/kianmilani/disk-data/psfs/spc_band4_psfs_polaxis-2_20240418.fits
(256, 256)
338 25464.46156859398
Saved data to path  /npool/nvme/kianmilani/disk-data/psfs/spc_band4_psfs_polaxis-2_20240418.fits
(256, 256)
339 25537.796602010727
Saved data to path  /npool/nvme/kianmilani/disk-data/psfs/spc_band4_psfs_polaxis-2_20240418.fits
(256, 256)
340 25613.83813071251
Saved data to path  /npool/nvme/kianmilani/disk-data/psfs/spc_band4_psfs_polaxis-2_20240418.fits
(256, 256)
341 25688.43861603737
Saved data to path  /npool/nvme/kianmilani/disk-data/psfs/spc_band4_psfs_polaxis-2_20240418.fits
(256, 256)
342 25761.910638809204
Saved data to path  /npool/nvme/kianmilani/disk-data/psfs/spc_band4_psfs_polaxis-2_20240418.fits
(256, 256)
343 25835.71179676056
Saved data to path  /npool/nvme/kianmilani/disk-data/psfs/spc_band4_psfs_polaxis-2_20240418.fits
(256, 256)
344 25908.42467522621
Saved data to path  /npool/nvme/kianmilani/disk-data/psfs/spc_band4_psfs_polaxis-2_20240418.fits
(256, 256)
345 25985.3375248909
Saved data to path  /npool/nvme/kianmilani/disk-data/psfs/spc_band4_psfs_polaxis-2_20240418.fits
(256, 256)
346 26057.983800649643
Saved data to path  /npool/nvme/kianmilani/disk-data/psfs/spc_band4_psfs_polaxis-2_20240418.fits
(256, 256)
347 26133.633059978485
Saved data to path  /npool/nvme/kianmilani/disk-data/psfs/spc_band4_psfs_polaxis-2_20240418.fits
(256, 256)
348 26208.41356444359
Saved data to path  /npool/nvme/kianmilani/disk-data/psfs/spc_band4_psfs_polaxis-2_20240418.fits
(256, 256)
349 26282.272473812103
Saved data to path  /npool/nvme/kianmilani/disk-data/psfs/spc_band4_psfs_polaxis-2_20240418.fits
(256, 256)
350 26358.010456562042
Saved data to path  /npool/nvme/kianmilani/disk-data/psfs/spc_band4_psfs_polaxis-2_20240418.fits
(256, 256)
351 26432.03081059456
Saved data to path  /npool/nvme/kianmilani/disk-data/psfs/spc_band4_psfs_polaxis-2_20240418.fits
(256, 256)
352 26506.77744793892
Saved data to path  /npool/nvme/kianmilani/disk-data/psfs/spc_band4_psfs_polaxis-2_20240418.fits
(256, 256)
353 26580.677973985672
Saved data to path  /npool/nvme/kianmilani/disk-data/psfs/spc_band4_psfs_polaxis-2_20240418.fits
(256, 256)
354 26655.890210151672
Saved data to path  /npool/nvme/kianmilani/disk-data/psfs/spc_band4_psfs_polaxis-2_20240418.fits
(256, 256)
355 26731.211423635483
Saved data to path  /npool/nvme/kianmilani/disk-data/psfs/spc_band4_psfs_polaxis-2_20240418.fits
(256, 256)
356 26807.624658584595
Saved data to path  /npool/nvme/kianmilani/disk-data/psfs/spc_band4_psfs_polaxis-2_20240418.fits
(256, 256)
357 26884.67640852928
Saved data to path  /npool/nvme/kianmilani/disk-data/psfs/spc_band4_psfs_polaxis-2_20240418.fits
(256, 256)
358 26959.907542467117
Saved data to path  /npool/nvme/kianmilani/disk-data/psfs/spc_band4_psfs_polaxis-2_20240418.fits
(256, 256)
359 27036.01742529869
Saved data to path  /npool/nvme/kianmilani/disk-data/psfs/spc_band4_psfs_polaxis-2_20240418.fits
(256, 256)
360 27112.088213205338
Saved data to path  /npool/nvme/kianmilani/disk-data/psfs/spc_band4_psfs_polaxis-2_20240418.fits
(256, 256)
361 27186.133894443512
Saved data to path  /npool/nvme/kianmilani/disk-data/psfs/spc_band4_psfs_polaxis-2_20240418.fits
(256, 256)
362 27260.17566370964
Saved data to path  /npool/nvme/kianmilani/disk-data/psfs/spc_band4_psfs_polaxis-2_20240418.fits
(256, 256)
363 27336.190460443497
Saved data to path  /npool/nvme/kianmilani/disk-data/psfs/spc_band4_psfs_polaxis-2_20240418.fits
(256, 256)
364 27411.057549238205
Saved data to path  /npool/nvme/kianmilani/disk-data/psfs/spc_band4_psfs_polaxis-2_20240418.fits
(256, 256)
365 27486.50812101364
Saved data to path  /npool/nvme/kianmilani/disk-data/psfs/spc_band4_psfs_polaxis-2_20240418.fits
(256, 256)
366 27562.382755041122
Saved data to path  /npool/nvme/kianmilani/disk-data/psfs/spc_band4_psfs_polaxis-2_20240418.fits
(256, 256)
367 27637.64318871498
Saved data to path  /npool/nvme/kianmilani/disk-data/psfs/spc_band4_psfs_polaxis-2_20240418.fits
(256, 256)
368 27713.64961218834
Saved data to path  /npool/nvme/kianmilani/disk-data/psfs/spc_band4_psfs_polaxis-2_20240418.fits
(256, 256)
369 27786.141488790512
Saved data to path  /npool/nvme/kianmilani/disk-data/psfs/spc_band4_psfs_polaxis-2_20240418.fits
(256, 256)
370 27860.861407995224
Saved data to path  /npool/nvme/kianmilani/disk-data/psfs/spc_band4_psfs_polaxis-2_20240418.fits
(256, 256)
371 27932.429601430893
Saved data to path  /npool/nvme/kianmilani/disk-data/psfs/spc_band4_psfs_polaxis-2_20240418.fits
(256, 256)
372 28008.317433834076
Saved data to path  /npool/nvme/kianmilani/disk-data/psfs/spc_band4_psfs_polaxis-2_20240418.fits
(256, 256)
373 28082.597415447235
Saved data to path  /npool/nvme/kianmilani/disk-data/psfs/spc_band4_psfs_polaxis-2_20240418.fits
(256, 256)
374 28153.885632038116
Saved data to path  /npool/nvme/kianmilani/disk-data/psfs/spc_band4_psfs_polaxis-2_20240418.fits
(256, 256)
375 28225.763347387314
Saved data to path  /npool/nvme/kianmilani/disk-data/psfs/spc_band4_psfs_polaxis-2_20240418.fits
(256, 256)
376 28299.742738962173
Saved data to path  /npool/nvme/kianmilani/disk-data/psfs/spc_band4_psfs_polaxis-2_20240418.fits
(256, 256)
377 28373.899644613266
Saved data to path  /npool/nvme/kianmilani/disk-data/psfs/spc_band4_psfs_polaxis-2_20240418.fits
(256, 256)
378 28449.022676944733
Saved data to path  /npool/nvme/kianmilani/disk-data/psfs/spc_band4_psfs_polaxis-2_20240418.fits
(256, 256)
379 28523.746180534363
Saved data to path  /npool/nvme/kianmilani/disk-data/psfs/spc_band4_psfs_polaxis-2_20240418.fits
(256, 256)
380 28598.803396701813
Saved data to path  /npool/nvme/kianmilani/disk-data/psfs/spc_band4_psfs_polaxis-2_20240418.fits
(256, 256)
381 28671.434190034866
Saved data to path  /npool/nvme/kianmilani/disk-data/psfs/spc_band4_psfs_polaxis-2_20240418.fits
(256, 256)
382 28747.198011875153
Saved data to path  /npool/nvme/kianmilani/disk-data/psfs/spc_band4_psfs_polaxis-2_20240418.fits
(256, 256)
383 28822.559226751328
Saved data to path  /npool/nvme/kianmilani/disk-data/psfs/spc_band4_psfs_polaxis-2_20240418.fits
(256, 256)
384 28898.313714027405
Saved data to path  /npool/nvme/kianmilani/disk-data/psfs/spc_band4_psfs_polaxis-2_20240418.fits
(256, 256)
385 28971.850752830505
Saved data to path  /npool/nvme/kianmilani/disk-data/psfs/spc_band4_psfs_polaxis-2_20240418.fits
(256, 256)
386 29046.623992919922
Saved data to path  /npool/nvme/kianmilani/disk-data/psfs/spc_band4_psfs_polaxis-2_20240418.fits
(256, 256)
387 29122.088743925095
Saved data to path  /npool/nvme/kianmilani/disk-data/psfs/spc_band4_psfs_polaxis-2_20240418.fits
(256, 256)
388 29193.17753124237
Saved data to path  /npool/nvme/kianmilani/disk-data/psfs/spc_band4_psfs_polaxis-2_20240418.fits
(256, 256)
389 29269.719142198563
Saved data to path  /npool/nvme/kianmilani/disk-data/psfs/spc_band4_psfs_polaxis-2_20240418.fits
(256, 256)
390 29343.082811117172
Saved data to path  /npool/nvme/kianmilani/disk-data/psfs/spc_band4_psfs_polaxis-2_20240418.fits
(256, 256)
391 29414.375907421112
Saved data to path  /npool/nvme/kianmilani/disk-data/psfs/spc_band4_psfs_polaxis-2_20240418.fits
(256, 256)
392 29490.79529094696
Saved data to path  /npool/nvme/kianmilani/disk-data/psfs/spc_band4_psfs_polaxis-2_20240418.fits
(256, 256)
393 29566.80207324028
Saved data to path  /npool/nvme/kianmilani/disk-data/psfs/spc_band4_psfs_polaxis-2_20240418.fits
(256, 256)
394 29642.337945222855
Saved data to path  /npool/nvme/kianmilani/disk-data/psfs/spc_band4_psfs_polaxis-2_20240418.fits
(256, 256)
395 29717.908007860184
Saved data to path  /npool/nvme/kianmilani/disk-data/psfs/spc_band4_psfs_polaxis-2_20240418.fits
(256, 256)
396 29794.52812552452
Saved data to path  /npool/nvme/kianmilani/disk-data/psfs/spc_band4_psfs_polaxis-2_20240418.fits
(256, 256)
397 29871.097160577774
Saved data to path  /npool/nvme/kianmilani/disk-data/psfs/spc_band4_psfs_polaxis-2_20240418.fits
(256, 256)
398 29944.99280643463
Saved data to path  /npool/nvme/kianmilani/disk-data/psfs/spc_band4_psfs_polaxis-2_20240418.fits
(256, 256)
399 30020.584009885788
Saved data to path  /npool/nvme/kianmilani/disk-data/psfs/spc_band4_psfs_polaxis-2_20240418.fits
(256, 256)
400 30096.705005168915
Saved data to path  /npool/nvme/kianmilani/disk-data/psfs/spc_band4_psfs_polaxis-2_20240418.fits
(256, 256)
401 30172.275661945343
Saved data to path  /npool/nvme/kianmilani/disk-data/psfs/spc_band4_psfs_polaxis-2_20240418.fits
(256, 256)
402 30248.58411550522
Saved data to path  /npool/nvme/kianmilani/disk-data/psfs/spc_band4_psfs_polaxis-2_20240418.fits
(256, 256)
403 30323.660320281982
Saved data to path  /npool/nvme/kianmilani/disk-data/psfs/spc_band4_psfs_polaxis-2_20240418.fits
(256, 256)
404 30398.367572546005
Saved data to path  /npool/nvme/kianmilani/disk-data/psfs/spc_band4_psfs_polaxis-2_20240418.fits
(256, 256)
405 30474.595926761627
Saved data to path  /npool/nvme/kianmilani/disk-data/psfs/spc_band4_psfs_polaxis-2_20240418.fits
(256, 256)
406 30546.89741206169
Saved data to path  /npool/nvme/kianmilani/disk-data/psfs/spc_band4_psfs_polaxis-2_20240418.fits
(256, 256)
407 30622.269607305527
Saved data to path  /npool/nvme/kianmilani/disk-data/psfs/spc_band4_psfs_polaxis-2_20240418.fits
(256, 256)
408 30697.57243704796
Saved data to path  /npool/nvme/kianmilani/disk-data/psfs/spc_band4_psfs_polaxis-2_20240418.fits
(256, 256)
409 30772.129572868347
Saved data to path  /npool/nvme/kianmilani/disk-data/psfs/spc_band4_psfs_polaxis-2_20240418.fits
(256, 256)
410 30847.95468711853
Saved data to path  /npool/nvme/kianmilani/disk-data/psfs/spc_band4_psfs_polaxis-2_20240418.fits
(256, 256)
411 30923.28255057335
Saved data to path  /npool/nvme/kianmilani/disk-data/psfs/spc_band4_psfs_polaxis-2_20240418.fits
(256, 256)
412 30998.25853037834
Saved data to path  /npool/nvme/kianmilani/disk-data/psfs/spc_band4_psfs_polaxis-2_20240418.fits
(256, 256)
413 31073.61658668518
Saved data to path  /npool/nvme/kianmilani/disk-data/psfs/spc_band4_psfs_polaxis-2_20240418.fits
(256, 256)
414 31149.850006103516
Saved data to path  /npool/nvme/kianmilani/disk-data/psfs/spc_band4_psfs_polaxis-2_20240418.fits
(256, 256)
415 31221.51511144638
Saved data to path  /npool/nvme/kianmilani/disk-data/psfs/spc_band4_psfs_polaxis-2_20240418.fits
(256, 256)
416 31295.837884664536
Saved data to path  /npool/nvme/kianmilani/disk-data/psfs/spc_band4_psfs_polaxis-2_20240418.fits
(256, 256)
417 31371.570581436157
Saved data to path  /npool/nvme/kianmilani/disk-data/psfs/spc_band4_psfs_polaxis-2_20240418.fits
(256, 256)
418 31447.16685938835
Saved data to path  /npool/nvme/kianmilani/disk-data/psfs/spc_band4_psfs_polaxis-2_20240418.fits
(256, 256)
419 31522.31853556633
Saved data to path  /npool/nvme/kianmilani/disk-data/psfs/spc_band4_psfs_polaxis-2_20240418.fits
(256, 256)
420 31596.804869174957
Saved data to path  /npool/nvme/kianmilani/disk-data/psfs/spc_band4_psfs_polaxis-2_20240418.fits
(256, 256)
421 31670.4217607975
Saved data to path  /npool/nvme/kianmilani/disk-data/psfs/spc_band4_psfs_polaxis-2_20240418.fits
(256, 256)
422 31745.361411571503
Saved data to path  /npool/nvme/kianmilani/disk-data/psfs/spc_band4_psfs_polaxis-2_20240418.fits
(256, 256)
423 31821.041152238846
Saved data to path  /npool/nvme/kianmilani/disk-data/psfs/spc_band4_psfs_polaxis-2_20240418.fits
(256, 256)
424 31896.91151714325
Saved data to path  /npool/nvme/kianmilani/disk-data/psfs/spc_band4_psfs_polaxis-2_20240418.fits
(256, 256)
425 31972.620022296906
Saved data to path  /npool/nvme/kianmilani/disk-data/psfs/spc_band4_psfs_polaxis-2_20240418.fits
(256, 256)
426 32050.079723596573
Saved data to path  /npool/nvme/kianmilani/disk-data/psfs/spc_band4_psfs_polaxis-2_20240418.fits
(256, 256)
427 32126.87855052948
Saved data to path  /npool/nvme/kianmilani/disk-data/psfs/spc_band4_psfs_polaxis-2_20240418.fits
(256, 256)
428 32204.122713804245
Saved data to path  /npool/nvme/kianmilani/disk-data/psfs/spc_band4_psfs_polaxis-2_20240418.fits
(256, 256)
429 32280.46819972992
Saved data to path  /npool/nvme/kianmilani/disk-data/psfs/spc_band4_psfs_polaxis-2_20240418.fits
(256, 256)
430 32351.81830883026
Saved data to path  /npool/nvme/kianmilani/disk-data/psfs/spc_band4_psfs_polaxis-2_20240418.fits
(256, 256)
431 32427.680904388428
Saved data to path  /npool/nvme/kianmilani/disk-data/psfs/spc_band4_psfs_polaxis-2_20240418.fits
(256, 256)
432 32504.246767282486
Saved data to path  /npool/nvme/kianmilani/disk-data/psfs/spc_band4_psfs_polaxis-2_20240418.fits
(256, 256)
433 32580.21191430092
Saved data to path  /npool/nvme/kianmilani/disk-data/psfs/spc_band4_psfs_polaxis-2_20240418.fits
(256, 256)
434 32652.452018260956
Saved data to path  /npool/nvme/kianmilani/disk-data/psfs/spc_band4_psfs_polaxis-2_20240418.fits
(256, 256)
435 32728.36194038391
Saved data to path  /npool/nvme/kianmilani/disk-data/psfs/spc_band4_psfs_polaxis-2_20240418.fits
(256, 256)
436 32801.68265199661
Saved data to path  /npool/nvme/kianmilani/disk-data/psfs/spc_band4_psfs_polaxis-2_20240418.fits
(256, 256)
437 32874.81560277939
Saved data to path  /npool/nvme/kianmilani/disk-data/psfs/spc_band4_psfs_polaxis-2_20240418.fits
(256, 256)
438 32948.839913368225
Saved data to path  /npool/nvme/kianmilani/disk-data/psfs/spc_band4_psfs_polaxis-2_20240418.fits
(256, 256)
439 33025.03941273689
Saved data to path  /npool/nvme/kianmilani/disk-data/psfs/spc_band4_psfs_polaxis-2_20240418.fits
(256, 256)
440 33100.1945745945
Saved data to path  /npool/nvme/kianmilani/disk-data/psfs/spc_band4_psfs_polaxis-2_20240418.fits
(256, 256)
441 33174.05935382843
Saved data to path  /npool/nvme/kianmilani/disk-data/psfs/spc_band4_psfs_polaxis-2_20240418.fits
(256, 256)
442 33249.528244018555
Saved data to path  /npool/nvme/kianmilani/disk-data/psfs/spc_band4_psfs_polaxis-2_20240418.fits
(256, 256)
443 33323.49329853058
Saved data to path  /npool/nvme/kianmilani/disk-data/psfs/spc_band4_psfs_polaxis-2_20240418.fits
(256, 256)
444 33397.82425069809
Saved data to path  /npool/nvme/kianmilani/disk-data/psfs/spc_band4_psfs_polaxis-2_20240418.fits
(256, 256)
445 33470.413076877594
Saved data to path  /npool/nvme/kianmilani/disk-data/psfs/spc_band4_psfs_polaxis-2_20240418.fits
(256, 256)
446 33545.05814695358
Saved data to path  /npool/nvme/kianmilani/disk-data/psfs/spc_band4_psfs_polaxis-2_20240418.fits
(256, 256)
447 33619.515023469925
Saved data to path  /npool/nvme/kianmilani/disk-data/psfs/spc_band4_psfs_polaxis-2_20240418.fits
(256, 256)
448 33693.50214648247
Saved data to path  /npool/nvme/kianmilani/disk-data/psfs/spc_band4_psfs_polaxis-2_20240418.fits
(256, 256)
449 33768.92607951164
Saved data to path  /npool/nvme/kianmilani/disk-data/psfs/spc_band4_psfs_polaxis-2_20240418.fits
(256, 256)
450 33842.242054224014
Saved data to path  /npool/nvme/kianmilani/disk-data/psfs/spc_band4_psfs_polaxis-2_20240418.fits
(256, 256)
451 33917.243792533875
Saved data to path  /npool/nvme/kianmilani/disk-data/psfs/spc_band4_psfs_polaxis-2_20240418.fits
(256, 256)
452 33993.526736974716
Saved data to path  /npool/nvme/kianmilani/disk-data/psfs/spc_band4_psfs_polaxis-2_20240418.fits
(256, 256)
453 34067.56910395622
Saved data to path  /npool/nvme/kianmilani/disk-data/psfs/spc_band4_psfs_polaxis-2_20240418.fits
(256, 256)
454 34142.757677316666
Saved data to path  /npool/nvme/kianmilani/disk-data/psfs/spc_band4_psfs_polaxis-2_20240418.fits
(256, 256)
455 34218.54827213287
Saved data to path  /npool/nvme/kianmilani/disk-data/psfs/spc_band4_psfs_polaxis-2_20240418.fits
(256, 256)
456 34293.7545440197
Saved data to path  /npool/nvme/kianmilani/disk-data/psfs/spc_band4_psfs_polaxis-2_20240418.fits
(256, 256)
457 34364.83782529831
Saved data to path  /npool/nvme/kianmilani/disk-data/psfs/spc_band4_psfs_polaxis-2_20240418.fits
(256, 256)
458 34441.2425801754
Saved data to path  /npool/nvme/kianmilani/disk-data/psfs/spc_band4_psfs_polaxis-2_20240418.fits
(256, 256)
459 34516.58815073967
Saved data to path  /npool/nvme/kianmilani/disk-data/psfs/spc_band4_psfs_polaxis-2_20240418.fits
(256, 256)
460 34588.271416425705
Saved data to path  /npool/nvme/kianmilani/disk-data/psfs/spc_band4_psfs_polaxis-2_20240418.fits
(256, 256)
461 34665.31188941002
Saved data to path  /npool/nvme/kianmilani/disk-data/psfs/spc_band4_psfs_polaxis-2_20240418.fits
(256, 256)
462 34738.82015275955
Saved data to path  /npool/nvme/kianmilani/disk-data/psfs/spc_band4_psfs_polaxis-2_20240418.fits
(256, 256)
463 34814.7235057354
Saved data to path  /npool/nvme/kianmilani/disk-data/psfs/spc_band4_psfs_polaxis-2_20240418.fits
(256, 256)
464 34888.77690625191
Saved data to path  /npool/nvme/kianmilani/disk-data/psfs/spc_band4_psfs_polaxis-2_20240418.fits
(256, 256)
465 34965.32338523865
Saved data to path  /npool/nvme/kianmilani/disk-data/psfs/spc_band4_psfs_polaxis-2_20240418.fits
(256, 256)
466 35037.86284208298
Saved data to path  /npool/nvme/kianmilani/disk-data/psfs/spc_band4_psfs_polaxis-2_20240418.fits
(256, 256)
467 35112.78041315079
Saved data to path  /npool/nvme/kianmilani/disk-data/psfs/spc_band4_psfs_polaxis-2_20240418.fits
(256, 256)
468 35187.028843164444
Saved data to path  /npool/nvme/kianmilani/disk-data/psfs/spc_band4_psfs_polaxis-2_20240418.fits
(256, 256)
469 35259.97853851318
Saved data to path  /npool/nvme/kianmilani/disk-data/psfs/spc_band4_psfs_polaxis-2_20240418.fits
(256, 256)
470 35335.10728621483
Saved data to path  /npool/nvme/kianmilani/disk-data/psfs/spc_band4_psfs_polaxis-2_20240418.fits
(256, 256)
471 35409.79620170593
Saved data to path  /npool/nvme/kianmilani/disk-data/psfs/spc_band4_psfs_polaxis-2_20240418.fits
(256, 256)
472 35484.896570920944
Saved data to path  /npool/nvme/kianmilani/disk-data/psfs/spc_band4_psfs_polaxis-2_20240418.fits
(256, 256)
473 35561.37123322487
Saved data to path  /npool/nvme/kianmilani/disk-data/psfs/spc_band4_psfs_polaxis-2_20240418.fits
(256, 256)
474 35636.82631111145
Saved data to path  /npool/nvme/kianmilani/disk-data/psfs/spc_band4_psfs_polaxis-2_20240418.fits
(256, 256)
475 35712.026022195816
Saved data to path  /npool/nvme/kianmilani/disk-data/psfs/spc_band4_psfs_polaxis-2_20240418.fits
(256, 256)
476 35786.915060043335
Saved data to path  /npool/nvme/kianmilani/disk-data/psfs/spc_band4_psfs_polaxis-2_20240418.fits
(256, 256)
477 35863.03422999382
Saved data to path  /npool/nvme/kianmilani/disk-data/psfs/spc_band4_psfs_polaxis-2_20240418.fits
(256, 256)
478 35939.52012872696
Saved data to path  /npool/nvme/kianmilani/disk-data/psfs/spc_band4_psfs_polaxis-2_20240418.fits
(256, 256)
479 36014.34356546402
Saved data to path  /npool/nvme/kianmilani/disk-data/psfs/spc_band4_psfs_polaxis-2_20240418.fits
(256, 256)
480 36089.443598270416
Saved data to path  /npool/nvme/kianmilani/disk-data/psfs/spc_band4_psfs_polaxis-2_20240418.fits
(256, 256)
481 36165.21929311752
Saved data to path  /npool/nvme/kianmilani/disk-data/psfs/spc_band4_psfs_polaxis-2_20240418.fits
(256, 256)
482 36241.585347652435
Saved data to path  /npool/nvme/kianmilani/disk-data/psfs/spc_band4_psfs_polaxis-2_20240418.fits
(256, 256)
483 36317.87375473976
Saved data to path  /npool/nvme/kianmilani/disk-data/psfs/spc_band4_psfs_polaxis-2_20240418.fits
(256, 256)
484 36393.394107341766
Saved data to path  /npool/nvme/kianmilani/disk-data/psfs/spc_band4_psfs_polaxis-2_20240418.fits
(256, 256)
485 36469.02718925476
Saved data to path  /npool/nvme/kianmilani/disk-data/psfs/spc_band4_psfs_polaxis-2_20240418.fits
(256, 256)
486 36544.64746260643
Saved data to path  /npool/nvme/kianmilani/disk-data/psfs/spc_band4_psfs_polaxis-2_20240418.fits
(256, 256)
487 36621.081595897675
Saved data to path  /npool/nvme/kianmilani/disk-data/psfs/spc_band4_psfs_polaxis-2_20240418.fits
(256, 256)
488 36692.53475880623
Saved data to path  /npool/nvme/kianmilani/disk-data/psfs/spc_band4_psfs_polaxis-2_20240418.fits
(256, 256)
489 36769.09297299385
Saved data to path  /npool/nvme/kianmilani/disk-data/psfs/spc_band4_psfs_polaxis-2_20240418.fits
(256, 256)
490 36845.487879276276
Saved data to path  /npool/nvme/kianmilani/disk-data/psfs/spc_band4_psfs_polaxis-2_20240418.fits
(256, 256)
491 36921.993748664856
Saved data to path  /npool/nvme/kianmilani/disk-data/psfs/spc_band4_psfs_polaxis-2_20240418.fits
(256, 256)
492 36998.96618390083
Saved data to path  /npool/nvme/kianmilani/disk-data/psfs/spc_band4_psfs_polaxis-2_20240418.fits
(256, 256)
493 37074.84198284149
Saved data to path  /npool/nvme/kianmilani/disk-data/psfs/spc_band4_psfs_polaxis-2_20240418.fits
(256, 256)
494 37151.205265522
Saved data to path  /npool/nvme/kianmilani/disk-data/psfs/spc_band4_psfs_polaxis-2_20240418.fits
(256, 256)
495 37222.813485622406
Saved data to path  /npool/nvme/kianmilani/disk-data/psfs/spc_band4_psfs_polaxis-2_20240418.fits
(256, 256)
496 37297.75958967209
Saved data to path  /npool/nvme/kianmilani/disk-data/psfs/spc_band4_psfs_polaxis-2_20240418.fits
(256, 256)
497 37374.24062085152
Saved data to path  /npool/nvme/kianmilani/disk-data/psfs/spc_band4_psfs_polaxis-2_20240418.fits
(256, 256)
498 37449.39721632004
Saved data to path  /npool/nvme/kianmilani/disk-data/psfs/spc_band4_psfs_polaxis-2_20240418.fits
(256, 256)
499 37525.98588514328
Saved data to path  /npool/nvme/kianmilani/disk-data/psfs/spc_band4_psfs_polaxis-2_20240418.fits
(256, 256)
500 37598.73301291466
Saved data to path  /npool/nvme/kianmilani/disk-data/psfs/spc_band4_psfs_polaxis-2_20240418.fits
(256, 256)
501 37672.95823216438
Saved data to path  /npool/nvme/kianmilani/disk-data/psfs/spc_band4_psfs_polaxis-2_20240418.fits
(256, 256)
502 37748.95653486252
Saved data to path  /npool/nvme/kianmilani/disk-data/psfs/spc_band4_psfs_polaxis-2_20240418.fits
(256, 256)
503 37825.76303458214
Saved data to path  /npool/nvme/kianmilani/disk-data/psfs/spc_band4_psfs_polaxis-2_20240418.fits
(256, 256)
504 37900.99273109436
Saved data to path  /npool/nvme/kianmilani/disk-data/psfs/spc_band4_psfs_polaxis-2_20240418.fits
(256, 256)
505 37972.96659493446
Saved data to path  /npool/nvme/kianmilani/disk-data/psfs/spc_band4_psfs_polaxis-2_20240418.fits
(256, 256)
506 38048.79387927055
Saved data to path  /npool/nvme/kianmilani/disk-data/psfs/spc_band4_psfs_polaxis-2_20240418.fits
(256, 256)
507 38124.62012338638
Saved data to path  /npool/nvme/kianmilani/disk-data/psfs/spc_band4_psfs_polaxis-2_20240418.fits
(256, 256)
508 38198.25526690483
Saved data to path  /npool/nvme/kianmilani/disk-data/psfs/spc_band4_psfs_polaxis-2_20240418.fits
(256, 256)
509 38272.82761502266
Saved data to path  /npool/nvme/kianmilani/disk-data/psfs/spc_band4_psfs_polaxis-2_20240418.fits
(256, 256)
510 38347.411380529404
Saved data to path  /npool/nvme/kianmilani/disk-data/psfs/spc_band4_psfs_polaxis-2_20240418.fits
(256, 256)
511 38419.50622677803
Saved data to path  /npool/nvme/kianmilani/disk-data/psfs/spc_band4_psfs_polaxis-2_20240418.fits
(256, 256)
512 38492.21788764
Saved data to path  /npool/nvme/kianmilani/disk-data/psfs/spc_band4_psfs_polaxis-2_20240418.fits
(256, 256)
513 38564.42477440834
Saved data to path  /npool/nvme/kianmilani/disk-data/psfs/spc_band4_psfs_polaxis-2_20240418.fits
(256, 256)
514 38638.79475355148
Saved data to path  /npool/nvme/kianmilani/disk-data/psfs/spc_band4_psfs_polaxis-2_20240418.fits
(256, 256)
515 38712.77861022949
Saved data to path  /npool/nvme/kianmilani/disk-data/psfs/spc_band4_psfs_polaxis-2_20240418.fits
(256, 256)
516 38784.00338745117
Saved data to path  /npool/nvme/kianmilani/disk-data/psfs/spc_band4_psfs_polaxis-2_20240418.fits
(256, 256)
517 38856.48297095299
Saved data to path  /npool/nvme/kianmilani/disk-data/psfs/spc_band4_psfs_polaxis-2_20240418.fits
(256, 256)
518 38931.000692367554
Saved data to path  /npool/nvme/kianmilani/disk-data/psfs/spc_band4_psfs_polaxis-2_20240418.fits
(256, 256)
519 39005.58576774597
Saved data to path  /npool/nvme/kianmilani/disk-data/psfs/spc_band4_psfs_polaxis-2_20240418.fits
(256, 256)
520 39082.27912521362
Saved data to path  /npool/nvme/kianmilani/disk-data/psfs/spc_band4_psfs_polaxis-2_20240418.fits
(256, 256)
521 39157.92290377617
Saved data to path  /npool/nvme/kianmilani/disk-data/psfs/spc_band4_psfs_polaxis-2_20240418.fits
(256, 256)
522 39234.70505452156
Saved data to path  /npool/nvme/kianmilani/disk-data/psfs/spc_band4_psfs_polaxis-2_20240418.fits
(256, 256)
523 39310.53477311134
Saved data to path  /npool/nvme/kianmilani/disk-data/psfs/spc_band4_psfs_polaxis-2_20240418.fits
(256, 256)
524 39385.365488529205
Saved data to path  /npool/nvme/kianmilani/disk-data/psfs/spc_band4_psfs_polaxis-2_20240418.fits
(256, 256)
525 39461.1927382946
Saved data to path  /npool/nvme/kianmilani/disk-data/psfs/spc_band4_psfs_polaxis-2_20240418.fits
(256, 256)
526 39535.54996967316
Saved data to path  /npool/nvme/kianmilani/disk-data/psfs/spc_band4_psfs_polaxis-2_20240418.fits
(256, 256)
527 39607.3677713871
Saved data to path  /npool/nvme/kianmilani/disk-data/psfs/spc_band4_psfs_polaxis-2_20240418.fits
(256, 256)
528 39679.05711603165
Saved data to path  /npool/nvme/kianmilani/disk-data/psfs/spc_band4_psfs_polaxis-2_20240418.fits
(256, 256)
529 39752.57342529297
Saved data to path  /npool/nvme/kianmilani/disk-data/psfs/spc_band4_psfs_polaxis-2_20240418.fits
(256, 256)
530 39828.966894865036
Saved data to path  /npool/nvme/kianmilani/disk-data/psfs/spc_band4_psfs_polaxis-2_20240418.fits
(256, 256)
531 39905.91330885887
Saved data to path  /npool/nvme/kianmilani/disk-data/psfs/spc_band4_psfs_polaxis-2_20240418.fits
(256, 256)
532 39982.39267516136
Saved data to path  /npool/nvme/kianmilani/disk-data/psfs/spc_band4_psfs_polaxis-2_20240418.fits
(256, 256)
533 40058.37428069115
Saved data to path  /npool/nvme/kianmilani/disk-data/psfs/spc_band4_psfs_polaxis-2_20240418.fits
(256, 256)
534 40134.2417140007
Saved data to path  /npool/nvme/kianmilani/disk-data/psfs/spc_band4_psfs_polaxis-2_20240418.fits
(256, 256)
535 40206.80795907974
Saved data to path  /npool/nvme/kianmilani/disk-data/psfs/spc_band4_psfs_polaxis-2_20240418.fits
(256, 256)
536 40280.919246912
Saved data to path  /npool/nvme/kianmilani/disk-data/psfs/spc_band4_psfs_polaxis-2_20240418.fits
(256, 256)
537 40356.711368083954
Saved data to path  /npool/nvme/kianmilani/disk-data/psfs/spc_band4_psfs_polaxis-2_20240418.fits
(256, 256)
538 40431.09868359566
Saved data to path  /npool/nvme/kianmilani/disk-data/psfs/spc_band4_psfs_polaxis-2_20240418.fits
(256, 256)
539 40506.069882154465
Saved data to path  /npool/nvme/kianmilani/disk-data/psfs/spc_band4_psfs_polaxis-2_20240418.fits
(256, 256)
540 40582.317479372025
Saved data to path  /npool/nvme/kianmilani/disk-data/psfs/spc_band4_psfs_polaxis-2_20240418.fits
(256, 256)
541 40656.97398710251
Saved data to path  /npool/nvme/kianmilani/disk-data/psfs/spc_band4_psfs_polaxis-2_20240418.fits
(256, 256)
542 40732.30632066727
Saved data to path  /npool/nvme/kianmilani/disk-data/psfs/spc_band4_psfs_polaxis-2_20240418.fits
(256, 256)
543 40808.23170161247
Saved data to path  /npool/nvme/kianmilani/disk-data/psfs/spc_band4_psfs_polaxis-2_20240418.fits
(256, 256)
544 40883.078370809555
Saved data to path  /npool/nvme/kianmilani/disk-data/psfs/spc_band4_psfs_polaxis-2_20240418.fits
(256, 256)
545 40958.83967280388
Saved data to path  /npool/nvme/kianmilani/disk-data/psfs/spc_band4_psfs_polaxis-2_20240418.fits
(256, 256)
546 41035.33790779114
Saved data to path  /npool/nvme/kianmilani/disk-data/psfs/spc_band4_psfs_polaxis-2_20240418.fits
(256, 256)
547 41110.769078969955
Saved data to path  /npool/nvme/kianmilani/disk-data/psfs/spc_band4_psfs_polaxis-2_20240418.fits
(256, 256)
548 41185.69360113144
Saved data to path  /npool/nvme/kianmilani/disk-data/psfs/spc_band4_psfs_polaxis-2_20240418.fits
(256, 256)
549 41261.91167140007
Saved data to path  /npool/nvme/kianmilani/disk-data/psfs/spc_band4_psfs_polaxis-2_20240418.fits
(256, 256)
550 41339.43713879585
Saved data to path  /npool/nvme/kianmilani/disk-data/psfs/spc_band4_psfs_polaxis-2_20240418.fits
(256, 256)
551 41414.829646110535
Saved data to path  /npool/nvme/kianmilani/disk-data/psfs/spc_band4_psfs_polaxis-2_20240418.fits
(256, 256)
552 41489.763349056244
Saved data to path  /npool/nvme/kianmilani/disk-data/psfs/spc_band4_psfs_polaxis-2_20240418.fits
(256, 256)
553 41565.15884041786
Saved data to path  /npool/nvme/kianmilani/disk-data/psfs/spc_band4_psfs_polaxis-2_20240418.fits
(256, 256)
554 41640.19934821129
Saved data to path  /npool/nvme/kianmilani/disk-data/psfs/spc_band4_psfs_polaxis-2_20240418.fits
(256, 256)
555 41715.399631500244
Saved data to path  /npool/nvme/kianmilani/disk-data/psfs/spc_band4_psfs_polaxis-2_20240418.fits
(256, 256)
556 41792.12195134163
Saved data to path  /npool/nvme/kianmilani/disk-data/psfs/spc_band4_psfs_polaxis-2_20240418.fits
(256, 256)
557 41868.4209420681
Saved data to path  /npool/nvme/kianmilani/disk-data/psfs/spc_band4_psfs_polaxis-2_20240418.fits
(256, 256)
558 41943.3355884552
Saved data to path  /npool/nvme/kianmilani/disk-data/psfs/spc_band4_psfs_polaxis-2_20240418.fits
(256, 256)
559 42016.92067027092
Saved data to path  /npool/nvme/kianmilani/disk-data/psfs/spc_band4_psfs_polaxis-2_20240418.fits
(256, 256)
560 42091.922026634216
Saved data to path  /npool/nvme/kianmilani/disk-data/psfs/spc_band4_psfs_polaxis-2_20240418.fits
(256, 256)
561 42167.241945028305
Saved data to path  /npool/nvme/kianmilani/disk-data/psfs/spc_band4_psfs_polaxis-2_20240418.fits
(256, 256)
562 42244.01567339897
Saved data to path  /npool/nvme/kianmilani/disk-data/psfs/spc_band4_psfs_polaxis-2_20240418.fits
(256, 256)
563 42320.40782237053
Saved data to path  /npool/nvme/kianmilani/disk-data/psfs/spc_band4_psfs_polaxis-2_20240418.fits
(256, 256)
564 42394.97130727768
Saved data to path  /npool/nvme/kianmilani/disk-data/psfs/spc_band4_psfs_polaxis-2_20240418.fits
(256, 256)
565 42469.305378198624
Saved data to path  /npool/nvme/kianmilani/disk-data/psfs/spc_band4_psfs_polaxis-2_20240418.fits
(256, 256)
566 42545.032207489014
Saved data to path  /npool/nvme/kianmilani/disk-data/psfs/spc_band4_psfs_polaxis-2_20240418.fits
(256, 256)
567 42619.507234334946
Saved data to path  /npool/nvme/kianmilani/disk-data/psfs/spc_band4_psfs_polaxis-2_20240418.fits
(256, 256)
568 42695.28946900368
Saved data to path  /npool/nvme/kianmilani/disk-data/psfs/spc_band4_psfs_polaxis-2_20240418.fits
(256, 256)
569 42771.144216775894
Saved data to path  /npool/nvme/kianmilani/disk-data/psfs/spc_band4_psfs_polaxis-2_20240418.fits
(256, 256)
570 42842.78104376793
Saved data to path  /npool/nvme/kianmilani/disk-data/psfs/spc_band4_psfs_polaxis-2_20240418.fits
(256, 256)
571 42917.53886651993
Saved data to path  /npool/nvme/kianmilani/disk-data/psfs/spc_band4_psfs_polaxis-2_20240418.fits
(256, 256)
572 42992.30353593826
Saved data to path  /npool/nvme/kianmilani/disk-data/psfs/spc_band4_psfs_polaxis-2_20240418.fits
(256, 256)
573 43067.19132781029
Saved data to path  /npool/nvme/kianmilani/disk-data/psfs/spc_band4_psfs_polaxis-2_20240418.fits
(256, 256)
574 43140.03438806534
Saved data to path  /npool/nvme/kianmilani/disk-data/psfs/spc_band4_psfs_polaxis-2_20240418.fits
(256, 256)
575 43215.32980513573
Saved data to path  /npool/nvme/kianmilani/disk-data/psfs/spc_band4_psfs_polaxis-2_20240418.fits
(256, 256)
576 43290.848234176636
Saved data to path  /npool/nvme/kianmilani/disk-data/psfs/spc_band4_psfs_polaxis-2_20240418.fits
(256, 256)
577 43362.83837938309
Saved data to path  /npool/nvme/kianmilani/disk-data/psfs/spc_band4_psfs_polaxis-2_20240418.fits
(256, 256)
578 43438.95407652855
Saved data to path  /npool/nvme/kianmilani/disk-data/psfs/spc_band4_psfs_polaxis-2_20240418.fits
(256, 256)
579 43512.05885529518
Saved data to path  /npool/nvme/kianmilani/disk-data/psfs/spc_band4_psfs_polaxis-2_20240418.fits
(256, 256)
580 43588.69970369339
Saved data to path  /npool/nvme/kianmilani/disk-data/psfs/spc_band4_psfs_polaxis-2_20240418.fits
(256, 256)
581 43664.25713849068
Saved data to path  /npool/nvme/kianmilani/disk-data/psfs/spc_band4_psfs_polaxis-2_20240418.fits
(256, 256)
582 43739.233580350876
Saved data to path  /npool/nvme/kianmilani/disk-data/psfs/spc_band4_psfs_polaxis-2_20240418.fits
(256, 256)
583 43814.75218129158
Saved data to path  /npool/nvme/kianmilani/disk-data/psfs/spc_band4_psfs_polaxis-2_20240418.fits
(256, 256)
584 43887.1954202652
Saved data to path  /npool/nvme/kianmilani/disk-data/psfs/spc_band4_psfs_polaxis-2_20240418.fits
(256, 256)
585 43963.62978005409
Saved data to path  /npool/nvme/kianmilani/disk-data/psfs/spc_band4_psfs_polaxis-2_20240418.fits
(256, 256)
586 44039.264688014984
Saved data to path  /npool/nvme/kianmilani/disk-data/psfs/spc_band4_psfs_polaxis-2_20240418.fits
(256, 256)
587 44114.50083351135
Saved data to path  /npool/nvme/kianmilani/disk-data/psfs/spc_band4_psfs_polaxis-2_20240418.fits
(256, 256)
588 44189.19511604309
Saved data to path  /npool/nvme/kianmilani/disk-data/psfs/spc_band4_psfs_polaxis-2_20240418.fits
(256, 256)
589 44263.08584022522
Saved data to path  /npool/nvme/kianmilani/disk-data/psfs/spc_band4_psfs_polaxis-2_20240418.fits
(256, 256)
590 44339.6434109211
Saved data to path  /npool/nvme/kianmilani/disk-data/psfs/spc_band4_psfs_polaxis-2_20240418.fits
(256, 256)
591 44415.636508226395
Saved data to path  /npool/nvme/kianmilani/disk-data/psfs/spc_band4_psfs_polaxis-2_20240418.fits
(256, 256)
592 44491.986807107925
Saved data to path  /npool/nvme/kianmilani/disk-data/psfs/spc_band4_psfs_polaxis-2_20240418.fits
(256, 256)
593 44568.527151823044
Saved data to path  /npool/nvme/kianmilani/disk-data/psfs/spc_band4_psfs_polaxis-2_20240418.fits
(256, 256)
594 44645.25211071968
Saved data to path  /npool/nvme/kianmilani/disk-data/psfs/spc_band4_psfs_polaxis-2_20240418.fits
(256, 256)
595 44719.80034446716
Saved data to path  /npool/nvme/kianmilani/disk-data/psfs/spc_band4_psfs_polaxis-2_20240418.fits
(256, 256)
596 44793.618108034134
Saved data to path  /npool/nvme/kianmilani/disk-data/psfs/spc_band4_psfs_polaxis-2_20240418.fits
(256, 256)
597 44869.77572083473
Saved data to path  /npool/nvme/kianmilani/disk-data/psfs/spc_band4_psfs_polaxis-2_20240418.fits
(256, 256)
598 44945.2957880497
Saved data to path  /npool/nvme/kianmilani/disk-data/psfs/spc_band4_psfs_polaxis-2_20240418.fits
(256, 256)
599 45021.51973080635
Saved data to path  /npool/nvme/kianmilani/disk-data/psfs/spc_band4_psfs_polaxis-2_20240418.fits
(256, 256)
600 45098.355078458786
Saved data to path  /npool/nvme/kianmilani/disk-data/psfs/spc_band4_psfs_polaxis-2_20240418.fits
(256, 256)
601 45171.987075805664
Saved data to path  /npool/nvme/kianmilani/disk-data/psfs/spc_band4_psfs_polaxis-2_20240418.fits
(256, 256)
602 45248.50233268738
Saved data to path  /npool/nvme/kianmilani/disk-data/psfs/spc_band4_psfs_polaxis-2_20240418.fits
(256, 256)
603 45322.47032594681
Saved data to path  /npool/nvme/kianmilani/disk-data/psfs/spc_band4_psfs_polaxis-2_20240418.fits
(256, 256)
604 45397.56058049202
Saved data to path  /npool/nvme/kianmilani/disk-data/psfs/spc_band4_psfs_polaxis-2_20240418.fits
(256, 256)
605 45472.29611611366
Saved data to path  /npool/nvme/kianmilani/disk-data/psfs/spc_band4_psfs_polaxis-2_20240418.fits
(256, 256)
606 45548.43781852722
Saved data to path  /npool/nvme/kianmilani/disk-data/psfs/spc_band4_psfs_polaxis-2_20240418.fits
(256, 256)
607 45622.17589306831
Saved data to path  /npool/nvme/kianmilani/disk-data/psfs/spc_band4_psfs_polaxis-2_20240418.fits
(256, 256)
608 45696.93579244614
Saved data to path  /npool/nvme/kianmilani/disk-data/psfs/spc_band4_psfs_polaxis-2_20240418.fits
(256, 256)
609 45770.614394664764
Saved data to path  /npool/nvme/kianmilani/disk-data/psfs/spc_band4_psfs_polaxis-2_20240418.fits
(256, 256)
610 45845.45980501175
Saved data to path  /npool/nvme/kianmilani/disk-data/psfs/spc_band4_psfs_polaxis-2_20240418.fits
(256, 256)
611 45921.6575756073
Saved data to path  /npool/nvme/kianmilani/disk-data/psfs/spc_band4_psfs_polaxis-2_20240418.fits
(256, 256)
612 45997.371363162994
Saved data to path  /npool/nvme/kianmilani/disk-data/psfs/spc_band4_psfs_polaxis-2_20240418.fits
(256, 256)
613 46072.25634980202
Saved data to path  /npool/nvme/kianmilani/disk-data/psfs/spc_band4_psfs_polaxis-2_20240418.fits
(256, 256)
614 46145.86647939682
Saved data to path  /npool/nvme/kianmilani/disk-data/psfs/spc_band4_psfs_polaxis-2_20240418.fits
(256, 256)
615 46221.205236673355
Saved data to path  /npool/nvme/kianmilani/disk-data/psfs/spc_band4_psfs_polaxis-2_20240418.fits
(256, 256)
616 46292.62153983116
Saved data to path  /npool/nvme/kianmilani/disk-data/psfs/spc_band4_psfs_polaxis-2_20240418.fits
(256, 256)
617 46367.40422153473
Saved data to path  /npool/nvme/kianmilani/disk-data/psfs/spc_band4_psfs_polaxis-2_20240418.fits
(256, 256)
618 46442.589953660965
Saved data to path  /npool/nvme/kianmilani/disk-data/psfs/spc_band4_psfs_polaxis-2_20240418.fits
(256, 256)
619 46518.51618170738
Saved data to path  /npool/nvme/kianmilani/disk-data/psfs/spc_band4_psfs_polaxis-2_20240418.fits
(256, 256)
620 46593.73142671585
Saved data to path  /npool/nvme/kianmilani/disk-data/psfs/spc_band4_psfs_polaxis-2_20240418.fits
(256, 256)
621 46667.401772499084
Saved data to path  /npool/nvme/kianmilani/disk-data/psfs/spc_band4_psfs_polaxis-2_20240418.fits
