(42,) [ 0.          0.20721561  0.41443121  0.62164682  0.82886243  1.03607803
  1.24329364  1.45050925  1.65772485  1.86494046  2.07215607  2.27937167
  2.48658728  2.69380289  2.90101849  3.1082341   3.31544971  3.52266531
  3.72988092  3.8         4.21443121  4.62886243  5.04329364  5.45772485
  5.87215607  6.28658728  6.70101849  7.11544971  7.52988092  7.94431213
  8.35874335  8.77317456  9.18760577  9.60203699  9.7        10.52886243
 11.35772485 12.18658728 13.01544971 13.84431213 14.67317456 15.50203699]
(24,) [  0.  15.  30.  45.  60.  75.  90. 105. 120. 135. 150. 165. 180. 195.
 210. 225. 240. 255. 270. 285. 300. 315. 330. 345.] deg
1008
0 23.645798206329346
1 35.960630893707275
2 47.42506456375122
3 59.646236419677734
4 72.18414759635925
5 84.85926961898804
6 97.0835063457489
7 109.49047923088074
8 121.78683972358704
9 134.15699648857117
10 146.57776165008545
11 158.98425102233887
12 171.21445631980896
13 183.4854805469513
14 195.14694142341614
15 207.5706033706665
16 219.684974193573
17 232.04907703399658
18 244.61499524116516
19 257.2214300632477
20 269.74697637557983
21 281.91875529289246
22 294.1079385280609
23 306.6459608078003
24 319.15989089012146
25 330.8768253326416
26 342.70046186447144
27 355.00924372673035
28 367.5652959346771
29 380.281866312027
30 392.5441720485687
31 404.6800971031189
32 416.1261923313141
33 428.4060227870941
34 440.8652536869049
35 453.3868987560272
36 465.7280764579773
37 477.53793716430664
38 489.93636202812195
39 502.3718852996826
40 514.0064899921417
41 526.026317358017
42 538.4222233295441
43 550.9767088890076
44 563.1221837997437
45 575.7126870155334
46 587.7321000099182
47 600.5053539276123
48 612.1850261688232
49 624.7034516334534
50 637.113932132721
51 649.0043513774872
52 661.0274279117584
53 672.8066651821136
54 685.522661447525
55 697.7076513767242
56 709.4500885009766
57 721.5210347175598
58 734.0543851852417
59 746.4077568054199
60 758.8177404403687
61 771.3924515247345
62 783.2320070266724
63 795.7502388954163
64 808.419670343399
65 820.9859693050385
66 832.6631255149841
67 844.7623698711395
68 857.3015275001526
69 869.2076032161713
70 881.3470959663391
71 893.7623267173767
72 905.2332880496979
73 917.0782308578491
74 929.5815324783325
75 941.6866970062256
76 953.5177841186523
77 965.7014312744141
78 978.4315309524536
79 991.0610597133636
80 1003.5899775028229
81 1016.0980577468872
82 1028.3952009677887
83 1040.5935361385345
84 1052.9047508239746
85 1065.3793075084686
86 1076.9653251171112
87 1089.5207841396332
88 1101.8493180274963
89 1114.326232433319
90 1127.037812948227
91 1139.3779497146606
92 1151.4913437366486
93 1163.3549399375916
94 1175.6133708953857
95 1187.9379744529724
96 1200.5071277618408
97 1213.1484699249268
98 1225.7122013568878
99 1238.2332479953766
100 1250.0171415805817
101 1262.156580209732
102 1274.7158846855164
103 1287.1450533866882
104 1299.5098781585693
105 1311.8339784145355
106 1324.3535568714142
107 1336.8287196159363
108 1349.2444550991058
109 1361.9933969974518
110 1374.5188307762146
111 1386.71422290802
112 1398.4502758979797
113 1410.84867811203
114 1423.216347694397
115 1435.6302032470703
116 1448.1631214618683
117 1460.6871829032898
118 1472.1143090724945
119 1483.887835264206
120 1496.2110681533813
121 1508.4819023609161
122 1521.2983708381653
123 1533.5709578990936
124 1546.0397682189941
125 1558.402096748352
126 1570.819565296173
127 1583.2304892539978
128 1595.8165400028229
129 1608.1294453144073
130 1620.21231341362
131 1632.9435005187988
132 1645.4756183624268
133 1657.8447694778442
134 1670.02867603302
135 1682.087643146515
136 1694.3126978874207
137 1706.7982749938965
138 1719.269781112671
139 1731.6994099617004
140 1744.1812665462494
141 1756.8724989891052
142 1768.8749961853027
143 1781.3399193286896
144 1793.4698491096497
145 1805.082909822464
146 1817.4994122982025
147 1829.4602372646332
148 1842.003969669342
149 1854.2873847484589
150 1866.3841557502747
151 1878.406721830368
152 1890.7268109321594
153 1903.441151380539
154 1915.8914985656738
155 1928.190574645996
156 1940.4128906726837
157 1952.7438039779663
158 1965.3011167049408
159 1977.8372344970703
160 1990.1182947158813
161 2002.4401857852936
162 2014.5420773029327
163 2026.2970838546753
164 2038.6884343624115
165 2051.2324793338776
166 2063.6863765716553
167 2076.1127047538757
168 2088.6769716739655
169 2100.404346704483
170 2113.0486986637115
171 2125.2213263511658
172 2137.486937522888
173 2149.3363087177277
174 2161.0526576042175
175 2173.376024723053
176 2185.974975824356
177 2197.5035996437073
178 2209.910362482071
179 2221.7704980373383
180 2234.0733501911163
181 2246.3875873088837
182 2259.1155037879944
183 2271.166199207306
184 2283.6481149196625
185 2296.3312706947327
186 2309.0736153125763
187 2321.3798365592957
188 2333.7387001514435
189 2345.952956676483
190 2358.294394493103
191 2370.720292329788
192 2382.721677303314
193 2394.7629101276398
194 2407.001762151718
195 2419.0887405872345
196 2431.4778683185577
197 2443.8337054252625
198 2456.0014593601227
199 2468.6475291252136
200 2480.9331271648407
201 2492.5507955551147
202 2505.0513758659363
203 2517.6435039043427
204 2529.7377948760986
205 2542.2486169338226
206 2554.336262702942
207 2566.703613758087
208 2578.8181722164154
209 2591.0805649757385
210 2603.4225900173187
211 2615.9110190868378
212 2628.2152416706085
213 2640.732662677765
214 2653.333352088928
215 2665.6198740005493
216 2677.5183820724487
217 2690.371327638626
218 2702.6164729595184
219 2714.3855929374695
220 2726.1906411647797
221 2738.8497455120087
222 2751.240960121155
223 2762.8995699882507
224 2775.4472670555115
225 2787.762498855591
226 2799.581116437912
227 2811.8220403194427
228 2824.279575109482
229 2836.809418439865
230 2849.4904079437256
231 2861.171718597412
232 2873.650178670883
233 2886.088325738907
234 2898.4610438346863
235 2910.6586105823517
236 2923.10000371933
237 2935.9975802898407
238 2948.5237023830414
239 2960.7425043582916
240 2972.9969511032104
241 2985.174083471298
242 2997.472661972046
243 3010.208559513092
244 3022.4492058753967
245 3034.8696835041046
246 3047.217827796936
247 3059.647782087326
248 3071.8962292671204
249 3084.3677010536194
250 3096.848137140274
251 3109.1174306869507
252 3121.454210281372
253 3134.104565143585
254 3146.7714178562164
255 3159.2008566856384
256 3171.6701538562775
257 3184.2950081825256
258 3196.701114654541
259 3208.95099568367
260 3221.701031923294
261 3233.5090658664703
262 3245.781893014908
263 3257.4433827400208
264 3269.7526421546936
265 3282.0783216953278
266 3293.895729780197
267 3306.536241531372
268 3318.912547826767
269 3331.1371417045593
270 3343.3139729499817
271 3355.801088809967
272 3368.176040649414
273 3380.9470460414886
274 3393.169779062271
275 3405.740866661072
276 3418.3507676124573
277 3430.7929105758667
278 3443.169914484024
279 3455.6935074329376
280 3467.8849499225616
281 3480.3204412460327
282 3491.79647231102
283 3503.9751641750336
284 3516.5035429000854
285 3528.8661382198334
286 3541.408537387848
287 3553.081097126007
288 3565.5684401988983
289 3578.04655790329
290 3590.2726545333862
291 3602.54284119606
292 3615.399411916733
293 3627.674644470215
294 3640.194238424301
295 3652.568550825119
296 3664.994538784027
297 3676.757009744644
298 3688.511560678482
299 3700.9964747428894
300 3713.0594956874847
301 3725.054004430771
302 3737.4073326587677
303 3749.7561571598053
304 3762.372627735138
305 3774.950656890869
306 3787.1826236248016
307 3799.532019138336
308 3811.185205936432
309 3823.6368386745453
310 3836.2771651744843
311 3847.9502205848694
312 3860.6384427547455
313 3873.2720975875854
314 3885.6349906921387
315 3897.943855047226
316 3910.452711582184
317 3922.753902196884
318 3935.207629442215
319 3947.9004821777344
320 3960.729541540146
321 3973.0668470859528
322 3985.5000219345093
323 3997.804917573929
324 4010.4433782100677
325 4022.7331812381744
326 4034.910171508789
327 4047.5342359542847
328 4060.006880760193
329 4072.4523561000824
330 4084.871833562851
331 4097.408668041229
332 4109.683941364288
333 4122.214641571045
334 4134.500556230545
335 4146.878146409988
336 4159.266302347183
337 4170.983572721481
338 4182.545876979828
339 4194.877346992493
340 4206.774139881134
341 4219.417940378189
342 4230.989682197571
343 4242.749147176743
344 4254.457617998123
345 4266.088562488556
346 4278.632024049759
347 4290.939799070358
348 4303.37587928772
349 4315.580364227295
350 4327.942709207535
351 4340.296395778656
352 4352.842635393143
353 4365.312199115753
354 4377.909765481949
355 4390.576029539108
356 4402.338622093201
357 4414.799864292145
358 4427.347297430038
359 4438.9853637218475
360 4450.718519926071
361 4463.254158973694
362 4475.522862195969
363 4487.815527677536
364 4500.405876159668
365 4512.9763967990875
366 4525.436766386032
367 4537.953284502029
368 4549.475980043411
369 4561.718805551529
370 4573.545579433441
371 4585.305188894272
372 4597.354072332382
373 4609.037278175354
374 4621.612274169922
375 4633.77329993248
376 4646.30761218071
377 4658.810990095139
378 4671.160643577576
379 4683.6615562438965
380 4696.117522954941
381 4708.664988040924
382 4721.083955526352
383 4733.4031894207
384 4745.600736379623
385 4758.115210056305
386 4770.662333250046
387 4783.128687620163
388 4795.920075416565
389 4807.942559480667
390 4820.154720067978
391 4832.461691617966
392 4843.993896245956
393 4856.441557645798
394 4868.597977638245
395 4880.546850681305
396 4892.789412021637
397 4904.988135576248
398 4917.500279426575
399 4929.315236091614
400 4941.878751516342
401 4954.045408010483
402 4965.885553598404
403 4978.454779148102
404 4991.026249408722
405 5003.200721740723
406 5015.918684720993
407 5028.370865106583
408 5040.480082511902
409 5052.115530014038
410 5064.226315021515
411 5076.147247552872
412 5088.592803001404
413 5100.712098121643
414 5113.095340013504
415 5125.478782892227
416 5138.0728442668915
417 5150.5800058841705
418 5163.018338680267
419 5174.821466684341
420 5187.276174545288
421 5199.628431797028
422 5212.038717985153
423 5224.303867816925
424 5236.618975877762
425 5248.750554561615
426 5260.294508934021
427 5272.463615179062
428 5285.216812849045
429 5297.4631960392
430 5310.081818580627
431 5322.477128744125
432 5334.917525529861
433 5347.489099979401
434 5359.045674085617
435 5371.2509434223175
436 5383.748576879501
437 5396.680997371674
438 5408.873906612396
439 5421.136316537857
440 5433.076751470566
441 5445.251513242722
442 5457.686663389206
443 5469.759575843811
444 5481.961719751358
445 5494.122858047485
446 5506.594244480133
447 5519.099935293198
448 5531.608496427536
449 5544.120081424713
450 5556.548567771912
451 5568.90673327446
452 5580.515209674835
453 5592.9058883190155
454 5605.3601706027985
455 5617.8461055755615
456 5630.43820309639
457 5643.031706094742
458 5655.734498739243
459 5668.327343940735
460 5681.0331308841705
461 5693.271892547607
462 5705.57989025116
463 5717.292966604233
464 5729.786172628403
465 5742.248019695282
466 5754.77591252327
467 5767.183806419373
468 5779.241912841797
469 5791.597761154175
470 5804.167504787445
471 5816.303860664368
472 5828.735084533691
473 5841.138587236404
474 5852.772080659866
475 5864.805197477341
476 5877.29104924202
477 5889.452370166779
478 5901.823982000351
479 5914.25625038147
480 5926.783101081848
481 5939.679379224777
482 5952.032185077667
483 5963.9535093307495
484 5976.053636550903
485 5988.689232110977
486 6002.5367023944855
487 6014.937415599823
488 6027.467904806137
489 6039.034916400909
490 6051.275274753571
491 6063.627798080444
492 6075.8664128780365
493 6088.0626702308655
494 6100.341232538223
495 6112.682762145996
496 6125.036698102951
497 6137.389737606049
498 6149.795287370682
499 6162.218116760254
500 6174.380758523941
501 6186.710173606873
502 6198.885054349899
503 6211.4995720386505
504 6223.947345972061
505 6236.509303569794
506 6248.203934431076
507 6260.6848838329315
508 6272.625327348709
509 6284.748680591583
510 6297.294826030731
511 6309.103449583054
512 6321.466947793961
513 6333.982338666916
514 6346.265252590179
515 6358.701174020767
516 6371.26415014267
517 6383.110656499863
518 6395.586245536804
519 6407.904225349426
520 6420.225358009338
521 6432.57111954689
522 6444.937949895859
523 6457.323781967163
524 6469.441406726837
525 6481.013586759567
526 6493.077715873718
527 6504.78551030159
528 6517.278028964996
529 6529.724365949631
530 6541.29033613205
531 6553.575164794922
532 6565.448187112808
533 6577.401988267899
534 6589.363951921463
535 6603.1795246601105
536 6614.885181903839
537 6627.230587005615
538 6639.297803878784
539 6651.679621219635
540 6663.809710264206
541 6675.995594263077
542 6688.367867469788
543 6700.714183807373
544 6712.329936504364
545 6723.97443318367
546 6735.505474567413
547 6747.924749612808
548 6760.315598249435
549 6772.532789707184
550 6784.773603916168
551 6797.007409334183
552 6809.57386469841
553 6822.139061689377
554 6834.227053642273
555 6846.3427884578705
556 6858.789534568787
557 6871.493740558624
558 6883.60494017601
559 6895.700640439987
560 6908.1988871097565
561 6920.627457857132
562 6933.106875419617
563 6944.983547210693
564 6957.376225471497
565 6969.833094596863
566 6982.371965169907
567 6995.016180038452
568 7006.895480632782
569 7019.12579202652
570 7031.457225322723
571 7043.7204246521
572 7055.419082164764
573 7067.533181667328
574 7079.880270242691
575 7092.202002048492
576 7104.552397489548
577 7116.969346046448
578 7129.189292669296
579 7140.977813243866
580 7153.079299211502
581 7165.456162691116
582 7177.014514923096
583 7189.563810586929
584 7201.946499109268
585 7214.303815841675
586 7226.61048078537
587 7238.75207901001
588 7251.138533115387
589 7264.04527425766
590 7276.274462461472
591 7288.919368267059
592 7300.659960269928
593 7312.809306383133
594 7325.237070560455
595 7337.069209814072
596 7349.019417047501
597 7360.980747938156
598 7373.2582750320435
599 7385.511821985245
600 7397.862281799316
601 7410.178801059723
602 7422.393635749817
603 7434.576543092728
604 7446.241814374924
605 7457.933764457703
606 7469.975087881088
607 7482.440035104752
608 7494.9908039569855
609 7506.804100036621
610 7519.07391500473
611 7531.636842012405
612 7543.985226392746
613 7556.480628967285
614 7569.119506597519
615 7581.785551309586
616 7593.849699497223
617 7606.317152738571
618 7618.317826509476
619 7630.43847155571
620 7642.34006524086
621 7654.7710592746735
622 7667.233665704727
623 7679.49591422081
624 7691.696047544479
625 7703.972634077072
626 7716.261108875275
627 7728.6373546123505
628 7740.730602502823
629 7753.236555337906
630 7765.172301530838
631 7777.42972445488
632 7789.88777422905
633 7801.838426589966
634 7813.6505336761475
635 7826.212637662888
636 7838.739413738251
637 7851.204488039017
638 7863.73694062233
639 7876.157563924789
640 7888.592541217804
641 7901.2268986701965
642 7913.838399410248
643 7926.1057052612305
644 7938.019821882248
645 7950.40869474411
646 7962.726624250412
647 7975.123380661011
648 7987.381185054779
649 8000.005774736404
650 8011.7250893116
651 8024.337144613266
652 8036.069638252258
653 8048.595221757889
654 8060.65890955925
655 8073.019352197647
656 8085.440244674683
657 8097.678152084351
658 8110.221929073334
659 8122.591247081757
660 8134.998088121414
661 8146.83900308609
662 8159.047575235367
663 8171.630935430527
664 8183.836307764053
665 8196.137763261795
666 8208.825280666351
667 8221.232466220856
668 8233.985119342804
669 8246.364488601685
670 8258.728929519653
671 8271.219165563583
672 8283.535811662674
673 8296.038643836975
674 8308.324559688568
675 8320.1925303936
676 8331.928743124008
677 8344.457327842712
678 8356.074283838272
679 8368.835549592972
680 8381.235763788223
681 8393.464580535889
682 8405.988194704056
683 8418.29809808731
684 8430.547193288803
685 8442.951549768448
686 8455.475378751755
687 8468.308787584305
688 8480.725113153458
689 8493.102159261703
690 8505.280695438385
691 8517.590979337692
692 8530.211591243744
693 8542.73487997055
694 8554.822083950043
695 8567.073368549347
696 8579.540749549866
697 8591.768673419952
698 8604.078032016754
699 8616.723427295685
700 8629.065238952637
701 8641.466154575348
702 8653.706682682037
703 8666.191589355469
704 8678.576318502426
705 8690.231790065765
706 8702.663893938065
707 8715.114905834198
708 8727.271693229675
709 8739.604226827621
710 8752.18447637558
711 8764.519101381302
712 8776.577945232391
713 8789.19591641426
714 8801.35602760315
715 8813.867573738098
716 8826.224600791931
717 8838.511464118958
718 8850.539696931839
719 8862.780366182327
720 8875.2828373909
721 8887.886536836624
722 8899.925411224365
723 8911.506831884384
724 8924.068140983582
725 8936.403210878372
726 8948.51695227623
727 8961.03106045723
728 8973.249429941177
729 8985.61080956459
730 8997.786123752594
731 9009.331680059433
732 9021.564033269882
733 9034.147472381592
734 9046.511801958084
735 9059.009738206863
736 9071.510155916214
737 9084.10226392746
738 9096.554599523544
739 9108.32303237915
740 9120.583044528961
741 9133.22271823883
742 9145.454624891281
743 9158.019366979599
744 9170.23472738266
745 9182.540096998215
746 9194.939879179
747 9207.293806552887
748 9219.789572238922
749 9232.11840581894
750 9244.554970741272
751 9256.887314081192
752 9269.096911668777
753 9281.633661031723
754 9293.62226319313
755 9305.851908683777
756 9317.531964302063
757 9330.224511384964
758 9341.872204780579
759 9354.101051568985
760 9366.275221347809
761 9378.44607758522
762 9390.856524705887
763 9403.442448854446
764 9415.49761915207
765 9427.880633115768
766 9440.505996704102
767 9452.938007831573
768 9464.857098340988
769 9477.407942295074
770 9489.510552167892
771 9501.804107904434
772 9514.390559196472
773 9526.720753908157
774 9539.032746315002
775 9551.066537857056
776 9563.322865009308
777 9575.997082948685
778 9587.583866119385
779 9600.262542247772
780 9612.727081775665
781 9625.271291255951
782 9637.584767818451
783 9650.09088730812
784 9662.752896547318
785 9675.116335630417
786 9687.192744016647
787 9699.671186685562
788 9712.029376983643
789 9724.473492383957
790 9736.663555383682
791 9749.061061143875
792 9761.20483493805
793 9773.34620642662
794 9785.120535373688
795 9796.86043214798
796 9808.410149812698
797 9820.60324048996
798 9832.709077835083
799 9845.09553360939
800 9857.64712023735
801 9869.992544412613
802 9881.688605070114
803 9893.493851184845
804 9905.888907670975
805 9918.05533361435
806 9930.447484016418
807 9942.866070985794
808 9955.371722698212
809 9967.50445508957
810 9980.066054344177
811 9992.411496400833
812 10004.861202955246
813 10017.149152040482
814 10029.484917879105
815 10041.440461874008
816 10053.253279447556
817 10065.542734384537
818 10077.649242162704
819 10090.067061662674
820 10102.428246974945
821 10114.721720457077
822 10127.075325250626
823 10139.538611888885
824 10151.982107400894
825 10164.434121608734
826 10177.173817396164
827 10189.468158483505
828 10202.709609508514
829 10214.449299573898
830 10226.552786111832
831 10238.877783060074
832 10251.314816474915
833 10263.44418144226
834 10275.901485204697
835 10288.471934318542
836 10300.672911167145
837 10313.068168401718
838 10324.808480978012
839 10337.241161108017
840 10349.642553329468
841 10361.628333091736
842 10373.506470441818
843 10385.906097888947
844 10398.2362408638
845 10410.850393772125
846 10423.403099536896
847 10435.664178848267
848 10447.900976419449
849 10459.91319847107
850 10472.314743041992
851 10484.736510276794
852 10497.154823541641
853 10509.367267131805
854 10521.859681844711
855 10534.189567804337
856 10546.832407712936
857 10558.628421545029
858 10570.830708026886
859 10583.153948307037
860 10594.846695661545
861 10607.454410552979
862 10619.389295339584
863 10631.961804389954
864 10643.7505235672
865 10656.221239089966
866 10669.003551483154
867 10680.539868354797
868 10692.175793886185
869 10704.62173128128
870 10716.126460790634
871 10728.52950334549
872 10741.031634092331
873 10753.300794363022
874 10765.588191509247
875 10778.228522539139
876 10790.728588819504
877 10803.27423119545
878 10815.17941403389
879 10827.393634796143
880 10839.957827329636
881 10852.422738790512
882 10864.751548051834
883 10877.07179570198
884 10889.418264627457
885 10901.904390335083
886 10914.35168337822
887 10926.674738168716
888 10939.006095170975
889 10951.358720064163
890 10963.716495275497
891 10976.270401477814
892 10988.395270586014
893 11000.626744031906
894 11012.604755878448
895 11025.256982803345
896 11036.97488117218
897 11049.083393335342
898 11060.91411447525
899 11073.090062856674
900 11085.12848353386
901 11096.734246015549
902 11108.854633808136
903 11121.237594366074
904 11133.776187181473
905 11146.302169084549
906 11158.584153413773
907 11171.138086795807
908 11183.585898160934
909 11196.14557647705
910 11208.626115560532
911 11220.947566509247
912 11232.625107049942
913 11244.960416793823
914 11257.552379131317
915 11269.750001907349
916 11282.18601512909
917 11294.5280854702
918 11307.12441444397
919 11319.671031951904
920 11331.38680100441
921 11343.717383861542
922 11355.666084766388
923 11367.809576511383
924 11380.141172170639
925 11392.40933561325
926 11406.117966651917
927 11418.521885156631
928 11431.134680509567
929 11443.619995117188
930 11455.791952133179
931 11468.388261318207
932 11480.183896303177
933 11492.671823978424
934 11505.007126569748
935 11517.461211919785
936 11529.936595916748
937 11542.577404975891
938 11555.248658180237
939 11567.406937599182
940 11579.924150943756
941 11592.382284879684
942 11604.772690057755
943 11617.338413476944
944 11629.66032242775
945 11641.449093341827
946 11653.282952070236
947 11665.75434088707
948 11678.163886785507
949 11691.054042100906
950 11703.464602947235
951 11716.006733179092
952 11728.468442440033
953 11741.052697896957
954 11753.370473861694
955 11765.724076747894
956 11778.18864274025
957 11790.40030837059
958 11802.071338653564
959 11814.534779310226
960 11826.983459711075
961 11839.280458688736
962 11851.118480920792
963 11863.681342124939
964 11876.203864812851
965 11888.678656101227
966 11900.473825931549
967 11913.0173869133
968 11925.471959590912
969 11937.197828769684
970 11948.840425491333
971 11961.474882602692
972 11973.426699399948
973 11985.682996034622
974 11997.806430578232
975 12009.844603061676
976 12022.027448892593
977 12034.650898218155
978 12046.853510141373
979 12059.1941177845
980 12071.759630441666
981 12083.868013620377
982 12096.244239330292
983 12108.665884971619
Detailed performance metrics for this job will be available at https://metrics.hpc.arizona.edu/#job_viewer?action=show&realm=SUPREMM&resource_id=73&local_job_id=4632451 by 8am on 2022/09/21.
