(112,) [ 0.          0.10460403  0.20920806  0.3138121   0.41841613  0.52302016
  0.62762419  0.73222823  0.83683226  0.94143629  1.04604032  1.15064435
  1.25524839  1.35985242  1.46445645  1.56906048  1.67366452  1.77826855
  1.88287258  1.98747661  2.09208064  2.19668468  2.30128871  2.40589274
  2.51049677  2.61510081  2.71970484  2.82430887  2.9289129   3.03351693
  3.13812097  3.242725    3.34732903  3.45193306  3.55653709  3.66114113
  3.76574516  3.87034919  3.97495322  4.          4.10460403  4.20920806
  4.3138121   4.41841613  4.52302016  4.62762419  4.73222823  4.83683226
  4.94143629  5.04604032  5.15064435  5.25524839  5.35985242  5.46445645
  5.56906048  5.67366452  5.77826855  5.88287258  5.98747661  6.09208064
  6.19668468  6.30128871  6.40589274  6.51049677  6.61510081  6.71970484
  6.82430887  6.9289129   7.03351693  7.13812097  7.242725    7.34732903
  7.45193306  7.55653709  7.66114113  7.76574516  7.87034919  7.97495322
  8.07955726  8.18416129  8.28876532  8.39336935  8.49797338  8.60257742
  8.70718145  8.81178548  8.91638951  9.          9.20920806  9.41841613
  9.62762419  9.83683226 10.04604032 10.25524839 10.46445645 10.67366452
 10.88287258 11.09208064 11.30128871 11.51049677 11.71970484 11.9289129
 12.13812097 12.34732903 12.55653709 12.76574516 12.97495322 13.18416129
 13.39336935 13.60257742 13.81178548 14.02099355]
(30,) [  0.  12.  24.  36.  48.  60.  72.  84.  96. 108. 120. 132. 144. 156.
 168. 180. 192. 204. 216. 228. 240. 252. 264. 276. 288. 300. 312. 324.
 336. 348.] deg
3360
1 25.00592875480652
2 37.26975870132446
3 49.67760610580444
4 61.988837480545044
5 74.35376572608948
6 86.76306438446045
7 99.18963527679443
8 111.7792136669159
9 124.07342672348022
10 136.12703800201416
11 148.30320525169373
12 160.6837158203125
13 172.51684713363647
14 184.68818950653076
15 196.5082437992096
16 208.53450226783752
17 220.8559811115265
18 233.1576247215271
19 244.63411736488342
20 257.1085784435272
21 269.16337633132935
22 280.8689155578613
23 293.1219882965088
24 305.5043845176697
25 317.94873905181885
26 330.41796922683716
27 342.3386297225952
28 354.60464429855347
29 367.0174341201782
30 378.55012559890747
31 390.84380316734314
32 403.40184259414673
33 415.69398856163025
34 427.76204228401184
35 440.10911798477173
36 452.4609429836273
37 464.89548444747925
38 477.38835048675537
39 489.6942789554596
40 501.88650035858154
41 514.4440951347351
42 526.0690608024597
43 538.4578502178192
44 550.8204679489136
45 563.2305583953857
46 575.3926823139191
47 587.6708872318268
48 599.928141117096
49 612.2697892189026
50 624.149523973465
51 636.2041130065918
52 648.2397849559784
53 660.4023115634918
54 672.7429935932159
55 685.1227958202362
56 697.495837688446
57 710.0415320396423
58 721.8089249134064
59 733.8657805919647
60 745.9676032066345
61 758.3595428466797
62 770.8616230487823
63 783.295619726181
64 795.7311751842499
65 807.5860857963562
66 819.1020140647888
67 831.5208480358124
68 843.5832922458649
69 855.4421656131744
70 867.203919172287
71 879.4907929897308
72 891.9776961803436
73 903.771550655365
74 916.2839002609253
75 928.4989738464355
76 940.8999240398407
77 952.8499374389648
78 965.2558362483978
79 977.420946598053
80 990.0582566261292
81 1002.5154323577881
82 1014.9241797924042
83 1027.3633863925934
84 1039.447783946991
85 1051.7376437187195
86 1064.047063589096
87 1076.4245557785034
88 1088.8551626205444
89 1100.8496434688568
90 1113.1805536746979
91 1124.6844942569733
92 1136.8001098632812
93 1149.246966123581
94 1161.6151585578918
95 1174.1567087173462
96 1186.1861202716827
97 1198.6258714199066
98 1211.165266752243
99 1222.9166343212128
100 1235.2799997329712
101 1247.706088066101
102 1259.8600916862488
103 1271.8658101558685
104 1284.0415019989014
105 1295.9797599315643
106 1308.3428387641907
107 1320.6507170200348
108 1332.5334384441376
109 1344.5715894699097
110 1357.037611246109
111 1368.6775436401367
112 1381.0680041313171
113 1392.9976787567139
114 1405.366462469101
115 1417.7869665622711
116 1429.8935618400574
117 1442.1517856121063
118 1454.4469089508057
119 1466.9834296703339
120 1479.29594540596
121 1491.7487711906433
122 1504.1288776397705
123 1516.4831726551056
124 1528.7179279327393
125 1540.9805941581726
126 1553.2065222263336
127 1565.5992712974548
128 1577.7877204418182
129 1590.2861473560333
130 1602.6511991024017
131 1614.8727025985718
132 1627.0387678146362
133 1639.3609886169434
134 1651.5962524414062
135 1663.5919725894928
136 1675.8288390636444
137 1688.240793466568
138 1700.5289390087128
139 1712.7309522628784
140 1725.2193982601166
141 1737.4397342205048
142 1749.1163311004639
143 1761.7728757858276
144 1774.3612170219421
145 1786.843560218811
146 1798.967815876007
147 1811.2954595088959
148 1823.641440153122
149 1835.9696481227875
150 1848.4779517650604
151 1860.8991606235504
152 1872.7418084144592
153 1885.283357143402
154 1897.617371082306
155 1909.6017286777496
156 1922.0090341567993
157 1935.0207149982452
158 1947.6386940479279
159 1959.8694331645966
160 1972.2266573905945
161 1984.7402698993683
162 1997.07368516922
163 2009.7892880439758
164 2021.5674304962158
165 2033.2260282039642
166 2044.8535306453705
167 2057.2383267879486
168 2069.458788871765
169 2081.463740825653
170 2093.777170419693
171 2105.479329109192
172 2117.541388273239
173 2129.5831842422485
174 2142.0388951301575
175 2154.4251849651337
176 2166.905222415924
177 2178.819073677063
178 2191.121732234955
179 2203.6262283325195
180 2216.060651063919
181 2228.544344186783
182 2241.1457455158234
183 2253.296992778778
184 2265.901997566223
185 2278.531656265259
186 2290.9866664409637
187 2303.361013174057
188 2315.674370765686
189 2327.235997438431
190 2339.407734155655
191 2351.9455738067627
192 2364.529283761978
193 2376.596352815628
194 2389.0533182621
195 2400.904233455658
196 2413.271680355072
197 2425.7918951511383
198 2438.269506216049
199 2450.73605632782
200 2462.9681737422943
201 2475.594932794571
202 2487.952400445938
203 2500.4697766304016
204 2513.111723423004
205 2525.83731508255
206 2538.22859954834
207 2550.792218208313
208 2562.847985982895
209 2574.744686603546
210 2587.225504875183
211 2599.077777147293
212 2610.774456501007
213 2623.2302203178406
214 2635.611518383026
215 2647.6837272644043
216 2659.2225918769836
217 2671.665791273117
218 2683.872323513031
219 2695.9468145370483
220 2708.7144751548767
221 2721.2208919525146
222 2733.4845881462097
223 2745.755788087845
224 2758.4735066890717
225 2770.755788087845
226 2783.3140733242035
227 2794.88375043869
228 2806.9985494613647
229 2819.1079981327057
230 2831.252584218979
231 2843.532437324524
232 2856.262834787369
233 2868.6043758392334
234 2880.6544828414917
235 2893.0853180885315
236 2905.7485222816467
237 2918.014291524887
238 2929.7319750785828
239 2941.462938785553
240 2953.907958984375
241 2966.4060065746307
242 2978.444769382477
243 2990.7106890678406
244 3002.5150017738342
245 3015.111057281494
246 3026.8471899032593
247 3039.35325050354
248 3052.01110291481
249 3064.5682990550995
250 3076.886834859848
251 3089.577553510666
252 3101.869845867157
253 3114.057042121887
254 3126.537451982498
255 3138.997957468033
256 3151.4748158454895
257 3163.97415971756
258 3176.496151447296
259 3188.9950127601624
260 3201.2861597537994
261 3213.3562545776367
262 3225.6733045578003
263 3238.0406901836395
264 3250.4408724308014
265 3262.3310322761536
266 3274.6753935813904
267 3286.8081533908844
268 3298.4424245357513
269 3310.9255950450897
270 3323.391547203064
271 3335.272138595581
272 3347.263444662094
273 3358.8506462574005
274 3371.3684315681458
275 3383.658091545105
276 3395.9010965824127
277 3407.675913333893
278 3420.000078201294
279 3432.4770991802216
280 3444.8754982948303
281 3457.3774812221527
282 3469.501394033432
283 3481.8524339199066
284 3493.569746017456
285 3505.967363357544
286 3518.406544446945
287 3530.6658778190613
288 3542.99409031868
289 3555.3492329120636
290 3567.8687250614166
291 3580.2336282730103
292 3591.9464905261993
293 3604.370492219925
294 3616.790341615677
295 3628.886141061783
296 3641.3836846351624
297 3653.708164215088
298 3666.113247871399
299 3678.0201139450073
300 3690.459266424179
301 3702.933755159378
302 3714.9109601974487
303 3727.442765235901
304 3740.022300720215
305 3752.516359090805
306 3764.3118538856506
307 3776.8418493270874
308 3789.4573216438293
309 3802.0586581230164
310 3813.9559602737427
311 3826.2560226917267
312 3837.8585793972015
313 3850.063491344452
314 3862.3017706871033
315 3874.5497760772705
316 3886.1307504177094
317 3897.866515159607
318 3909.562962770462
319 3921.3508760929108
320 3934.050402879715
321 3945.8342118263245
322 3958.1026849746704
323 3970.576719760895
324 3982.3996007442474
325 3994.5888710021973
326 4006.206346988678
327 4019.1270022392273
328 4031.446065187454
329 4043.9089062213898
330 4056.2251200675964
331 4068.6498255729675
332 4081.2388677597046
333 4093.3480796813965
334 4105.778244972229
335 4118.315830230713
336 4130.844448566437
337 4143.343650102615
338 4155.770594835281
339 4168.226638793945
340 4180.470924139023
341 4192.8338260650635
342 4205.350187540054
343 4217.83681678772
344 4230.179640054703
345 4242.504283189774
346 4253.926864147186
347 4266.090016126633
348 4278.402511358261
349 4290.580445051193
350 4303.064401388168
351 4315.5956473350525
352 4328.052472352982
353 4340.703496456146
354 4353.093689203262
355 4365.488184213638
356 4377.740644693375
357 4389.303202629089
358 4401.677512645721
359 4414.084747552872
360 4426.734198331833
361 4439.245945692062
362 4451.807719707489
363 4463.66738319397
364 4476.019914627075
365 4487.866425514221
366 4500.393001794815
367 4512.928589820862
368 4524.837192296982
369 4536.676617860794
370 4549.251590967178
371 4561.771244287491
372 4574.078476190567
373 4586.663732051849
374 4598.9881801605225
375 4611.45511507988
376 4623.785276174545
377 4636.124492883682
378 4648.52823138237
379 4660.8412845134735
380 4673.331449270248
381 4685.144135951996
382 4697.739299535751
383 4709.903277397156
384 4722.2802629470825
385 4734.475668668747
386 4746.7888379096985
387 4758.644597768784
388 4770.955717325211
389 4783.411160469055
390 4795.886831521988
391 4808.466423034668
392 4821.238743066788
393 4833.47859454155
394 4845.890917539597
395 4858.251389980316
396 4870.083516597748
397 4882.557792901993
398 4895.112181425095
399 4907.563069343567
400 4919.976601839066
401 4932.589828252792
402 4945.104905605316
403 4957.1851007938385
404 4969.693698644638
405 4982.095196247101
406 4994.498017072678
407 5007.0830817222595
408 5018.85545539856
409 5031.333089828491
410 5043.83238863945
411 5056.324945688248
412 5068.548216819763
413 5080.248615026474
414 5091.836570262909
415 5104.311745882034
416 5116.890011548996
417 5129.493417263031
418 5141.720489025116
419 5153.69101691246
420 5166.112734794617
421 5178.594850301743
422 5191.098343372345
423 5203.61848783493
424 5216.0617825984955
425 5227.796039104462
426 5240.302498579025
427 5252.706188201904
428 5265.259511947632
429 5278.015631198883
430 5290.4366092681885
431 5302.976095914841
432 5315.399874925613
433 5327.861593961716
434 5340.2332084178925
435 5352.461985826492
436 5364.851244688034
437 5377.362394571304
438 5389.5155708789825
439 5402.322483778
440 5414.872215986252
441 5427.440926790237
442 5440.02943277359
443 5452.4183468818665
444 5464.356282711029
445 5476.569500923157
446 5488.679154872894
447 5501.115827798843
448 5513.601896762848
449 5526.008754491806
450 5538.419016361237
451 5550.586126089096
452 5562.634767532349
453 5574.448343753815
454 5587.1317801475525
455 5599.396309137344
456 5611.870008468628
457 5624.120537996292
458 5636.953285455704
459 5649.6804485321045
460 5661.632798671722
461 5673.728942632675
462 5686.175289392471
463 5698.566152572632
464 5711.079099655151
465 5723.153938293457
466 5735.43651843071
467 5747.858840227127
468 5759.531576395035
469 5771.982602357864
470 5784.414673805237
471 5796.255008935928
472 5807.884065151215
473 5819.912208557129
474 5832.442359924316
475 5844.371736049652
476 5856.829693078995
477 5869.61020731926
478 5882.337349176407
479 5894.1143000125885
480 5906.4868080616
481 5919.012300014496
482 5931.215003013611
483 5943.787577867508
484 5956.212298870087
485 5968.914259672165
486 5981.420882701874
487 5993.615219116211
488 6005.786895275116
489 6017.49002456665
490 6029.192077875137
491 6041.580273866653
492 6053.843458652496
493 6066.215277671814
494 6078.1935205459595
495 6089.973475694656
496 6102.079448699951
497 6114.511747121811
498 6126.242457151413
499 6138.420232534409
500 6150.420079946518
501 6162.755591869354
502 6175.031315088272
503 6187.74986243248
504 6199.94711971283
505 6212.300004005432
506 6224.198601722717
507 6236.579125404358
508 6248.802571296692
509 6261.095397472382
510 6273.529505729675
511 6285.934006929398
512 6298.286194562912
513 6310.593264341354
514 6323.054505348206
515 6335.3364634513855
516 6347.651558637619
517 6360.092331409454
518 6372.637622356415
519 6385.13019990921
520 6397.349479198456
521 6409.743938207626
522 6422.117382049561
523 6434.4918167591095
524 6446.9319796562195
525 6459.385677099228
526 6471.730180501938
527 6484.079372167587
528 6496.5687963962555
529 6508.637155532837
530 6521.124212741852
531 6533.067600011826
532 6545.18244600296
533 6557.893176317215
534 6570.273694753647
535 6581.923389911652
536 6594.167923927307
537 6606.688908815384
538 6619.069475412369
539 6631.375271081924
540 6643.381578683853
541 6655.605644226074
542 6668.084899425507
543 6680.0113179683685
544 6692.052652835846
545 6704.3793070316315
546 6716.892757177353
547 6728.9043841362
548 6741.474533081055
549 6753.906817436218
550 6766.313781499863
551 6778.197594165802
552 6790.815193414688
553 6803.205987215042
554 6815.229820966721
555 6827.86478471756
556 6839.802106618881
557 6852.316364526749
558 6864.435817241669
559 6876.548807382584
560 6888.682634353638
561 6901.16409945488
562 6913.954733133316
563 6925.788110733032
564 6937.82705783844
565 6950.295814275742
566 6962.803891658783
567 6974.434549808502
568 6986.907557725906
569 6999.312032461166
570 7011.411708116531
571 7023.865717411041
572 7036.544187307358
573 7048.908461093903
574 7061.338538408279
575 7073.778388977051
576 7085.752335548401
577 7097.88258266449
578 7110.029823541641
579 7122.505276441574
580 7135.1023581027985
581 7147.468069314957
582 7159.704104185104
583 7172.214094877243
584 7184.681096792221
585 7197.04074215889
586 7208.906786680222
587 7220.775274038315
588 7233.332403898239
589 7245.280213594437
590 7257.730590105057
591 7270.226412057877
592 7282.541758298874
593 7294.759061574936
594 7306.2668516635895
595 7318.286432027817
596 7329.974994421005
597 7342.569292783737
598 7354.9309804439545
599 7367.321928977966
600 7379.777600765228
601 7391.6003584861755
602 7403.983372926712
603 7416.207608938217
604 7428.571332931519
605 7441.130349636078
606 7453.375293731689
607 7465.850308418274
608 7478.376387834549
609 7490.9732048511505
610 7503.588812828064
611 7516.371538639069
612 7528.868072986603
613 7540.412551641464
614 7551.86559009552
615 7564.241186380386
616 7576.585372686386
617 7588.970536231995
618 7601.398406267166
619 7613.799677371979
620 7626.4192070961
621 7638.591938257217
622 7651.0339341163635
623 7662.702736377716
624 7674.9398188591
625 7687.125985860825
626 7698.884156942368
627 7711.353044748306
628 7723.842579126358
629 7735.759053230286
630 7747.8096969127655
631 7760.165061712265
632 7772.576416969299
633 7785.061254739761
634 7797.402903556824
635 7809.574615955353
636 7822.10860657692
637 7834.636750936508
638 7846.921479225159
639 7859.480659484863
640 7871.137623548508
641 7883.737617969513
642 7896.042158126831
643 7907.703415155411
644 7920.178287744522
645 7932.644223690033
646 7945.069898366928
647 7957.583367109299
648 7970.034649610519
649 7981.531941890717
650 7993.413801908493
651 8005.779333114624
652 8017.32937836647
653 8029.898056745529
654 8042.354420185089
655 8054.8891842365265
656 8066.588049411774
657 8078.405464172363
658 8090.411781549454
659 8102.79190826416
660 8115.049365282059
661 8127.004314422607
662 8139.464247941971
663 8151.960225343704
664 8164.111290216446
665 8176.341544151306
666 8188.366529226303
667 8200.888403654099
668 8213.3429312706
669 8225.514628887177
670 8237.08255815506
671 8249.430938243866
672 8261.84367275238
673 8274.351504087448
674 8286.780037879944
675 8299.219894886017
676 8311.533493041992
677 8323.857756376266
678 8336.27309012413
679 8349.418993711472
680 8361.80018401146
681 8374.261219263077
682 8387.15881896019
683 8399.763103485107
684 8412.330464839935
685 8424.2231092453
686 8436.518121004105
687 8448.403308153152
688 8460.937358379364
689 8473.490990638733
690 8485.867315769196
691 8498.233436346054
692 8510.81341958046
693 8523.148153543472
694 8535.23208975792
695 8547.70752954483
696 8560.268979549408
697 8572.079210281372
698 8584.545864343643
699 8597.016319990158
700 8609.563122272491
701 8621.521291255951
702 8633.942877054214
703 8646.167466878891
704 8658.52571606636
705 8671.060109138489
706 8683.40356516838
707 8695.399079799652
708 8707.734607934952
709 8720.24908876419
710 8732.757520914078
711 8745.39758181572
712 8757.786045789719
713 8769.751080274582
714 8782.320599794388
715 8794.300355911255
716 8806.657890319824
717 8819.04076886177
718 8831.416825294495
719 8843.803147792816
720 8856.365389823914
721 8868.690028429031
722 8881.285656690598
723 8893.88407444954
724 8905.533736944199
725 8917.89202594757
726 8930.26948428154
727 8943.00397348404
728 8955.438613653183
729 8967.491312742233
730 8979.911122083664
731 8992.451052427292
732 9004.529261350632
733 9016.52221608162
734 9028.592313289642
735 9040.626670122147
736 9052.967404127121
737 9065.538375616074
738 9077.771003246307
739 9090.090832948685
740 9101.829243659973
741 9114.211769104004
742 9126.875315904617
743 9139.092282295227
744 9151.018692493439
745 9163.117288351059
746 9175.376316308975
747 9187.977693080902
748 9200.461708307266
749 9212.582067966461
750 9224.190292358398
751 9236.320774793625
752 9249.085111379623
753 9261.552473545074
754 9273.733113527298
755 9286.301538705826
756 9298.839307546616
757 9311.294035673141
758 9323.969951152802
759 9336.236954212189
760 9348.873240947723
761 9361.546894073486
762 9373.805598020554
763 9386.387626886368
764 9398.051354169846
765 9410.360125780106
766 9422.645809173584
767 9434.904077768326
768 9447.074363708496
769 9459.593968629837
770 9471.68743133545
771 9483.823632001877
772 9496.204736471176
773 9508.987869501114
774 9521.150509119034
775 9533.460873126984
776 9545.597047328949
777 9557.642512321472
778 9570.132577896118
779 9582.65818309784
780 9595.194038629532
781 9607.656633615494
782 9619.483748197556
783 9631.632602214813
784 9644.022205114365
785 9656.390424251556
786 9668.776759147644
787 9681.008170127869
788 9693.465015411377
789 9705.934461593628
790 9718.316392183304
791 9730.432287216187
792 9742.680734157562
793 9754.961763381958
794 9767.287884950638
795 9779.587697505951
796 9792.012210607529
797 9804.52895283699
798 9816.870192050934
799 9829.156478643417
800 9841.340574979782
801 9853.641335487366
802 9865.985834360123
803 9878.272702217102
804 9890.615234851837
805 9902.984942436218
806 9915.133391141891
807 9927.34714961052
808 9938.943060874939
809 9951.505941867828
810 9964.020380735397
811 9976.443906545639
812 9988.921251535416
813 10000.712701797485
814 10013.052477121353
815 10025.439178228378
816 10037.811235904694
817 10050.23060131073
818 10062.115421533585
819 10074.013280630112
820 10086.3432803154
821 10098.589849233627
822 10111.082622528076
823 10123.38408088684
824 10135.947602272034
825 10147.501302957535
826 10159.729312181473
827 10172.073339939117
828 10184.498200893402
829 10197.050028324127
830 10209.474689722061
831 10221.709301948547
832 10234.011981010437
833 10246.28563451767
834 10258.972252845764
835 10271.383569717407
836 10283.73501443863
837 10296.297173261642
838 10308.832478523254
839 10320.534022808075
840 10333.220635414124
841 10345.0120408535
842 10356.643548250198
843 10368.683185577393
844 10380.996579408646
845 10393.357674837112
846 10405.662673950195
847 10418.136199235916
848 10430.721529483795
849 10443.034723997116
850 10455.616028547287
851 10468.05929017067
852 10480.211451292038
853 10492.720329761505
854 10504.302792310715
855 10515.90780043602
856 10527.566289901733
857 10540.096160173416
858 10552.520714759827
859 10564.906793832779
860 10577.352048397064
861 10589.36929678917
862 10601.823729753494
863 10614.270942926407
864 10626.813064098358
865 10639.007142543793
866 10651.1297249794
867 10664.418048381805
868 10676.924010753632
869 10689.162541627884
870 10701.659074306488
871 10713.20141863823
872 10724.962842941284
873 10737.208128213882
874 10749.614375591278
875 10762.08028268814
876 10774.178262710571
877 10785.740062475204
878 10797.944036006927
879 10810.171543598175
880 10822.601889371872
881 10834.52875161171
882 10846.379147291183
883 10858.028150081635
884 10870.507396697998
885 10882.731816530228
886 10895.211804628372
887 10907.749991416931
888 10920.08241033554
889 10932.569045305252
890 10944.910469770432
891 10956.925870895386
892 10968.771419525146
893 10981.133174180984
894 10993.58071231842
895 11005.444808244705
896 11017.739394903183
897 11030.248218774796
898 11042.643849134445
899 11055.148965358734
900 11067.529068470001
901 11079.28378033638
902 11092.188304424286
903 11104.455956935883
904 11116.613164186478
905 11128.734953165054
906 11141.206780433655
907 11153.17734670639
908 11165.634428977966
909 11178.001764774323
910 11190.19746375084
911 11202.858288764954
912 11214.659619092941
913 11226.916386842728
914 11238.980991363525
915 11251.314296245575
916 11263.527517795563
917 11275.876003980637
918 11288.336891174316
919 11299.97428035736
920 11312.445307016373
921 11324.837522745132
922 11337.131358861923
923 11349.256008386612
924 11361.68207526207
925 11374.040580034256
926 11386.509523391724
927 11398.555979251862
928 11410.93292093277
929 11423.240678787231
930 11435.162871837616
931 11447.62164235115
932 11460.095906734467
933 11472.529248714447
934 11485.0266726017
935 11497.632622718811
936 11509.91205072403
937 11522.3246383667
938 11534.658364534378
939 11547.163096427917
940 11559.430949687958
941 11571.741242408752
942 11584.375721216202
943 11596.819080114365
944 11608.383386135101
945 11620.641312122345
946 11632.940128087997
947 11645.267722845078
948 11657.552731513977
949 11669.948705673218
950 11682.277305364609
951 11694.753295898438
952 11706.919763088226
953 11718.853851556778
954 11731.017570495605
955 11743.425155878067
956 11755.955640792847
957 11768.202002286911
958 11780.31727385521
959 11792.851142644882
960 11805.1074488163
961 11817.506489753723
962 11829.89865064621
963 11842.506948709488
964 11854.948028326035
965 11867.403217077255
966 11879.910786151886
967 11892.340018749237
968 11904.735504627228
969 11917.256535768509
970 11929.635788679123
971 11942.111252307892
972 11954.461966514587
973 11966.898864269257
974 11979.552086353302
975 11991.20186161995
976 12003.5766415596
977 12015.378067970276
978 12027.263953208923
979 12039.74085521698
980 12052.350712060928
981 12064.630317211151
982 12076.941612958908
983 12089.09959077835
984 12100.892084360123
985 12113.38162446022
986 12125.928034543991
987 12138.145805120468
988 12150.627066612244
989 12163.081444978714
990 12175.434686422348
991 12187.42676615715
992 12199.8881919384
993 12212.396167039871
994 12223.847630739212
995 12236.274869203568
996 12248.785637378693
997 12261.241662740707
998 12273.744581460953
999 12285.900412082672
1000 12298.408717155457
1001 12311.041045188904
1002 12323.041620492935
1003 12334.801267385483
1004 12347.301429510117
1005 12359.762919425964
1006 12372.043462276459
1007 12384.823085308075
1008 12397.355016231537
1009 12409.553921222687
1010 12422.02882194519
1011 12434.348032712936
1012 12446.218297719955
1013 12457.815335273743
1014 12470.319073677063
1015 12482.532945156097
1016 12495.034494638443
1017 12507.540940284729
1018 12519.85780286789
1019 12532.208191871643
1020 12544.802005767822
1021 12557.108542919159
1022 12569.400798797607
1023 12582.002501249313
1024 12593.74637389183
1025 12606.091491699219
1026 12618.48617529869
1027 12630.947696447372
1028 12643.297305107117
1029 12655.59460234642
1030 12667.67690873146
1031 12680.183449268341
1032 12692.661205768585
1033 12705.238518714905
1034 12717.601276397705
1035 12730.078863620758
1036 12741.854063272476
1037 12754.069259166718
1038 12766.282897472382
1039 12778.547842264175
1040 12790.426152229309
1041 12802.284187793732
1042 12814.829755306244
1043 12827.070850610733
1044 12839.390049219131
1045 12851.826937198639
1046 12863.924949645996
1047 12876.433241128922
1048 12888.589996099472
1049 12900.637732744217
1050 12912.874385356903
1051 12925.061845541
1052 12937.012865304947
1053 12949.500292778015
1054 12961.868232250214
1055 12974.055761575699
1056 12986.893465042114
1057 12999.343616724014
1058 13010.771361589432
1059 13022.473443508148
1060 13034.938120126724
1061 13047.195305109024
1062 13059.664781332016
1063 13071.86884713173
1064 13084.419644594193
1065 13097.214784622192
1066 13109.333219528198
1067 13121.122106790543
1068 13133.685516834259
1069 13146.264308691025
1070 13158.257642745972
1071 13170.8275411129
1072 13183.229956150055
1073 13195.657546758652
1074 13208.209811925888
1075 13220.738866567612
1076 13232.688116788864
1077 13245.15756058693
1078 13257.536389112473
1079 13269.350384950638
1080 13281.164724588394
1081 13293.666704893112
1082 13305.943222522736
1083 13318.633200645447
1084 13330.658722877502
1085 13342.922275543213
1086 13355.158565998077
1087 13367.557119131088
1088 13379.758022069931
1089 13392.169145345688
1090 13404.761684179306
1091 13416.989811897278
1092 13428.560096502304
1093 13440.991969823837
1094 13453.772642374039
1095 13465.456404209137
1096 13477.814130306244
1097 13489.87218594551
1098 13501.41553401947
1099 13513.050293684006
1100 13525.206127643585
1101 13537.607461929321
1102 13550.164078950882
1103 13561.642624855042
1104 13573.623562812805
1105 13585.387173891068
1106 13597.278811693192
1107 13609.61511015892
1108 13622.220705747604
1109 13634.58071923256
1110 13647.045886039734
1111 13659.652233362198
1112 13672.125672340393
1113 13684.528883457184
1114 13696.979568004608
1115 13709.334384918213
1116 13721.611795663834
1117 13734.099967002869
1118 13746.449781656265
1119 13758.712074279785
1120 13771.294062137604
1121 13783.588936567307
1122 13796.1194896698
1123 13808.341511964798
1124 13820.52518773079
1125 13833.045635461807
1126 13845.522408723831
1127 13857.860025644302
1128 13870.129026174545
1129 13882.417292356491
1130 13894.569561481476
1131 13906.691834688187
1132 13919.507709980011
1133 13932.211785793304
1134 13944.562622785568
1135 13956.559535741806
1136 13968.711889982224
1137 13981.284018278122
1138 13993.283618688583
1139 14005.533055782318
1140 14017.53346824646
1141 14029.870279550552
1142 14041.920884609222
1143 14054.761177539825
1144 14067.10535478592
1145 14078.971294403076
1146 14091.288024902344
1147 14103.908933877945
1148 14116.846324205399
1149 14129.730708360672
1150 14142.481783866882
1151 14155.154285430908
1152 14167.680631875992
1153 14179.878942251205
1154 14192.17329120636
1155 14203.844184875488
1156 14216.186921358109
1157 14228.619443893433
1158 14241.045264959335
1159 14252.809392690659
1160 14264.375817775726
1161 14276.800867319107
1162 14288.999854326248
1163 14301.00362277031
1164 14312.621045351028
1165 14324.963988542557
1166 14336.97380232811
1167 14348.959040164948
1168 14361.568114995956
1169 14373.375436067581
1170 14386.00899386406
1171 14398.296333551407
1172 14410.435511827469
1173 14422.924702882767
1174 14435.448565006256
1175 14448.076724529266
1176 14460.675921916962
1177 14472.477402925491
1178 14484.373651981354
1179 14496.75929927826
1180 14509.10185432434
1181 14521.355678319931
1182 14533.667340278625
1183 14545.930743932724
1184 14557.950076580048
1185 14570.382728338242
1186 14582.546406030655
1187 14594.899831533432
1188 14606.873547077179
1189 14618.566487550735
1190 14630.613764762878
1191 14642.843836307526
1192 14654.836554050446
1193 14667.260133981705
1194 14679.138745546341
1195 14691.495762109756
1196 14703.977307319641
1197 14716.119595050812
1198 14728.557297468185
1199 14740.696882009506
1200 14753.025250434875
1201 14765.401877880096
1202 14778.178598165512
1203 14790.558727502823
1204 14802.774762153625
1205 14814.829968452454
1206 14826.924619197845
1207 14839.261289596558
1208 14851.520505189896
1209 14864.016546964645
1210 14875.824536323547
1211 14888.312726259232
1212 14900.418352127075
1213 14912.742181539536
1214 14925.122155189514
1215 14937.687801599503
1216 14950.088957309723
1217 14962.504314899445
1218 14975.075648546219
1219 14987.205807447433
1220 14998.764664649963
1221 15011.23269701004
1222 15023.680635213852
1223 15035.696583747864
1224 15048.398458480835
1225 15060.495885133743
1226 15072.418072223663
1227 15084.935006380081
1228 15097.372418165207
1229 15109.56873703003
1230 15122.118254184723
1231 15134.764080524445
1232 15147.008076906204
1233 15159.455815792084
1234 15171.774863481522
1235 15183.547194242477
1236 15195.432135820389
1237 15207.76836848259
1238 15220.178395748138
1239 15232.627915620804
1240 15245.320021152496
1241 15257.777229309082
1242 15269.647968530655
1243 15282.11876487732
1244 15293.640715837479
1245 15305.991660118103
1246 15318.510778188705
1247 15330.684166431427
1248 15343.203616142273
1249 15355.4015250206
1250 15367.880280017853
1251 15380.370679616928
1252 15392.673772573471
1253 15404.809006214142
1254 15417.145874738693
1255 15429.614814519882
1256 15441.937012910843
1257 15454.587513923645
1258 15466.786064386368
1259 15478.952575445175
1260 15491.187747955322
1261 15502.845002889633
1262 15515.09850358963
1263 15527.561468601227
1264 15539.47808599472
1265 15551.973624229431
1266 15564.63701081276
1267 15577.264812231064
1268 15589.473904371262
1269 15602.028448343277
1270 15614.43818116188
1271 15626.413605213165
1272 15638.890371799469
1273 15651.14353108406
1274 15663.818966150284
1275 15676.39690375328
1276 15688.986105442047
1277 15701.41537618637
1278 15714.046077251434
1279 15726.768690824509
1280 15738.917794942856
1281 15750.660370111465
1282 15763.221119880676
1283 15775.613051652908
1284 15787.729794502258
1285 15799.823355913162
1286 15812.161222457886
1287 15823.96566605568
1288 15836.463602781296
1289 15848.582902908325
1290 15861.05745267868
1291 15873.660895109177
1292 15886.035483837128
1293 15898.588587284088
1294 15910.5621342659
1295 15922.844490289688
1296 15934.726647615433
1297 15947.250851154327
1298 15959.499671697617
1299 15971.63850736618
1300 15983.56217288971
1301 15995.161557674408
1302 16007.754229545593
1303 16019.31145119667
1304 16031.518724441528
1305 16043.70870757103
1306 16055.730952739716
1307 16068.093634605408
1308 16080.406697511673
1309 16092.754863739014
1310 16104.936390399933
1311 16116.762432813644
1312 16129.275840759277
1313 16141.781007528305
1314 16154.134621858597
1315 16166.672455787659
1316 16178.740458250046
1317 16190.91164135933
1318 16203.299886465073
1319 16215.849848508835
1320 16228.366256475449
1321 16240.788804292679
1322 16253.185444355011
1323 16265.100048065186
1324 16277.81882095337
1325 16290.236974716187
1326 16302.736647844315
1327 16315.228949069977
1328 16327.594210863113
1329 16340.025939702988
1330 16352.292239904404
1331 16364.668429136276
1332 16377.15218448639
1333 16389.5375084877
1334 16401.822030067444
1335 16414.12438726425
1336 16426.806405305862
1337 16439.142993927002
1338 16451.712612628937
1339 16463.474994182587
1340 16475.897758245468
1341 16488.069941282272
1342 16500.380323410034
1343 16512.562251091003
1344 16525.08336210251
1345 16537.59880065918
1346 16549.772894620895
1347 16562.14457821846
1348 16574.13888478279
1349 16585.83956718445
1350 16598.07560801506
1351 16610.844841718674
1352 16623.14644598961
1353 16636.02441072464
1354 16647.433535337448
1355 16659.657955408096
1356 16672.08584856987
1357 16684.54096221924
1358 16696.97249698639
1359 16709.241141557693
1360 16721.80144929886
1361 16733.196907758713
1362 16745.33675956726
1363 16757.704706668854
1364 16770.18127655983
1365 16782.626745700836
1366 16794.264825344086
1367 16806.45836496353
1368 16818.25356554985
1369 16830.645908117294
1370 16842.943036794662
1371 16855.30976319313
1372 16867.464169979095
1373 16879.620832681656
1374 16892.194063186646
1375 16904.769589424133
1376 16916.595247268677
1377 16928.950234651566
1378 16941.503306388855
1379 16953.730215787888
1380 16965.928245782852
1381 16978.804929733276
1382 16990.357256650925
1383 17002.54173016548
1384 17015.10896754265
1385 17027.126845121384
1386 17039.499892234802
1387 17051.87725162506
1388 17063.989455461502
1389 17076.764872789383
1390 17089.43864917755
1391 17101.84232020378
1392 17113.653681516647
1393 17126.188248872757
1394 17138.528987169266
1395 17151.165645599365
1396 17163.58088850975
1397 17176.047588825226
1398 17188.352578401566
1399 17200.87997984886
1400 17212.822603702545
1401 17225.174434900284
1402 17237.34530878067
1403 17249.35611486435
1404 17261.84027147293
1405 17274.289399147034
1406 17286.38524746895
1407 17298.018310785294
1408 17310.492478132248
1409 17322.53526878357
1410 17334.38461613655
1411 17346.310628652573
1412 17357.98665523529
1413 17369.880572080612
1414 17382.35416507721
1415 17394.765813589096
1416 17407.417207956314
1417 17419.787741184235
1418 17431.76814007759
1419 17444.261818885803
1420 17456.81227827072
1421 17469.256123781204
1422 17481.230511903763
1423 17493.655550956726
1424 17506.00514125824
1425 17518.43995833397
1426 17530.706114768982
1427 17543.062232017517
1428 17555.544450998306
1429 17567.809226989746
1430 17579.744495153427
1431 17592.08354473114
1432 17604.199970960617
1433 17616.429005861282
1434 17628.36678147316
1435 17640.664283514023
1436 17652.910697221756
1437 17664.640310525894
1438 17677.052707195282
1439 17689.41967368126
1440 17702.03238749504
1441 17714.520585775375
1442 17726.760538816452
1443 17739.163899421692
1444 17751.58783006668
1445 17763.812606334686
1446 17776.606686353683
1447 17789.332897663116
1448 17801.6503303051
1449 17813.809154748917
1450 17826.30313873291
1451 17838.94047808647
1452 17850.5599360466
1453 17862.992829084396
1454 17875.026235818863
1455 17887.344034910202
1456 17899.81932783127
1457 17912.178577661514
1458 17924.558593034744
1459 17937.25326037407
1460 17949.805952310562
1461 17962.200284719467
1462 17974.84615302086
1463 17987.268128156662
1464 17999.5035572052
1465 18011.693382263184
1466 18023.564158678055
1467 18035.451751708984
1468 18047.97056698799
1469 18060.35883617401
1470 18072.521198034286
1471 18084.717725753784
1472 18096.964564800262
1473 18109.445833921432
1474 18121.879682064056
1475 18134.055952072144
1476 18146.441554546356
1477 18159.080808401108
1478 18171.372864961624
1479 18183.691550016403
1480 18196.480964183807
1481 18208.617396593094
1482 18221.60719013214
1483 18234.184027194977
1484 18245.961027622223
1485 18258.428347349167
1486 18270.3372900486
1487 18281.967247009277
1488 18294.512590885162
1489 18306.673777341843
1490 18318.878254413605
1491 18331.25994038582
1492 18342.784519433975
1493 18354.8599922657
1494 18366.499671459198
1495 18378.99071788788
1496 18391.1470181942
1497 18403.616933107376
1498 18416.18567919731
1499 18428.39361166954
1500 18440.761818647385
1501 18453.174320220947
1502 18465.58264350891
1503 18477.694626808167
1504 18489.440315485
1505 18501.66595172882
1506 18513.49386715889
1507 18526.16536474228
1508 18538.00383400917
1509 18550.442779302597
1510 18562.953629732132
1511 18575.13932967186
1512 18587.558608531952
1513 18600.03241586685
1514 18612.29073381424
1515 18624.181555986404
1516 18636.251527547836
1517 18648.402790546417
1518 18660.334233999252
1519 18672.73495388031
1520 18684.99141216278
1521 18697.44490337372
1522 18709.899590730667
1523 18722.043157577515
1524 18734.430136203766
1525 18746.706112861633
1526 18758.089018821716
1527 18770.74193048477
1528 18783.168791532516
1529 18795.567140102386
1530 18807.90375518799
1531 18820.265515089035
1532 18832.49364566803
1533 18844.952749490738
1534 18857.3888194561
1535 18869.28572869301
1536 18881.936922311783
1537 18894.390459537506
1538 18906.280804395676
1539 18918.624747991562
1540 18930.965442180634
1541 18943.08672785759
1542 18955.019778728485
1543 18967.2098031044
1544 18979.146626472473
1545 18991.017600297928
1546 19003.171419858932
1547 19015.467945814133
1548 19027.723833799362
1549 19039.933881521225
1550 19051.60657310486
1551 19064.130816936493
1552 19076.414321660995
1553 19088.3050634861
1554 19100.80001425743
1555 19112.599548101425
1556 19124.762613773346
1557 19137.11470246315
1558 19149.06091094017
1559 19161.141483068466
1560 19173.7872467041
1561 19186.218345165253
1562 19197.736744880676
1563 19210.0201420784
1564 19222.39555454254
1565 19234.54686641693
1566 19246.886241674423
1567 19259.303371191025
1568 19270.895202875137
1569 19282.4000685215
1570 19294.70268845558
1571 19307.094027280807
1572 19319.512707948685
1573 19331.342454195023
1574 19343.55899500847
1575 19355.606334209442
1576 19367.766560792923
1577 19379.900892972946
1578 19392.095139026642
1579 19404.583032608032
1580 19416.62349963188
1581 19428.747814178467
1582 19440.959229946136
1583 19453.095577955246
1584 19465.059564352036
1585 19477.501318216324
1586 19489.73005604744
1587 19502.380927801132
1588 19514.10844707489
1589 19526.13251209259
1590 19537.71573805809
1591 19549.767796278
1592 19561.50833964348
1593 19574.058821201324
1594 19586.567437171936
1595 19598.110310792923
1596 19610.595547914505
1597 19623.091363430023
1598 19635.368318796158
1599 19647.824157953262
1600 19660.25704050064
1601 19671.692795991898
1602 19684.030046224594
1603 19696.54220509529
1604 19708.879702091217
1605 19721.350754976273
1606 19733.855023145676
1607 19746.067395448685
1608 19758.090663433075
1609 19769.600142240524
1610 19781.701107263565
1611 19794.130093336105
1612 19806.41121029854
1613 19819.083672761917
1614 19831.47045660019
1615 19843.866710424423
1616 19855.689206123352
1617 19869.239683151245
1618 19880.86290693283
1619 19892.79633450508
1620 19905.374223470688
1621 19917.685114383698
1622 19930.010701417923
1623 19942.249012231827
1624 19954.683167219162
1625 19966.46151328087
1626 19978.911303043365
1627 19991.573352098465
1628 20003.16762804985
1629 20015.22860479355
1630 20027.562933683395
1631 20040.08363366127
1632 20052.624672412872
1633 20064.560336589813
1634 20076.870272397995
1635 20088.36118221283
1636 20100.516607046127
1637 20111.990896701813
1638 20124.391547441483
1639 20136.648812294006
1640 20148.37898373604
1641 20160.9223985672
1642 20173.51423406601
1643 20186.01815056801
1644 20197.99654698372
1645 20210.200454473495
1646 20222.43723845482
1647 20234.787903547287
1648 20246.309155225754
1649 20258.645345926285
1650 20271.125674962997
1651 20282.89494204521
1652 20295.28001022339
1653 20307.89554333687
1654 20320.59553170204
1655 20332.19158053398
1656 20344.58652997017
1657 20356.27971959114
1658 20368.573443889618
1659 20381.12710094452
1660 20393.515000343323
1661 20405.71505856514
1662 20418.02482032776
1663 20430.459359169006
1664 20443.737671375275
1665 20456.41496038437
1666 20469.239367246628
1667 20481.542974233627
1668 20493.79021382332
1669 20506.289160251617
1670 20518.39517068863
1671 20530.54770207405
1672 20543.102402687073
1673 20555.598391532898
1674 20568.127688407898
1675 20580.23116517067
1676 20592.4397251606
1677 20604.198660373688
1678 20616.029360055923
1679 20628.38821911812
1680 20640.721053361893
1681 20653.445449113846
1682 20665.30566382408
1683 20677.77144241333
1684 20690.419271469116
1685 20702.55625462532
1686 20714.82261610031
1687 20727.214332580566
1688 20739.342069149017
1689 20751.341289758682
1690 20763.758721590042
1691 20776.103699445724
1692 20788.87791109085
1693 20801.441127061844
1694 20813.638649463654
1695 20825.999673128128
1696 20838.343745946884
1697 20850.615258216858
1698 20862.76301050186
1699 20874.88649916649
1700 20887.031328439713
1701 20899.561583042145
1702 20911.67755842209
1703 20923.95282459259
1704 20936.36573624611
1705 20948.694045305252
1706 20960.77214884758
1707 20973.24255466461
1708 20985.518636226654
1709 20997.820562124252
1710 21010.058979988098
1711 21022.57681632042
1712 21034.867162942886
1713 21047.46243429184
1714 21059.97141766548
1715 21072.353109121323
1716 21084.752171993256
1717 21097.276146888733
1718 21109.219830036163
1719 21121.60693383217
1720 21133.737939357758
1721 21145.695412635803
1722 21158.286326408386
1723 21170.840151309967
1724 21182.88142514229
1725 21195.519305944443
1726 21207.851742982864
1727 21220.015711069107
1728 21232.02528333664
1729 21244.648522615433
1730 21256.91577911377
1731 21269.286428928375
1732 21281.11913561821
1733 21293.285818576813
1734 21306.114187717438
1735 21318.492606163025
1736 21330.29598903656
1737 21342.761370897293
1738 21355.319949388504
1739 21367.811608314514
1740 21380.03766965866
1741 21392.405608654022
1742 21404.236060857773
1743 21416.502639055252
1744 21428.616007328033
1745 21440.852395534515
1746 21453.33132481575
1747 21465.815593481064
1748 21477.830005168915
1749 21490.23457121849
1750 21502.126740932465
1751 21514.38021016121
1752 21526.553050756454
1753 21539.114925146103
1754 21551.021562814713
1755 21563.391531705856
1756 21575.41123175621
1757 21587.107984781265
1758 21599.5224173069
1759 21611.71129155159
1760 21623.769876480103
1761 21636.05237197876
1762 21648.501776456833
1763 21660.775987148285
1764 21672.61512851715
1765 21685.17428636551
1766 21697.39656805992
1767 21709.949689388275
1768 21722.634132146835
1769 21734.936371326447
1770 21747.431718826294
1771 21759.769038438797
1772 21772.10119533539
1773 21784.529594659805
1774 21797.07837176323
1775 21809.339490413666
1776 21821.525922060013
1777 21834.035286188126
1778 21845.96028161049
1779 21858.18164372444
1780 21870.405807971954
1781 21883.21577501297
1782 21895.661977529526
1783 21907.9741461277
1784 21920.03200984001
1785 21932.491129875183
1786 21944.750174045563
1787 21957.14333128929
1788 21968.86638379097
1789 21981.303047180176
1790 21993.38198542595
1791 22005.93672156334
1792 22018.376745939255
1793 22030.00546979904
1794 22042.538735628128
1795 22055.04334616661
1796 22067.203989744186
1797 22079.358553171158
1798 22091.34000492096
1799 22103.66269683838
1800 22116.08347916603
1801 22128.14488387108
1802 22140.206191539764
1803 22152.241219997406
1804 22164.42975449562
1805 22176.739207029343
1806 22188.556407928467
1807 22201.672194719315
1808 22213.765867948532
1809 22225.972027540207
1810 22238.57800602913
1811 22250.972171783447
1812 22263.453305482864
1813 22275.14028429985
1814 22287.432831287384
1815 22299.594130277634
1816 22311.890340089798
1817 22324.02175760269
1818 22336.23573088646
1819 22348.13224887848
1820 22360.434157133102
1821 22372.61506342888
1822 22384.143448591232
1823 22396.520618200302
1824 22408.882867336273
1825 22421.36492562294
1826 22433.71320271492
1827 22446.38178062439
1828 22458.741712331772
1829 22470.77296090126
1830 22483.108107089996
1831 22495.484919071198
1832 22507.78585243225
1833 22519.941776514053
1834 22532.279780864716
1835 22544.471438646317
1836 22556.76659679413
1837 22568.569091320038
1838 22580.70341205597
1839 22593.197511672974
1840 22605.585372686386
1841 22617.30003476143
1842 22629.41258740425
1843 22641.57937502861
1844 22654.08282017708
1845 22666.413742780685
1846 22678.874480962753
1847 22690.91424012184
1848 22703.71486401558
1849 22716.14508342743
1850 22728.135163784027
1851 22740.69006872177
1852 22753.256518125534
1853 22765.581256628036
1854 22777.981598854065
1855 22790.306633234024
1856 22802.75757074356
1857 22815.203801870346
1858 22828.145164728165
1859 22840.03617954254
1860 22852.51897239685
1861 22864.40775322914
1862 22876.59278321266
1863 22888.795060396194
1864 22901.29343509674
1865 22913.817903280258
1866 22926.125128030777
1867 22937.87922644615
1868 22950.209310770035
1869 22962.409745693207
1870 22974.70191669464
1871 22987.154017210007
1872 22999.69735145569
1873 23012.14273071289
1874 23024.590138196945
1875 23037.2091255188
1876 23049.40244245529
1877 23061.49704504013
1878 23073.966748952866
1879 23085.738199710846
1880 23097.616240262985
1881 23109.691473007202
1882 23121.88477706909
1883 23134.203922986984
1884 23146.53555083275
1885 23158.9188644886
1886 23171.2763607502
1887 23183.820886850357
1888 23196.1523873806
1889 23208.718481063843
1890 23220.896562814713
1891 23233.46780347824
1892 23245.685398817062
1893 23257.84297299385
1894 23270.203155517578
1895 23282.289382457733
1896 23294.772312164307
1897 23307.2658765316
1898 23319.599652528763
1899 23331.937349319458
1900 23344.291594028473
1901 23356.142757177353
1902 23368.47909927368
1903 23380.483274698257
1904 23392.783203125
1905 23404.743470191956
1906 23416.306233406067
1907 23428.72282576561
1908 23441.093291521072
1909 23453.6609518528
1910 23465.674611330032
1911 23477.748296022415
1912 23490.17271757126
1913 23502.158423900604
1914 23514.549979686737
1915 23526.12732243538
1916 23538.21723151207
1917 23550.16879415512
1918 23562.382227659225
1919 23574.303553581238
1920 23586.66601061821
1921 23599.083343982697
1922 23611.26044011116
1923 23623.69652915001
1924 23636.162832260132
1925 23648.096798419952
1926 23660.50994515419
1927 23672.39751791954
1928 23684.415184020996
1929 23696.77152776718
1930 23709.23762655258
1931 23721.511950969696
1932 23733.918672800064
1933 23746.450310230255
1934 23758.64312005043
1935 23770.973792791367
1936 23782.633772850037
1937 23794.763293027878
1938 23807.258655548096
1939 23819.58818602562
1940 23831.80885028839
1941 23844.266533136368
1942 23856.625102996826
1943 23868.792786598206
1944 23881.43741965294
1945 23893.948273420334
1946 23906.301840782166
1947 23919.109275579453
1948 23931.525141239166
1949 23943.82985019684
1950 23956.482348680496
1951 23968.471800088882
1952 23980.725457429886
1953 23992.970999479294
1954 24005.319899082184
1955 24017.716731071472
1956 24030.019483327866
1957 24042.248700857162
1958 24054.74379682541
1959 24067.104686021805
1960 24079.46014356613
1961 24091.83846449852
1962 24104.24572634697
1963 24116.511381864548
1964 24128.510514974594
1965 24140.896371126175
1966 24153.440002679825
1967 24165.701996326447
1968 24177.16224002838
1969 24188.701451301575
1970 24200.95354604721
1971 24213.34695982933
1972 24225.865646362305
1973 24238.17822098732
1974 24250.567770004272
1975 24262.977170228958
1976 24275.200386285782
1977 24287.78576374054
1978 24300.091068983078
1979 24312.221868038177
1980 24324.336545944214
1981 24336.639457464218
1982 24348.565412282944
1983 24360.036571502686
1984 24372.36597776413
1985 24384.758808612823
1986 24397.192306041718
1987 24409.850098371506
1988 24421.637503147125
1989 24434.00693511963
1990 24446.59534406662
1991 24458.712055921555
1992 24470.356362342834
1993 24482.78504037857
1994 24495.013362646103
1995 24507.477845668793
1996 24519.3718688488
1997 24531.60675263405
1998 24544.165051460266
1999 24556.502487659454
2000 24568.502735376358
2001 24579.992608070374
2002 24592.24135160446
2003 24604.689845323563
2004 24616.750791072845
2005 24629.15955209732
2006 24641.349303245544
2007 24653.647513628006
2008 24665.57604432106
2009 24677.77465558052
2010 24689.843549966812
2011 24702.33887577057
2012 24714.946716308594
2013 24726.806587696075
2014 24739.290371894836
2015 24751.662096261978
2016 24764.129492759705
2017 24776.847813367844
2018 24789.12451481819
2019 24801.789762973785
2020 24814.371566295624
2021 24826.781328201294
2022 24838.98612499237
2023 24851.533234119415
2024 24863.894005298615
2025 24876.329803943634
2026 24888.86196565628
2027 24900.427376270294
2028 24912.86763381958
2029 24924.445691347122
2030 24936.644411087036
2031 24948.660536050797
2032 24960.489189624786
2033 24972.7940762043
2034 24985.293332099915
2035 24997.61501145363
2036 25009.963539361954
2037 25022.29826927185
2038 25034.256277561188
2039 25046.391706943512
2040 25058.891912698746
2041 25070.477569818497
2042 25082.070992469788
2043 25094.48597764969
2044 25106.896916866302
2045 25119.03188610077
2046 25131.424916028976
2047 25143.942410945892
2048 25156.01714372635
2049 25168.458929538727
2050 25180.705066919327
2051 25192.736034154892
2052 25205.296217918396
2053 25217.891734600067
2054 25230.604979515076
2055 25242.27634525299
2056 25254.448089122772
2057 25265.99789071083
2058 25278.2390062809
2059 25290.572415828705
2060 25302.889037132263
2061 25315.102299690247
2062 25327.69050192833
2063 25339.870001077652
2064 25352.447937965393
2065 25364.914208173752
2066 25377.325717687607
2067 25389.516325712204
2068 25401.646465539932
2069 25413.475950717926
2070 25425.45921730995
2071 25437.82376766205
2072 25450.17479491234
2073 25462.543317317963
2074 25474.9209690094
2075 25487.130488872528
2076 25499.902849674225
2077 25512.195063114166
2078 25524.36748981476
2079 25536.494014263153
2080 25548.909896612167
2081 25561.084707021713
2082 25573.550308465958
2083 25585.21168899536
2084 25597.545716047287
2085 25609.989312410355
2086 25622.45097875595
2087 25634.688642263412
2088 25646.882852077484
2089 25658.685106277466
2090 25670.647202968597
2091 25682.92538356781
2092 25695.078699827194
2093 25707.165944576263
2094 25719.22608113289
2095 25731.64179134369
2096 25743.82218337059
2097 25755.353455543518
2098 25767.78271460533
2099 25779.936803340912
2100 25792.332636117935
2101 25804.77340722084
2102 25816.3355717659
2103 25828.10395026207
2104 25840.450601816177
2105 25851.98928308487
2106 25864.440169095993
2107 25876.841864824295
2108 25888.962249279022
2109 25901.372205257416
2110 25913.96589255333
2111 25925.67719602585
2112 25938.11539530754
2113 25950.57359981537
2114 25962.633974313736
2115 25974.759942770004
2116 25987.10675263405
2117 25999.2720181942
2118 26011.675667762756
2119 26023.99695801735
2120 26036.32920575142
2121 26049.018661737442
2122 26061.43265247345
2123 26073.869263887405
2124 26086.493070364
2125 26098.82948064804
2126 26110.84179830551
2127 26123.37270641327
2128 26135.88698363304
2129 26148.114638090134
2130 26160.447361946106
2131 26172.69302868843
2132 26184.592836856842
2133 26197.01208114624
2134 26209.22981595993
2135 26220.883352279663
2136 26233.31701207161
2137 26245.497016191483
2138 26257.42127108574
2139 26269.130491495132
2140 26280.692093133926
2141 26292.278960943222
2142 26304.724823236465
2143 26317.111032247543
2144 26329.282878637314
2145 26341.92823290825
2146 26354.389511585236
2147 26366.705759048462
2148 26378.213765621185
2149 26389.9020717144
2150 26401.688820123672
2151 26414.156080007553
2152 26426.779561281204
2153 26439.138242721558
2154 26451.43691110611
2155 26463.124593019485
2156 26475.30606365204
2157 26487.703570365906
2158 26500.255721092224
2159 26511.989022016525
2160 26524.272655963898
2161 26536.067791700363
2162 26548.10979127884
2163 26560.440225362778
2164 26572.055073976517
2165 26583.863013267517
2166 26596.192814588547
2167 26608.615049362183
2168 26620.899039268494
2169 26633.203145980835
2170 26645.95348739624
2171 26658.01905322075
2172 26670.801067352295
2173 26683.20992541313
2174 26695.42739868164
2175 26707.207502365112
2176 26719.762206554413
2177 26732.057668685913
2178 26744.54685473442
2179 26756.98619580269
2180 26769.12836289406
2181 26781.3400452137
2182 26793.861519813538
2183 26806.235199689865
2184 26818.34257030487
2185 26830.738215208054
2186 26843.168211698532
2187 26855.57379770279
2188 26867.9924659729
2189 26879.843610286713
2190 26891.732917547226
2191 26903.711244106293
2192 26915.931216478348
2193 26928.074463129044
2194 26940.388083457947
2195 26952.537492275238
2196 26964.91239118576
2197 26977.400363206863
2198 26989.648735761642
2199 27001.391920804977
2200 27013.954333782196
2201 27026.297733306885
2202 27038.685624837875
2203 27050.497780561447
2204 27062.80989575386
2205 27075.682359457016
2206 27087.934765815735
2207 27100.100024938583
2208 27112.499743700027
2209 27124.45281982422
2210 27136.85998082161
2211 27149.429866313934
2212 27161.251589536667
2213 27173.344363212585
2214 27185.81133389473
2215 27197.298532009125
2216 27209.4429397583
2217 27221.746079444885
2218 27234.184193134308
2219 27246.095240831375
2220 27258.056452274323
2221 27270.448933124542
2222 27282.889645576477
2223 27294.671236038208
2224 27306.518008947372
2225 27318.536244630814
2226 27330.6094250679
2227 27343.60916686058
2228 27355.995705127716
2229 27368.369780302048
2230 27381.0106613636
2231 27392.979600191116
2232 27405.108760356903
2233 27417.84862136841
2234 27430.193368196487
2235 27442.416597366333
2236 27454.94985294342
2237 27466.349841356277
2238 27478.763909578323
2239 27491.0515499115
2240 27503.511771440506
2241 27516.04331922531
2242 27528.16523718834
2243 27540.31709599495
2244 27551.849996089935
2245 27563.889011621475
2246 27576.11469101906
2247 27588.438013076782
2248 27600.820138931274
2249 27613.22428059578
2250 27625.584677696228
2251 27638.057419776917
2252 27650.556337833405
2253 27662.013850450516
2254 27674.83620905876
2255 27686.8220140934
2256 27698.357087612152
2257 27710.86865377426
2258 27723.10554933548
2259 27735.49013733864
2260 27747.862248182297
2261 27760.15930867195
2262 27772.623921871185
2263 27785.050117254257
2264 27797.14765048027
2265 27810.18064045906
2266 27822.984452724457
2267 27835.054963827133
2268 27846.729725837708
2269 27859.20974636078
2270 27871.54115796089
2271 27883.99897170067
2272 27895.831077575684
2273 27908.30098605156
2274 27920.15514564514
2275 27932.553919315338
2276 27944.89517068863
2277 27957.143262147903
2278 27969.008154153824
2279 27980.827252388
2280 27993.380216360092
2281 28005.132422685623
2282 28017.124663114548
2283 28029.23426103592
2284 28041.509981393814
2285 28053.899309158325
2286 28066.21058034897
2287 28078.66716647148
2288 28091.0639731884
2289 28103.433686733246
2290 28116.1004049778
2291 28128.246480703354
2292 28140.346294641495
2293 28152.88330602646
2294 28165.188203811646
2295 28177.104185581207
2296 28189.435135364532
2297 28201.593366384506
2298 28213.880633592606
2299 28226.246527671814
2300 28238.661016702652
2301 28250.690482378006
2302 28263.109231472015
2303 28275.472799301147
2304 28287.152200222015
2305 28299.255190610886
2306 28311.485823869705
2307 28323.873518705368
2308 28336.331286668777
2309 28348.17933702469
2310 28360.414449214935
2311 28372.833380937576
2312 28384.614604711533
2313 28396.172766447067
2314 28408.516539812088
2315 28420.33891105652
2316 28432.63123846054
2317 28444.758019447327
2318 28457.09444618225
2319 28469.297585725784
2320 28481.871284246445
2321 28494.253652334213
2322 28506.733948469162
2323 28519.182347774506
2324 28531.3123421669
2325 28543.594190835953
2326 28556.048927783966
2327 28568.050193071365
2328 28580.30044221878
2329 28592.107894659042
2330 28604.302369117737
2331 28616.85803246498
2332 28629.395290136337
2333 28641.727071285248
2334 28653.504807710648
2335 28665.78213787079
2336 28678.126753807068
2337 28689.664921283722
2338 28701.874007701874
2339 28714.184405326843
2340 28726.767747163773
2341 28739.02297616005
2342 28751.574211597443
2343 28764.10261797905
2344 28776.53687596321
2345 28788.547537326813
2346 28800.78164935112
2347 28812.44649887085
2348 28824.774481534958
2349 28837.1206035614
2350 28849.555784463882
2351 28861.995203256607
2352 28874.4910094738
2353 28887.009908676147
2354 28898.445782899857
2355 28910.840515851974
2356 28923.22798061371
2357 28935.794810533524
2358 28948.309681415558
2359 28960.5875685215
2360 28972.572732686996
2361 28985.11162018776
2362 28997.188661813736
2363 29009.435557842255
2364 29021.141389369965
2365 29033.73299884796
2366 29046.12272810936
2367 29057.567341327667
2368 29069.55414891243
2369 29081.543189525604
2370 29093.897661447525
2371 29106.423221349716
2372 29118.577540636063
2373 29130.882828235626
2374 29142.578438282013
2375 29154.73781967163
2376 29167.35541367531
2377 29178.976705789566
2378 29190.43065547943
2379 29203.00540661812
2380 29215.428966522217
2381 29227.02576494217
2382 29239.490136384964
2383 29252.061165094376
2384 29264.298535346985
2385 29275.84794807434
2386 29288.36723589897
2387 29300.62707543373
2388 29313.044902324677
2389 29325.3455452919
2390 29337.57471704483
2391 29349.969954252243
2392 29361.906576156616
2393 29374.280591487885
2394 29386.50596666336
2395 29398.34393429756
2396 29410.50800013542
2397 29422.58424639702
2398 29434.931253910065
2399 29447.091593503952
2400 29459.578515529633
2401 29471.96999311447
2402 29483.9485976696
2403 29496.452577590942
2404 29508.87046980858
2405 29521.15553665161
2406 29533.072202682495
2407 29545.124500513077
2408 29557.123173236847
2409 29569.27453970909
2410 29581.872090816498
2411 29593.903472185135
2412 29605.711833000183
2413 29618.189282894135
2414 29630.25421500206
2415 29642.764172554016
2416 29654.71222949028
2417 29667.2867975235
2418 29679.760231018066
2419 29692.330347061157
2420 29704.371527433395
2421 29716.314850330353
2422 29728.203587770462
2423 29740.29788851738
2424 29752.177582502365
2425 29764.559725046158
2426 29776.888339281082
2427 29789.22401881218
2428 29801.640161037445
2429 29813.67109155655
2430 29826.17962884903
2431 29838.60623240471
2432 29850.92151618004
2433 29863.317478895187
2434 29875.850106477737
2435 29888.561159849167
2436 29901.17521905899
2437 29913.6055393219
2438 29925.39156627655
2439 29936.902745246887
2440 29949.167201042175
2441 29960.915135860443
2442 29973.365702152252
2443 29985.37539958954
2444 29997.67435193062
2445 30010.203523397446
2446 30022.806573152542
2447 30035.22719693184
2448 30046.829352378845
2449 30059.365471363068
2450 30071.739542722702
2451 30083.80126094818
2452 30096.359402894974
2453 30108.47930765152
2454 30120.53334236145
2455 30133.17344880104
2456 30145.44350218773
2457 30157.9514067173
2458 30170.271751880646
2459 30182.53866004944
2460 30194.762848854065
2461 30207.209534406662
2462 30219.348871946335
2463 30231.888464212418
2464 30244.97865796089
2465 30256.909603595734
2466 30269.277797937393
2467 30281.530553102493
2468 30293.409067630768
2469 30305.925759792328
2470 30317.884894371033
2471 30329.983583688736
2472 30342.254812717438
2473 30354.545341968536
2474 30366.85595560074
2475 30379.011770248413
2476 30391.49570465088
2477 30403.080088853836
2478 30415.07233595848
2479 30427.405821323395
2480 30439.61549282074
2481 30452.28312587738
2482 30464.575818538666
2483 30476.387533664703
2484 30488.827892303467
2485 30501.14015364647
2486 30513.574439048767
2487 30526.015995502472
2488 30537.63411641121
2489 30549.862042427063
2490 30561.90873527527
2491 30574.371922969818
2492 30586.92292881012
2493 30599.127600193024
2494 30611.5487241745
2495 30624.352206468582
2496 30636.855874300003
2497 30649.290935993195
2498 30661.921932697296
2499 30674.108556747437
2500 30686.453564167023
2501 30698.73913860321
2502 30711.04538488388
2503 30723.528171300888
2504 30736.040719509125
2505 30748.450620174408
2506 30760.843589544296
2507 30773.138660669327
2508 30785.47229361534
2509 30797.11357140541
2510 30809.34939932823
2511 30821.928127765656
2512 30834.008851766586
2513 30846.282149791718
2514 30858.32704758644
2515 30870.67021536827
2516 30882.589533805847
2517 30894.852753162384
2518 30907.287182331085
2519 30919.53355383873
2520 30931.963596582413
2521 30944.18567609787
2522 30956.484048366547
2523 30968.859413146973
2524 30981.380112171173
2525 30993.28473353386
2526 31005.77898311615
2527 31017.868186235428
2528 31030.301298379898
2529 31042.65228867531
2530 31054.714617967606
2531 31066.869517326355
2532 31079.164966583252
2533 31092.01808476448
2534 31103.497794628143
2535 31115.495069026947
2536 31127.722366809845
2537 31139.23583841324
2538 31151.42695593834
2539 31164.162814617157
2540 31176.390570878983
2541 31188.82944869995
2542 31201.299111366272
2543 31213.584617614746
2544 31225.83315396309
2545 31238.430104970932
2546 31250.505920410156
2547 31262.82685160637
2548 31275.302374839783
2549 31287.28523373604
2550 31299.95817542076
2551 31312.14626979828
2552 31324.34380030632
2553 31336.54652762413
2554 31349.181222200394
2555 31361.24629664421
2556 31373.7939825058
2557 31386.29660129547
2558 31398.367351055145
2559 31410.76603960991
2560 31423.167363643646
2561 31434.462589025497
2562 31447.05778312683
2563 31459.1772210598
2564 31471.006573200226
2565 31483.038197755814
2566 31495.407724142075
2567 31507.51582479477
2568 31519.961072683334
2569 31531.92106771469
2570 31544.137395620346
2571 31556.577003717422
2572 31568.900752305984
2573 31581.12181162834
2574 31593.03762125969
2575 31605.660492420197
2576 31617.326576948166
2577 31629.522379875183
2578 31642.011939287186
2579 31653.565291643143
2580 31665.3820810318
2581 31677.846125602722
2582 31689.80273795128
2583 31702.301842689514
2584 31714.884083032608
2585 31727.27265024185
2586 31738.89582324028
2587 31751.156322717667
2588 31763.602371692657
2589 31776.138350486755
2590 31788.671008348465
2591 31800.84967970848
2592 31813.07031059265
2593 31825.54191493988
2594 31838.001257419586
2595 31849.70433664322
2596 31862.150201559067
2597 31874.476000785828
2598 31886.230543136597
2599 31897.777934789658
2600 31910.47981595993
2601 31922.742441415787
2602 31934.413625240326
2603 31946.965513944626
2604 31959.206672906876
2605 31971.79428958893
2606 31984.36332654953
2607 31997.151473999023
2608 32009.68822669983
2609 32021.943043231964
2610 32034.44360756874
2611 32046.632576942444
2612 32058.866542339325
2613 32070.968844890594
2614 32083.425493001938
2615 32095.798092126846
2616 32108.201719284058
2617 32120.557579517365
2618 32132.837289571762
2619 32145.1003139019
2620 32157.53851532936
2621 32169.43204665184
2622 32181.85280561447
2623 32193.348387002945
2624 32205.669482946396
2625 32218.13621211052
2626 32230.643545866013
2627 32242.907546520233
2628 32255.379356861115
2629 32267.92003750801
2630 32279.54459452629
2631 32292.048320055008
2632 32304.08888077736
2633 32315.806272506714
2634 32328.02027130127
2635 32340.43287229538
2636 32351.859724760056
2637 32364.16884279251
2638 32376.50794005394
2639 32388.972113847733
2640 32401.443272590637
2641 32413.21286869049
2642 32425.424427509308
2643 32437.99347448349
2644 32450.319532632828
2645 32462.657244682312
2646 32475.09007883072
2647 32486.601988077164
2648 32498.856918096542
2649 32511.33643102646
2650 32523.7464427948
2651 32536.13443851471
2652 32548.388890743256
2653 32560.572301864624
2654 32572.60040950775
2655 32584.935717582703
2656 32597.29522061348
2657 32609.627531051636
2658 32622.10355234146
2659 32634.077841758728
2660 32646.432917118073
2661 32658.993703603745
2662 32671.4319024086
2663 32683.643563985825
2664 32695.194744825363
2665 32707.345791101456
2666 32719.082633972168
2667 32731.66672849655
2668 32744.203152179718
2669 32756.39590239525
2670 32768.33072018623
2671 32780.85866355896
2672 32793.087728738785
2673 32805.38175320625
2674 32817.67943882942
2675 32829.969074726105
2676 32842.31856799126
2677 32854.531150341034
2678 32866.780502557755
2679 32878.197096824646
2680 32890.14858865738
2681 32902.42819738388
2682 32914.33315396309
2683 32926.86224794388
2684 32938.99559259415
2685 32951.43774008751
2686 32963.188499212265
2687 32975.443504571915
2688 32987.741607666016
2689 32999.99612736702
2690 33012.354422330856
2691 33024.84613060951
2692 33037.35509467125
2693 33049.5691447258
2694 33062.0610575676
2695 33074.04265022278
2696 33086.59171843529
2697 33099.259566783905
2698 33110.848537921906
2699 33123.37055683136
2700 33135.47191166878
2701 33147.93190741539
2702 33160.34394454956
2703 33172.927246809006
2704 33185.88137483597
2705 33198.25285243988
2706 33210.63976025581
2707 33222.72311377525
2708 33234.999564409256
2709 33247.58077955246
2710 33260.07934880257
2711 33271.89624834061
2712 33284.58844137192
2713 33297.049077510834
2714 33309.3017411232
2715 33321.64049243927
2716 33334.278161764145
2717 33346.52451920509
2718 33358.99746084213
2719 33371.201444625854
2720 33383.44849920273
2721 33396.01098608971
2722 33408.0057952404
2723 33419.793063640594
2724 33432.1078183651
2725 33444.52065587044
2726 33456.8705227375
2727 33469.07721877098
2728 33481.58828783035
2729 33493.72489762306
2730 33506.175186634064
2731 33518.32359337807
2732 33530.55134177208
2733 33543.08389019966
2734 33554.705485105515
2735 33566.504794836044
2736 33578.96757268906
2737 33591.3564286232
2738 33603.90950131416
2739 33616.397050619125
2740 33628.81757688522
2741 33641.30842113495
2742 33653.67690038681
2743 33666.077369213104
2744 33678.25268244743
2745 33690.79057383537
2746 33702.9848845005
2747 33715.314339637756
2748 33727.81642341614
2749 33739.407846689224
2750 33751.55823349953
2751 33763.48238825798
2752 33775.72768545151
2753 33788.346534490585
2754 33800.81398630142
2755 33813.40868663788
2756 33825.154767513275
2757 33837.81095647812
2758 33849.830602407455
2759 33861.83498644829
2760 33874.04594898224
2761 33886.46791768074
2762 33898.808871507645
2763 33910.88062953949
2764 33923.42633628845
2765 33935.809957027435
2766 33948.53273558617
2767 33961.11315202713
2768 33973.54849910736
2769 33985.86213850975
2770 33998.419679403305
2771 34010.70781612396
2772 34023.06726717949
2773 34035.35434317589
2774 34047.49382138252
2775 34059.94435834885
2776 34072.40520524979
2777 34084.603200912476
2778 34097.11616563797
2779 34109.45407342911
2780 34121.73749899864
2781 34134.22292017937
2782 34146.30372047424
2783 34158.74780869484
2784 34171.01702094078
2785 34183.809020996094
2786 34196.23794722557
2787 34208.82359433174
2788 34221.278245687485
2789 34233.08611369133
2790 34245.56970119476
2791 34258.05991244316
2792 34270.81164240837
2793 34282.76893234253
2794 34295.40558719635
2795 34306.93774843216
2796 34318.98081564903
2797 34331.33393025398
2798 34343.6571598053
2799 34356.22814297676
2800 34368.717963695526
2801 34380.85434007645
2802 34393.65115022659
2803 34406.15862131119
2804 34417.899455308914
2805 34429.55884504318
2806 34441.961107969284
2807 34454.36806511879
2808 34465.8664059639
2809 34478.36749601364
2810 34490.41412091255
2811 34502.171551942825
2812 34514.71335363388
2813 34527.021542310715
2814 34539.445412397385
2815 34552.01101732254
2816 34564.35393977165
2817 34576.3724489212
2818 34588.7305123806
2819 34601.22212600708
2820 34613.92143678665
2821 34626.47231721878
2822 34638.8397796154
2823 34650.515773534775
2824 34663.04294896126
2825 34675.19349980354
2826 34687.64076066017
2827 34700.00022482872
2828 34712.027161836624
2829 34724.12078022957
2830 34736.53387236595
2831 34748.849965810776
2832 34760.94553732872
2833 34773.31280422211
2834 34785.84879350662
2835 34798.23313784599
2836 34810.512595415115
2837 34822.40881752968
2838 34834.766159296036
2839 34846.265546798706
2840 34858.850506067276
2841 34871.30213522911
2842 34883.75903010368
2843 34896.18622922897
2844 34908.70716333389
2845 34921.28762316704
2846 34933.52345705032
2847 34945.89893221855
2848 34958.51439023018
2849 34970.980327129364
2850 34983.417906045914
2851 34995.67351269722
2852 35008.06353497505
2853 35020.39191818237
2854 35032.82169389725
2855 35045.24505066872
2856 35057.69904923439
2857 35070.20568776131
2858 35082.42706680298
2859 35094.94504094124
2860 35107.31256580353
2861 35119.78078055382
2862 35132.05356621742
2863 35144.29198932648
2864 35155.75158047676
2865 35168.31642103195
2866 35181.12172293663
2867 35193.78710722923
2868 35206.35543704033
2869 35218.863682985306
2870 35230.49310088158
2871 35242.21919798851
2872 35254.05375146866
2873 35266.628576517105
2874 35278.587764024734
2875 35291.32311940193
2876 35303.821848630905
2877 35316.27697300911
2878 35328.85602593422
2879 35341.05881047249
2880 35353.6233921051
2881 35366.15900468826
2882 35378.59785532951
2883 35391.02839970589
2884 35403.67996478081
2885 35416.04660439491
2886 35428.663371801376
2887 35441.18590378761
2888 35452.791176080704
2889 35465.373819351196
2890 35477.16714596748
2891 35489.186534166336
2892 35501.29107069969
2893 35513.59824895859
2894 35525.94336438179
2895 35537.9687538147
2896 35550.39944076538
2897 35563.013620615005
2898 35575.64158535004
2899 35588.22846913338
2900 35600.58675932884
2901 35613.07037806511
2902 35624.73001360893
2903 35637.039368867874
2904 35649.67527246475
2905 35661.99881339073
2906 35673.87310886383
2907 35686.53364658356
2908 35698.73745703697
2909 35710.370591163635
2910 35722.50252366066
2911 35734.1819562912
2912 35746.57389187813
2913 35758.902054309845
2914 35770.89717793465
2915 35783.27295947075
2916 35795.61931324005
2917 35808.04709196091
2918 35820.28825330734
2919 35832.54517030716
2920 35844.82388544083
2921 35856.67437028885
2922 35868.96656703949
2923 35881.39242696762
2924 35893.75663661957
2925 35905.804277420044
2926 35917.71335220337
2927 35930.232629299164
2928 35942.1344871521
2929 35954.191541433334
2930 35966.82376050949
2931 35979.36276316643
2932 35990.99938416481
2933 36003.410695791245
2934 36015.81675219536
2935 36028.28759098053
2936 36040.50753450394
2937 36053.06210041046
2938 36065.69917845726
2939 36077.20923638344
2940 36089.39401054382
2941 36101.72707152367
2942 36114.12425208092
2943 36126.55140900612
2944 36138.27151441574
2945 36150.29140329361
2946 36162.66321897507
2947 36175.290471076965
2948 36187.6919131279
2949 36200.230831861496
2950 36212.67538523674
2951 36225.053565979004
2952 36237.296775102615
2953 36249.310941934586
2954 36261.291024684906
2955 36273.72502994537
2956 36286.26521205902
2957 36298.80193114281
2958 36310.52803730965
2959 36322.62093377113
2960 36334.50960588455
2961 36346.77736091614
2962 36359.087829589844
2963 36371.43378472328
2964 36383.81323623657
2965 36396.25054216385
2966 36408.24122905731
2967 36420.15759181976
2968 36432.266949653625
2969 36444.01157951355
2970 36456.66735267639
2971 36468.91736865044
2972 36481.220831632614
2973 36493.86274600029
2974 36505.82267689705
2975 36518.224152088165
2976 36530.79364466667
2977 36543.54013085365
2978 36555.96610593796
2979 36568.46258687973
2980 36581.01990151405
2981 36592.8686273098
2982 36604.75339317322
2983 36616.35576081276
2984 36628.63305640221
2985 36641.162100315094
2986 36653.32992482185
2987 36665.694700717926
2988 36677.289934396744
2989 36689.42406010628
2990 36701.802754879
2991 36714.02722811699
2992 36725.649759054184
2993 36737.785403728485
2994 36749.66464161873
2995 36762.26067185402
2996 36774.5942864418
2997 36787.03438735008
2998 36798.7534134388
2999 36811.0647687912
3000 36823.52083301544
3001 36835.819669008255
3002 36848.154564380646
3003 36860.55122447014
3004 36872.326312065125
3005 36884.64333629608
3006 36896.41374659538
3007 36908.83396148682
3008 36920.957810640335
3009 36933.479509592056
3010 36946.25986075401
3011 36958.41133022308
3012 36970.195267915726
3013 36982.0361893177
3014 36994.36144757271
3015 37006.36037349701
3016 37018.81408190727
3017 37031.217230796814
3018 37043.49364614487
3019 37055.93483829498
3020 37068.273065805435
3021 37080.84609389305
3022 37093.33563065529
3023 37105.36126613617
3024 37117.900449991226
3025 37130.39927339554
3026 37142.23255324364
3027 37154.72625923157
3028 37167.304686784744
3029 37179.52927041054
3030 37191.733785390854
3031 37204.2232029438
3032 37216.53779768944
3033 37228.515602350235
3034 37241.38624882698
3035 37253.66788625717
3036 37266.0295753479
3037 37278.682764053345
3038 37290.43358016014
3039 37302.75097370148
3040 37315.56750917435
3041 37327.23066520691
3042 37340.03768801689
3043 37352.393213033676
3044 37364.711431503296
3045 37376.8915681839
3046 37389.35291433334
3047 37401.65742683411
3048 37413.921446084976
3049 37426.36296200752
3050 37438.725153684616
3051 37451.26196336746
3052 37462.76637387276
3053 37474.92868685722
3054 37487.13107037544
3055 37499.58230304718
3056 37511.987276792526
3057 37524.465980768204
3058 37536.71673130989
3059 37548.566634655
3060 37561.10034632683
3061 37573.73849630356
3062 37585.95427727699
3063 37598.7294356823
3064 37610.812415122986
3065 37623.190051317215
3066 37635.42049694061
3067 37647.50660157204
3068 37659.7800180912
3069 37672.601875305176
3070 37684.93759441376
3071 37696.87903404236
3072 37709.458231687546
3073 37720.96502375603
3074 37732.83325767517
3075 37745.34628653526
3076 37758.00322151184
3077 37770.453788757324
3078 37782.14310288429
3079 37794.329553842545
3080 37806.28795647621
3081 37818.48102521896
3082 37830.736538887024
3083 37843.175955057144
3084 37855.6131439209
3085 37868.023074388504
3086 37880.469650268555
3087 37892.17025780678
3088 37903.90504026413
3089 37916.35304784775
3090 37928.44030094147
3091 37940.71730875969
3092 37953.10053539276
3093 37965.656260252
3094 37978.13760495186
3095 37990.70774793625
3096 38002.539417266846
3097 38015.02116537094
3098 38027.13719654083
3099 38039.532492399216
3100 38051.7667388916
3101 38064.266756772995
3102 38076.61222434044
3103 38088.96779823303
3104 38101.33998465538
3105 38113.82487440109
3106 38126.05379486084
3107 38138.28785419464
3108 38150.765734910965
3109 38162.42992901802
3110 38173.975667238235
3111 38186.56958246231
3112 38199.25042104721
3113 38211.35656237602
3114 38223.61713838577
3115 38236.31190109253
3116 38248.68792915344
3117 38261.279218673706
3118 38272.878850221634
3119 38285.03774857521
3120 38297.092769145966
3121 38309.47446322441
3122 38321.57408285141
3123 38334.00301837921
3124 38346.27909898758
3125 38358.7909591198
3126 38370.95814871788
3127 38383.29609322548
3128 38395.33062529564
3129 38407.707664489746
3130 38420.19652676582
3131 38432.525415182114
3132 38445.0622344017
3133 38457.73853588104
3134 38470.040658950806
3135 38482.42763924599
3136 38494.37228393555
3137 38506.84797358513
3138 38519.320937633514
3139 38531.57094955444
3140 38543.54526233673
3141 38555.94151186943
3142 38568.53800702095
3143 38581.03888750076
3144 38593.249136686325
3145 38605.8556432724
3146 38618.2815515995
3147 38630.27445650101
3148 38642.62500357628
3149 38654.786868810654
3150 38667.20230579376
3151 38679.75814795494
3152 38692.04131793976
3153 38704.27021455765
3154 38715.98567008972
3155 38727.619336128235
3156 38740.091310977936
3157 38752.18606758118
3158 38764.468212366104
3159 38777.08114910126
3160 38789.41990232468
3161 38801.71056318283
3162 38814.100669384
3163 38826.5876595974
3164 38838.992319345474
3165 38851.697152376175
3166 38864.149483680725
3167 38876.25333714485
3168 38888.810062646866
3169 38900.30101084709
3170 38912.6878015995
3171 38925.41784620285
3172 38937.805830955505
3173 38950.107457876205
3174 38962.68484044075
3175 38975.22179198265
3176 38987.29840302467
3177 38999.65429639816
3178 39012.18203544617
3179 39024.306422472
3180 39036.87722611427
3181 39049.04638624191
3182 39060.65403008461
3183 39073.0907831192
3184 39085.02124428749
3185 39096.73099040985
3186 39109.13815450668
3187 39121.32665300369
3188 39133.67283511162
3189 39146.13054227829
3190 39157.66684675217
3191 39170.424114227295
3192 39182.715431928635
3193 39195.10556793213
3194 39207.35472083092
3195 39219.85439276695
3196 39232.21725678444
3197 39244.6356754303
3198 39257.19423365593
3199 39269.4796295166
3200 39281.645615816116
3201 39293.85567522049
3202 39306.32202720642
3203 39318.61455988884
3204 39331.02368474007
3205 39343.495000362396
3206 39354.9917845726
3207 39367.43298649788
3208 39379.80716967583
3209 39392.09475541115
3210 39404.57853484154
3211 39417.01028728485
3212 39429.28496193886
3213 39441.20944452286
3214 39453.47063231468
3215 39465.58959698677
3216 39478.1597673893
3217 39490.25111961365
3218 39502.05417370796
3219 39514.26789021492
3220 39526.525956869125
3221 39538.84117221832
3222 39550.48437309265
3223 39561.994252204895
3224 39573.989097356796
3225 39586.33286142349
3226 39598.74740219116
3227 39610.98435091972
3228 39623.30786895752
3229 39635.746770620346
3230 39647.49622297287
3231 39659.830500125885
3232 39672.01569080353
3233 39684.300750017166
3234 39696.80110645294
3235 39709.32153081894
3236 39721.68263602257
3237 39734.151007413864
3238 39746.49586749077
3239 39758.993424892426
3240 39771.481471538544
3241 39783.96357917786
3242 39796.250636816025
3243 39808.5280752182
3244 39820.512526512146
3245 39832.809242248535
3246 39845.019513607025
3247 39857.288026571274
3248 39869.43953371048
3249 39881.842363119125
3250 39893.53481078148
3251 39905.287568330765
3252 39917.665932655334
3253 39929.79149222374
3254 39941.759269952774
3255 39954.19500827789
3256 39966.33893465996
3257 39978.74985122681
3258 39991.415404081345
3259 40003.915378808975
3260 40016.29372000694
3261 40028.77106881142
3262 40041.388798475266
3263 40053.883315086365
3264 40066.23199033737
3265 40078.591187000275
3266 40090.67759633064
3267 40102.44795393944
3268 40114.98001050949
3269 40127.189197063446
3270 40139.515963315964
3271 40151.022726774216
3272 40163.09316754341
3273 40175.31202149391
3274 40187.81794190407
3275 40199.60642695427
3276 40212.07130622864
3277 40224.21296334267
3278 40236.401379585266
3279 40248.22038722038
3280 40260.481110572815
3281 40272.478546619415
3282 40284.801227808
3283 40297.373648405075
3284 40309.44811320305
3285 40321.712084293365
3286 40334.349658727646
3287 40346.63307142258
3288 40359.07693481445
3289 40371.079988241196
3290 40383.518584012985
3291 40395.73123168945
3292 40408.07869172096
3293 40420.64244866371
3294 40433.00307226181
3295 40445.42737650871
3296 40457.24947357178
3297 40469.69175004959
3298 40482.07752084732
3299 40494.12193441391
3300 40505.8911345005
3301 40517.634615659714
3302 40529.28338313103
3303 40541.709468603134
3304 40554.08986353874
3305 40566.372438430786
3306 40578.81095075607
3307 40590.886337041855
3308 40603.50501894951
3309 40615.987501859665
3310 40628.2368042469
3311 40640.607783317566
3312 40653.0452439785
3313 40665.31036567688
3314 40677.76449775696
3315 40690.169254779816
3316 40702.26348614693
3317 40713.71651697159
3318 40725.52830386162
3319 40737.47141766548
3320 40749.903344631195
3321 40762.40858626366
3322 40774.68129301071
3323 40786.74056816101
3324 40799.10927295685
3325 40811.541519880295
3326 40824.21610689163
3327 40836.55403590202
3328 40849.17744779587
3329 40861.382351875305
3330 40873.72805809975
Detailed performance metrics for this job will be available at https://metrics.hpc.arizona.edu/#job_viewer?action=show&realm=SUPREMM&resource_id=73&local_job_id=4839804 by 8am on 2022/10/08.
