0.30303030303030304 21.821421675669285 mas / pix
5617
(256, 256)
0 73.65946507453918
(256, 256)
1 146.17776584625244
Saved data to path  /npool/nvme/kianmilani/disk-data/psfs/spc_band4_psfs_polaxis-1_20240418.fits
(256, 256)
2 218.80144739151
Saved data to path  /npool/nvme/kianmilani/disk-data/psfs/spc_band4_psfs_polaxis-1_20240418.fits
(256, 256)
3 290.1731116771698
Saved data to path  /npool/nvme/kianmilani/disk-data/psfs/spc_band4_psfs_polaxis-1_20240418.fits
(256, 256)
4 363.18263506889343
Saved data to path  /npool/nvme/kianmilani/disk-data/psfs/spc_band4_psfs_polaxis-1_20240418.fits
(256, 256)
5 436.6488995552063
Saved data to path  /npool/nvme/kianmilani/disk-data/psfs/spc_band4_psfs_polaxis-1_20240418.fits
(256, 256)
6 511.117178440094
Saved data to path  /npool/nvme/kianmilani/disk-data/psfs/spc_band4_psfs_polaxis-1_20240418.fits
(256, 256)
7 585.658985376358
Saved data to path  /npool/nvme/kianmilani/disk-data/psfs/spc_band4_psfs_polaxis-1_20240418.fits
(256, 256)
8 659.4909784793854
Saved data to path  /npool/nvme/kianmilani/disk-data/psfs/spc_band4_psfs_polaxis-1_20240418.fits
(256, 256)
9 733.9949634075165
Saved data to path  /npool/nvme/kianmilani/disk-data/psfs/spc_band4_psfs_polaxis-1_20240418.fits
(256, 256)
10 808.8941266536713
Saved data to path  /npool/nvme/kianmilani/disk-data/psfs/spc_band4_psfs_polaxis-1_20240418.fits
(256, 256)
11 881.681604385376
Saved data to path  /npool/nvme/kianmilani/disk-data/psfs/spc_band4_psfs_polaxis-1_20240418.fits
(256, 256)
12 956.6875848770142
Saved data to path  /npool/nvme/kianmilani/disk-data/psfs/spc_band4_psfs_polaxis-1_20240418.fits
(256, 256)
13 1031.7212965488434
Saved data to path  /npool/nvme/kianmilani/disk-data/psfs/spc_band4_psfs_polaxis-1_20240418.fits
(256, 256)
14 1107.6755108833313
Saved data to path  /npool/nvme/kianmilani/disk-data/psfs/spc_band4_psfs_polaxis-1_20240418.fits
(256, 256)
15 1177.7172520160675
Saved data to path  /npool/nvme/kianmilani/disk-data/psfs/spc_band4_psfs_polaxis-1_20240418.fits
(256, 256)
16 1253.8478198051453
Saved data to path  /npool/nvme/kianmilani/disk-data/psfs/spc_band4_psfs_polaxis-1_20240418.fits
(256, 256)
17 1330.3783140182495
Saved data to path  /npool/nvme/kianmilani/disk-data/psfs/spc_band4_psfs_polaxis-1_20240418.fits
(256, 256)
18 1404.613079547882
Saved data to path  /npool/nvme/kianmilani/disk-data/psfs/spc_band4_psfs_polaxis-1_20240418.fits
(256, 256)
19 1479.7361402511597
Saved data to path  /npool/nvme/kianmilani/disk-data/psfs/spc_band4_psfs_polaxis-1_20240418.fits
(256, 256)
20 1557.2677223682404
Saved data to path  /npool/nvme/kianmilani/disk-data/psfs/spc_band4_psfs_polaxis-1_20240418.fits
(256, 256)
21 1631.729351758957
Saved data to path  /npool/nvme/kianmilani/disk-data/psfs/spc_band4_psfs_polaxis-1_20240418.fits
(256, 256)
22 1707.276648759842
Saved data to path  /npool/nvme/kianmilani/disk-data/psfs/spc_band4_psfs_polaxis-1_20240418.fits
(256, 256)
23 1779.6559400558472
Saved data to path  /npool/nvme/kianmilani/disk-data/psfs/spc_band4_psfs_polaxis-1_20240418.fits
(256, 256)
24 1855.3196277618408
Saved data to path  /npool/nvme/kianmilani/disk-data/psfs/spc_band4_psfs_polaxis-1_20240418.fits
(256, 256)
25 1926.804725408554
Saved data to path  /npool/nvme/kianmilani/disk-data/psfs/spc_band4_psfs_polaxis-1_20240418.fits
(256, 256)
26 2002.1315081119537
Saved data to path  /npool/nvme/kianmilani/disk-data/psfs/spc_band4_psfs_polaxis-1_20240418.fits
(256, 256)
27 2076.8585884571075
Saved data to path  /npool/nvme/kianmilani/disk-data/psfs/spc_band4_psfs_polaxis-1_20240418.fits
(256, 256)
28 2151.6821196079254
Saved data to path  /npool/nvme/kianmilani/disk-data/psfs/spc_band4_psfs_polaxis-1_20240418.fits
(256, 256)
29 2226.430978536606
Saved data to path  /npool/nvme/kianmilani/disk-data/psfs/spc_band4_psfs_polaxis-1_20240418.fits
(256, 256)
30 2298.51304769516
Saved data to path  /npool/nvme/kianmilani/disk-data/psfs/spc_band4_psfs_polaxis-1_20240418.fits
(256, 256)
31 2373.892770051956
Saved data to path  /npool/nvme/kianmilani/disk-data/psfs/spc_band4_psfs_polaxis-1_20240418.fits
(256, 256)
32 2451.0313675403595
Saved data to path  /npool/nvme/kianmilani/disk-data/psfs/spc_band4_psfs_polaxis-1_20240418.fits
(256, 256)
33 2524.341115951538
Saved data to path  /npool/nvme/kianmilani/disk-data/psfs/spc_band4_psfs_polaxis-1_20240418.fits
(256, 256)
34 2598.8040030002594
Saved data to path  /npool/nvme/kianmilani/disk-data/psfs/spc_band4_psfs_polaxis-1_20240418.fits
(256, 256)
35 2675.6671319007874
Saved data to path  /npool/nvme/kianmilani/disk-data/psfs/spc_band4_psfs_polaxis-1_20240418.fits
(256, 256)
36 2752.7208297252655
Saved data to path  /npool/nvme/kianmilani/disk-data/psfs/spc_band4_psfs_polaxis-1_20240418.fits
(256, 256)
37 2826.609930753708
Saved data to path  /npool/nvme/kianmilani/disk-data/psfs/spc_band4_psfs_polaxis-1_20240418.fits
(256, 256)
38 2902.62770819664
Saved data to path  /npool/nvme/kianmilani/disk-data/psfs/spc_band4_psfs_polaxis-1_20240418.fits
(256, 256)
39 2976.7426447868347
Saved data to path  /npool/nvme/kianmilani/disk-data/psfs/spc_band4_psfs_polaxis-1_20240418.fits
(256, 256)
40 3051.6671442985535
Saved data to path  /npool/nvme/kianmilani/disk-data/psfs/spc_band4_psfs_polaxis-1_20240418.fits
(256, 256)
41 3128.8418617248535
Saved data to path  /npool/nvme/kianmilani/disk-data/psfs/spc_band4_psfs_polaxis-1_20240418.fits
(256, 256)
42 3205.483613729477
Saved data to path  /npool/nvme/kianmilani/disk-data/psfs/spc_band4_psfs_polaxis-1_20240418.fits
(256, 256)
43 3277.895318508148
Saved data to path  /npool/nvme/kianmilani/disk-data/psfs/spc_band4_psfs_polaxis-1_20240418.fits
(256, 256)
44 3351.72492647171
Saved data to path  /npool/nvme/kianmilani/disk-data/psfs/spc_band4_psfs_polaxis-1_20240418.fits
(256, 256)
45 3427.146408557892
Saved data to path  /npool/nvme/kianmilani/disk-data/psfs/spc_band4_psfs_polaxis-1_20240418.fits
(256, 256)
46 3502.2004816532135
Saved data to path  /npool/nvme/kianmilani/disk-data/psfs/spc_band4_psfs_polaxis-1_20240418.fits
(256, 256)
47 3576.9391705989838
Saved data to path  /npool/nvme/kianmilani/disk-data/psfs/spc_band4_psfs_polaxis-1_20240418.fits
(256, 256)
48 3650.256310939789
Saved data to path  /npool/nvme/kianmilani/disk-data/psfs/spc_band4_psfs_polaxis-1_20240418.fits
(256, 256)
49 3722.6508655548096
Saved data to path  /npool/nvme/kianmilani/disk-data/psfs/spc_band4_psfs_polaxis-1_20240418.fits
(256, 256)
50 3798.642793893814
Saved data to path  /npool/nvme/kianmilani/disk-data/psfs/spc_band4_psfs_polaxis-1_20240418.fits
(256, 256)
51 3874.0779535770416
Saved data to path  /npool/nvme/kianmilani/disk-data/psfs/spc_band4_psfs_polaxis-1_20240418.fits
(256, 256)
52 3947.845232963562
Saved data to path  /npool/nvme/kianmilani/disk-data/psfs/spc_band4_psfs_polaxis-1_20240418.fits
(256, 256)
53 4022.664137363434
Saved data to path  /npool/nvme/kianmilani/disk-data/psfs/spc_band4_psfs_polaxis-1_20240418.fits
(256, 256)
54 4094.6841282844543
Saved data to path  /npool/nvme/kianmilani/disk-data/psfs/spc_band4_psfs_polaxis-1_20240418.fits
(256, 256)
55 4168.740517616272
Saved data to path  /npool/nvme/kianmilani/disk-data/psfs/spc_band4_psfs_polaxis-1_20240418.fits
(256, 256)
56 4244.225754261017
Saved data to path  /npool/nvme/kianmilani/disk-data/psfs/spc_band4_psfs_polaxis-1_20240418.fits
(256, 256)
57 4319.421114206314
Saved data to path  /npool/nvme/kianmilani/disk-data/psfs/spc_band4_psfs_polaxis-1_20240418.fits
(256, 256)
58 4393.3872590065
Saved data to path  /npool/nvme/kianmilani/disk-data/psfs/spc_band4_psfs_polaxis-1_20240418.fits
(256, 256)
59 4467.132588624954
Saved data to path  /npool/nvme/kianmilani/disk-data/psfs/spc_band4_psfs_polaxis-1_20240418.fits
(256, 256)
60 4541.544901847839
Saved data to path  /npool/nvme/kianmilani/disk-data/psfs/spc_band4_psfs_polaxis-1_20240418.fits
(256, 256)
61 4617.756205320358
Saved data to path  /npool/nvme/kianmilani/disk-data/psfs/spc_band4_psfs_polaxis-1_20240418.fits
(256, 256)
62 4692.246272563934
Saved data to path  /npool/nvme/kianmilani/disk-data/psfs/spc_band4_psfs_polaxis-1_20240418.fits
(256, 256)
63 4763.441591024399
Saved data to path  /npool/nvme/kianmilani/disk-data/psfs/spc_band4_psfs_polaxis-1_20240418.fits
(256, 256)
64 4840.015340328217
Saved data to path  /npool/nvme/kianmilani/disk-data/psfs/spc_band4_psfs_polaxis-1_20240418.fits
(256, 256)
65 4914.1327221393585
Saved data to path  /npool/nvme/kianmilani/disk-data/psfs/spc_band4_psfs_polaxis-1_20240418.fits
(256, 256)
66 4987.868940591812
Saved data to path  /npool/nvme/kianmilani/disk-data/psfs/spc_band4_psfs_polaxis-1_20240418.fits
(256, 256)
67 5058.836814880371
Saved data to path  /npool/nvme/kianmilani/disk-data/psfs/spc_band4_psfs_polaxis-1_20240418.fits
(256, 256)
68 5134.328010082245
Saved data to path  /npool/nvme/kianmilani/disk-data/psfs/spc_band4_psfs_polaxis-1_20240418.fits
(256, 256)
69 5209.766164064407
Saved data to path  /npool/nvme/kianmilani/disk-data/psfs/spc_band4_psfs_polaxis-1_20240418.fits
(256, 256)
70 5283.829744100571
Saved data to path  /npool/nvme/kianmilani/disk-data/psfs/spc_band4_psfs_polaxis-1_20240418.fits
(256, 256)
71 5358.816408395767
Saved data to path  /npool/nvme/kianmilani/disk-data/psfs/spc_band4_psfs_polaxis-1_20240418.fits
(256, 256)
72 5433.633199930191
Saved data to path  /npool/nvme/kianmilani/disk-data/psfs/spc_band4_psfs_polaxis-1_20240418.fits
(256, 256)
73 5510.439136981964
Saved data to path  /npool/nvme/kianmilani/disk-data/psfs/spc_band4_psfs_polaxis-1_20240418.fits
(256, 256)
74 5585.487795114517
Saved data to path  /npool/nvme/kianmilani/disk-data/psfs/spc_band4_psfs_polaxis-1_20240418.fits
(256, 256)
75 5659.682448863983
Saved data to path  /npool/nvme/kianmilani/disk-data/psfs/spc_band4_psfs_polaxis-1_20240418.fits
(256, 256)
76 5736.172555923462
Saved data to path  /npool/nvme/kianmilani/disk-data/psfs/spc_band4_psfs_polaxis-1_20240418.fits
(256, 256)
77 5811.004086494446
Saved data to path  /npool/nvme/kianmilani/disk-data/psfs/spc_band4_psfs_polaxis-1_20240418.fits
(256, 256)
78 5887.707975387573
Saved data to path  /npool/nvme/kianmilani/disk-data/psfs/spc_band4_psfs_polaxis-1_20240418.fits
(256, 256)
79 5958.977338552475
Saved data to path  /npool/nvme/kianmilani/disk-data/psfs/spc_band4_psfs_polaxis-1_20240418.fits
(256, 256)
80 6034.921739578247
Saved data to path  /npool/nvme/kianmilani/disk-data/psfs/spc_band4_psfs_polaxis-1_20240418.fits
(256, 256)
81 6109.61062836647
Saved data to path  /npool/nvme/kianmilani/disk-data/psfs/spc_band4_psfs_polaxis-1_20240418.fits
(256, 256)
82 6185.61748623848
Saved data to path  /npool/nvme/kianmilani/disk-data/psfs/spc_band4_psfs_polaxis-1_20240418.fits
(256, 256)
83 6261.880058288574
Saved data to path  /npool/nvme/kianmilani/disk-data/psfs/spc_band4_psfs_polaxis-1_20240418.fits
(256, 256)
84 6336.965006113052
Saved data to path  /npool/nvme/kianmilani/disk-data/psfs/spc_band4_psfs_polaxis-1_20240418.fits
(256, 256)
85 6411.239707946777
Saved data to path  /npool/nvme/kianmilani/disk-data/psfs/spc_band4_psfs_polaxis-1_20240418.fits
(256, 256)
86 6485.408529996872
Saved data to path  /npool/nvme/kianmilani/disk-data/psfs/spc_band4_psfs_polaxis-1_20240418.fits
(256, 256)
87 6559.695862531662
Saved data to path  /npool/nvme/kianmilani/disk-data/psfs/spc_band4_psfs_polaxis-1_20240418.fits
(256, 256)
88 6634.831537246704
Saved data to path  /npool/nvme/kianmilani/disk-data/psfs/spc_band4_psfs_polaxis-1_20240418.fits
(256, 256)
89 6710.6006400585175
Saved data to path  /npool/nvme/kianmilani/disk-data/psfs/spc_band4_psfs_polaxis-1_20240418.fits
(256, 256)
90 6786.566895246506
Saved data to path  /npool/nvme/kianmilani/disk-data/psfs/spc_band4_psfs_polaxis-1_20240418.fits
(256, 256)
91 6862.481302022934
Saved data to path  /npool/nvme/kianmilani/disk-data/psfs/spc_band4_psfs_polaxis-1_20240418.fits
(256, 256)
92 6938.457629919052
Saved data to path  /npool/nvme/kianmilani/disk-data/psfs/spc_band4_psfs_polaxis-1_20240418.fits
(256, 256)
93 7009.845339775085
Saved data to path  /npool/nvme/kianmilani/disk-data/psfs/spc_band4_psfs_polaxis-1_20240418.fits
(256, 256)
94 7084.32933473587
Saved data to path  /npool/nvme/kianmilani/disk-data/psfs/spc_band4_psfs_polaxis-1_20240418.fits
(256, 256)
95 7159.357874155045
Saved data to path  /npool/nvme/kianmilani/disk-data/psfs/spc_band4_psfs_polaxis-1_20240418.fits
(256, 256)
96 7235.747167825699
Saved data to path  /npool/nvme/kianmilani/disk-data/psfs/spc_band4_psfs_polaxis-1_20240418.fits
(256, 256)
97 7310.154905557632
Saved data to path  /npool/nvme/kianmilani/disk-data/psfs/spc_band4_psfs_polaxis-1_20240418.fits
(256, 256)
98 7383.743686914444
Saved data to path  /npool/nvme/kianmilani/disk-data/psfs/spc_band4_psfs_polaxis-1_20240418.fits
(256, 256)
99 7457.35186457634
Saved data to path  /npool/nvme/kianmilani/disk-data/psfs/spc_band4_psfs_polaxis-1_20240418.fits
(256, 256)
100 7531.748275756836
Saved data to path  /npool/nvme/kianmilani/disk-data/psfs/spc_band4_psfs_polaxis-1_20240418.fits
(256, 256)
101 7606.38120341301
Saved data to path  /npool/nvme/kianmilani/disk-data/psfs/spc_band4_psfs_polaxis-1_20240418.fits
(256, 256)
102 7678.237444639206
Saved data to path  /npool/nvme/kianmilani/disk-data/psfs/spc_band4_psfs_polaxis-1_20240418.fits
(256, 256)
103 7749.443031072617
Saved data to path  /npool/nvme/kianmilani/disk-data/psfs/spc_band4_psfs_polaxis-1_20240418.fits
(256, 256)
104 7821.168887376785
Saved data to path  /npool/nvme/kianmilani/disk-data/psfs/spc_band4_psfs_polaxis-1_20240418.fits
(256, 256)
105 7894.955790042877
Saved data to path  /npool/nvme/kianmilani/disk-data/psfs/spc_band4_psfs_polaxis-1_20240418.fits
(256, 256)
106 7968.045500040054
Saved data to path  /npool/nvme/kianmilani/disk-data/psfs/spc_band4_psfs_polaxis-1_20240418.fits
(256, 256)
107 8043.400903701782
Saved data to path  /npool/nvme/kianmilani/disk-data/psfs/spc_band4_psfs_polaxis-1_20240418.fits
(256, 256)
108 8114.724519252777
Saved data to path  /npool/nvme/kianmilani/disk-data/psfs/spc_band4_psfs_polaxis-1_20240418.fits
(256, 256)
109 8188.113805055618
Saved data to path  /npool/nvme/kianmilani/disk-data/psfs/spc_band4_psfs_polaxis-1_20240418.fits
(256, 256)
110 8263.074374437332
Saved data to path  /npool/nvme/kianmilani/disk-data/psfs/spc_band4_psfs_polaxis-1_20240418.fits
(256, 256)
111 8335.967226743698
Saved data to path  /npool/nvme/kianmilani/disk-data/psfs/spc_band4_psfs_polaxis-1_20240418.fits
(256, 256)
112 8408.736870527267
Saved data to path  /npool/nvme/kianmilani/disk-data/psfs/spc_band4_psfs_polaxis-1_20240418.fits
(256, 256)
113 8483.758506298065
Saved data to path  /npool/nvme/kianmilani/disk-data/psfs/spc_band4_psfs_polaxis-1_20240418.fits
(256, 256)
114 8558.976247549057
Saved data to path  /npool/nvme/kianmilani/disk-data/psfs/spc_band4_psfs_polaxis-1_20240418.fits
(256, 256)
115 8635.360606193542
Saved data to path  /npool/nvme/kianmilani/disk-data/psfs/spc_band4_psfs_polaxis-1_20240418.fits
(256, 256)
116 8710.592013835907
Saved data to path  /npool/nvme/kianmilani/disk-data/psfs/spc_band4_psfs_polaxis-1_20240418.fits
(256, 256)
117 8786.09364414215
Saved data to path  /npool/nvme/kianmilani/disk-data/psfs/spc_band4_psfs_polaxis-1_20240418.fits
(256, 256)
118 8860.442106485367
Saved data to path  /npool/nvme/kianmilani/disk-data/psfs/spc_band4_psfs_polaxis-1_20240418.fits
(256, 256)
119 8935.684823513031
Saved data to path  /npool/nvme/kianmilani/disk-data/psfs/spc_band4_psfs_polaxis-1_20240418.fits
(256, 256)
120 9012.708798885345
Saved data to path  /npool/nvme/kianmilani/disk-data/psfs/spc_band4_psfs_polaxis-1_20240418.fits
(256, 256)
121 9088.66391324997
Saved data to path  /npool/nvme/kianmilani/disk-data/psfs/spc_band4_psfs_polaxis-1_20240418.fits
(256, 256)
122 9164.48954963684
Saved data to path  /npool/nvme/kianmilani/disk-data/psfs/spc_band4_psfs_polaxis-1_20240418.fits
(256, 256)
123 9238.564026594162
Saved data to path  /npool/nvme/kianmilani/disk-data/psfs/spc_band4_psfs_polaxis-1_20240418.fits
(256, 256)
124 9312.488322734833
Saved data to path  /npool/nvme/kianmilani/disk-data/psfs/spc_band4_psfs_polaxis-1_20240418.fits
(256, 256)
125 9386.133887767792
Saved data to path  /npool/nvme/kianmilani/disk-data/psfs/spc_band4_psfs_polaxis-1_20240418.fits
(256, 256)
126 9459.752011060715
Saved data to path  /npool/nvme/kianmilani/disk-data/psfs/spc_band4_psfs_polaxis-1_20240418.fits
(256, 256)
127 9548.875278234482
Saved data to path  /npool/nvme/kianmilani/disk-data/psfs/spc_band4_psfs_polaxis-1_20240418.fits
(256, 256)
128 9631.978909254074
Saved data to path  /npool/nvme/kianmilani/disk-data/psfs/spc_band4_psfs_polaxis-1_20240418.fits
(256, 256)
129 9706.050009727478
Saved data to path  /npool/nvme/kianmilani/disk-data/psfs/spc_band4_psfs_polaxis-1_20240418.fits
(256, 256)
130 9781.094770908356
Saved data to path  /npool/nvme/kianmilani/disk-data/psfs/spc_band4_psfs_polaxis-1_20240418.fits
(256, 256)
131 9855.208016395569
Saved data to path  /npool/nvme/kianmilani/disk-data/psfs/spc_band4_psfs_polaxis-1_20240418.fits
(256, 256)
132 9937.443477153778
Saved data to path  /npool/nvme/kianmilani/disk-data/psfs/spc_band4_psfs_polaxis-1_20240418.fits
(256, 256)
133 10021.889588356018
Saved data to path  /npool/nvme/kianmilani/disk-data/psfs/spc_band4_psfs_polaxis-1_20240418.fits
(256, 256)
134 10106.993308067322
Saved data to path  /npool/nvme/kianmilani/disk-data/psfs/spc_band4_psfs_polaxis-1_20240418.fits
(256, 256)
135 10197.616698265076
Saved data to path  /npool/nvme/kianmilani/disk-data/psfs/spc_band4_psfs_polaxis-1_20240418.fits
(256, 256)
136 10284.105047941208
Saved data to path  /npool/nvme/kianmilani/disk-data/psfs/spc_band4_psfs_polaxis-1_20240418.fits
(256, 256)
137 10370.288971662521
Saved data to path  /npool/nvme/kianmilani/disk-data/psfs/spc_band4_psfs_polaxis-1_20240418.fits
(256, 256)
138 10448.480924129486
Saved data to path  /npool/nvme/kianmilani/disk-data/psfs/spc_band4_psfs_polaxis-1_20240418.fits
(256, 256)
139 10524.164311885834
Saved data to path  /npool/nvme/kianmilani/disk-data/psfs/spc_band4_psfs_polaxis-1_20240418.fits
(256, 256)
140 10600.530222177505
Saved data to path  /npool/nvme/kianmilani/disk-data/psfs/spc_band4_psfs_polaxis-1_20240418.fits
(256, 256)
141 10675.337370634079
Saved data to path  /npool/nvme/kianmilani/disk-data/psfs/spc_band4_psfs_polaxis-1_20240418.fits
(256, 256)
142 10750.948584318161
Saved data to path  /npool/nvme/kianmilani/disk-data/psfs/spc_band4_psfs_polaxis-1_20240418.fits
(256, 256)
143 10824.663806200027
Saved data to path  /npool/nvme/kianmilani/disk-data/psfs/spc_band4_psfs_polaxis-1_20240418.fits
(256, 256)
144 10900.929009914398
Saved data to path  /npool/nvme/kianmilani/disk-data/psfs/spc_band4_psfs_polaxis-1_20240418.fits
(256, 256)
145 10976.763783931732
Saved data to path  /npool/nvme/kianmilani/disk-data/psfs/spc_band4_psfs_polaxis-1_20240418.fits
(256, 256)
146 11052.382471323013
Saved data to path  /npool/nvme/kianmilani/disk-data/psfs/spc_band4_psfs_polaxis-1_20240418.fits
(256, 256)
147 11126.913559913635
Saved data to path  /npool/nvme/kianmilani/disk-data/psfs/spc_band4_psfs_polaxis-1_20240418.fits
(256, 256)
148 11203.984790563583
Saved data to path  /npool/nvme/kianmilani/disk-data/psfs/spc_band4_psfs_polaxis-1_20240418.fits
(256, 256)
149 11280.924899101257
Saved data to path  /npool/nvme/kianmilani/disk-data/psfs/spc_band4_psfs_polaxis-1_20240418.fits
(256, 256)
150 11356.93042230606
Saved data to path  /npool/nvme/kianmilani/disk-data/psfs/spc_band4_psfs_polaxis-1_20240418.fits
(256, 256)
151 11433.18188905716
Saved data to path  /npool/nvme/kianmilani/disk-data/psfs/spc_band4_psfs_polaxis-1_20240418.fits
(256, 256)
152 11507.65188574791
Saved data to path  /npool/nvme/kianmilani/disk-data/psfs/spc_band4_psfs_polaxis-1_20240418.fits
(256, 256)
153 11580.33247423172
Saved data to path  /npool/nvme/kianmilani/disk-data/psfs/spc_band4_psfs_polaxis-1_20240418.fits
(256, 256)
154 11657.463285207748
Saved data to path  /npool/nvme/kianmilani/disk-data/psfs/spc_band4_psfs_polaxis-1_20240418.fits
(256, 256)
155 11733.139459133148
Saved data to path  /npool/nvme/kianmilani/disk-data/psfs/spc_band4_psfs_polaxis-1_20240418.fits
(256, 256)
156 11808.082565784454
Saved data to path  /npool/nvme/kianmilani/disk-data/psfs/spc_band4_psfs_polaxis-1_20240418.fits
(256, 256)
157 11881.994267940521
Saved data to path  /npool/nvme/kianmilani/disk-data/psfs/spc_band4_psfs_polaxis-1_20240418.fits
(256, 256)
158 11957.245921611786
Saved data to path  /npool/nvme/kianmilani/disk-data/psfs/spc_band4_psfs_polaxis-1_20240418.fits
(256, 256)
159 12033.605505466461
Saved data to path  /npool/nvme/kianmilani/disk-data/psfs/spc_band4_psfs_polaxis-1_20240418.fits
(256, 256)
160 12109.389779090881
Saved data to path  /npool/nvme/kianmilani/disk-data/psfs/spc_band4_psfs_polaxis-1_20240418.fits
(256, 256)
161 12184.182113647461
Saved data to path  /npool/nvme/kianmilani/disk-data/psfs/spc_band4_psfs_polaxis-1_20240418.fits
(256, 256)
162 12260.890228509903
Saved data to path  /npool/nvme/kianmilani/disk-data/psfs/spc_band4_psfs_polaxis-1_20240418.fits
(256, 256)
163 12338.21103644371
Saved data to path  /npool/nvme/kianmilani/disk-data/psfs/spc_band4_psfs_polaxis-1_20240418.fits
(256, 256)
164 12414.362758159637
Saved data to path  /npool/nvme/kianmilani/disk-data/psfs/spc_band4_psfs_polaxis-1_20240418.fits
(256, 256)
165 12490.35278725624
Saved data to path  /npool/nvme/kianmilani/disk-data/psfs/spc_band4_psfs_polaxis-1_20240418.fits
(256, 256)
166 12566.25916314125
Saved data to path  /npool/nvme/kianmilani/disk-data/psfs/spc_band4_psfs_polaxis-1_20240418.fits
(256, 256)
167 12640.237113714218
Saved data to path  /npool/nvme/kianmilani/disk-data/psfs/spc_band4_psfs_polaxis-1_20240418.fits
(256, 256)
168 12717.53535747528
Saved data to path  /npool/nvme/kianmilani/disk-data/psfs/spc_band4_psfs_polaxis-1_20240418.fits
(256, 256)
169 12792.13340473175
Saved data to path  /npool/nvme/kianmilani/disk-data/psfs/spc_band4_psfs_polaxis-1_20240418.fits
(256, 256)
170 12869.162269592285
Saved data to path  /npool/nvme/kianmilani/disk-data/psfs/spc_band4_psfs_polaxis-1_20240418.fits
(256, 256)
171 12939.341337919235
Saved data to path  /npool/nvme/kianmilani/disk-data/psfs/spc_band4_psfs_polaxis-1_20240418.fits
(256, 256)
172 13014.766923666
Saved data to path  /npool/nvme/kianmilani/disk-data/psfs/spc_band4_psfs_polaxis-1_20240418.fits
(256, 256)
173 13090.29174566269
Saved data to path  /npool/nvme/kianmilani/disk-data/psfs/spc_band4_psfs_polaxis-1_20240418.fits
(256, 256)
174 13166.624900102615
Saved data to path  /npool/nvme/kianmilani/disk-data/psfs/spc_band4_psfs_polaxis-1_20240418.fits
(256, 256)
175 13242.110134840012
Saved data to path  /npool/nvme/kianmilani/disk-data/psfs/spc_band4_psfs_polaxis-1_20240418.fits
(256, 256)
176 13315.460456371307
Saved data to path  /npool/nvme/kianmilani/disk-data/psfs/spc_band4_psfs_polaxis-1_20240418.fits
(256, 256)
177 13391.561680793762
Saved data to path  /npool/nvme/kianmilani/disk-data/psfs/spc_band4_psfs_polaxis-1_20240418.fits
(256, 256)
178 13466.152336597443
Saved data to path  /npool/nvme/kianmilani/disk-data/psfs/spc_band4_psfs_polaxis-1_20240418.fits
(256, 256)
179 13539.527955293655
Saved data to path  /npool/nvme/kianmilani/disk-data/psfs/spc_band4_psfs_polaxis-1_20240418.fits
(256, 256)
180 13614.21080327034
Saved data to path  /npool/nvme/kianmilani/disk-data/psfs/spc_band4_psfs_polaxis-1_20240418.fits
(256, 256)
181 13688.941908359528
Saved data to path  /npool/nvme/kianmilani/disk-data/psfs/spc_band4_psfs_polaxis-1_20240418.fits
(256, 256)
182 13765.749595165253
Saved data to path  /npool/nvme/kianmilani/disk-data/psfs/spc_band4_psfs_polaxis-1_20240418.fits
(256, 256)
183 13841.736006259918
Saved data to path  /npool/nvme/kianmilani/disk-data/psfs/spc_band4_psfs_polaxis-1_20240418.fits
(256, 256)
184 13913.271231412888
Saved data to path  /npool/nvme/kianmilani/disk-data/psfs/spc_band4_psfs_polaxis-1_20240418.fits
(256, 256)
185 13988.423967599869
Saved data to path  /npool/nvme/kianmilani/disk-data/psfs/spc_band4_psfs_polaxis-1_20240418.fits
(256, 256)
186 14062.735247373581
Saved data to path  /npool/nvme/kianmilani/disk-data/psfs/spc_band4_psfs_polaxis-1_20240418.fits
(256, 256)
187 14139.51131772995
Saved data to path  /npool/nvme/kianmilani/disk-data/psfs/spc_band4_psfs_polaxis-1_20240418.fits
(256, 256)
188 14215.85150885582
Saved data to path  /npool/nvme/kianmilani/disk-data/psfs/spc_band4_psfs_polaxis-1_20240418.fits
(256, 256)
189 14292.254253864288
Saved data to path  /npool/nvme/kianmilani/disk-data/psfs/spc_band4_psfs_polaxis-1_20240418.fits
(256, 256)
190 14366.616068601608
Saved data to path  /npool/nvme/kianmilani/disk-data/psfs/spc_band4_psfs_polaxis-1_20240418.fits
(256, 256)
191 14443.069669008255
Saved data to path  /npool/nvme/kianmilani/disk-data/psfs/spc_band4_psfs_polaxis-1_20240418.fits
(256, 256)
192 14518.984527111053
Saved data to path  /npool/nvme/kianmilani/disk-data/psfs/spc_band4_psfs_polaxis-1_20240418.fits
(256, 256)
193 14590.558153629303
Saved data to path  /npool/nvme/kianmilani/disk-data/psfs/spc_band4_psfs_polaxis-1_20240418.fits
(256, 256)
194 14664.864144802094
Saved data to path  /npool/nvme/kianmilani/disk-data/psfs/spc_band4_psfs_polaxis-1_20240418.fits
(256, 256)
195 14740.642387151718
Saved data to path  /npool/nvme/kianmilani/disk-data/psfs/spc_band4_psfs_polaxis-1_20240418.fits
(256, 256)
196 14817.769799232483
Saved data to path  /npool/nvme/kianmilani/disk-data/psfs/spc_band4_psfs_polaxis-1_20240418.fits
(256, 256)
197 14893.831347703934
Saved data to path  /npool/nvme/kianmilani/disk-data/psfs/spc_band4_psfs_polaxis-1_20240418.fits
(256, 256)
198 14969.359802007675
Saved data to path  /npool/nvme/kianmilani/disk-data/psfs/spc_band4_psfs_polaxis-1_20240418.fits
(256, 256)
199 15045.546127796173
Saved data to path  /npool/nvme/kianmilani/disk-data/psfs/spc_band4_psfs_polaxis-1_20240418.fits
(256, 256)
200 15121.345901966095
Saved data to path  /npool/nvme/kianmilani/disk-data/psfs/spc_band4_psfs_polaxis-1_20240418.fits
(256, 256)
201 15197.82695388794
Saved data to path  /npool/nvme/kianmilani/disk-data/psfs/spc_band4_psfs_polaxis-1_20240418.fits
(256, 256)
202 15274.069930315018
Saved data to path  /npool/nvme/kianmilani/disk-data/psfs/spc_band4_psfs_polaxis-1_20240418.fits
(256, 256)
203 15349.85308766365
Saved data to path  /npool/nvme/kianmilani/disk-data/psfs/spc_band4_psfs_polaxis-1_20240418.fits
(256, 256)
204 15425.970170259476
Saved data to path  /npool/nvme/kianmilani/disk-data/psfs/spc_band4_psfs_polaxis-1_20240418.fits
(256, 256)
205 15501.254827260971
Saved data to path  /npool/nvme/kianmilani/disk-data/psfs/spc_band4_psfs_polaxis-1_20240418.fits
(256, 256)
206 15577.720109701157
Saved data to path  /npool/nvme/kianmilani/disk-data/psfs/spc_band4_psfs_polaxis-1_20240418.fits
(256, 256)
207 15651.037192344666
Saved data to path  /npool/nvme/kianmilani/disk-data/psfs/spc_band4_psfs_polaxis-1_20240418.fits
(256, 256)
208 15726.574961423874
Saved data to path  /npool/nvme/kianmilani/disk-data/psfs/spc_band4_psfs_polaxis-1_20240418.fits
(256, 256)
209 15802.634680271149
Saved data to path  /npool/nvme/kianmilani/disk-data/psfs/spc_band4_psfs_polaxis-1_20240418.fits
(256, 256)
210 15877.906816244125
Saved data to path  /npool/nvme/kianmilani/disk-data/psfs/spc_band4_psfs_polaxis-1_20240418.fits
(256, 256)
211 15953.574013710022
Saved data to path  /npool/nvme/kianmilani/disk-data/psfs/spc_band4_psfs_polaxis-1_20240418.fits
(256, 256)
212 16027.363095283508
Saved data to path  /npool/nvme/kianmilani/disk-data/psfs/spc_band4_psfs_polaxis-1_20240418.fits
(256, 256)
213 16102.833366155624
Saved data to path  /npool/nvme/kianmilani/disk-data/psfs/spc_band4_psfs_polaxis-1_20240418.fits
(256, 256)
214 16176.603904247284
Saved data to path  /npool/nvme/kianmilani/disk-data/psfs/spc_band4_psfs_polaxis-1_20240418.fits
(256, 256)
215 16252.504816293716
Saved data to path  /npool/nvme/kianmilani/disk-data/psfs/spc_band4_psfs_polaxis-1_20240418.fits
(256, 256)
216 16329.812739372253
Saved data to path  /npool/nvme/kianmilani/disk-data/psfs/spc_band4_psfs_polaxis-1_20240418.fits
(256, 256)
217 16406.268178224564
Saved data to path  /npool/nvme/kianmilani/disk-data/psfs/spc_band4_psfs_polaxis-1_20240418.fits
(256, 256)
218 16482.02174782753
Saved data to path  /npool/nvme/kianmilani/disk-data/psfs/spc_band4_psfs_polaxis-1_20240418.fits
(256, 256)
219 16556.13248038292
Saved data to path  /npool/nvme/kianmilani/disk-data/psfs/spc_band4_psfs_polaxis-1_20240418.fits
(256, 256)
220 16633.234144210815
Saved data to path  /npool/nvme/kianmilani/disk-data/psfs/spc_band4_psfs_polaxis-1_20240418.fits
(256, 256)
221 16711.15923690796
Saved data to path  /npool/nvme/kianmilani/disk-data/psfs/spc_band4_psfs_polaxis-1_20240418.fits
(256, 256)
222 16786.642812252045
Saved data to path  /npool/nvme/kianmilani/disk-data/psfs/spc_band4_psfs_polaxis-1_20240418.fits
(256, 256)
223 16862.308057308197
Saved data to path  /npool/nvme/kianmilani/disk-data/psfs/spc_band4_psfs_polaxis-1_20240418.fits
(256, 256)
224 16938.509925603867
Saved data to path  /npool/nvme/kianmilani/disk-data/psfs/spc_band4_psfs_polaxis-1_20240418.fits
(256, 256)
225 17015.915427923203
Saved data to path  /npool/nvme/kianmilani/disk-data/psfs/spc_band4_psfs_polaxis-1_20240418.fits
(256, 256)
226 17092.532719373703
Saved data to path  /npool/nvme/kianmilani/disk-data/psfs/spc_band4_psfs_polaxis-1_20240418.fits
(256, 256)
227 17167.47995209694
Saved data to path  /npool/nvme/kianmilani/disk-data/psfs/spc_band4_psfs_polaxis-1_20240418.fits
(256, 256)
228 17242.161754846573
Saved data to path  /npool/nvme/kianmilani/disk-data/psfs/spc_band4_psfs_polaxis-1_20240418.fits
(256, 256)
229 17318.233775377274
Saved data to path  /npool/nvme/kianmilani/disk-data/psfs/spc_band4_psfs_polaxis-1_20240418.fits
(256, 256)
230 17395.34143471718
Saved data to path  /npool/nvme/kianmilani/disk-data/psfs/spc_band4_psfs_polaxis-1_20240418.fits
(256, 256)
231 17471.564219236374
Saved data to path  /npool/nvme/kianmilani/disk-data/psfs/spc_band4_psfs_polaxis-1_20240418.fits
(256, 256)
232 17548.364059448242
Saved data to path  /npool/nvme/kianmilani/disk-data/psfs/spc_band4_psfs_polaxis-1_20240418.fits
(256, 256)
233 17624.780838012695
Saved data to path  /npool/nvme/kianmilani/disk-data/psfs/spc_band4_psfs_polaxis-1_20240418.fits
(256, 256)
234 17702.55823278427
Saved data to path  /npool/nvme/kianmilani/disk-data/psfs/spc_band4_psfs_polaxis-1_20240418.fits
(256, 256)
235 17779.185351133347
Saved data to path  /npool/nvme/kianmilani/disk-data/psfs/spc_band4_psfs_polaxis-1_20240418.fits
(256, 256)
236 17855.21810555458
Saved data to path  /npool/nvme/kianmilani/disk-data/psfs/spc_band4_psfs_polaxis-1_20240418.fits
(256, 256)
237 17932.112855196
Saved data to path  /npool/nvme/kianmilani/disk-data/psfs/spc_band4_psfs_polaxis-1_20240418.fits
(256, 256)
238 18008.586510896683
Saved data to path  /npool/nvme/kianmilani/disk-data/psfs/spc_band4_psfs_polaxis-1_20240418.fits
(256, 256)
239 18084.68293571472
Saved data to path  /npool/nvme/kianmilani/disk-data/psfs/spc_band4_psfs_polaxis-1_20240418.fits
(256, 256)
240 18162.16227865219
Saved data to path  /npool/nvme/kianmilani/disk-data/psfs/spc_band4_psfs_polaxis-1_20240418.fits
(256, 256)
241 18238.768653154373
Saved data to path  /npool/nvme/kianmilani/disk-data/psfs/spc_band4_psfs_polaxis-1_20240418.fits
(256, 256)
242 18315.500435829163
Saved data to path  /npool/nvme/kianmilani/disk-data/psfs/spc_band4_psfs_polaxis-1_20240418.fits
(256, 256)
243 18391.613713502884
Saved data to path  /npool/nvme/kianmilani/disk-data/psfs/spc_band4_psfs_polaxis-1_20240418.fits
(256, 256)
244 18468.753828048706
Saved data to path  /npool/nvme/kianmilani/disk-data/psfs/spc_band4_psfs_polaxis-1_20240418.fits
(256, 256)
245 18543.120260715485
Saved data to path  /npool/nvme/kianmilani/disk-data/psfs/spc_band4_psfs_polaxis-1_20240418.fits
(256, 256)
246 18619.824458122253
Saved data to path  /npool/nvme/kianmilani/disk-data/psfs/spc_band4_psfs_polaxis-1_20240418.fits
(256, 256)
247 18696.56681394577
Saved data to path  /npool/nvme/kianmilani/disk-data/psfs/spc_band4_psfs_polaxis-1_20240418.fits
(256, 256)
248 18773.758047103882
Saved data to path  /npool/nvme/kianmilani/disk-data/psfs/spc_band4_psfs_polaxis-1_20240418.fits
(256, 256)
249 18848.03358721733
Saved data to path  /npool/nvme/kianmilani/disk-data/psfs/spc_band4_psfs_polaxis-1_20240418.fits
(256, 256)
250 18922.104738473892
Saved data to path  /npool/nvme/kianmilani/disk-data/psfs/spc_band4_psfs_polaxis-1_20240418.fits
(256, 256)
251 18998.571910619736
Saved data to path  /npool/nvme/kianmilani/disk-data/psfs/spc_band4_psfs_polaxis-1_20240418.fits
(256, 256)
252 19073.97393155098
Saved data to path  /npool/nvme/kianmilani/disk-data/psfs/spc_band4_psfs_polaxis-1_20240418.fits
(256, 256)
253 19150.722117185593
Saved data to path  /npool/nvme/kianmilani/disk-data/psfs/spc_band4_psfs_polaxis-1_20240418.fits
(256, 256)
254 19226.672830581665
Saved data to path  /npool/nvme/kianmilani/disk-data/psfs/spc_band4_psfs_polaxis-1_20240418.fits
(256, 256)
255 19301.756781101227
Saved data to path  /npool/nvme/kianmilani/disk-data/psfs/spc_band4_psfs_polaxis-1_20240418.fits
(256, 256)
256 19378.137857675552
Saved data to path  /npool/nvme/kianmilani/disk-data/psfs/spc_band4_psfs_polaxis-1_20240418.fits
(256, 256)
257 19454.854927778244
Saved data to path  /npool/nvme/kianmilani/disk-data/psfs/spc_band4_psfs_polaxis-1_20240418.fits
(256, 256)
258 19531.9666762352
Saved data to path  /npool/nvme/kianmilani/disk-data/psfs/spc_band4_psfs_polaxis-1_20240418.fits
(256, 256)
259 19606.893676757812
Saved data to path  /npool/nvme/kianmilani/disk-data/psfs/spc_band4_psfs_polaxis-1_20240418.fits
(256, 256)
260 19683.42725777626
Saved data to path  /npool/nvme/kianmilani/disk-data/psfs/spc_band4_psfs_polaxis-1_20240418.fits
(256, 256)
261 19759.852049827576
Saved data to path  /npool/nvme/kianmilani/disk-data/psfs/spc_band4_psfs_polaxis-1_20240418.fits
(256, 256)
262 19836.119940519333
Saved data to path  /npool/nvme/kianmilani/disk-data/psfs/spc_band4_psfs_polaxis-1_20240418.fits
(256, 256)
263 19913.133310079575
Saved data to path  /npool/nvme/kianmilani/disk-data/psfs/spc_band4_psfs_polaxis-1_20240418.fits
(256, 256)
264 19990.777116298676
Saved data to path  /npool/nvme/kianmilani/disk-data/psfs/spc_band4_psfs_polaxis-1_20240418.fits
(256, 256)
265 20067.207577228546
Saved data to path  /npool/nvme/kianmilani/disk-data/psfs/spc_band4_psfs_polaxis-1_20240418.fits
(256, 256)
266 20143.621487617493
Saved data to path  /npool/nvme/kianmilani/disk-data/psfs/spc_band4_psfs_polaxis-1_20240418.fits
(256, 256)
267 20219.116679906845
Saved data to path  /npool/nvme/kianmilani/disk-data/psfs/spc_band4_psfs_polaxis-1_20240418.fits
(256, 256)
268 20293.42520213127
Saved data to path  /npool/nvme/kianmilani/disk-data/psfs/spc_band4_psfs_polaxis-1_20240418.fits
(256, 256)
269 20368.548495531082
Saved data to path  /npool/nvme/kianmilani/disk-data/psfs/spc_band4_psfs_polaxis-1_20240418.fits
(256, 256)
270 20445.151916265488
Saved data to path  /npool/nvme/kianmilani/disk-data/psfs/spc_band4_psfs_polaxis-1_20240418.fits
(256, 256)
271 20519.690977573395
Saved data to path  /npool/nvme/kianmilani/disk-data/psfs/spc_band4_psfs_polaxis-1_20240418.fits
(256, 256)
272 20595.114518404007
Saved data to path  /npool/nvme/kianmilani/disk-data/psfs/spc_band4_psfs_polaxis-1_20240418.fits
(256, 256)
273 20671.707431793213
Saved data to path  /npool/nvme/kianmilani/disk-data/psfs/spc_band4_psfs_polaxis-1_20240418.fits
(256, 256)
274 20748.227762699127
Saved data to path  /npool/nvme/kianmilani/disk-data/psfs/spc_band4_psfs_polaxis-1_20240418.fits
(256, 256)
275 20824.999459028244
Saved data to path  /npool/nvme/kianmilani/disk-data/psfs/spc_band4_psfs_polaxis-1_20240418.fits
(256, 256)
276 20898.5295484066
Saved data to path  /npool/nvme/kianmilani/disk-data/psfs/spc_band4_psfs_polaxis-1_20240418.fits
(256, 256)
277 20973.779980421066
Saved data to path  /npool/nvme/kianmilani/disk-data/psfs/spc_band4_psfs_polaxis-1_20240418.fits
(256, 256)
278 21050.25304722786
Saved data to path  /npool/nvme/kianmilani/disk-data/psfs/spc_band4_psfs_polaxis-1_20240418.fits
(256, 256)
279 21125.102541208267
Saved data to path  /npool/nvme/kianmilani/disk-data/psfs/spc_band4_psfs_polaxis-1_20240418.fits
(256, 256)
280 21202.431922197342
Saved data to path  /npool/nvme/kianmilani/disk-data/psfs/spc_band4_psfs_polaxis-1_20240418.fits
(256, 256)
281 21276.70868206024
Saved data to path  /npool/nvme/kianmilani/disk-data/psfs/spc_band4_psfs_polaxis-1_20240418.fits
(256, 256)
282 21349.87957715988
Saved data to path  /npool/nvme/kianmilani/disk-data/psfs/spc_band4_psfs_polaxis-1_20240418.fits
(256, 256)
283 21425.839006900787
Saved data to path  /npool/nvme/kianmilani/disk-data/psfs/spc_band4_psfs_polaxis-1_20240418.fits
(256, 256)
284 21503.51789999008
Saved data to path  /npool/nvme/kianmilani/disk-data/psfs/spc_band4_psfs_polaxis-1_20240418.fits
(256, 256)
285 21578.711086511612
Saved data to path  /npool/nvme/kianmilani/disk-data/psfs/spc_band4_psfs_polaxis-1_20240418.fits
(256, 256)
286 21652.47772884369
Saved data to path  /npool/nvme/kianmilani/disk-data/psfs/spc_band4_psfs_polaxis-1_20240418.fits
(256, 256)
287 21726.53884959221
Saved data to path  /npool/nvme/kianmilani/disk-data/psfs/spc_band4_psfs_polaxis-1_20240418.fits
(256, 256)
288 21802.09368276596
Saved data to path  /npool/nvme/kianmilani/disk-data/psfs/spc_band4_psfs_polaxis-1_20240418.fits
(256, 256)
289 21879.20008802414
Saved data to path  /npool/nvme/kianmilani/disk-data/psfs/spc_band4_psfs_polaxis-1_20240418.fits
(256, 256)
290 21953.675537109375
Saved data to path  /npool/nvme/kianmilani/disk-data/psfs/spc_band4_psfs_polaxis-1_20240418.fits
(256, 256)
291 22030.30586862564
Saved data to path  /npool/nvme/kianmilani/disk-data/psfs/spc_band4_psfs_polaxis-1_20240418.fits
(256, 256)
292 22108.30335211754
Saved data to path  /npool/nvme/kianmilani/disk-data/psfs/spc_band4_psfs_polaxis-1_20240418.fits
(256, 256)
293 22184.710881710052
Saved data to path  /npool/nvme/kianmilani/disk-data/psfs/spc_band4_psfs_polaxis-1_20240418.fits
(256, 256)
294 22258.43914437294
Saved data to path  /npool/nvme/kianmilani/disk-data/psfs/spc_band4_psfs_polaxis-1_20240418.fits
(256, 256)
295 22333.791645526886
Saved data to path  /npool/nvme/kianmilani/disk-data/psfs/spc_band4_psfs_polaxis-1_20240418.fits
(256, 256)
296 22408.976488113403
Saved data to path  /npool/nvme/kianmilani/disk-data/psfs/spc_band4_psfs_polaxis-1_20240418.fits
(256, 256)
297 22482.907963514328
Saved data to path  /npool/nvme/kianmilani/disk-data/psfs/spc_band4_psfs_polaxis-1_20240418.fits
(256, 256)
298 22556.52077150345
Saved data to path  /npool/nvme/kianmilani/disk-data/psfs/spc_band4_psfs_polaxis-1_20240418.fits
(256, 256)
299 22630.411262989044
Saved data to path  /npool/nvme/kianmilani/disk-data/psfs/spc_band4_psfs_polaxis-1_20240418.fits
(256, 256)
300 22704.24250483513
Saved data to path  /npool/nvme/kianmilani/disk-data/psfs/spc_band4_psfs_polaxis-1_20240418.fits
(256, 256)
301 22779.98161625862
Saved data to path  /npool/nvme/kianmilani/disk-data/psfs/spc_band4_psfs_polaxis-1_20240418.fits
(256, 256)
302 22852.953929424286
Saved data to path  /npool/nvme/kianmilani/disk-data/psfs/spc_band4_psfs_polaxis-1_20240418.fits
(256, 256)
303 22925.472023248672
Saved data to path  /npool/nvme/kianmilani/disk-data/psfs/spc_band4_psfs_polaxis-1_20240418.fits
(256, 256)
304 23002.146908283234
Saved data to path  /npool/nvme/kianmilani/disk-data/psfs/spc_band4_psfs_polaxis-1_20240418.fits
(256, 256)
305 23075.38267993927
Saved data to path  /npool/nvme/kianmilani/disk-data/psfs/spc_band4_psfs_polaxis-1_20240418.fits
(256, 256)
306 23150.024657964706
Saved data to path  /npool/nvme/kianmilani/disk-data/psfs/spc_band4_psfs_polaxis-1_20240418.fits
(256, 256)
307 23226.39756679535
Saved data to path  /npool/nvme/kianmilani/disk-data/psfs/spc_band4_psfs_polaxis-1_20240418.fits
(256, 256)
308 23302.394727945328
Saved data to path  /npool/nvme/kianmilani/disk-data/psfs/spc_band4_psfs_polaxis-1_20240418.fits
(256, 256)
309 23377.93455171585
Saved data to path  /npool/nvme/kianmilani/disk-data/psfs/spc_band4_psfs_polaxis-1_20240418.fits
(256, 256)
310 23453.629374742508
Saved data to path  /npool/nvme/kianmilani/disk-data/psfs/spc_band4_psfs_polaxis-1_20240418.fits
(256, 256)
311 23527.74531173706
Saved data to path  /npool/nvme/kianmilani/disk-data/psfs/spc_band4_psfs_polaxis-1_20240418.fits
(256, 256)
312 23604.00052022934
Saved data to path  /npool/nvme/kianmilani/disk-data/psfs/spc_band4_psfs_polaxis-1_20240418.fits
(256, 256)
313 23679.18549966812
Saved data to path  /npool/nvme/kianmilani/disk-data/psfs/spc_band4_psfs_polaxis-1_20240418.fits
(256, 256)
314 23754.472392082214
Saved data to path  /npool/nvme/kianmilani/disk-data/psfs/spc_band4_psfs_polaxis-1_20240418.fits
(256, 256)
315 23829.016444683075
Saved data to path  /npool/nvme/kianmilani/disk-data/psfs/spc_band4_psfs_polaxis-1_20240418.fits
(256, 256)
316 23903.900315523148
Saved data to path  /npool/nvme/kianmilani/disk-data/psfs/spc_band4_psfs_polaxis-1_20240418.fits
(256, 256)
317 23979.064784526825
Saved data to path  /npool/nvme/kianmilani/disk-data/psfs/spc_band4_psfs_polaxis-1_20240418.fits
(256, 256)
318 24053.414122343063
Saved data to path  /npool/nvme/kianmilani/disk-data/psfs/spc_band4_psfs_polaxis-1_20240418.fits
(256, 256)
319 24129.57982301712
Saved data to path  /npool/nvme/kianmilani/disk-data/psfs/spc_band4_psfs_polaxis-1_20240418.fits
(256, 256)
320 24206.725402593613
Saved data to path  /npool/nvme/kianmilani/disk-data/psfs/spc_band4_psfs_polaxis-1_20240418.fits
(256, 256)
321 24280.511593341827
Saved data to path  /npool/nvme/kianmilani/disk-data/psfs/spc_band4_psfs_polaxis-1_20240418.fits
(256, 256)
322 24356.400594949722
Saved data to path  /npool/nvme/kianmilani/disk-data/psfs/spc_band4_psfs_polaxis-1_20240418.fits
(256, 256)
323 24432.403030633926
Saved data to path  /npool/nvme/kianmilani/disk-data/psfs/spc_band4_psfs_polaxis-1_20240418.fits
(256, 256)
324 24507.782209157944
Saved data to path  /npool/nvme/kianmilani/disk-data/psfs/spc_band4_psfs_polaxis-1_20240418.fits
(256, 256)
325 24583.361083507538
Saved data to path  /npool/nvme/kianmilani/disk-data/psfs/spc_band4_psfs_polaxis-1_20240418.fits
(256, 256)
326 24659.34522008896
Saved data to path  /npool/nvme/kianmilani/disk-data/psfs/spc_band4_psfs_polaxis-1_20240418.fits
(256, 256)
327 24734.634121656418
Saved data to path  /npool/nvme/kianmilani/disk-data/psfs/spc_band4_psfs_polaxis-1_20240418.fits
(256, 256)
328 24808.21107196808
Saved data to path  /npool/nvme/kianmilani/disk-data/psfs/spc_band4_psfs_polaxis-1_20240418.fits
(256, 256)
329 24882.030185222626
Saved data to path  /npool/nvme/kianmilani/disk-data/psfs/spc_band4_psfs_polaxis-1_20240418.fits
(256, 256)
330 24959.44140982628
Saved data to path  /npool/nvme/kianmilani/disk-data/psfs/spc_band4_psfs_polaxis-1_20240418.fits
(256, 256)
331 25034.120400190353
Saved data to path  /npool/nvme/kianmilani/disk-data/psfs/spc_band4_psfs_polaxis-1_20240418.fits
(256, 256)
332 25108.766316890717
Saved data to path  /npool/nvme/kianmilani/disk-data/psfs/spc_band4_psfs_polaxis-1_20240418.fits
(256, 256)
333 25184.145073652267
Saved data to path  /npool/nvme/kianmilani/disk-data/psfs/spc_band4_psfs_polaxis-1_20240418.fits
(256, 256)
334 25260.067601680756
Saved data to path  /npool/nvme/kianmilani/disk-data/psfs/spc_band4_psfs_polaxis-1_20240418.fits
(256, 256)
335 25335.331223249435
Saved data to path  /npool/nvme/kianmilani/disk-data/psfs/spc_band4_psfs_polaxis-1_20240418.fits
(256, 256)
336 25412.46879529953
Saved data to path  /npool/nvme/kianmilani/disk-data/psfs/spc_band4_psfs_polaxis-1_20240418.fits
(256, 256)
337 25486.824622392654
Saved data to path  /npool/nvme/kianmilani/disk-data/psfs/spc_band4_psfs_polaxis-1_20240418.fits
(256, 256)
338 25563.663468837738
Saved data to path  /npool/nvme/kianmilani/disk-data/psfs/spc_band4_psfs_polaxis-1_20240418.fits
(256, 256)
339 25639.964665174484
Saved data to path  /npool/nvme/kianmilani/disk-data/psfs/spc_band4_psfs_polaxis-1_20240418.fits
(256, 256)
340 25718.265178203583
Saved data to path  /npool/nvme/kianmilani/disk-data/psfs/spc_band4_psfs_polaxis-1_20240418.fits
(256, 256)
341 25794.203542232513
Saved data to path  /npool/nvme/kianmilani/disk-data/psfs/spc_band4_psfs_polaxis-1_20240418.fits
(256, 256)
342 25871.932449817657
Saved data to path  /npool/nvme/kianmilani/disk-data/psfs/spc_band4_psfs_polaxis-1_20240418.fits
(256, 256)
343 25947.570008277893
Saved data to path  /npool/nvme/kianmilani/disk-data/psfs/spc_band4_psfs_polaxis-1_20240418.fits
(256, 256)
344 26023.713267326355
Saved data to path  /npool/nvme/kianmilani/disk-data/psfs/spc_band4_psfs_polaxis-1_20240418.fits
(256, 256)
345 26099.2780418396
Saved data to path  /npool/nvme/kianmilani/disk-data/psfs/spc_band4_psfs_polaxis-1_20240418.fits
(256, 256)
346 26176.461136102676
Saved data to path  /npool/nvme/kianmilani/disk-data/psfs/spc_band4_psfs_polaxis-1_20240418.fits
(256, 256)
347 26252.628057956696
Saved data to path  /npool/nvme/kianmilani/disk-data/psfs/spc_band4_psfs_polaxis-1_20240418.fits
(256, 256)
348 26326.735786914825
Saved data to path  /npool/nvme/kianmilani/disk-data/psfs/spc_band4_psfs_polaxis-1_20240418.fits
(256, 256)
349 26402.36586856842
Saved data to path  /npool/nvme/kianmilani/disk-data/psfs/spc_band4_psfs_polaxis-1_20240418.fits
(256, 256)
350 26476.484519958496
Saved data to path  /npool/nvme/kianmilani/disk-data/psfs/spc_band4_psfs_polaxis-1_20240418.fits
(256, 256)
351 26551.65629553795
Saved data to path  /npool/nvme/kianmilani/disk-data/psfs/spc_band4_psfs_polaxis-1_20240418.fits
(256, 256)
352 26626.879731178284
Saved data to path  /npool/nvme/kianmilani/disk-data/psfs/spc_band4_psfs_polaxis-1_20240418.fits
(256, 256)
353 26702.691589593887
Saved data to path  /npool/nvme/kianmilani/disk-data/psfs/spc_band4_psfs_polaxis-1_20240418.fits
(256, 256)
354 26778.561520814896
Saved data to path  /npool/nvme/kianmilani/disk-data/psfs/spc_band4_psfs_polaxis-1_20240418.fits
(256, 256)
355 26853.68293118477
Saved data to path  /npool/nvme/kianmilani/disk-data/psfs/spc_band4_psfs_polaxis-1_20240418.fits
(256, 256)
356 26929.89889240265
Saved data to path  /npool/nvme/kianmilani/disk-data/psfs/spc_band4_psfs_polaxis-1_20240418.fits
(256, 256)
357 27006.64281129837
Saved data to path  /npool/nvme/kianmilani/disk-data/psfs/spc_band4_psfs_polaxis-1_20240418.fits
(256, 256)
358 27080.454149246216
Saved data to path  /npool/nvme/kianmilani/disk-data/psfs/spc_band4_psfs_polaxis-1_20240418.fits
(256, 256)
359 27158.01974749565
Saved data to path  /npool/nvme/kianmilani/disk-data/psfs/spc_band4_psfs_polaxis-1_20240418.fits
(256, 256)
360 27233.450147390366
Saved data to path  /npool/nvme/kianmilani/disk-data/psfs/spc_band4_psfs_polaxis-1_20240418.fits
(256, 256)
361 27309.706737995148
Saved data to path  /npool/nvme/kianmilani/disk-data/psfs/spc_band4_psfs_polaxis-1_20240418.fits
(256, 256)
362 27386.470920562744
Saved data to path  /npool/nvme/kianmilani/disk-data/psfs/spc_band4_psfs_polaxis-1_20240418.fits
(256, 256)
363 27462.142317056656
Saved data to path  /npool/nvme/kianmilani/disk-data/psfs/spc_band4_psfs_polaxis-1_20240418.fits
(256, 256)
364 27537.59893798828
Saved data to path  /npool/nvme/kianmilani/disk-data/psfs/spc_band4_psfs_polaxis-1_20240418.fits
(256, 256)
365 27613.937084436417
Saved data to path  /npool/nvme/kianmilani/disk-data/psfs/spc_band4_psfs_polaxis-1_20240418.fits
(256, 256)
366 27690.945320367813
Saved data to path  /npool/nvme/kianmilani/disk-data/psfs/spc_band4_psfs_polaxis-1_20240418.fits
(256, 256)
367 27764.731259822845
Saved data to path  /npool/nvme/kianmilani/disk-data/psfs/spc_band4_psfs_polaxis-1_20240418.fits
(256, 256)
368 27837.19557571411
Saved data to path  /npool/nvme/kianmilani/disk-data/psfs/spc_band4_psfs_polaxis-1_20240418.fits
(256, 256)
369 27910.995198965073
Saved data to path  /npool/nvme/kianmilani/disk-data/psfs/spc_band4_psfs_polaxis-1_20240418.fits
(256, 256)
370 27985.67195034027
Saved data to path  /npool/nvme/kianmilani/disk-data/psfs/spc_band4_psfs_polaxis-1_20240418.fits
(256, 256)
371 28062.198677778244
Saved data to path  /npool/nvme/kianmilani/disk-data/psfs/spc_band4_psfs_polaxis-1_20240418.fits
(256, 256)
372 28137.871417999268
Saved data to path  /npool/nvme/kianmilani/disk-data/psfs/spc_band4_psfs_polaxis-1_20240418.fits
(256, 256)
373 28213.93906354904
Saved data to path  /npool/nvme/kianmilani/disk-data/psfs/spc_band4_psfs_polaxis-1_20240418.fits
(256, 256)
374 28289.61951494217
Saved data to path  /npool/nvme/kianmilani/disk-data/psfs/spc_band4_psfs_polaxis-1_20240418.fits
(256, 256)
375 28365.100053548813
Saved data to path  /npool/nvme/kianmilani/disk-data/psfs/spc_band4_psfs_polaxis-1_20240418.fits
(256, 256)
376 28442.176964521408
Saved data to path  /npool/nvme/kianmilani/disk-data/psfs/spc_band4_psfs_polaxis-1_20240418.fits
(256, 256)
377 28518.59783244133
Saved data to path  /npool/nvme/kianmilani/disk-data/psfs/spc_band4_psfs_polaxis-1_20240418.fits
(256, 256)
378 28596.220829725266
Saved data to path  /npool/nvme/kianmilani/disk-data/psfs/spc_band4_psfs_polaxis-1_20240418.fits
(256, 256)
379 28673.507118463516
Saved data to path  /npool/nvme/kianmilani/disk-data/psfs/spc_band4_psfs_polaxis-1_20240418.fits
(256, 256)
380 28750.91872549057
Saved data to path  /npool/nvme/kianmilani/disk-data/psfs/spc_band4_psfs_polaxis-1_20240418.fits
(256, 256)
381 28827.619572877884
Saved data to path  /npool/nvme/kianmilani/disk-data/psfs/spc_band4_psfs_polaxis-1_20240418.fits
(256, 256)
382 28904.857515335083
Saved data to path  /npool/nvme/kianmilani/disk-data/psfs/spc_band4_psfs_polaxis-1_20240418.fits
(256, 256)
383 28980.34119105339
Saved data to path  /npool/nvme/kianmilani/disk-data/psfs/spc_band4_psfs_polaxis-1_20240418.fits
(256, 256)
384 29053.528342485428
Saved data to path  /npool/nvme/kianmilani/disk-data/psfs/spc_band4_psfs_polaxis-1_20240418.fits
(256, 256)
385 29127.91283607483
Saved data to path  /npool/nvme/kianmilani/disk-data/psfs/spc_band4_psfs_polaxis-1_20240418.fits
(256, 256)
386 29202.582235097885
Saved data to path  /npool/nvme/kianmilani/disk-data/psfs/spc_band4_psfs_polaxis-1_20240418.fits
(256, 256)
387 29275.654659986496
Saved data to path  /npool/nvme/kianmilani/disk-data/psfs/spc_band4_psfs_polaxis-1_20240418.fits
(256, 256)
388 29351.251449346542
Saved data to path  /npool/nvme/kianmilani/disk-data/psfs/spc_band4_psfs_polaxis-1_20240418.fits
(256, 256)
389 29427.524666070938
Saved data to path  /npool/nvme/kianmilani/disk-data/psfs/spc_band4_psfs_polaxis-1_20240418.fits
(256, 256)
390 29504.15538072586
Saved data to path  /npool/nvme/kianmilani/disk-data/psfs/spc_band4_psfs_polaxis-1_20240418.fits
(256, 256)
391 29580.25384926796
Saved data to path  /npool/nvme/kianmilani/disk-data/psfs/spc_band4_psfs_polaxis-1_20240418.fits
(256, 256)
392 29655.1046602726
Saved data to path  /npool/nvme/kianmilani/disk-data/psfs/spc_band4_psfs_polaxis-1_20240418.fits
(256, 256)
393 29731.210045576096
Saved data to path  /npool/nvme/kianmilani/disk-data/psfs/spc_band4_psfs_polaxis-1_20240418.fits
(256, 256)
394 29806.773094892502
Saved data to path  /npool/nvme/kianmilani/disk-data/psfs/spc_band4_psfs_polaxis-1_20240418.fits
(256, 256)
395 29881.983052015305
Saved data to path  /npool/nvme/kianmilani/disk-data/psfs/spc_band4_psfs_polaxis-1_20240418.fits
(256, 256)
396 29960.003026008606
Saved data to path  /npool/nvme/kianmilani/disk-data/psfs/spc_band4_psfs_polaxis-1_20240418.fits
(256, 256)
397 30037.45601272583
Saved data to path  /npool/nvme/kianmilani/disk-data/psfs/spc_band4_psfs_polaxis-1_20240418.fits
(256, 256)
398 30114.5091047287
Saved data to path  /npool/nvme/kianmilani/disk-data/psfs/spc_band4_psfs_polaxis-1_20240418.fits
(256, 256)
399 30191.101594924927
Saved data to path  /npool/nvme/kianmilani/disk-data/psfs/spc_band4_psfs_polaxis-1_20240418.fits
(256, 256)
400 30267.717353105545
Saved data to path  /npool/nvme/kianmilani/disk-data/psfs/spc_band4_psfs_polaxis-1_20240418.fits
(256, 256)
401 30344.13106894493
Saved data to path  /npool/nvme/kianmilani/disk-data/psfs/spc_band4_psfs_polaxis-1_20240418.fits
(256, 256)
402 30420.512593746185
Saved data to path  /npool/nvme/kianmilani/disk-data/psfs/spc_band4_psfs_polaxis-1_20240418.fits
(256, 256)
403 30496.122697114944
Saved data to path  /npool/nvme/kianmilani/disk-data/psfs/spc_band4_psfs_polaxis-1_20240418.fits
(256, 256)
404 30569.381971359253
Saved data to path  /npool/nvme/kianmilani/disk-data/psfs/spc_band4_psfs_polaxis-1_20240418.fits
(256, 256)
405 30646.215100049973
Saved data to path  /npool/nvme/kianmilani/disk-data/psfs/spc_band4_psfs_polaxis-1_20240418.fits
(256, 256)
406 30722.28774857521
Saved data to path  /npool/nvme/kianmilani/disk-data/psfs/spc_band4_psfs_polaxis-1_20240418.fits
(256, 256)
407 30797.39599442482
Saved data to path  /npool/nvme/kianmilani/disk-data/psfs/spc_band4_psfs_polaxis-1_20240418.fits
(256, 256)
408 30872.300090551376
Saved data to path  /npool/nvme/kianmilani/disk-data/psfs/spc_band4_psfs_polaxis-1_20240418.fits
(256, 256)
409 30948.393672943115
Saved data to path  /npool/nvme/kianmilani/disk-data/psfs/spc_band4_psfs_polaxis-1_20240418.fits
(256, 256)
410 31022.536140680313
Saved data to path  /npool/nvme/kianmilani/disk-data/psfs/spc_band4_psfs_polaxis-1_20240418.fits
(256, 256)
411 31098.36878156662
Saved data to path  /npool/nvme/kianmilani/disk-data/psfs/spc_band4_psfs_polaxis-1_20240418.fits
(256, 256)
412 31173.409355163574
Saved data to path  /npool/nvme/kianmilani/disk-data/psfs/spc_band4_psfs_polaxis-1_20240418.fits
(256, 256)
413 31247.065379858017
Saved data to path  /npool/nvme/kianmilani/disk-data/psfs/spc_band4_psfs_polaxis-1_20240418.fits
(256, 256)
414 31324.14767074585
Saved data to path  /npool/nvme/kianmilani/disk-data/psfs/spc_band4_psfs_polaxis-1_20240418.fits
(256, 256)
415 31400.91948580742
Saved data to path  /npool/nvme/kianmilani/disk-data/psfs/spc_band4_psfs_polaxis-1_20240418.fits
(256, 256)
416 31477.864160060883
Saved data to path  /npool/nvme/kianmilani/disk-data/psfs/spc_band4_psfs_polaxis-1_20240418.fits
(256, 256)
417 31553.91396689415
Saved data to path  /npool/nvme/kianmilani/disk-data/psfs/spc_band4_psfs_polaxis-1_20240418.fits
(256, 256)
418 31630.728226661682
Saved data to path  /npool/nvme/kianmilani/disk-data/psfs/spc_band4_psfs_polaxis-1_20240418.fits
(256, 256)
419 31706.69943022728
Saved data to path  /npool/nvme/kianmilani/disk-data/psfs/spc_band4_psfs_polaxis-1_20240418.fits
(256, 256)
420 31781.79167842865
Saved data to path  /npool/nvme/kianmilani/disk-data/psfs/spc_band4_psfs_polaxis-1_20240418.fits
(256, 256)
421 31858.261672496796
Saved data to path  /npool/nvme/kianmilani/disk-data/psfs/spc_band4_psfs_polaxis-1_20240418.fits
(256, 256)
422 31934.237830400467
Saved data to path  /npool/nvme/kianmilani/disk-data/psfs/spc_band4_psfs_polaxis-1_20240418.fits
(256, 256)
423 32011.294082164764
Saved data to path  /npool/nvme/kianmilani/disk-data/psfs/spc_band4_psfs_polaxis-1_20240418.fits
(256, 256)
424 32089.25223493576
Saved data to path  /npool/nvme/kianmilani/disk-data/psfs/spc_band4_psfs_polaxis-1_20240418.fits
(256, 256)
425 32164.78960251808
Saved data to path  /npool/nvme/kianmilani/disk-data/psfs/spc_band4_psfs_polaxis-1_20240418.fits
(256, 256)
426 32241.361478805542
Saved data to path  /npool/nvme/kianmilani/disk-data/psfs/spc_band4_psfs_polaxis-1_20240418.fits
(256, 256)
427 32316.889759540558
Saved data to path  /npool/nvme/kianmilani/disk-data/psfs/spc_band4_psfs_polaxis-1_20240418.fits
(256, 256)
428 32391.1546292305
Saved data to path  /npool/nvme/kianmilani/disk-data/psfs/spc_band4_psfs_polaxis-1_20240418.fits
(256, 256)
429 32467.03001475334
Saved data to path  /npool/nvme/kianmilani/disk-data/psfs/spc_band4_psfs_polaxis-1_20240418.fits
(256, 256)
430 32542.84914803505
Saved data to path  /npool/nvme/kianmilani/disk-data/psfs/spc_band4_psfs_polaxis-1_20240418.fits
(256, 256)
431 32619.698592185974
Saved data to path  /npool/nvme/kianmilani/disk-data/psfs/spc_band4_psfs_polaxis-1_20240418.fits
(256, 256)
432 32695.941851377487
Saved data to path  /npool/nvme/kianmilani/disk-data/psfs/spc_band4_psfs_polaxis-1_20240418.fits
(256, 256)
433 32772.35467195511
Saved data to path  /npool/nvme/kianmilani/disk-data/psfs/spc_band4_psfs_polaxis-1_20240418.fits
(256, 256)
434 32850.32155132294
Saved data to path  /npool/nvme/kianmilani/disk-data/psfs/spc_band4_psfs_polaxis-1_20240418.fits
(256, 256)
435 32926.8590323925
Saved data to path  /npool/nvme/kianmilani/disk-data/psfs/spc_band4_psfs_polaxis-1_20240418.fits
(256, 256)
436 33004.16593170166
Saved data to path  /npool/nvme/kianmilani/disk-data/psfs/spc_band4_psfs_polaxis-1_20240418.fits
(256, 256)
437 33080.47987937927
Saved data to path  /npool/nvme/kianmilani/disk-data/psfs/spc_band4_psfs_polaxis-1_20240418.fits
(256, 256)
438 33157.774614572525
Saved data to path  /npool/nvme/kianmilani/disk-data/psfs/spc_band4_psfs_polaxis-1_20240418.fits
(256, 256)
439 33235.58715391159
Saved data to path  /npool/nvme/kianmilani/disk-data/psfs/spc_band4_psfs_polaxis-1_20240418.fits
(256, 256)
440 33313.22521066666
Saved data to path  /npool/nvme/kianmilani/disk-data/psfs/spc_band4_psfs_polaxis-1_20240418.fits
(256, 256)
441 33389.8288269043
Saved data to path  /npool/nvme/kianmilani/disk-data/psfs/spc_band4_psfs_polaxis-1_20240418.fits
(256, 256)
442 33466.85116934776
Saved data to path  /npool/nvme/kianmilani/disk-data/psfs/spc_band4_psfs_polaxis-1_20240418.fits
(256, 256)
443 33540.5172829628
Saved data to path  /npool/nvme/kianmilani/disk-data/psfs/spc_band4_psfs_polaxis-1_20240418.fits
(256, 256)
444 33613.95048952103
Saved data to path  /npool/nvme/kianmilani/disk-data/psfs/spc_band4_psfs_polaxis-1_20240418.fits
(256, 256)
445 33690.60286569595
Saved data to path  /npool/nvme/kianmilani/disk-data/psfs/spc_band4_psfs_polaxis-1_20240418.fits
(256, 256)
446 33767.88803982735
Saved data to path  /npool/nvme/kianmilani/disk-data/psfs/spc_band4_psfs_polaxis-1_20240418.fits
(256, 256)
447 33845.98749423027
Saved data to path  /npool/nvme/kianmilani/disk-data/psfs/spc_band4_psfs_polaxis-1_20240418.fits
(256, 256)
448 33922.729761362076
Saved data to path  /npool/nvme/kianmilani/disk-data/psfs/spc_band4_psfs_polaxis-1_20240418.fits
(256, 256)
449 33998.761964559555
Saved data to path  /npool/nvme/kianmilani/disk-data/psfs/spc_band4_psfs_polaxis-1_20240418.fits
(256, 256)
450 34076.44306397438
Saved data to path  /npool/nvme/kianmilani/disk-data/psfs/spc_band4_psfs_polaxis-1_20240418.fits
(256, 256)
451 34153.01328372955
Saved data to path  /npool/nvme/kianmilani/disk-data/psfs/spc_band4_psfs_polaxis-1_20240418.fits
(256, 256)
452 34229.73226237297
Saved data to path  /npool/nvme/kianmilani/disk-data/psfs/spc_band4_psfs_polaxis-1_20240418.fits
(256, 256)
453 34307.724840164185
Saved data to path  /npool/nvme/kianmilani/disk-data/psfs/spc_band4_psfs_polaxis-1_20240418.fits
(256, 256)
454 34384.11418843269
Saved data to path  /npool/nvme/kianmilani/disk-data/psfs/spc_band4_psfs_polaxis-1_20240418.fits
(256, 256)
455 34460.68942165375
Saved data to path  /npool/nvme/kianmilani/disk-data/psfs/spc_band4_psfs_polaxis-1_20240418.fits
(256, 256)
456 34536.9380877018
Saved data to path  /npool/nvme/kianmilani/disk-data/psfs/spc_band4_psfs_polaxis-1_20240418.fits
(256, 256)
457 34613.63947200775
Saved data to path  /npool/nvme/kianmilani/disk-data/psfs/spc_band4_psfs_polaxis-1_20240418.fits
(256, 256)
458 34687.359303474426
Saved data to path  /npool/nvme/kianmilani/disk-data/psfs/spc_band4_psfs_polaxis-1_20240418.fits
(256, 256)
459 34762.79204440117
Saved data to path  /npool/nvme/kianmilani/disk-data/psfs/spc_band4_psfs_polaxis-1_20240418.fits
(256, 256)
460 34838.92991948128
Saved data to path  /npool/nvme/kianmilani/disk-data/psfs/spc_band4_psfs_polaxis-1_20240418.fits
(256, 256)
461 34915.660741090775
Saved data to path  /npool/nvme/kianmilani/disk-data/psfs/spc_band4_psfs_polaxis-1_20240418.fits
(256, 256)
462 34990.79145884514
Saved data to path  /npool/nvme/kianmilani/disk-data/psfs/spc_band4_psfs_polaxis-1_20240418.fits
(256, 256)
463 35065.60418009758
Saved data to path  /npool/nvme/kianmilani/disk-data/psfs/spc_band4_psfs_polaxis-1_20240418.fits
(256, 256)
464 35141.355727910995
Saved data to path  /npool/nvme/kianmilani/disk-data/psfs/spc_band4_psfs_polaxis-1_20240418.fits
(256, 256)
465 35217.171699762344
Saved data to path  /npool/nvme/kianmilani/disk-data/psfs/spc_band4_psfs_polaxis-1_20240418.fits
(256, 256)
466 35294.19373679161
Saved data to path  /npool/nvme/kianmilani/disk-data/psfs/spc_band4_psfs_polaxis-1_20240418.fits
(256, 256)
467 35369.24509072304
Saved data to path  /npool/nvme/kianmilani/disk-data/psfs/spc_band4_psfs_polaxis-1_20240418.fits
(256, 256)
468 35446.44331884384
Saved data to path  /npool/nvme/kianmilani/disk-data/psfs/spc_band4_psfs_polaxis-1_20240418.fits
(256, 256)
469 35523.10283327103
Saved data to path  /npool/nvme/kianmilani/disk-data/psfs/spc_band4_psfs_polaxis-1_20240418.fits
(256, 256)
470 35599.048659324646
Saved data to path  /npool/nvme/kianmilani/disk-data/psfs/spc_band4_psfs_polaxis-1_20240418.fits
(256, 256)
471 35675.05017328262
Saved data to path  /npool/nvme/kianmilani/disk-data/psfs/spc_band4_psfs_polaxis-1_20240418.fits
(256, 256)
472 35753.629192352295
Saved data to path  /npool/nvme/kianmilani/disk-data/psfs/spc_band4_psfs_polaxis-1_20240418.fits
(256, 256)
473 35830.10691571236
Saved data to path  /npool/nvme/kianmilani/disk-data/psfs/spc_band4_psfs_polaxis-1_20240418.fits
(256, 256)
474 35905.19249892235
Saved data to path  /npool/nvme/kianmilani/disk-data/psfs/spc_band4_psfs_polaxis-1_20240418.fits
(256, 256)
475 35982.1428873539
Saved data to path  /npool/nvme/kianmilani/disk-data/psfs/spc_band4_psfs_polaxis-1_20240418.fits
(256, 256)
476 36059.39974975586
Saved data to path  /npool/nvme/kianmilani/disk-data/psfs/spc_band4_psfs_polaxis-1_20240418.fits
(256, 256)
477 36137.12225031853
Saved data to path  /npool/nvme/kianmilani/disk-data/psfs/spc_band4_psfs_polaxis-1_20240418.fits
(256, 256)
478 36214.330226659775
Saved data to path  /npool/nvme/kianmilani/disk-data/psfs/spc_band4_psfs_polaxis-1_20240418.fits
(256, 256)
479 36289.60351872444
Saved data to path  /npool/nvme/kianmilani/disk-data/psfs/spc_band4_psfs_polaxis-1_20240418.fits
(256, 256)
480 36364.89700174332
Saved data to path  /npool/nvme/kianmilani/disk-data/psfs/spc_band4_psfs_polaxis-1_20240418.fits
(256, 256)
481 36441.38182425499
Saved data to path  /npool/nvme/kianmilani/disk-data/psfs/spc_band4_psfs_polaxis-1_20240418.fits
(256, 256)
482 36517.142608881
Saved data to path  /npool/nvme/kianmilani/disk-data/psfs/spc_band4_psfs_polaxis-1_20240418.fits
(256, 256)
483 36589.19911313057
Saved data to path  /npool/nvme/kianmilani/disk-data/psfs/spc_band4_psfs_polaxis-1_20240418.fits
(256, 256)
484 36662.73690986633
Saved data to path  /npool/nvme/kianmilani/disk-data/psfs/spc_band4_psfs_polaxis-1_20240418.fits
(256, 256)
485 36737.857595443726
Saved data to path  /npool/nvme/kianmilani/disk-data/psfs/spc_band4_psfs_polaxis-1_20240418.fits
(256, 256)
486 36811.55053400993
Saved data to path  /npool/nvme/kianmilani/disk-data/psfs/spc_band4_psfs_polaxis-1_20240418.fits
(256, 256)
487 36885.83446550369
Saved data to path  /npool/nvme/kianmilani/disk-data/psfs/spc_band4_psfs_polaxis-1_20240418.fits
(256, 256)
488 36960.167474508286
Saved data to path  /npool/nvme/kianmilani/disk-data/psfs/spc_band4_psfs_polaxis-1_20240418.fits
(256, 256)
489 37035.025799274445
Saved data to path  /npool/nvme/kianmilani/disk-data/psfs/spc_band4_psfs_polaxis-1_20240418.fits
(256, 256)
490 37110.920979976654
Saved data to path  /npool/nvme/kianmilani/disk-data/psfs/spc_band4_psfs_polaxis-1_20240418.fits
(256, 256)
491 37189.801522016525
Saved data to path  /npool/nvme/kianmilani/disk-data/psfs/spc_band4_psfs_polaxis-1_20240418.fits
(256, 256)
492 37266.419066905975
Saved data to path  /npool/nvme/kianmilani/disk-data/psfs/spc_band4_psfs_polaxis-1_20240418.fits
(256, 256)
493 37341.95037484169
Saved data to path  /npool/nvme/kianmilani/disk-data/psfs/spc_band4_psfs_polaxis-1_20240418.fits
(256, 256)
494 37416.04603624344
Saved data to path  /npool/nvme/kianmilani/disk-data/psfs/spc_band4_psfs_polaxis-1_20240418.fits
(256, 256)
495 37491.96177840233
Saved data to path  /npool/nvme/kianmilani/disk-data/psfs/spc_band4_psfs_polaxis-1_20240418.fits
(256, 256)
496 37569.545691251755
Saved data to path  /npool/nvme/kianmilani/disk-data/psfs/spc_band4_psfs_polaxis-1_20240418.fits
(256, 256)
497 37643.283630371094
Saved data to path  /npool/nvme/kianmilani/disk-data/psfs/spc_band4_psfs_polaxis-1_20240418.fits
(256, 256)
498 37720.31748628616
Saved data to path  /npool/nvme/kianmilani/disk-data/psfs/spc_band4_psfs_polaxis-1_20240418.fits
(256, 256)
499 37794.984270334244
Saved data to path  /npool/nvme/kianmilani/disk-data/psfs/spc_band4_psfs_polaxis-1_20240418.fits
(256, 256)
500 37870.780822992325
Saved data to path  /npool/nvme/kianmilani/disk-data/psfs/spc_band4_psfs_polaxis-1_20240418.fits
(256, 256)
501 37946.84421849251
Saved data to path  /npool/nvme/kianmilani/disk-data/psfs/spc_band4_psfs_polaxis-1_20240418.fits
(256, 256)
502 38023.25349640846
Saved data to path  /npool/nvme/kianmilani/disk-data/psfs/spc_band4_psfs_polaxis-1_20240418.fits
(256, 256)
503 38098.201145648956
Saved data to path  /npool/nvme/kianmilani/disk-data/psfs/spc_band4_psfs_polaxis-1_20240418.fits
(256, 256)
504 38175.78097105026
Saved data to path  /npool/nvme/kianmilani/disk-data/psfs/spc_band4_psfs_polaxis-1_20240418.fits
(256, 256)
505 38252.33486914635
Saved data to path  /npool/nvme/kianmilani/disk-data/psfs/spc_band4_psfs_polaxis-1_20240418.fits
(256, 256)
506 38325.94326257706
Saved data to path  /npool/nvme/kianmilani/disk-data/psfs/spc_band4_psfs_polaxis-1_20240418.fits
(256, 256)
507 38399.371178627014
Saved data to path  /npool/nvme/kianmilani/disk-data/psfs/spc_band4_psfs_polaxis-1_20240418.fits
(256, 256)
508 38472.51990485191
Saved data to path  /npool/nvme/kianmilani/disk-data/psfs/spc_band4_psfs_polaxis-1_20240418.fits
(256, 256)
509 38550.407009363174
Saved data to path  /npool/nvme/kianmilani/disk-data/psfs/spc_band4_psfs_polaxis-1_20240418.fits
(256, 256)
510 38623.831340789795
Saved data to path  /npool/nvme/kianmilani/disk-data/psfs/spc_band4_psfs_polaxis-1_20240418.fits
(256, 256)
511 38699.253296375275
Saved data to path  /npool/nvme/kianmilani/disk-data/psfs/spc_band4_psfs_polaxis-1_20240418.fits
(256, 256)
512 38777.00309920311
Saved data to path  /npool/nvme/kianmilani/disk-data/psfs/spc_band4_psfs_polaxis-1_20240418.fits
(256, 256)
513 38854.68685412407
Saved data to path  /npool/nvme/kianmilani/disk-data/psfs/spc_band4_psfs_polaxis-1_20240418.fits
(256, 256)
514 38931.91659760475
Saved data to path  /npool/nvme/kianmilani/disk-data/psfs/spc_band4_psfs_polaxis-1_20240418.fits
(256, 256)
515 39008.97320628166
Saved data to path  /npool/nvme/kianmilani/disk-data/psfs/spc_band4_psfs_polaxis-1_20240418.fits
(256, 256)
516 39082.097764253616
Saved data to path  /npool/nvme/kianmilani/disk-data/psfs/spc_band4_psfs_polaxis-1_20240418.fits
(256, 256)
517 39158.602236032486
Saved data to path  /npool/nvme/kianmilani/disk-data/psfs/spc_band4_psfs_polaxis-1_20240418.fits
(256, 256)
518 39235.04248571396
Saved data to path  /npool/nvme/kianmilani/disk-data/psfs/spc_band4_psfs_polaxis-1_20240418.fits
(256, 256)
519 39312.18553876877
Saved data to path  /npool/nvme/kianmilani/disk-data/psfs/spc_band4_psfs_polaxis-1_20240418.fits
(256, 256)
520 39386.20470738411
Saved data to path  /npool/nvme/kianmilani/disk-data/psfs/spc_band4_psfs_polaxis-1_20240418.fits
(256, 256)
521 39462.91596865654
Saved data to path  /npool/nvme/kianmilani/disk-data/psfs/spc_band4_psfs_polaxis-1_20240418.fits
(256, 256)
522 39538.57176733017
Saved data to path  /npool/nvme/kianmilani/disk-data/psfs/spc_band4_psfs_polaxis-1_20240418.fits
(256, 256)
523 39612.467012405396
Saved data to path  /npool/nvme/kianmilani/disk-data/psfs/spc_band4_psfs_polaxis-1_20240418.fits
(256, 256)
524 39686.904495716095
Saved data to path  /npool/nvme/kianmilani/disk-data/psfs/spc_band4_psfs_polaxis-1_20240418.fits
(256, 256)
525 39762.3292529583
Saved data to path  /npool/nvme/kianmilani/disk-data/psfs/spc_band4_psfs_polaxis-1_20240418.fits
(256, 256)
526 39839.09384584427
Saved data to path  /npool/nvme/kianmilani/disk-data/psfs/spc_band4_psfs_polaxis-1_20240418.fits
(256, 256)
527 39916.25231361389
Saved data to path  /npool/nvme/kianmilani/disk-data/psfs/spc_band4_psfs_polaxis-1_20240418.fits
(256, 256)
528 39993.61892223358
Saved data to path  /npool/nvme/kianmilani/disk-data/psfs/spc_band4_psfs_polaxis-1_20240418.fits
(256, 256)
529 40066.966388225555
Saved data to path  /npool/nvme/kianmilani/disk-data/psfs/spc_band4_psfs_polaxis-1_20240418.fits
(256, 256)
530 40144.771342515945
Saved data to path  /npool/nvme/kianmilani/disk-data/psfs/spc_band4_psfs_polaxis-1_20240418.fits
(256, 256)
531 40220.06965923309
Saved data to path  /npool/nvme/kianmilani/disk-data/psfs/spc_band4_psfs_polaxis-1_20240418.fits
(256, 256)
532 40297.85688447952
Saved data to path  /npool/nvme/kianmilani/disk-data/psfs/spc_band4_psfs_polaxis-1_20240418.fits
(256, 256)
533 40373.22585988045
Saved data to path  /npool/nvme/kianmilani/disk-data/psfs/spc_band4_psfs_polaxis-1_20240418.fits
(256, 256)
534 40449.920056819916
Saved data to path  /npool/nvme/kianmilani/disk-data/psfs/spc_band4_psfs_polaxis-1_20240418.fits
(256, 256)
535 40526.6641895771
Saved data to path  /npool/nvme/kianmilani/disk-data/psfs/spc_band4_psfs_polaxis-1_20240418.fits
(256, 256)
536 40602.441812992096
Saved data to path  /npool/nvme/kianmilani/disk-data/psfs/spc_band4_psfs_polaxis-1_20240418.fits
(256, 256)
537 40679.39284181595
Saved data to path  /npool/nvme/kianmilani/disk-data/psfs/spc_band4_psfs_polaxis-1_20240418.fits
(256, 256)
538 40755.64231848717
Saved data to path  /npool/nvme/kianmilani/disk-data/psfs/spc_band4_psfs_polaxis-1_20240418.fits
(256, 256)
539 40831.809674263
Saved data to path  /npool/nvme/kianmilani/disk-data/psfs/spc_band4_psfs_polaxis-1_20240418.fits
(256, 256)
540 40908.148090839386
Saved data to path  /npool/nvme/kianmilani/disk-data/psfs/spc_band4_psfs_polaxis-1_20240418.fits
(256, 256)
541 40983.86880517006
Saved data to path  /npool/nvme/kianmilani/disk-data/psfs/spc_band4_psfs_polaxis-1_20240418.fits
(256, 256)
542 41058.21527838707
Saved data to path  /npool/nvme/kianmilani/disk-data/psfs/spc_band4_psfs_polaxis-1_20240418.fits
(256, 256)
543 41135.171324014664
Saved data to path  /npool/nvme/kianmilani/disk-data/psfs/spc_band4_psfs_polaxis-1_20240418.fits
(256, 256)
544 41213.453577280045
Saved data to path  /npool/nvme/kianmilani/disk-data/psfs/spc_band4_psfs_polaxis-1_20240418.fits
(256, 256)
545 41289.96246218681
Saved data to path  /npool/nvme/kianmilani/disk-data/psfs/spc_band4_psfs_polaxis-1_20240418.fits
(256, 256)
546 41366.94610643387
Saved data to path  /npool/nvme/kianmilani/disk-data/psfs/spc_band4_psfs_polaxis-1_20240418.fits
(256, 256)
547 41442.353011608124
Saved data to path  /npool/nvme/kianmilani/disk-data/psfs/spc_band4_psfs_polaxis-1_20240418.fits
(256, 256)
548 41518.3860912323
Saved data to path  /npool/nvme/kianmilani/disk-data/psfs/spc_band4_psfs_polaxis-1_20240418.fits
(256, 256)
549 41593.78452539444
Saved data to path  /npool/nvme/kianmilani/disk-data/psfs/spc_band4_psfs_polaxis-1_20240418.fits
(256, 256)
550 41669.909147024155
Saved data to path  /npool/nvme/kianmilani/disk-data/psfs/spc_band4_psfs_polaxis-1_20240418.fits
(256, 256)
551 41743.84672880173
Saved data to path  /npool/nvme/kianmilani/disk-data/psfs/spc_band4_psfs_polaxis-1_20240418.fits
(256, 256)
552 41820.62414622307
Saved data to path  /npool/nvme/kianmilani/disk-data/psfs/spc_band4_psfs_polaxis-1_20240418.fits
(256, 256)
553 41895.819112062454
Saved data to path  /npool/nvme/kianmilani/disk-data/psfs/spc_band4_psfs_polaxis-1_20240418.fits
(256, 256)
554 41970.04639196396
Saved data to path  /npool/nvme/kianmilani/disk-data/psfs/spc_band4_psfs_polaxis-1_20240418.fits
(256, 256)
555 42049.04689216614
Saved data to path  /npool/nvme/kianmilani/disk-data/psfs/spc_band4_psfs_polaxis-1_20240418.fits
(256, 256)
556 42128.74322986603
Saved data to path  /npool/nvme/kianmilani/disk-data/psfs/spc_band4_psfs_polaxis-1_20240418.fits
(256, 256)
557 42205.24770832062
Saved data to path  /npool/nvme/kianmilani/disk-data/psfs/spc_band4_psfs_polaxis-1_20240418.fits
(256, 256)
558 42281.644857406616
Saved data to path  /npool/nvme/kianmilani/disk-data/psfs/spc_band4_psfs_polaxis-1_20240418.fits
(256, 256)
559 42360.272146224976
Saved data to path  /npool/nvme/kianmilani/disk-data/psfs/spc_band4_psfs_polaxis-1_20240418.fits
(256, 256)
560 42437.974518060684
Saved data to path  /npool/nvme/kianmilani/disk-data/psfs/spc_band4_psfs_polaxis-1_20240418.fits
(256, 256)
561 42513.629600286484
Saved data to path  /npool/nvme/kianmilani/disk-data/psfs/spc_band4_psfs_polaxis-1_20240418.fits
(256, 256)
562 42591.16690206528
Saved data to path  /npool/nvme/kianmilani/disk-data/psfs/spc_band4_psfs_polaxis-1_20240418.fits
(256, 256)
563 42668.26689386368
Saved data to path  /npool/nvme/kianmilani/disk-data/psfs/spc_band4_psfs_polaxis-1_20240418.fits
(256, 256)
564 42742.20450043678
Saved data to path  /npool/nvme/kianmilani/disk-data/psfs/spc_band4_psfs_polaxis-1_20240418.fits
(256, 256)
565 42820.299379348755
Saved data to path  /npool/nvme/kianmilani/disk-data/psfs/spc_band4_psfs_polaxis-1_20240418.fits
(256, 256)
566 42897.07071471214
Saved data to path  /npool/nvme/kianmilani/disk-data/psfs/spc_band4_psfs_polaxis-1_20240418.fits
(256, 256)
567 42974.240386009216
Saved data to path  /npool/nvme/kianmilani/disk-data/psfs/spc_band4_psfs_polaxis-1_20240418.fits
(256, 256)
568 43047.7838871479
Saved data to path  /npool/nvme/kianmilani/disk-data/psfs/spc_band4_psfs_polaxis-1_20240418.fits
(256, 256)
569 43124.2505967617
Saved data to path  /npool/nvme/kianmilani/disk-data/psfs/spc_band4_psfs_polaxis-1_20240418.fits
(256, 256)
570 43201.03941631317
Saved data to path  /npool/nvme/kianmilani/disk-data/psfs/spc_band4_psfs_polaxis-1_20240418.fits
(256, 256)
571 43277.98059296608
Saved data to path  /npool/nvme/kianmilani/disk-data/psfs/spc_band4_psfs_polaxis-1_20240418.fits
(256, 256)
572 43354.687656879425
Saved data to path  /npool/nvme/kianmilani/disk-data/psfs/spc_band4_psfs_polaxis-1_20240418.fits
(256, 256)
573 43430.234538793564
Saved data to path  /npool/nvme/kianmilani/disk-data/psfs/spc_band4_psfs_polaxis-1_20240418.fits
(256, 256)
574 43505.671438694
Saved data to path  /npool/nvme/kianmilani/disk-data/psfs/spc_band4_psfs_polaxis-1_20240418.fits
(256, 256)
575 43583.61057138443
Saved data to path  /npool/nvme/kianmilani/disk-data/psfs/spc_band4_psfs_polaxis-1_20240418.fits
(256, 256)
576 43660.733117580414
Saved data to path  /npool/nvme/kianmilani/disk-data/psfs/spc_band4_psfs_polaxis-1_20240418.fits
(256, 256)
577 43733.88141465187
Saved data to path  /npool/nvme/kianmilani/disk-data/psfs/spc_band4_psfs_polaxis-1_20240418.fits
(256, 256)
578 43809.007614851
Saved data to path  /npool/nvme/kianmilani/disk-data/psfs/spc_band4_psfs_polaxis-1_20240418.fits
(256, 256)
579 43886.14947223663
Saved data to path  /npool/nvme/kianmilani/disk-data/psfs/spc_band4_psfs_polaxis-1_20240418.fits
(256, 256)
580 43962.8997092247
Saved data to path  /npool/nvme/kianmilani/disk-data/psfs/spc_band4_psfs_polaxis-1_20240418.fits
(256, 256)
581 44039.777443647385
Saved data to path  /npool/nvme/kianmilani/disk-data/psfs/spc_band4_psfs_polaxis-1_20240418.fits
(256, 256)
582 44118.13479304314
Saved data to path  /npool/nvme/kianmilani/disk-data/psfs/spc_band4_psfs_polaxis-1_20240418.fits
(256, 256)
583 44194.255779743195
Saved data to path  /npool/nvme/kianmilani/disk-data/psfs/spc_band4_psfs_polaxis-1_20240418.fits
(256, 256)
584 44270.01163625717
Saved data to path  /npool/nvme/kianmilani/disk-data/psfs/spc_band4_psfs_polaxis-1_20240418.fits
(256, 256)
585 44346.05566763878
Saved data to path  /npool/nvme/kianmilani/disk-data/psfs/spc_band4_psfs_polaxis-1_20240418.fits
(256, 256)
586 44420.73221492767
Saved data to path  /npool/nvme/kianmilani/disk-data/psfs/spc_band4_psfs_polaxis-1_20240418.fits
(256, 256)
587 44495.05905723572
Saved data to path  /npool/nvme/kianmilani/disk-data/psfs/spc_band4_psfs_polaxis-1_20240418.fits
(256, 256)
588 44573.58605003357
Saved data to path  /npool/nvme/kianmilani/disk-data/psfs/spc_band4_psfs_polaxis-1_20240418.fits
(256, 256)
589 44649.50895833969
Saved data to path  /npool/nvme/kianmilani/disk-data/psfs/spc_band4_psfs_polaxis-1_20240418.fits
(256, 256)
590 44723.46956753731
Saved data to path  /npool/nvme/kianmilani/disk-data/psfs/spc_band4_psfs_polaxis-1_20240418.fits
(256, 256)
591 44800.10678100586
Saved data to path  /npool/nvme/kianmilani/disk-data/psfs/spc_band4_psfs_polaxis-1_20240418.fits
(256, 256)
592 44877.185109853745
Saved data to path  /npool/nvme/kianmilani/disk-data/psfs/spc_band4_psfs_polaxis-1_20240418.fits
(256, 256)
593 44952.91972613335
Saved data to path  /npool/nvme/kianmilani/disk-data/psfs/spc_band4_psfs_polaxis-1_20240418.fits
(256, 256)
594 45028.37402224541
Saved data to path  /npool/nvme/kianmilani/disk-data/psfs/spc_band4_psfs_polaxis-1_20240418.fits
(256, 256)
595 45106.04519557953
Saved data to path  /npool/nvme/kianmilani/disk-data/psfs/spc_band4_psfs_polaxis-1_20240418.fits
(256, 256)
596 45182.66580438614
Saved data to path  /npool/nvme/kianmilani/disk-data/psfs/spc_band4_psfs_polaxis-1_20240418.fits
(256, 256)
597 45259.44070696831
Saved data to path  /npool/nvme/kianmilani/disk-data/psfs/spc_band4_psfs_polaxis-1_20240418.fits
(256, 256)
598 45335.35504984856
Saved data to path  /npool/nvme/kianmilani/disk-data/psfs/spc_band4_psfs_polaxis-1_20240418.fits
(256, 256)
599 45411.447304964066
Saved data to path  /npool/nvme/kianmilani/disk-data/psfs/spc_band4_psfs_polaxis-1_20240418.fits
(256, 256)
600 45488.96920847893
Saved data to path  /npool/nvme/kianmilani/disk-data/psfs/spc_band4_psfs_polaxis-1_20240418.fits
(256, 256)
601 45566.073286533356
Saved data to path  /npool/nvme/kianmilani/disk-data/psfs/spc_band4_psfs_polaxis-1_20240418.fits
(256, 256)
602 45642.13426613808
Saved data to path  /npool/nvme/kianmilani/disk-data/psfs/spc_band4_psfs_polaxis-1_20240418.fits
(256, 256)
603 45719.37895345688
Saved data to path  /npool/nvme/kianmilani/disk-data/psfs/spc_band4_psfs_polaxis-1_20240418.fits
(256, 256)
604 45797.26229476929
Saved data to path  /npool/nvme/kianmilani/disk-data/psfs/spc_band4_psfs_polaxis-1_20240418.fits
(256, 256)
605 45873.35222506523
Saved data to path  /npool/nvme/kianmilani/disk-data/psfs/spc_band4_psfs_polaxis-1_20240418.fits
(256, 256)
606 45949.37945985794
Saved data to path  /npool/nvme/kianmilani/disk-data/psfs/spc_band4_psfs_polaxis-1_20240418.fits
(256, 256)
607 46022.62663912773
Saved data to path  /npool/nvme/kianmilani/disk-data/psfs/spc_band4_psfs_polaxis-1_20240418.fits
(256, 256)
608 46100.5561671257
Saved data to path  /npool/nvme/kianmilani/disk-data/psfs/spc_band4_psfs_polaxis-1_20240418.fits
(256, 256)
609 46178.22419309616
Saved data to path  /npool/nvme/kianmilani/disk-data/psfs/spc_band4_psfs_polaxis-1_20240418.fits
(256, 256)
610 46255.52952694893
Saved data to path  /npool/nvme/kianmilani/disk-data/psfs/spc_band4_psfs_polaxis-1_20240418.fits
(256, 256)
611 46332.437076330185
Saved data to path  /npool/nvme/kianmilani/disk-data/psfs/spc_band4_psfs_polaxis-1_20240418.fits
(256, 256)
612 46409.155680179596
Saved data to path  /npool/nvme/kianmilani/disk-data/psfs/spc_band4_psfs_polaxis-1_20240418.fits
(256, 256)
613 46485.43935704231
Saved data to path  /npool/nvme/kianmilani/disk-data/psfs/spc_band4_psfs_polaxis-1_20240418.fits
(256, 256)
614 46560.486919641495
