(61,) [ 0.          0.20721561  0.41443121  0.62164682  0.82886243  1.03607803
  1.24329364  1.45050925  1.65772485  1.86494046  2.07215607  2.27937167
  2.48658728  2.69380289  2.90101849  3.1082341   3.31544971  3.52266531
  3.72988092  3.93709653  4.          4.20721561  4.41443121  4.62164682
  4.82886243  5.03607803  5.24329364  5.45050925  5.65772485  5.86494046
  6.07215607  6.27937167  6.48658728  6.69380289  6.90101849  7.1082341
  7.31544971  7.52266531  7.72988092  7.93709653  8.14431213  8.35152774
  8.55874335  8.76595895  8.97317456  9.          9.41443121  9.82886243
 10.24329364 10.65772485 11.07215607 11.48658728 11.90101849 12.31544971
 12.72988092 13.14431213 13.55874335 13.97317456 14.38760577 14.80203699
 15.2164682 ]
(60,) [  0.   6.  12.  18.  24.  30.  36.  42.  48.  54.  60.  66.  72.  78.
  84.  90.  96. 102. 108. 114. 120. 126. 132. 138. 144. 150. 156. 162.
 168. 174. 180. 186. 192. 198. 204. 210. 216. 222. 228. 234. 240. 246.
 252. 258. 264. 270. 276. 282. 288. 294. 300. 306. 312. 318. 324. 330.
 336. 342. 348. 354.] deg
3660
1 24.675408601760864
2 36.95110845565796
3 49.419025182724
4 61.950939655303955
5 74.13042545318604
6 86.70017075538635
7 99.01544308662415
8 111.47906804084778
9 122.89697170257568
10 134.49671816825867
11 146.96034002304077
12 158.66864776611328
13 171.27596306800842
14 183.43371176719666
15 195.62811946868896
16 207.92314910888672
17 220.33189916610718
18 232.75560212135315
19 245.22503280639648
20 256.91568756103516
21 268.98075699806213
22 280.44922256469727
23 292.97323060035706
24 304.72444343566895
25 316.4803538322449
26 328.569518327713
27 340.93621492385864
28 353.3700807094574
29 365.5264341831207
30 376.971107006073
31 388.7059714794159
32 400.63418793678284
33 412.57629561424255
34 424.69292640686035
35 437.11274313926697
36 449.5715825557709
37 462.11420726776123
38 474.45599150657654
39 486.56177973747253
40 498.356143951416
41 510.0752823352814
42 522.5145537853241
43 534.5271656513214
44 546.2693712711334
45 558.7017552852631
46 570.8018314838409
47 583.2094807624817
48 595.6766557693481
49 608.0480043888092
50 620.4999659061432
51 631.9881823062897
52 644.2062683105469
53 656.7818083763123
54 669.2935543060303
55 681.5864307880402
56 693.7084288597107
57 705.5219089984894
58 717.5769765377045
59 729.1019330024719
60 741.5849225521088
61 753.7469108104706
62 765.2078874111176
63 777.0171129703522
64 789.0919849872589
65 801.3115830421448
66 813.6971983909607
67 825.9065630435944
68 838.0405740737915
69 850.4985861778259
70 863.0300018787384
71 875.407860994339
72 887.593325138092
73 899.0829174518585
74 910.4150409698486
75 922.1385972499847
76 934.5607476234436
77 947.005678653717
78 959.2253897190094
79 971.1775081157684
80 983.819687128067
81 996.4693038463593
82 1008.8008735179901
83 1020.8439111709595
84 1033.4625623226166
85 1045.7425079345703
86 1058.2786831855774
87 1070.7916960716248
88 1083.0345828533173
89 1095.4013402462006
90 1107.9429469108582
91 1120.3279311656952
92 1132.7525596618652
93 1144.2348642349243
94 1156.7288868427277
95 1169.1511175632477
96 1181.6169888973236
97 1193.7893335819244
98 1206.0400002002716
99 1218.040242433548
100 1229.3781344890594
101 1241.6604001522064
102 1252.9455749988556
103 1264.643096446991
104 1276.6235213279724
105 1289.381269454956
106 1301.0275528430939
107 1313.3797359466553
108 1325.8715970516205
109 1337.373986005783
110 1349.519865989685
111 1361.9649567604065
112 1374.2540752887726
113 1387.1832582950592
114 1399.620726108551
115 1411.7825105190277
116 1424.1519584655762
117 1436.5336563587189
118 1448.181750535965
119 1460.3837258815765
120 1472.9398126602173
121 1484.7126016616821
122 1497.1730735301971
123 1509.6089341640472
124 1522.1329593658447
125 1534.5607171058655
126 1547.0437684059143
127 1559.618336200714
128 1572.0119950771332
129 1584.551860332489
130 1596.9796540737152
131 1609.5097665786743
132 1621.9224457740784
133 1633.9082579612732
134 1646.5887746810913
135 1658.506136417389
136 1670.5360615253448
137 1682.8877243995667
138 1694.891830921173
139 1707.413652896881
140 1719.675467967987
141 1732.2808425426483
142 1744.5503249168396
143 1756.1099500656128
144 1767.640454530716
145 1779.8874611854553
146 1792.0724341869354
147 1803.8196952342987
148 1816.1880514621735
149 1828.4879913330078
150 1840.045524597168
151 1852.3747527599335
152 1864.8550970554352
153 1876.861516237259
154 1889.3552477359772
155 1901.5771052837372
156 1914.0333247184753
157 1925.8513941764832
158 1938.8676686286926
159 1951.8789024353027
160 1964.4518582820892
161 1976.92870759964
162 1989.2152523994446
163 2001.8628623485565
164 2014.3195977210999
165 2026.8447363376617
166 2039.1588900089264
167 2050.953140735626
168 2063.4779546260834
169 2075.121175765991
170 2087.499416589737
171 2098.9765450954437
172 2111.273858308792
173 2123.931897878647
174 2135.4863755702972
175 2147.7598605155945
176 2160.1817514896393
177 2172.323723077774
178 2184.6495785713196
179 2197.090483903885
180 2209.5505032539368
181 2221.99844789505
182 2233.687560081482
183 2245.897135734558
184 2257.295827150345
185 2269.436090707779
186 2281.6666066646576
187 2294.0106959342957
188 2306.387183904648
189 2319.0286276340485
190 2331.3509719371796
191 2343.6257865428925
192 2355.8213591575623
193 2368.1888172626495
194 2380.5661334991455
195 2393.120058298111
196 2405.5835337638855
197 2418.043689727783
198 2430.6520607471466
199 2443.1711723804474
200 2455.390384197235
201 2467.7461438179016
202 2480.24866771698
203 2492.5495042800903
204 2504.964983224869
205 2516.6439533233643
206 2528.9852619171143
207 2540.557820081711
208 2552.0420186519623
209 2564.4074053764343
210 2576.7953424453735
211 2588.362202644348
212 2600.6631717681885
213 2613.0106496810913
214 2624.642766714096
215 2637.072422504425
216 2649.0129652023315
217 2661.0728850364685
218 2673.1571736335754
219 2685.732269525528
220 2697.2873628139496
221 2709.748808860779
222 2722.191153526306
223 2733.697066307068
224 2745.9005048274994
225 2758.2365646362305
226 2770.014922618866
227 2782.3614645004272
228 2794.582947731018
229 2806.2030205726624
230 2819.140690803528
231 2831.685211658478
232 2844.216650247574
233 2856.6444520950317
234 2868.99321103096
235 2881.3340272903442
236 2893.761054754257
237 2905.6333754062653
238 2917.9542894363403
239 2930.0341103076935
240 2942.394003868103
241 2954.6487703323364
242 2967.0935201644897
243 2979.35884475708
244 2991.5482499599457
245 3003.248131275177
246 3015.8081936836243
247 3028.7871100902557
248 3040.9726428985596
249 3053.1949524879456
250 3065.8588602542877
251 3077.8415353298187
252 3090.166193008423
253 3102.75190615654
254 3114.9597551822662
255 3127.3588259220123
256 3139.794446706772
257 3152.0410001277924
258 3163.9069554805756
259 3175.4653074741364
260 3187.292256832123
261 3199.228413105011
262 3211.8667919635773
263 3223.912647485733
264 3236.246753692627
265 3248.539841890335
266 3261.1190071105957
267 3273.7088272571564
268 3285.78844499588
269 3297.633175611496
270 3309.978411436081
271 3322.4186356067657
272 3334.4400753974915
273 3347.309405565262
274 3358.828358411789
275 3371.12850689888
276 3383.671634197235
277 3394.9891905784607
278 3407.169149875641
279 3419.8773102760315
280 3431.9502687454224
281 3443.6355590820312
282 3455.9326832294464
283 3468.6818742752075
284 3480.894772052765
285 3493.6165244579315
286 3505.9948892593384
287 3518.6138055324554
288 3530.259086370468
289 3542.6777465343475
290 3554.545330286026
291 3567.139799594879
292 3579.5486450195312
293 3592.1299438476562
294 3604.3917121887207
295 3617.17596244812
296 3629.3372955322266
297 3641.5896356105804
298 3654.0296914577484
299 3666.1363894939423
300 3678.507440805435
301 3690.944478034973
302 3703.397191286087
303 3715.546128988266
304 3727.511156797409
305 3740.296659231186
306 3752.5985069274902
307 3765.9544801712036
308 3777.41845035553
309 3789.9942626953125
310 3802.607561826706
311 3814.8550324440002
312 3826.932948112488
313 3839.2587461471558
314 3852.134309530258
315 3863.4277999401093
316 3875.928371667862
317 3888.318750143051
318 3900.739669084549
319 3912.3654296398163
320 3924.620281934738
321 3935.9992382526398
322 3948.3686821460724
323 3960.6525530815125
324 3973.0326249599457
325 3985.6708941459656
326 3997.2204513549805
327 4009.583836555481
328 4021.9923465251923
329 4033.4053292274475
330 4045.917762041092
331 4058.4205219745636
332 4070.830825328827
333 4083.222071647644
334 4095.5673213005066
335 4107.876109361649
336 4120.065833806992
337 4132.677503824234
338 4144.594058513641
339 4155.962676286697
340 4168.638257265091
341 4180.79984498024
342 4193.2821362018585
343 4205.814628124237
344 4217.926153182983
345 4230.500108718872
346 4242.807870864868
347 4255.065223693848
348 4267.580243587494
349 4280.557926654816
350 4292.872121810913
351 4304.586047172546
352 4316.196498394012
353 4328.338896274567
354 4340.535495996475
355 4352.833166360855
356 4365.3030705451965
357 4377.763689994812
358 4390.433041334152
359 4402.379172801971
360 4414.710904836655
361 4427.033146619797
362 4438.754372835159
363 4451.1972913742065
364 4463.258347272873
365 4475.652736186981
366 4488.256386756897
367 4499.78017449379
368 4511.465959787369
369 4524.226111650467
370 4536.920480012894
371 4548.567003250122
372 4561.106807231903
373 4573.477168798447
374 4586.057065486908
375 4598.120249509811
376 4610.647654056549
377 4622.837830066681
378 4635.184772729874
379 4647.646618843079
380 4660.368113040924
381 4672.82849407196
382 4685.367215633392
383 4698.1036467552185
384 4709.432954788208
385 4721.600066661835
386 4733.942100286484
387 4745.870799303055
388 4757.998801231384
389 4770.122083425522
390 4782.596354961395
391 4795.096864938736
392 4807.373879432678
393 4819.261641025543
394 4831.238921880722
395 4842.608276605606
396 4854.8942539691925
397 4867.118238210678
398 4879.309818983078
399 4891.889885902405
400 4904.70282292366
401 4917.052264928818
402 4929.205803632736
403 4941.72062420845
404 4953.12744140625
405 4964.852826118469
406 4977.251169919968
407 4989.759582281113
408 5002.357407569885
409 5014.707303762436
410 5026.656150817871
411 5039.255254030228
412 5051.213975906372
413 5062.820239543915
414 5075.585692882538
415 5087.152528762817
416 5099.090838909149
417 5111.394863128662
418 5123.769562244415
419 5135.533892393112
420 5147.246639728546
421 5159.062287569046
422 5171.766034126282
423 5184.305653095245
424 5197.143793821335
425 5208.892912149429
426 5220.814955949783
427 5232.970794200897
428 5245.464627981186
429 5257.754080295563
430 5269.734374761581
431 5281.921557188034
432 5293.889844417572
433 5306.090184211731
434 5317.738732814789
435 5329.283929347992
436 5341.473093748093
437 5354.432267665863
438 5366.085246324539
439 5378.17511510849
440 5390.749253034592
441 5402.102572441101
442 5413.598768949509
443 5426.331429719925
444 5438.44416642189
445 5451.054541349411
446 5463.284885406494
447 5475.437829732895
448 5487.754753828049
449 5500.171484231949
450 5511.835900306702
451 5523.24189043045
452 5535.720865249634
453 5548.1892194747925
454 5560.681350708008
455 5572.556417942047
456 5584.877609491348
457 5597.161944150925
458 5609.562482118607
459 5622.012761116028
460 5634.419762611389
461 5646.613245487213
462 5658.213447093964
463 5670.704780817032
464 5682.853946447372
465 5695.174159526825
466 5707.698476552963
467 5720.057169914246
468 5732.604548215866
469 5744.856200695038
470 5757.428325891495
471 5769.919098615646
472 5782.311784505844
473 5794.397172689438
474 5806.1765649318695
475 5818.034310102463
476 5829.945269346237
477 5842.541491270065
478 5854.9941782951355
479 5867.3315551280975
480 5879.656108140945
481 5892.067910671234
482 5903.985515832901
483 5915.827467441559
484 5927.472013711929
485 5939.980708122253
486 5952.057687520981
487 5964.340010404587
488 5976.742618083954
489 5988.942663431168
490 6001.66520690918
491 6014.013746976852
492 6025.471617698669
493 6037.886116981506
494 6050.06095123291
495 6062.448025226593
496 6075.044232368469
497 6087.479790210724
498 6100.063127994537
499 6112.544903993607
500 6124.919899940491
501 6137.434285879135
502 6148.865674257278
503 6160.3174867630005
504 6172.587230682373
505 6184.277727842331
506 6196.586134672165
507 6209.156737327576
508 6220.83491897583
509 6232.9891657829285
510 6244.405402421951
511 6256.685964822769
512 6268.064383268356
513 6279.684658050537
514 6291.25979590416
515 6302.61287522316
516 6315.122134208679
517 6327.401868343353
518 6339.68838429451
519 6352.081650018692
520 6363.703502178192
521 6376.207279443741
522 6387.6651175022125
523 6399.613746643066
524 6412.037952184677
525 6423.8217253685
526 6435.301668643951
527 6447.4163410663605
528 6459.302730321884
529 6471.725887537003
530 6484.11151099205
531 6495.638673067093
532 6508.106137037277
533 6520.122373342514
534 6531.625722885132
535 6543.923384189606
536 6556.199309825897
537 6568.662713527679
538 6581.193651199341
539 6593.65129160881
540 6605.987666606903
541 6618.267747879028
542 6630.11767077446
543 6642.48920249939
544 6653.847784042358
545 6666.163421392441
546 6678.625636100769
547 6691.146859169006
548 6703.690692663193
549 6716.021019220352
550 6728.251247882843
551 6740.586251735687
552 6753.077664136887
553 6764.580351352692
554 6776.971735715866
555 6789.485125780106
556 6801.983687639236
557 6813.58323431015
558 6826.141215085983
559 6838.342204809189
560 6850.586632490158
561 6863.052146196365
562 6875.412328004837
563 6887.205373764038
564 6899.5782108306885
565 6912.220396280289
566 6924.583012104034
567 6936.942169189453
568 6949.482402086258
569 6961.702581167221
570 6974.202667951584
571 6986.714198350906
572 6998.939576625824
573 7011.222291707993
574 7023.421610593796
575 7035.856837749481
576 7048.269865036011
577 7059.730889797211
578 7071.947834014893
579 7084.325840950012
580 7096.8588190078735
581 7109.258788347244
582 7121.603896856308
583 7134.102831840515
584 7146.30924654007
585 7158.724087238312
586 7170.754446029663
587 7183.10525560379
588 7194.545197725296
589 7206.071165561676
590 7218.653827190399
591 7231.210488080978
592 7243.676081418991
593 7255.377425670624
594 7267.794403553009
595 7279.942987203598
596 7292.24738574028
597 7303.8425126075745
598 7316.3381469249725
599 7328.407401800156
600 7339.923482656479
601 7351.570272445679
602 7363.208011388779
603 7375.584846973419
604 7387.913022518158
605 7400.369955539703
606 7412.643850803375
607 7425.055112838745
608 7436.6205513477325
609 7449.041673183441
610 7461.355673313141
611 7472.813518047333
612 7484.934945106506
613 7497.584630727768
614 7509.823816776276
615 7521.151345491409
616 7533.26317691803
617 7545.652873754501
618 7558.052411079407
619 7569.428155899048
620 7581.586903095245
621 7593.801357984543
622 7606.246055364609
623 7617.5941157341
624 7630.190118074417
625 7642.650381326675
626 7654.627844810486
627 7666.129532337189
628 7678.353972911835
629 7690.697433948517
630 7702.797504425049
631 7714.9313015937805
632 7727.36944270134
633 7739.047436475754
634 7751.533574104309
635 7764.138076543808
636 7775.782769441605
637 7787.99171090126
638 7800.364645719528
639 7812.711268424988
640 7825.050836324692
641 7837.441324472427
642 7849.320556640625
643 7861.039828300476
644 7873.52506685257
645 7885.924000740051
646 7897.991728067398
647 7909.864968061447
648 7922.49240732193
649 7934.783555984497
650 7947.053702116013
651 7959.513356208801
652 7971.223308801651
653 7983.485146284103
654 7995.072920799255
655 8007.00069642067
656 8019.233981132507
657 8030.745081186295
658 8043.197148323059
659 8055.317178726196
660 8067.709740400314
661 8080.224771976471
662 8092.711396455765
663 8104.9033670425415
664 8116.421096324921
665 8128.507737874985
666 8141.2199511528015
667 8153.700808525085
668 8166.189659357071
669 8178.748786687851
670 8191.27938079834
671 8203.68943142891
672 8216.189331293106
673 8228.632950782776
674 8240.16466474533
675 8252.618214845657
676 8265.019577503204
677 8276.565882205963
678 8288.99952340126
679 8301.530357122421
680 8313.891363859177
681 8326.221768379211
682 8338.637529611588
683 8350.779910326004
684 8363.162060260773
685 8375.356209754944
686 8387.83896946907
687 8400.132668018341
688 8412.637856006622
689 8424.95762705803
690 8437.361904382706
691 8449.666016817093
692 8462.275644302368
693 8474.295751333237
694 8486.587596178055
695 8498.679263830185
696 8510.615932941437
697 8522.69353222847
698 8534.21384882927
699 8546.529465913773
700 8558.595494270325
701 8570.082515239716
702 8582.469354391098
703 8595.071118593216
704 8607.483067512512
705 8619.999861240387
706 8632.505399227142
707 8644.979684352875
708 8657.375925064087
709 8669.818086862564
710 8682.32897901535
711 8694.7306702137
712 8706.718668222427
713 8718.864964008331
714 8731.29760313034
715 8743.761647939682
716 8755.931489229202
717 8767.980998277664
718 8780.446824073792
719 8792.258338212967
720 8804.82250547409
721 8817.173374176025
722 8829.785444021225
723 8841.518676757812
724 8853.637154102325
725 8865.704500436783
726 8877.550340652466
727 8890.102079868317
728 8902.528421878815
729 8915.081955432892
730 8927.351240158081
731 8939.646322488785
732 8952.297226428986
733 8964.54496383667
734 8976.974284887314
735 8988.845710039139
736 9001.477421998978
737 9013.736580133438
738 9026.409844398499
739 9038.359090089798
740 9050.491747140884
741 9062.600088596344
742 9074.80944108963
743 9086.926780462265
744 9099.343333482742
745 9111.72999382019
746 9124.44922208786
747 9136.06017947197
748 9148.658839464188
749 9160.905665397644
750 9173.264591693878
751 9185.943162679672
752 9197.93976020813
753 9210.232563018799
754 9222.779769420624
755 9235.00861287117
756 9246.739318609238
757 9258.69880771637
758 9270.979840040207
759 9283.249511480331
760 9295.800503969193
761 9308.342692613602
762 9319.80375623703
763 9332.110642194748
764 9344.759581565857
765 9356.998994350433
766 9369.014860868454
767 9380.650678634644
768 9392.502175331116
769 9404.756585121155
770 9417.12852025032
771 9428.58627319336
772 9440.932184457779
773 9452.48837518692
774 9464.90161705017
775 9476.810743808746
776 9489.014995336533
777 9501.43042254448
778 9513.138822555542
779 9525.688039302826
780 9538.217696905136
781 9551.025134086609
782 9563.410324811935
783 9576.127826213837
784 9588.471540689468
785 9600.56708931923
786 9612.890240430832
787 9625.287284374237
788 9637.74699640274
789 9650.070841312408
790 9661.731383562088
791 9673.96087193489
792 9686.505189418793
793 9699.226846933365
794 9711.54009771347
795 9723.296144247055
796 9735.877576112747
797 9748.087539672852
798 9759.618680715561
799 9772.385365247726
800 9785.016031265259
801 9797.52405333519
802 9809.778156042099
803 9822.189611911774
804 9834.756160259247
805 9847.019900083542
806 9859.246527910233
807 9871.513768911362
808 9884.18730354309
809 9896.403245449066
810 9909.091796398163
811 9921.76019191742
812 9934.04503273964
813 9946.45843076706
814 9958.840626478195
815 9971.08636188507
816 9983.297063827515
817 9995.726321935654
818 10007.88341331482
819 10019.92060470581
820 10031.732430696487
821 10044.147845506668
822 10055.775770902634
823 10068.194666862488
824 10079.922496080399
825 10092.218859910965
826 10104.716673135757
827 10116.186373233795
828 10128.529590845108
829 10139.964085817337
830 10152.084399700165
831 10164.521518945694
832 10177.051062107086
833 10189.443531036377
834 10200.976933479309
835 10212.425718307495
836 10223.762773275375
837 10236.219682693481
838 10248.654431343079
839 10260.866367816925
840 10273.195937633514
841 10285.032710790634
842 10296.7102394104
843 10309.30830669403
844 10321.81484246254
845 10333.689096450806
846 10345.939807653427
847 10358.159499406815
848 10370.441655874252
849 10382.78178524971
850 10395.402662992477
851 10407.56096124649
852 10419.99271941185
853 10432.170046806335
854 10443.79965543747
855 10456.450894594193
856 10468.685725450516
857 10481.045631408691
858 10493.545858860016
859 10505.363677978516
860 10516.929304599762
861 10529.266581773758
862 10541.781579256058
863 10554.274515628815
864 10566.786726236343
865 10578.840509176254
866 10590.363243103027
867 10601.873414516449
868 10614.414574623108
869 10626.678312301636
870 10639.394989728928
871 10651.64912700653
872 10663.949160814285
873 10676.177863836288
874 10688.073654174805
875 10700.306134700775
876 10712.73714518547
877 10725.109436511993
878 10737.640879631042
879 10750.037111520767
880 10762.412585020065
881 10774.80539226532
882 10787.314633369446
883 10798.772241353989
884 10811.099583387375
885 10823.509305000305
886 10835.746221780777
887 10847.210212230682
888 10859.508336782455
889 10872.027079343796
890 10883.819212198257
891 10896.15103149414
892 10908.389451026917
893 10920.992775678635
894 10933.481533050537
895 10946.197889566422
896 10958.655183792114
897 10970.961978912354
898 10983.04146194458
899 10994.470343351364
900 11006.939756393433
901 11018.456745624542
902 11031.319874048233
903 11043.688886165619
904 11055.718619823456
905 11068.034214019775
906 11080.364430427551
907 11093.294595718384
908 11106.402998685837
909 11119.239197969437
910 11131.859976530075
911 11144.217216730118
912 11156.641926050186
913 11168.865195035934
914 11181.157036304474
915 11193.453728675842
916 11204.810829639435
917 11216.312925577164
918 11227.79100561142
919 11240.080614328384
920 11251.644411325455
921 11263.285097360611
922 11274.789941310883
923 11287.26689338684
924 11298.627134084702
925 11310.377966165543
926 11322.503807544708
927 11334.982636213303
928 11347.65680885315
929 11359.203513860703
930 11371.382972955704
931 11383.023707866669
932 11395.470943927765
933 11407.850581169128
934 11420.420089483261
935 11432.969847679138
936 11445.462679386139
937 11457.01457977295
938 11469.950060129166
939 11481.69749712944
940 11493.974439382553
941 11506.156781435013
942 11518.589527368546
943 11530.055696964264
944 11542.342322826385
945 11554.822263717651
946 11566.339128255844
947 11577.747225999832
948 11590.247016191483
949 11602.73682808876
950 11615.131916046143
951 11627.62839770317
952 11640.28628706932
953 11652.706858634949
954 11665.130106925964
955 11677.62203669548
956 11689.91414642334
957 11702.213636636734
958 11714.423060417175
959 11726.062433719635
960 11738.072600841522
961 11749.689327955246
962 11761.856013774872
963 11774.153969049454
964 11786.613344430923
965 11797.944571495056
966 11810.265624523163
967 11822.775690555573
968 11834.979378938675
969 11847.536551475525
970 11860.057478666306
971 11872.273338079453
972 11883.672357559204
973 11895.12716460228
974 11907.254041671753
975 11919.205935239792
976 11931.649780511856
977 11943.627137184143
978 11956.01933479309
979 11967.396446943283
980 11980.047892332077
981 11992.33023738861
982 12003.807193994522
983 12016.117039442062
984 12028.352417469025
985 12040.739219427109
986 12053.014983415604
987 12064.557483911514
988 12077.436911821365
989 12089.87670135498
990 12102.316065788269
991 12114.840386152267
992 12127.060198307037
993 12139.229261398315
994 12151.511592388153
995 12164.09208226204
996 12176.370084285736
997 12188.819261789322
998 12201.204833507538
999 12213.454293251038
1000 12225.880679607391
1001 12238.10406947136
1002 12250.625739336014
1003 12263.1348528862
1004 12275.422606945038
1005 12286.816532850266
1006 12298.933777570724
1007 12310.419704437256
1008 12322.687783956528
1009 12335.05502319336
1010 12347.274253606796
1011 12358.752764701843
1012 12370.384818792343
1013 12382.380179405212
1014 12394.861873149872
1015 12406.92874121666
1016 12419.116899967194
1017 12431.681552886963
1018 12444.105922698975
1019 12455.540416002274
1020 12467.922263383865
1021 12479.528920412064
1022 12491.769389390945
1023 12503.499349355698
1024 12514.801062822342
1025 12526.918483018875
1026 12539.450880527496
1027 12551.503697633743
1028 12562.88646364212
1029 12575.378429889679
1030 12587.002726078033
1031 12598.71457195282
1032 12610.840846538544
1033 12623.185051441193
1034 12635.402071714401
1035 12647.88391828537
1036 12659.227806091309
1037 12670.590450763702
1038 12682.325201749802
1039 12694.32681465149
1040 12705.874232292175
1041 12717.900544404984
1042 12730.215402841568
1043 12742.712008953094
1044 12754.756166219711
1045 12766.912881851196
1046 12779.449455976486
1047 12791.524446487427
1048 12803.572320699692
1049 12815.745821237564
1050 12827.830718755722
1051 12840.089968204498
1052 12852.664771080017
1053 12864.936775684357
1054 12877.234204053879
1055 12889.782463788986
1056 12902.02470755577
1057 12914.052459001541
1058 12926.226930618286
1059 12938.730905294418
1060 12951.212428569794
1061 12963.466637849808
1062 12975.724172592163
1063 12988.183339834213
1064 13000.73340511322
1065 13013.123333215714
1066 13025.576676130295
1067 13038.107028961182
1068 13050.484501123428
1069 13062.96062541008
1070 13074.839349508286
1071 13086.984004735947
1072 13099.40263414383
1073 13111.578775167465
1074 13124.111706972122
1075 13135.751767635345
1076 13148.177197694778
1077 13160.711090803146
1078 13172.132240056992
1079 13184.309765815735
1080 13196.737374305725
1081 13209.17292547226
1082 13221.721296787262
1083 13234.270336389542
1084 13246.694231748581
1085 13258.041910409927
1086 13270.387320280075
1087 13282.446693181992
1088 13295.045331716537
1089 13307.336196660995
1090 13319.670719385147
1091 13331.680426359177
1092 13344.152195930481
1093 13356.989349603653
1094 13369.26913189888
1095 13381.594335079193
1096 13393.395444393158
1097 13404.93826842308
1098 13417.31879067421
1099 13429.724171638489
1100 13441.221697092056
1101 13453.710609912872
1102 13466.022980213165
1103 13478.308979988098
1104 13490.185081481934
1105 13502.750993967056
1106 13515.27412056923
1107 13527.62729883194
1108 13540.189522266388
1109 13552.491745471954
1110 13565.016963481903
1111 13577.317273139954
1112 13589.286336183548
1113 13601.690307378769
1114 13614.261031866074
1115 13626.170232057571
1116 13637.960687160492
1117 13649.986941337585
1118 13662.52392911911
1119 13674.682147741318
1120 13687.093089580536
1121 13699.167643785477
1122 13711.772777795792
1123 13723.101306438446
1124 13735.271213054657
1125 13746.83706665039
1126 13759.298743009567
1127 13771.527263641357
1128 13783.655164003372
1129 13796.330662250519
1130 13808.243801355362
1131 13820.743770122528
1132 13832.87057352066
1133 13844.738614320755
1134 13857.774181842804
1135 13870.20224571228
1136 13883.009808063507
1137 13895.549695014954
1138 13907.034954547882
1139 13919.547985076904
1140 13931.746838331223
1141 13944.13285279274
1142 13955.829516410828
1143 13968.074342012405
1144 13980.59264922142
1145 13992.368263483047
1146 14004.741667747498
1147 14017.720928192139
1148 14030.07024860382
1149 14042.489915132523
1150 14055.34741139412
1151 14067.955884695053
1152 14079.771611690521
1153 14092.388359308243
1154 14104.667629241943
1155 14117.147322893143
1156 14129.333469629288
1157 14141.124771356583
1158 14153.544645547867
1159 14165.606221437454
1160 14177.915440320969
1161 14189.717829465866
1162 14202.092412233353
1163 14214.398246765137
1164 14226.532211303711
1165 14238.925810337067
1166 14251.484182596207
1167 14264.022543430328
1168 14276.29898405075
1169 14287.86732840538
1170 14300.306868314743
1171 14311.856962919235
1172 14323.564427614212
1173 14335.95774102211
1174 14348.22272849083
1175 14359.976234197617
1176 14372.02525305748
1177 14384.056966543198
1178 14395.719454526901
1179 14408.610915899277
1180 14421.060578584671
1181 14433.477680444717
1182 14445.79229927063
1183 14458.61731004715
1184 14471.035283565521
1185 14483.290186166763
1186 14494.684799194336
1187 14507.397686481476
1188 14520.09578704834
1189 14532.742067098618
1190 14545.450337648392
1191 14557.692339897156
1192 14570.071623563766
1193 14582.231625318527
1194 14594.589893579483
1195 14606.920907974243
1196 14619.222800970078
1197 14631.638839483261
1198 14644.138202428818
1199 14656.649672269821
1200 14668.13673043251
1201 14680.47017788887
1202 14692.943739175797
1203 14705.393510818481
1204 14717.573548078537
1205 14729.745753288269
1206 14742.194715976715
1207 14754.396208763123
1208 14766.953202009201
1209 14779.269200325012
1210 14791.646048784256
1211 14803.925235033035
1212 14815.783425807953
1213 14828.05317568779
1214 14839.628752708435
1215 14852.393805027008
1216 14863.907593250275
1217 14876.297689437866
1218 14888.675537109375
1219 14900.848980426788
1220 14913.143939733505
1221 14925.508247613907
1222 14937.57198190689
1223 14949.880341291428
1224 14961.405250310898
1225 14973.921898841858
1226 14986.272337436676
1227 14998.710631370544
1228 15011.291932582855
1229 15023.109456062317
1230 15035.201098442078
1231 15047.679456472397
1232 15060.18094420433
1233 15072.516687393188
1234 15085.034507274628
1235 15097.571854352951
1236 15110.016353845596
1237 15121.42823958397
1238 15134.000606060028
1239 15146.596439361572
1240 15158.88589477539
1241 15170.786302804947
1242 15183.360038757324
1243 15195.873792648315
1244 15208.63390994072
1245 15221.002161741257
1246 15233.497622013092
1247 15245.925301790237
1248 15258.37655544281
1249 15270.788743257523
1250 15283.328852176666
1251 15295.676809072495
1252 15308.03057718277
1253 15320.304074525833
1254 15332.48824596405
1255 15344.711423397064
1256 15356.9633603096
1257 15369.490343093872
1258 15381.821409463882
1259 15394.193018436432
1260 15406.743324041367
1261 15419.004758834839
1262 15430.7143907547
1263 15442.228496074677
1264 15454.424853563309
1265 15466.943874835968
1266 15479.505903244019
1267 15491.765219211578
1268 15504.027565479279
1269 15516.63846540451
1270 15528.984233379364
1271 15541.291020870209
1272 15553.787113666534
1273 15565.958224058151
1274 15578.29978275299
1275 15589.759235143661
1276 15602.097348928452
1277 15614.749580144882
1278 15627.395416975021
1279 15639.401575803757
1280 15651.670941114426
1281 15663.683317661285
1282 15675.240370988846
1283 15687.560778141022
1284 15700.132271289825
1285 15712.452777385712
1286 15725.016185998917
1287 15737.3736577034
1288 15749.69190621376
1289 15761.74787569046
1290 15774.167773246765
1291 15786.053389072418
1292 15797.706421613693
1293 15809.116926431656
1294 15820.849436998367
1295 15833.428896188736
1296 15846.00120472908
1297 15858.213401556015
1298 15869.941103458405
1299 15882.165734767914
1300 15894.456753253937
1301 15907.116422653198
1302 15919.383118867874
1303 15932.016040086746
1304 15943.601683139801
1305 15956.068864107132
1306 15968.584829568863
1307 15980.943295001984
1308 15993.018744945526
1309 16005.28617978096
1310 16017.732669830322
1311 16029.335125923157
1312 16041.979206562042
1313 16054.187446117401
1314 16065.703454732895
1315 16077.993007659912
1316 16090.306713104248
1317 16102.743623971939
1318 16114.976385593414
1319 16126.942223072052
1320 16139.037688732147
1321 16151.780696868896
1322 16164.295208215714
1323 16176.33691239357
1324 16187.86858510971
1325 16200.221001625061
1326 16211.723400115967
1327 16223.91022849083
1328 16235.589398622513
1329 16247.128373384476
1330 16259.275743961334
1331 16271.638040065765
1332 16284.270221710205
1333 16296.75836801529
1334 16308.489586353302
1335 16320.832015991211
1336 16333.722974538803
1337 16346.283279895782
1338 16358.404220342636
1339 16370.39495229721
1340 16382.800235748291
1341 16395.46710205078
1342 16407.584416389465
1343 16420.190153837204
1344 16432.499198913574
1345 16443.999576091766
1346 16456.04613852501
1347 16468.483112573624
1348 16481.09487438202
1349 16492.951499462128
1350 16505.177343845367
1351 16516.66704106331
1352 16528.186100244522
1353 16540.685839891434
1354 16552.477343320847
1355 16564.520295619965
1356 16576.538058042526
1357 16589.16457247734
1358 16601.661714315414
1359 16614.23482465744
1360 16626.64422774315
1361 16638.342752218246
1362 16650.687216997147
1363 16662.29296064377
1364 16674.523822546005
1365 16687.06209874153
1366 16699.571634292603
1367 16712.04392838478
1368 16724.338131666183
1369 16736.676226377487
1370 16749.206926107407
1371 16760.79678797722
1372 16773.249961853027
1373 16785.503388881683
1374 16797.217441797256
1375 16809.27476143837
1376 16821.62869811058
1377 16833.608350753784
1378 16845.694802999496
1379 16857.45784187317
1380 16869.822836637497
1381 16882.06391477585
1382 16893.60694169998
1383 16905.9916036129
1384 16918.420523166656
1385 16930.04886651039
1386 16942.36085343361
1387 16954.589460849762
1388 16968.222165107727
1389 16980.809598207474
1390 16992.910893917084
1391 17005.431365013123
1392 17017.991997480392
1393 17029.46509552002
1394 17041.96403503418
1395 17054.341759443283
1396 17067.05795431137
1397 17079.44611763954
1398 17091.848333358765
1399 17104.049867868423
1400 17116.314683914185
1401 17128.55684185028
1402 17140.450642108917
1403 17152.72176361084
1404 17164.83625102043
1405 17176.444443941116
1406 17189.165558099747
1407 17201.7619638443
1408 17213.5151617527
1409 17226.023419857025
1410 17238.481204032898
1411 17250.922510623932
1412 17263.159353494644
1413 17275.472783327103
1414 17288.01094007492
1415 17299.76022052765
1416 17311.855276823044
1417 17323.89110517502
1418 17336.309116125107
1419 17348.20960855484
1420 17360.885560274124
1421 17373.250339746475
1422 17385.44863319397
1423 17397.039180994034
1424 17409.45454144478
1425 17420.872048139572
1426 17433.252073526382
1427 17445.87706398964
1428 17457.822386980057
1429 17470.552062511444
1430 17483.133550167084
1431 17494.861812114716
1432 17507.245823144913
1433 17519.509039640427
1434 17531.91303563118
1435 17544.237082719803
1436 17555.702471017838
1437 17568.062542676926
1438 17580.291563987732
1439 17592.836838960648
1440 17605.020407676697
1441 17617.355307340622
1442 17628.99592280388
1443 17641.414528131485
1444 17654.041872739792
1445 17666.248643159866
1446 17678.689671754837
1447 17691.20243525505
1448 17703.84823203087
1449 17715.59232568741
1450 17727.77906894684
1451 17740.08901333809
1452 17752.611360311508
1453 17764.285215616226
1454 17776.74135684967
1455 17788.452981710434
1456 17800.847200870514
1457 17812.9471681118
1458 17824.929111242294
1459 17837.319045066833
1460 17849.31228327751
1461 17861.834785699844
1462 17874.458158254623
1463 17887.42978787422
1464 17899.746062994003
1465 17912.493748903275
1466 17924.045387029648
1467 17936.23464012146
1468 17948.7908513546
1469 17961.414674043655
1470 17973.319081783295
1471 17985.55293560028
1472 17997.933023691177
1473 18010.105532884598
1474 18022.45528793335
1475 18034.830294132233
1476 18046.431220531464
1477 18059.07896757126
1478 18071.60071206093
1479 18084.45200443268
1480 18096.75489783287
1481 18109.12536406517
1482 18121.4571454525
1483 18134.02189731598
1484 18145.967751979828
1485 18157.32958507538
1486 18169.502789258957
1487 18182.05565547943
1488 18194.729858875275
1489 18206.741163015366
1490 18219.13424062729
1491 18231.468863010406
1492 18243.711363077164
1493 18256.108696222305
1494 18268.419922590256
1495 18280.900720596313
1496 18292.755786180496
1497 18304.133383750916
1498 18315.439113140106
1499 18327.292331695557
1500 18339.44893527031
1501 18351.872228860855
1502 18364.229203939438
1503 18376.679708719254
1504 18389.118411064148
1505 18401.392263650894
1506 18413.408598184586
1507 18425.267267227173
1508 18437.636021614075
1509 18450.040560245514
1510 18462.337430477142
1511 18474.790292024612
1512 18486.280044078827
1513 18498.380197525024
1514 18510.657299757004
1515 18522.31402540207
1516 18534.589671850204
1517 18546.845911979675
1518 18558.75204539299
1519 18571.169365882874
1520 18583.81959295273
1521 18596.082067489624
1522 18607.74048256874
1523 18620.064750432968
1524 18632.493379354477
1525 18645.190844774246
1526 18656.912710428238
1527 18668.758887529373
1528 18681.577854156494
1529 18694.33829498291
1530 18706.6292014122
1531 18717.963577747345
1532 18730.295338630676
1533 18741.771938562393
1534 18754.34292459488
1535 18766.70506834984
1536 18778.966373443604
1537 18791.600956201553
1538 18804.386393785477
1539 18816.593072652817
1540 18828.876664161682
1541 18841.240874767303
1542 18853.80919766426
1543 18866.35236096382
1544 18878.99015402794
1545 18891.714823007584
1546 18903.51184773445
1547 18916.15730714798
1548 18928.401819705963
1549 18940.958154678345
1550 18952.95822119713
1551 18964.78248858452
1552 18976.841874837875
1553 18988.50052380562
1554 19000.141058683395
1555 19012.76532959938
1556 19025.335223674774
1557 19037.73987841606
1558 19049.19151878357
1559 19061.46531867981
1560 19073.896397590637
1561 19086.351093053818
1562 19097.88917016983
1563 19110.333817481995
1564 19122.21263027191
1565 19134.908800125122
1566 19147.27198624611
1567 19159.913017749786
1568 19172.3776576519
1569 19185.009619235992
1570 19196.709571123123
1571 19209.417407512665
1572 19221.83981704712
1573 19233.696660280228
1574 19246.308601379395
1575 19259.20294213295
1576 19270.6132004261
1577 19282.809877872467
1578 19295.204066753387
1579 19307.729070186615
1580 19320.0015001297
1581 19331.971045017242
1582 19344.513805389404
1583 19356.94792151451
1584 19368.90236735344
1585 19380.365465164185
1586 19392.320078611374
1587 19404.76225566864
1588 19417.011620998383
1589 19429.243434667587
1590 19441.589344739914
1591 19453.736758470535
1592 19466.14410829544
1593 19478.38960623741
1594 19489.97361254692
1595 19502.435650110245
1596 19514.74316763878
1597 19526.336737155914
1598 19538.096012592316
1599 19550.428701877594
1600 19562.829547166824
1601 19575.02254843712
1602 19587.22587299347
1603 19599.743346214294
1604 19611.175166368484
1605 19622.903113365173
1606 19635.366988658905
1607 19647.758836984634
1608 19660.033812999725
1609 19672.32015657425
1610 19684.746684074402
1611 19697.231517076492
1612 19709.641092538834
1613 19722.22980260849
1614 19733.885328531265
1615 19746.201282262802
1616 19758.25050854683
1617 19770.705804347992
1618 19783.07021689415
1619 19795.135182619095
1620 19807.04142332077
1621 19819.317698717117
1622 19831.060253858566
1623 19843.471735477448
1624 19856.006821632385
1625 19867.680507659912
1626 19880.0664331913
1627 19891.59431910515
1628 19903.81792640686
1629 19915.93368959427
1630 19928.42577648163
1631 19940.95291495323
1632 19953.28156018257
1633 19964.91245532036
1634 19976.64697909355
1635 19989.173831939697
1636 20001.40908050537
1637 20014.05945611
1638 20025.624611854553
1639 20038.22761774063
1640 20050.294230222702
1641 20062.807666778564
1642 20074.438297510147
1643 20086.572514295578
1644 20098.97008395195
1645 20111.169210910797
1646 20123.461730718613
1647 20135.81302189827
1648 20147.449892044067
1649 20159.91849756241
1650 20172.464212179184
1651 20184.930914878845
1652 20196.822855472565
1653 20209.26206111908
1654 20221.937818050385
1655 20233.641087055206
1656 20246.142387628555
1657 20258.33428287506
1658 20270.454259872437
1659 20283.334488630295
1660 20295.297313451767
1661 20307.411252260208
1662 20319.920000314713
1663 20332.203909635544
1664 20344.579570055008
1665 20356.772889137268
1666 20368.51321721077
1667 20381.02854514122
1668 20393.740335464478
1669 20406.173914670944
1670 20418.175131082535
1671 20430.115902662277
1672 20442.31231355667
1673 20453.74778032303
1674 20466.37851214409
1675 20477.86293721199
1676 20490.174648284912
1677 20502.537873983383
1678 20515.05097055435
1679 20527.458468914032
1680 20539.709681034088
1681 20552.05611681938
1682 20564.88502597809
1683 20577.56354022026
1684 20589.867040872574
1685 20602.43850660324
1686 20614.853259563446
1687 20627.70631623268
1688 20639.994492530823
1689 20652.391795873642
1690 20664.601206302643
1691 20677.211929798126
1692 20689.183799505234
1693 20701.125148057938
1694 20713.508178710938
1695 20725.978687524796
1696 20738.50002837181
1697 20751.150067567825
1698 20762.853298425674
1699 20775.59662246704
1700 20788.132893562317
1701 20800.780038833618
1702 20813.4360332489
1703 20825.791309833527
1704 20838.087548732758
1705 20850.66620016098
1706 20862.31253862381
1707 20874.79523897171
1708 20886.833810329437
1709 20899.221277713776
1710 20910.987162590027
1711 20923.144222021103
1712 20935.549059152603
1713 20947.322700977325
1714 20959.754815340042
1715 20972.605184555054
1716 20984.150287389755
1717 20996.98518538475
1718 21009.173384189606
1719 21020.71828532219
1720 21033.05636024475
1721 21045.48596262932
1722 21058.123621940613
1723 21070.607682466507
1724 21082.395653486252
1725 21094.499170064926
1726 21106.773002147675
1727 21119.030829668045
1728 21130.54916214943
1729 21142.61698627472
1730 21154.963240861893
1731 21167.1320540905
1732 21179.54454255104
1733 21191.758823633194
1734 21204.074906110764
1735 21216.434132814407
1736 21228.269042015076
1737 21240.950128555298
1738 21253.347210645676
1739 21265.79414153099
1740 21278.13769841194
1741 21290.648486614227
1742 21302.329845905304
1743 21314.66305565834
1744 21326.962677001953
1745 21338.815938949585
1746 21351.11656832695
1747 21363.583779335022
1748 21376.049265146255
1749 21388.34170794487
1750 21400.713186502457
1751 21412.83498620987
1752 21425.276651620865
1753 21437.010434150696
1754 21449.295308828354
1755 21461.786404132843
1756 21473.905429840088
1757 21485.934840917587
1758 21497.62726044655
1759 21509.97524857521
1760 21521.76694393158
1761 21534.23099899292
1762 21546.043949365616
1763 21558.49588727951
1764 21570.916996002197
1765 21582.527227163315
1766 21595.082092046738
1767 21607.462245941162
1768 21619.00744509697
1769 21631.652637004852
1770 21644.35161447525
1771 21656.788187503815
1772 21668.767865657806
1773 21681.25404858589
1774 21693.617376089096
1775 21706.278824090958
1776 21718.959919452667
1777 21731.667363882065
1778 21744.411450624466
1779 21755.943036794662
1780 21768.07842183113
1781 21780.20108962059
1782 21792.766575098038
1783 21805.074770212173
1784 21816.608562231064
1785 21829.192814588547
1786 21840.873783826828
1787 21853.458188295364
1788 21865.613502264023
1789 21876.974988937378
1790 21889.25872015953
1791 21901.51814031601
1792 21913.2252702713
1793 21925.94880437851
1794 21938.33415222168
1795 21950.098439455032
1796 21962.72201681137
1797 21974.448246717453
1798 21986.594508886337
1799 21999.00053024292
1800 22010.769070863724
1801 22022.991411447525
1802 22035.191371917725
1803 22047.880645036697
1804 22060.161412000656
1805 22071.890619516373
1806 22084.346386909485
1807 22096.67312002182
1808 22109.18382191658
1809 22121.546432733536
1810 22133.981413125992
1811 22146.453376054764
1812 22157.98969244957
1813 22170.57902789116
1814 22183.10030722618
1815 22195.031794309616
1816 22207.579875946045
1817 22219.966159582138
1818 22232.238256454468
1819 22244.795347929
1820 22257.297741651535
1821 22269.973235845566
1822 22282.023097276688
1823 22294.446228027344
1824 22306.727857112885
1825 22319.461606025696
1826 22331.67868232727
1827 22345.17635989189
1828 22357.593905687332
1829 22370.031946897507
1830 22382.398502111435
1831 22394.78821516037
1832 22407.103045463562
1833 22418.713049173355
1834 22431.150522232056
1835 22443.003054618835
1836 22455.776369571686
1837 22467.7788169384
1838 22480.325498580933
1839 22492.837527036667
1840 22504.71440887451
1841 22517.09183859825
1842 22529.24443078041
1843 22541.512270212173
1844 22553.41816687584
1845 22566.371295452118
1846 22578.72926259041
1847 22590.731256961823
1848 22603.10119700432
1849 22615.450968503952
1850 22627.61739563942
1851 22640.123930215836
1852 22651.774662971497
1853 22663.416383504868
1854 22676.317926883698
1855 22688.874029636383
1856 22700.436207294464
1857 22713.04567360878
1858 22725.2248544693
1859 22737.55033326149
1860 22749.95151948929
1861 22762.54578089714
1862 22774.54690027237
1863 22786.32042336464
1864 22798.582292556763
1865 22810.98806643486
1866 22822.359421014786
1867 22835.13188815117
1868 22847.5810482502
1869 22860.326300382614
1870 22872.795142173767
1871 22885.136599063873
1872 22897.311708688736
1873 22909.999752759933
1874 22922.33869743347
1875 22934.545218467712
1876 22947.08166360855
1877 22959.25290632248
1878 22971.620586395264
1879 22983.48555779457
1880 22995.47963309288
1881 23008.03102993965
1882 23020.495965480804
1883 23032.703981399536
1884 23044.598737478256
1885 23057.07092189789
1886 23069.54843401909
1887 23082.08096408844
1888 23094.701426506042
1889 23106.655615091324
1890 23119.032608032227
1891 23131.52069211006
1892 23144.19468164444
1893 23156.552366018295
1894 23167.977549791336
1895 23180.315707206726
1896 23192.701397418976
1897 23205.245544195175
1898 23216.96597647667
1899 23229.634939670563
1900 23241.436995744705
1901 23253.142162561417
1902 23265.19448184967
1903 23278.011606693268
1904 23290.444987773895
1905 23302.47510099411
1906 23314.14215540886
1907 23326.506629228592
1908 23338.81520318985
1909 23350.38762331009
1910 23362.756332159042
1911 23374.304748535156
1912 23386.72358059883
1913 23398.647024154663
1914 23410.727804899216
1915 23423.20779156685
1916 23434.962950468063
1917 23447.39429306984
1918 23459.60782265663
1919 23471.873379945755
1920 23484.04384469986
1921 23496.511565208435
1922 23508.216269493103
1923 23520.606531620026
1924 23532.688789844513
1925 23545.207434654236
1926 23557.802696704865
1927 23570.044350147247
1928 23582.538481235504
1929 23594.983924388885
1930 23607.36799144745
1931 23619.040271043777
1932 23631.499160289764
1933 23644.059695243835
1934 23655.737537384033
1935 23668.153387069702
1936 23680.60428214073
1937 23692.802287817
1938 23704.4818649292
1939 23715.97427225113
1940 23728.382304906845
1941 23740.46663570404
1942 23752.85830283165
1943 23764.53225159645
1944 23776.74063539505
1945 23788.142046689987
1946 23800.07036781311
1947 23812.539929151535
1948 23824.799870729446
1949 23836.27230477333
1950 23848.702002763748
1951 23861.233860731125
1952 23873.273556232452
1953 23885.642659664154
1954 23897.29053878784
1955 23909.657945156097
1956 23922.088393211365
1957 23934.228043317795
1958 23946.435701608658
1959 23958.77225780487
1960 23971.097969055176
1961 23982.913955688477
1962 23995.217596054077
1963 24007.50682783127
1964 24019.958243608475
1965 24032.091518878937
1966 24044.572613716125
1967 24056.14777612686
1968 24068.743939638138
1969 24080.76214671135
1970 24093.086554527283
1971 24105.311666965485
1972 24117.15107512474
1973 24129.62668299675
1974 24141.016149759293
1975 24153.468382120132
1976 24166.139412879944
1977 24178.51657485962
1978 24190.164145231247
1979 24202.716740369797
1980 24214.990923166275
1981 24227.419186353683
1982 24239.80688071251
1983 24251.997556447983
1984 24264.51823592186
1985 24276.9578499794
1986 24288.94788789749
1987 24301.32098031044
1988 24313.210517644882
1989 24324.77758049965
1990 24337.1858856678
1991 24348.901272535324
1992 24361.40344285965
1993 24373.849751234055
1994 24386.36952805519
1995 24398.85313463211
1996 24411.264493465424
1997 24423.38749909401
1998 24435.67907476425
1999 24448.308190107346
2000 24460.666776418686
2001 24472.974682331085
2002 24484.480905532837
2003 24497.054666280746
2004 24509.49104118347
2005 24521.96613383293
2006 24534.288902044296
2007 24545.950413942337
2008 24557.69211745262
2009 24570.33108496666
2010 24582.9189620018
2011 24595.20221567154
2012 24606.863396167755
2013 24619.158646583557
2014 24631.662837028503
2015 24644.104580163956
2016 24656.507393836975
2017 24668.893652677536
2018 24681.401662826538
2019 24693.80785393715
2020 24706.209562540054
2021 24718.636786222458
2022 24731.156802415848
2023 24743.37231850624
2024 24754.99428462982
2025 24767.455147981644
2026 24779.851181983948
2027 24792.279665708542
2028 24804.802347183228
2029 24817.12849521637
2030 24829.27139568329
2031 24841.699830532074
2032 24853.202666521072
2033 24864.854424715042
2034 24877.35706591606
2035 24888.973263025284
2036 24900.429036855698
2037 24912.57870554924
2038 24925.244634628296
2039 24937.4684176445
2040 24949.0896794796
2041 24961.50825405121
2042 24973.849440813065
2043 24986.17614221573
2044 24998.688515663147
2045 25011.13175535202
2046 25023.882113695145
2047 25036.1860806942
2048 25048.892981529236
2049 25061.396975278854
2050 25073.7166121006
2051 25085.989453077316
2052 25097.556988716125
2053 25110.294458389282
2054 25122.475076436996
2055 25134.73429274559
2056 25147.201217889786
2057 25159.53840327263
2058 25171.7420835495
2059 25183.759335756302
2060 25196.197627067566
2061 25208.559260845184
2062 25221.066751003265
2063 25233.31297850609
2064 25245.200248479843
2065 25257.381592035294
2066 25269.363899946213
2067 25281.872123241425
2068 25294.33871769905
2069 25306.099013328552
2070 25318.568732261658
2071 25330.275765419006
2072 25342.527695655823
2073 25355.12136030197
2074 25367.003233909607
2075 25378.940742969513
2076 25391.427251815796
2077 25403.79039978981
2078 25415.40464925766
2079 25427.422101974487
2080 25439.097106456757
2081 25451.389125585556
2082 25463.623963356018
2083 25476.165745019913
2084 25487.955052614212
2085 25500.452742099762
2086 25513.06752872467
2087 25525.48783516884
2088 25537.850003242493
2089 25550.113102436066
2090 25562.15391945839
2091 25574.474995851517
2092 25586.95700621605
2093 25598.386892080307
2094 25610.835929632187
2095 25623.087095737457
2096 25635.78595638275
2097 25648.10808825493
2098 25659.68748164177
2099 25671.998741865158
2100 25684.542892932892
2101 25696.322363615036
2102 25708.613226890564
2103 25721.106020450592
2104 25733.503621339798
2105 25745.160624742508
2106 25757.751643180847
2107 25769.50151872635
2108 25781.618693828583
2109 25793.258457422256
2110 25805.456674575806
2111 25817.57582783699
2112 25829.538717746735
2113 25841.030157089233
2114 25853.430263757706
2115 25865.90709090233
2116 25878.215787887573
2117 25890.101648807526
2118 25902.46021914482
2119 25915.236685991287
2120 25926.714522123337
2121 25938.322218179703
2122 25950.03312063217
2123 25961.71825861931
2124 25973.160366535187
2125 25985.61692595482
2126 25997.432819843292
2127 26009.71420264244
2128 26022.045315265656
2129 26034.40753054619
2130 26047.118278265
2131 26059.56128525734
2132 26072.151613235474
2133 26084.665501832962
2134 26096.87070608139
2135 26108.39831638336
2136 26120.95778489113
2137 26133.27762722969
2138 26145.979161977768
2139 26158.5031580925
2140 26170.942319393158
2141 26183.349498033524
2142 26195.81241083145
2143 26208.07609796524
2144 26219.652284622192
2145 26231.342310905457
2146 26244.210722208023
2147 26256.71626496315
2148 26269.209507465363
2149 26281.77007508278
2150 26294.03550839424
2151 26306.341425180435
2152 26318.9044547081
2153 26331.143696308136
2154 26343.61580514908
2155 26356.014902830124
2156 26368.489900112152
2157 26380.96799826622
2158 26393.30494618416
2159 26405.739057540894
2160 26418.264660835266
2161 26430.61750626564
2162 26442.168008565903
2163 26454.819437026978
2164 26467.25811433792
2165 26479.710005044937
2166 26492.326355457306
2167 26504.72424674034
2168 26516.207815170288
2169 26528.566925048828
2170 26540.772800207138
2171 26553.223077774048
2172 26565.538170576096
2173 26577.84251022339
2174 26590.384942770004
2175 26601.91353702545
2176 26614.135931253433
2177 26626.48171019554
2178 26638.213611364365
2179 26650.759030342102
2180 26663.146446466446
2181 26675.512090444565
2182 26687.93981909752
2183 26700.028396844864
2184 26711.392566919327
2185 26723.955818414688
2186 26736.4214053154
2187 26748.90964102745
2188 26761.104097366333
2189 26773.596796274185
2190 26786.05691933632
2191 26798.526970148087
2192 26810.97411417961
2193 26822.94973397255
2194 26835.437063217163
2195 26847.182252645493
2196 26859.571464538574
2197 26871.69312596321
2198 26884.14572238922
2199 26896.533910274506
2200 26909.107013463974
2201 26921.66176366806
2202 26934.021907806396
2203 26946.547495126724
2204 26959.20810317993
2205 26971.547441482544
2206 26984.004737615585
2207 26996.537260055542
2208 27008.811700344086
2209 27021.009285211563
2210 27033.267841100693
2211 27045.690222024918
2212 27057.15843987465
2213 27068.662140607834
2214 27081.00269126892
2215 27093.569704294205
2216 27104.921672821045
2217 27117.306537151337
2218 27129.751999616623
2219 27141.886830329895
2220 27154.122090101242
2221 27166.651557922363
2222 27178.93367791176
2223 27191.20981478691
2224 27203.28305912018
2225 27215.671088933945
2226 27227.584233045578
2227 27240.170575618744
2228 27252.79810142517
2229 27264.33152770996
2230 27275.828312397003
2231 27288.138819217682
2232 27300.60432958603
2233 27313.17237329483
2234 27325.466428041458
2235 27337.649847745895
2236 27349.801810264587
2237 27362.023192882538
2238 27374.250367879868
2239 27386.572629213333
2240 27398.82285308838
2241 27411.02497434616
2242 27422.920384645462
2243 27435.347673892975
2244 27447.611578941345
2245 27459.96108341217
2246 27472.528534412384
2247 27484.332011699677
2248 27496.678640127182
2249 27509.286580324173
2250 27521.70397377014
2251 27533.75917816162
2252 27545.238970518112
2253 27557.671766281128
2254 27570.548543453217
2255 27582.95254135132
2256 27595.36293053627
2257 27607.75341129303
2258 27620.06232070923
2259 27632.277345895767
2260 27644.71012711525
2261 27656.186732292175
2262 27668.450214147568
2263 27679.91392159462
2264 27691.753057956696
2265 27704.579641103745
2266 27717.080365896225
2267 27729.58485531807
2268 27741.994278907776
2269 27754.61469221115
2270 27766.279754638672
2271 27777.813373565674
2272 27789.273012399673
2273 27801.575665473938
2274 27814.171867847443
2275 27826.35076212883
2276 27838.55722641945
2277 27851.076021909714
2278 27863.502172231674
2279 27875.985279083252
2280 27888.48579955101
2281 27900.873022079468
2282 27912.369963407516
2283 27923.98323893547
2284 27935.818581819534
2285 27948.200189828873
2286 27960.39643883705
2287 27972.723222732544
2288 27985.276399374008
2289 27997.883385419846
2290 28010.416887760162
2291 28022.945219278336
2292 28034.412615299225
2293 28045.940803289413
2294 28057.442016601562
2295 28069.37171936035
2296 28081.63119482994
2297 28094.1234459877
2298 28106.731804847717
2299 28118.302935123444
2300 28130.487380743027
2301 28142.765820741653
2302 28155.40492463112
2303 28167.983053445816
2304 28180.249004602432
2305 28191.858282089233
2306 28204.03250145912
2307 28216.34722661972
2308 28228.810000419617
2309 28241.31953549385
2310 28253.681380987167
2311 28265.040583133698
2312 28277.32905459404
2313 28288.930961608887
2314 28301.400747299194
2315 28313.59601521492
2316 28326.065524339676
2317 28338.51446390152
2318 28350.83810734749
2319 28363.1753783226
2320 28375.56022953987
2321 28387.969833374023
2322 28400.50055718422
2323 28412.165105342865
2324 28424.742797613144
2325 28437.235045194626
2326 28449.607999801636
2327 28462.24274802208
2328 28474.545058727264
2329 28486.42554783821
2330 28498.506354808807
2331 28510.384295225143
2332 28522.888647317886
2333 28535.52322793007
2334 28547.94135260582
2335 28560.377217054367
2336 28572.832807302475
2337 28585.469143390656
2338 28597.8183221817
2339 28609.40141224861
2340 28621.524438142776
2341 28633.558701753616
2342 28646.09579706192
2343 28658.59491086006
2344 28670.674486875534
2345 28682.323784589767
2346 28694.4897544384
2347 28706.013355731964
2348 28718.192354917526
2349 28730.511516571045
2350 28742.977936267853
2351 28755.40337538719
2352 28767.84918308258
2353 28780.463766098022
2354 28793.237890720367
2355 28805.72628569603
2356 28818.232923984528
2357 28829.72121500969
2358 28842.229231357574
2359 28854.674146175385
2360 28867.115196704865
2361 28879.953625679016
2362 28892.3051943779
2363 28903.856836795807
2364 28916.464905023575
2365 28928.617748498917
2366 28941.18368077278
2367 28953.610462665558
2368 28966.23454117775
2369 28978.642968654633
2370 28991.207884311676
2371 29003.68107151985
2372 29016.220006465912
2373 29028.644894123077
2374 29040.486082553864
2375 29053.154654741287
2376 29065.688980579376
2377 29077.651710510254
2378 29090.083937883377
2379 29103.023405313492
2380 29115.293154239655
2381 29127.85045814514
2382 29140.221576213837
2383 29153.015482902527
2384 29165.415247440338
2385 29177.62623643875
2386 29189.85290670395
2387 29201.836942195892
2388 29214.121465444565
2389 29226.68751525879
2390 29238.523562192917
2391 29250.17834711075
2392 29262.226885557175
2393 29274.478170871735
2394 29286.040363788605
2395 29298.234283924103
2396 29310.78536581993
2397 29323.109791517258
2398 29335.578469514847
2399 29348.09929919243
2400 29360.339631795883
2401 29372.632809638977
2402 29385.010615110397
2403 29396.649209976196
2404 29409.26912522316
2405 29421.741501808167
2406 29434.372166872025
2407 29445.85888695717
2408 29458.2423081398
2409 29470.747845172882
2410 29483.178386211395
2411 29494.975392580032
2412 29507.422480344772
2413 29519.644303798676
2414 29531.987819194794
2415 29544.01912498474
2416 29556.42793917656
2417 29568.397090435028
2418 29580.920689105988
2419 29593.20601630211
2420 29605.798081874847
2421 29618.430146455765
2422 29630.630138874054
2423 29643.063933610916
2424 29655.060328722
2425 29667.332401752472
2426 29679.860605955124
2427 29692.180627822876
2428 29704.361535072327
2429 29716.645072460175
2430 29728.323721647263
2431 29740.601341962814
2432 29753.068655252457
2433 29765.193799734116
2434 29776.782111883163
2435 29789.373594760895
2436 29801.66978955269
2437 29814.14471769333
2438 29826.632147550583
2439 29838.179857730865
2440 29850.508102416992
2441 29862.940871715546
2442 29874.668574094772
2443 29886.988026618958
2444 29899.326070070267
2445 29911.889065742493
2446 29924.126336812973
2447 29936.624354362488
2448 29948.90869641304
2449 29961.0623524189
2450 29973.120265245438
2451 29985.49387049675
2452 29997.70344233513
2453 30010.118721485138
2454 30022.27937412262
2455 30033.73204278946
2456 30045.32104229927
2457 30057.570561885834
2458 30069.905704021454
2459 30082.162328243256
2460 30094.743894338608
2461 30107.088445186615
2462 30119.19582939148
2463 30131.630380153656
2464 30144.01595377922
2465 30155.58702635765
2466 30167.892990112305
2467 30180.130928993225
2468 30192.69609427452
2469 30204.471012830734
2470 30216.86352801323
2471 30229.388271808624
2472 30241.769602060318
2473 30254.135938167572
2474 30266.37450146675
2475 30278.40035676956
2476 30290.825481414795
2477 30302.50506067276
2478 30314.91553378105
2479 30327.428557872772
2480 30339.714905261993
2481 30351.404636621475
2482 30364.025786161423
2483 30375.61754155159
2484 30388.03364634514
2485 30400.18595266342
2486 30412.666752576828
2487 30425.138931035995
2488 30437.737384319305
2489 30449.514625549316
2490 30461.973387479782
2491 30474.607311964035
2492 30486.872344493866
2493 30499.3333671093
2494 30511.35129928589
2495 30523.496996879578
2496 30535.066247224808
2497 30547.484048604965
2498 30559.939544677734
2499 30572.254570007324
2500 30584.081060171127
2501 30596.893296718597
2502 30608.39685678482
2503 30620.07024717331
2504 30632.630414247513
2505 30645.080187559128
2506 30657.62646627426
2507 30669.993698596954
2508 30682.416188955307
2509 30693.793184041977
2510 30706.25849199295
2511 30718.763741731644
2512 30730.525799036026
2513 30742.773676872253
2514 30755.329392433167
2515 30767.03849506378
2516 30778.693700790405
2517 30791.10505795479
2518 30803.30882191658
2519 30815.015457630157
2520 30827.581092119217
2521 30840.08558344841
2522 30852.605499267578
2523 30864.150815486908
2524 30876.56797862053
2525 30889.315689325333
2526 30901.82097029686
2527 30913.79426383972
2528 30925.213939905167
2529 30937.715978860855
2530 30949.9322783947
2531 30962.26767730713
2532 30974.582413434982
2533 30986.989698171616
2534 30999.652104854584
2535 31011.07955265045
2536 31023.363639116287
2537 31035.799469709396
2538 31047.373977184296
2539 31059.85027885437
2540 31071.41763830185
2541 31083.293370485306
2542 31095.926295995712
2543 31108.40952348709
2544 31120.783529281616
2545 31133.311842918396
2546 31145.975296258926
2547 31158.34295272827
2548 31170.849044561386
2549 31182.42454600334
2550 31194.088092327118
2551 31206.325367212296
2552 31218.66813516617
2553 31231.232295274734
2554 31243.553721666336
2555 31255.497665405273
2556 31266.94377875328
2557 31279.418411016464
2558 31290.86938405037
2559 31303.317229270935
2560 31315.640461921692
2561 31327.947311401367
2562 31340.372378587723
2563 31352.7646586895
2564 31364.26519870758
2565 31376.352338075638
2566 31388.86609530449
2567 31401.046247959137
2568 31413.486332178116
2569 31425.653753995895
2570 31438.180119752884
2571 31450.165796518326
2572 31462.487280607224
2573 31475.07091331482
2574 31487.59210419655
2575 31499.73970603943
2576 31511.818274736404
2577 31524.125347852707
2578 31536.37782716751
2579 31548.503272771835
2580 31560.000970363617
2581 31572.206439495087
2582 31583.815337896347
2583 31596.257127285004
2584 31608.36423444748
2585 31620.43795967102
2586 31632.88824248314
2587 31645.204303503036
2588 31657.664310216904
2589 31669.912935256958
2590 31681.625673770905
2591 31694.187664747238
2592 31706.6632771492
2593 31719.166079044342
2594 31731.29412150383
2595 31743.693920850754
2596 31755.98788166046
2597 31768.46525979042
2598 31780.898624897003
2599 31793.627371549606
2600 31806.33384490013
2601 31818.885533571243
2602 31830.42774963379
2603 31842.916067123413
2604 31854.233250379562
2605 31866.573673725128
2606 31878.216873168945
2607 31890.617460250854
2608 31903.019780874252
2609 31915.103572368622
2610 31926.565002441406
2611 31939.282793045044
2612 31950.89612841606
2613 31963.468131542206
2614 31975.79563474655
2615 31988.311554431915
2616 32000.468725442886
2617 32013.153992414474
2618 32025.49129986763
2619 32037.362119674683
2620 32049.746616601944
2621 32062.23836350441
2622 32074.642785549164
2623 32086.95911026001
2624 32099.466658115387
2625 32111.687895298004
2626 32124.109277248383
2627 32136.26793575287
2628 32148.87816786766
2629 32161.266013860703
2630 32173.75877547264
2631 32185.895216464996
2632 32197.395934820175
2633 32209.858587265015
2634 32222.07621407509
2635 32234.37017273903
2636 32246.78145313263
2637 32258.82307434082
2638 32271.11487555504
2639 32282.81990456581
2640 32295.32872247696
2641 32307.183708190918
2642 32319.68773841858
2643 32331.831719636917
2644 32344.390281677246
2645 32356.284232854843
2646 32368.574860572815
2647 32379.90199947357
2648 32391.462980747223
2649 32403.78490447998
2650 32416.001596450806
2651 32428.50302863121
2652 32440.753747463226
2653 32453.138981342316
2654 32465.423206806183
2655 32477.903038024902
2656 32490.077458143234
2657 32502.3305413723
2658 32513.740569114685
2659 32526.009638547897
2660 32538.779544591904
2661 32551.188257932663
2662 32563.71992111206
2663 32576.231006383896
2664 32588.210020780563
2665 32600.630219459534
2666 32612.694910287857
2667 32624.75865149498
2668 32637.300829410553
2669 32649.57970237732
2670 32661.893263816833
2671 32674.649384260178
2672 32686.20222377777
2673 32697.89538526535
2674 32710.20833826065
2675 32722.081278324127
2676 32734.61029791832
2677 32746.80830669403
2678 32759.224618911743
2679 32771.78088402748
2680 32783.258682489395
2681 32795.77667951584
2682 32807.778723716736
2683 32820.2906832695
2684 32832.65374612808
2685 32845.00241851807
2686 32857.366918325424
2687 32869.66851186752
2688 32882.1963429451
2689 32894.52256369591
2690 32906.95530104637
2691 32918.36028766632
2692 32930.59081172943
2693 32943.13252568245
2694 32955.60978960991
2695 32968.092564344406
2696 32979.71760678291
2697 32991.97650003433
2698 33003.25141263008
2699 33015.224138498306
2700 33027.452248334885
2701 33039.940281391144
2702 33051.60416555405
2703 33064.23403096199
2704 33076.94286727905
2705 33089.42416524887
2706 33101.76422953606
2707 33113.65877699852
2708 33125.72005939484
2709 33137.882548093796
2710 33150.313304424286
2711 33162.41235041618
2712 33174.08382153511
2713 33186.541210889816
2714 33199.022983551025
2715 33211.315283060074
2716 33223.489240169525
2717 33235.19596028328
2718 33247.50768351555
2719 33258.93491721153
2720 33270.5020236969
2721 33283.01185107231
2722 33295.4000453949
2723 33307.15006637573
2724 33318.73712468147
2725 33330.43224930763
2726 33343.04965209961
2727 33355.58651638031
2728 33368.00088596344
2729 33380.58722162247
2730 33393.021537303925
2731 33405.42962002754
2732 33417.17862725258
2733 33428.70032811165
2734 33441.06927251816
2735 33453.17105078697
2736 33465.78991365433
2737 33478.333904504776
2738 33490.28369855881
2739 33502.50108075142
2740 33514.64297223091
2741 33527.10111141205
2742 33539.51773118973
2743 33551.81016135216
2744 33563.45212292671
2745 33575.76827263832
2746 33587.99838113785
2747 33600.43089342117
2748 33613.00903964043
2749 33625.6077811718
2750 33638.10628604889
2751 33650.397567272186
2752 33662.87576627731
2753 33674.802146434784
2754 33687.28251838684
2755 33699.34638381004
2756 33711.280420303345
2757 33723.714253902435
2758 33735.47283196449
2759 33746.828652620316
2760 33759.28027796745
2761 33771.78988647461
2762 33784.12907361984
2763 33796.56634044647
2764 33809.05628705025
2765 33821.606478214264
2766 33834.17935466766
2767 33846.80458378792
2768 33859.09675908089
2769 33871.61795902252
2770 33883.86745595932
2771 33896.299827337265
2772 33908.716082811356
2773 33920.3642680645
2774 33932.79152584076
2775 33944.20202302933
2776 33956.53997325897
2777 33968.141919374466
2778 33980.429775714874
2779 33992.632719516754
2780 34004.9365029335
2781 34016.74327659607
2782 34029.19090604782
2783 34040.760967969894
2784 34052.43206119537
2785 34064.82426953316
2786 34076.81396007538
2787 34089.513118982315
2788 34100.83717918396
2789 34113.15131688118
2790 34125.46497106552
2791 34138.025765419006
2792 34150.450394153595
2793 34162.87101197243
2794 34175.17377734184
2795 34187.559571027756
2796 34199.01306295395
2797 34211.55725598335
2798 34223.33050608635
2799 34235.631731987
2800 34248.29636096954
2801 34260.5293674469
2802 34272.99225258827
2803 34285.58337569237
2804 34297.311802625656
2805 34309.42289042473
2806 34321.661643743515
2807 34333.967047929764
2808 34345.58244538307
2809 34357.283292770386
2810 34369.88033246994
2811 34382.221160411835
2812 34394.54453730583
2813 34405.95612883568
2814 34418.6522397995
2815 34430.986589193344
2816 34443.38994026184
2817 34456.02624297142
2818 34468.40153503418
2819 34480.42161464691
2820 34492.81330752373
2821 34505.30860733986
2822 34517.86936092377
2823 34530.40528059006
2824 34543.00080347061
2825 34555.29107093811
2826 34567.9359023571
2827 34579.99186730385
2828 34592.409783124924
2829 34604.99936890602
2830 34616.9985935688
2831 34628.573372364044
2832 34640.226214170456
2833 34652.167850255966
2834 34664.13394165039
2835 34675.634150743484
2836 34688.003170490265
2837 34700.602857112885
2838 34712.21744060516
2839 34724.25576519966
2840 34736.87688136101
2841 34749.15949845314
2842 34761.838705062866
2843 34774.14870285988
2844 34786.3737783432
2845 34799.27380013466
2846 34811.828300237656
2847 34824.2313246727
2848 34836.356956243515
2849 34848.768702983856
2850 34861.191955804825
2851 34873.89194917679
2852 34886.46884512901
2853 34899.05892300606
2854 34910.82237935066
2855 34923.032905101776
2856 34935.19085454941
2857 34947.68858170509
2858 34959.36060833931
2859 34971.91340613365
2860 34983.630781412125
2861 34995.87681865692
2862 35008.44544553757
2863 35020.9758477211
2864 35032.38192987442
2865 35044.986766815186
2866 35056.847511053085
2867 35069.141874313354
2868 35081.4749853611
2869 35094.027096271515
2870 35106.291729688644
2871 35118.71420764923
2872 35130.52516102791
2873 35142.66421318054
2874 35155.43213891983
2875 35167.55631709099
2876 35180.09590983391
2877 35191.89350414276
2878 35204.24025082588
2879 35216.147030591965
2880 35228.608956336975
2881 35240.95089459419
2882 35253.41188001633
2883 35265.368482112885
2884 35277.82514667511
2885 35290.287459135056
2886 35302.355675935745
2887 35314.98043656349
2888 35327.19009113312
2889 35339.76487493515
2890 35351.531774282455
2891 35364.13826966286
2892 35376.22154927254
2893 35387.69951581955
2894 35400.05074954033
2895 35411.93459892273
2896 35424.492931604385
2897 35437.16116118431
2898 35449.42489647865
2899 35461.5698595047
2900 35474.28107023239
2901 35486.71049261093
2902 35498.435102939606
2903 35511.13526558876
2904 35523.582728385925
2905 35535.0480465889
2906 35546.600331544876
2907 35559.04875302315
2908 35571.327412843704
2909 35583.774863004684
2910 35596.12038564682
2911 35607.92364668846
2912 35620.18641090393
2913 35632.454880476
2914 35644.1029214859
2915 35656.77969121933
2916 35669.307534217834
2917 35681.95897817612
2918 35694.339871644974
2919 35707.05434012413
2920 35718.58129239082
2921 35730.63820505142
2922 35742.27446818352
2923 35754.63815188408
2924 35767.40601539612
2925 35780.35923743248
2926 35791.81263899803
2927 35804.11944413185
2928 35815.557324171066
2929 35827.818485975266
2930 35839.703251600266
2931 35852.13827896118
2932 35864.45754265785
2933 35875.767674684525
2934 35887.796483039856
2935 35900.306451797485
2936 35913.06301856041
2937 35925.540264606476
2938 35937.90189576149
2939 35950.14168930054
2940 35962.6465485096
2941 35975.06060743332
2942 35987.54010295868
2943 35999.99648952484
2944 36012.178795814514
2945 36024.784636735916
2946 36037.23312878609
2947 36049.239195108414
2948 36061.63302183151
2949 36074.05758857727
2950 36086.582030534744
2951 36098.9237678051
2952 36111.50191569328
2953 36124.378276348114
2954 36135.76687669754
2955 36148.217477083206
2956 36160.520938158035
2957 36172.929802417755
2958 36185.272194862366
2959 36197.70714497566
2960 36209.32315349579
2961 36221.93010234833
2962 36234.00799393654
2963 36246.37052464485
2964 36258.60371661186
2965 36271.0271191597
2966 36283.3365252018
2967 36295.86818885803
2968 36308.35490012169
2969 36320.89685368538
2970 36333.26531124115
2971 36345.69225883484
2972 36357.978160858154
2973 36370.34387731552
2974 36382.80060124397
2975 36395.29204940796
2976 36407.69973063469
2977 36420.364070653915
2978 36432.60117435455
2979 36445.03469133377
2980 36457.85601854324
2981 36470.22334098816
2982 36482.27578496933
2983 36494.14701652527
2984 36506.23582005501
2985 36517.836302518845
2986 36530.20882844925
2987 36542.68687462807
2988 36555.142901182175
2989 36567.54175782204
2990 36580.044199705124
2991 36592.43460059166
2992 36604.38317990303
2993 36617.03822875023
2994 36629.65544605255
2995 36641.87338638306
2996 36654.366585969925
2997 36666.039432525635
2998 36678.42281961441
2999 36689.88276767731
3000 36702.157898664474
3001 36714.550842523575
3002 36726.14730119705
3003 36738.1687271595
3004 36750.5611038208
3005 36762.892681360245
3006 36774.38149571419
3007 36786.90680074692
3008 36799.235605955124
3009 36811.76687049866
3010 36824.324233055115
3011 36836.813204050064
3012 36849.10044145584
3013 36861.45544528961
3014 36872.95539879799
3015 36885.397275686264
3016 36897.77077794075
3017 36910.25157380104
3018 36922.532774209976
3019 36934.952093839645
3020 36947.26324224472
3021 36959.752742528915
3022 36972.41076850891
3023 36984.17762064934
3024 36996.69068336487
3025 37008.04970860481
3026 37020.5277838707
3027 37033.08133625984
3028 37045.36572265625
3029 37056.84681606293
3030 37068.29553794861
3031 37080.856417655945
3032 37093.27990984917
3033 37105.716940402985
3034 37118.046822309494
3035 37130.2374997139
3036 37142.5030708313
3037 37155.00237607956
3038 37168.094686985016
3039 37180.83361315727
3040 37193.26674079895
3041 37204.808966875076
3042 37216.29897856712
3043 37228.15974164009
3044 37240.72799253464
3045 37252.354887485504
3046 37264.62683081627
3047 37276.4608502388
3048 37288.30543398857
3049 37300.43265628815
3050 37312.32940077782
3051 37324.92263555527
3052 37337.44023990631
3053 37349.88263988495
3054 37362.44956564903
3055 37374.88558602333
3056 37387.39006662369
3057 37399.45543527603
3058 37411.67109155655
3059 37423.42693853378
3060 37435.61975955963
3061 37447.643832206726
3062 37460.03048634529
3063 37472.52893066406
3064 37484.77238345146
3065 37497.15535926819
3066 37508.62549519539
3067 37521.01725554466
3068 37533.5702586174
3069 37546.11867117882
3070 37557.883927345276
3071 37570.376431941986
3072 37582.6881506443
3073 37595.06672024727
3074 37607.09029006958
3075 37619.343566417694
3076 37631.05642390251
3077 37644.01002860069
3078 37655.4382519722
3079 37667.57371377945
3080 37679.08946728706
3081 37691.507140398026
3082 37703.82654285431
3083 37715.31892776489
3084 37727.23754501343
3085 37739.75205159187
3086 37751.90748047829
3087 37764.33980226517
3088 37776.99602723122
3089 37789.33085799217
3090 37801.82071065903
3091 37814.04922103882
3092 37826.28171420097
3093 37838.51738405228
3094 37851.53236746788
3095 37864.06556844711
3096 37876.535616636276
3097 37889.27178144455
3098 37901.60587453842
3099 37914.81187701225
3100 37927.346412181854
3101 37940.03604388237
3102 37952.63777041435
3103 37964.3674094677
3104 37976.64252138138
3105 37988.60095953941
3106 38001.15220999718
3107 38013.465633392334
3108 38025.29359006882
3109 38036.65618801117
3110 38048.9589202404
3111 38061.036908864975
3112 38073.270342588425
3113 38086.493047475815
3114 38098.913571834564
3115 38110.50508141518
3116 38122.96715402603
3117 38135.47346544266
3118 38147.02307057381
3119 38158.7138774395
3120 38171.02118349075
3121 38182.541739702225
3122 38195.30066347122
3123 38207.80394911766
3124 38219.44113755226
3125 38231.45391845703
3126 38243.85265851021
3127 38255.46000289917
3128 38267.3855471611
3129 38278.83098053932
3130 38291.294843912125
3131 38303.65582418442
3132 38315.88893198967
3133 38328.2454328537
3134 38340.58019256592
3135 38353.06781601906
3136 38365.20204114914
3137 38377.76449203491
3138 38389.24887609482
3139 38400.82553243637
3140 38413.31874847412
3141 38425.66506576538
3142 38437.81904911995
3143 38450.101596832275
3144 38462.13874912262
3145 38474.082924842834
3146 38486.44616961479
3147 38498.913333654404
3148 38511.49078965187
3149 38524.11552166939
3150 38536.60561156273
3151 38549.05886673927
3152 38560.40369486809
3153 38572.76489710808
3154 38585.07805085182
3155 38597.740802526474
3156 38609.50954532623
3157 38621.52648854256
3158 38633.59990954399
3159 38646.052359342575
3160 38658.4815723896
3161 38670.88530278206
3162 38683.11018037796
3163 38695.565287828445
3164 38707.91218543053
3165 38720.85054516792
3166 38733.10617041588
3167 38745.52606868744
3168 38757.86942100525
3169 38769.95563459396
3170 38781.95352268219
3171 38794.26901888847
3172 38806.79029607773
3173 38818.32991313934
3174 38829.89728665352
3175 38842.500804662704
3176 38854.5039806366
3177 38866.31680512428
3178 38878.35691833496
3179 38890.78952360153
3180 38903.41954040527
3181 38915.930975914
3182 38928.48055315018
3183 38940.49546170235
3184 38953.103157281876
3185 38965.53608608246
3186 38977.649802446365
3187 38990.13278579712
3188 39001.64232325554
3189 39013.94933509827
3190 39026.34843277931
3191 39037.96317124367
3192 39049.940945625305
3193 39061.724236249924
3194 39074.09405517578
3195 39085.76636815071
3196 39097.49913549423
3197 39110.31074666977
3198 39122.430252075195
3199 39133.79916071892
3200 39146.32578587532
3201 39158.771619319916
3202 39170.231281757355
3203 39181.94640636444
3204 39194.12959361076
3205 39205.856081962585
3206 39217.9905128479
3207 39230.37644481659
3208 39242.78508615494
3209 39255.16641521454
3210 39267.65802311897
3211 39279.54474234581
3212 39291.34913158417
3213 39303.760097026825
3214 39315.30491352081
3215 39327.77477931976
3216 39340.212048769
3217 39352.607706069946
3218 39364.051831007004
3219 39376.46001434326
3220 39388.922523736954
3221 39401.38508653641
3222 39413.83158683777
3223 39426.38094949722
3224 39438.494807481766
3225 39450.776854753494
3226 39463.14766383171
3227 39475.70819115639
3228 39487.89844274521
3229 39500.197535037994
3230 39511.64452314377
3231 39523.987612485886
3232 39536.18034052849
3233 39548.36222243309
3234 39561.295134067535
3235 39573.52571129799
3236 39585.20931887627
3237 39597.673100948334
3238 39610.03333234787
3239 39622.581666469574
3240 39635.08761096001
3241 39646.596875190735
3242 39658.82164525986
3243 39671.1194794178
3244 39683.30816626549
3245 39694.92588996887
3246 39707.42730665207
3247 39719.795915842056
3248 39732.232810497284
3249 39744.72658991814
3250 39757.086869716644
3251 39769.666054964066
3252 39782.16142106056
3253 39794.6010389328
3254 39806.89465856552
3255 39819.34197592735
3256 39831.80520296097
3257 39844.276165008545
3258 39856.89334630966
3259 39868.47985982895
3260 39879.89936256409
3261 39892.39887881279
3262 39904.72991871834
3263 39917.42157673836
3264 39929.84081363678
3265 39941.43713903427
3266 39953.40631842613
3267 39965.79537153244
3268 39978.12936639786
3269 39989.85604906082
3270 40002.479138851166
3271 40014.20865082741
3272 40026.37462615967
3273 40038.74905204773
3274 40051.17644524574
3275 40063.16204881668
3276 40075.43688106537
3277 40088.05070209503
3278 40100.295029878616
3279 40112.64178490639
3280 40124.893500328064
3281 40137.32863116264
3282 40149.01117897034
3283 40161.46162438393
3284 40173.98047828674
3285 40186.6362183094
3286 40198.9150865078
3287 40210.62060427666
3288 40223.00461912155
3289 40235.61033797264
3290 40247.91919159889
3291 40259.59249019623
3292 40271.7938477993
3293 40284.17736697197
3294 40296.739084243774
3295 40309.30452775955
3296 40321.59266781807
3297 40333.0851316452
3298 40345.17116522789
3299 40357.30361485481
3300 40369.02820086479
3301 40381.58406019211
3302 40393.804164886475
3303 40406.23204064369
3304 40418.59808039665
3305 40431.02298641205
3306 40442.912774086
3307 40455.253715753555
3308 40467.312368154526
3309 40479.858177900314
3310 40492.524199962616
3311 40505.113285303116
3312 40516.54151916504
3313 40528.991945028305
3314 40541.106855392456
3315 40553.4009244442
3316 40565.68784236908
3317 40577.753150463104
3318 40589.48050761223
3319 40601.09938001633
3320 40613.419795274734
3321 40626.18105006218
3322 40638.6095161438
3323 40651.202137470245
3324 40663.871225595474
3325 40675.393256902695
3326 40687.8606262207
3327 40699.43159866333
3328 40711.441093444824
3329 40723.26315808296
3330 40735.660492658615
3331 40747.12434887886
3332 40759.200954437256
3333 40771.70949316025
3334 40784.06811285019
3335 40796.42438030243
3336 40809.153561115265
3337 40821.69884943962
3338 40833.248443603516
3339 40845.58446717262
3340 40857.90489053726
3341 40870.543848991394
3342 40883.043108701706
3343 40895.19668340683
3344 40907.37730407715
3345 40919.29590177536
3346 40931.71585345268
3347 40944.35607433319
3348 40956.4974796772
3349 40969.16764974594
3350 40981.713052749634
3351 40994.17087697983
3352 41006.63297986984
3353 41018.90017366409
3354 41031.22780394554
3355 41044.114899635315
3356 41056.24100995064
3357 41068.31670045853
3358 41080.76657962799
3359 41093.16723442078
3360 41105.848267793655
3361 41118.11954307556
3362 41130.586483716965
3363 41143.15991067886
3364 41155.397760391235
3365 41167.50468969345
3366 41179.91944026947
3367 41191.98616027832
3368 41204.25525522232
3369 41216.49777173996
3370 41229.31635475159
3371 41241.97071146965
3372 41254.58753991127
3373 41266.96537566185
3374 41279.2971432209
3375 41290.84735608101
3376 41303.20390367508
3377 41315.78894019127
3378 41328.06266570091
3379 41340.41265082359
3380 41352.06081390381
3381 41364.49665045738
3382 41377.04055786133
3383 41389.67889332771
3384 41401.3363404274
3385 41412.85407781601
3386 41425.30352282524
3387 41436.87238621712
3388 41449.1413192749
3389 41461.77187418938
3390 41474.18421339989
3391 41486.84017300606
3392 41498.392444610596
3393 41509.96591305733
3394 41522.47690868378
3395 41534.059279203415
3396 41545.8039791584
3397 41557.506668806076
3398 41569.77439451218
3399 41582.62622785568
3400 41594.99814915657
3401 41607.775314331055
3402 41620.37837815285
3403 41632.14853954315
3404 41644.576243162155
3405 41656.91645860672
3406 41669.361428022385
3407 41681.35276889801
3408 41693.797711610794
3409 41706.16546177864
3410 41718.74169611931
3411 41731.49954175949
3412 41743.70470237732
3413 41755.26592206955
3414 41767.76258397102
3415 41780.17596411705
3416 41791.92184448242
3417 41804.45973229408
3418 41816.25833582878
3419 41828.71812725067
3420 41841.17784404755
3421 41853.41426849365
3422 41865.789521217346
3423 41878.48086309433
3424 41890.68765616417
3425 41902.6300842762
3426 41915.57242465019
3427 41927.838760614395
3428 41940.10870027542
3429 41951.650064468384
3430 41963.93916249275
3431 41975.7927236557
3432 41987.70482826233
3433 41999.39126467705
3434 42011.48896980286
3435 42023.05328130722
3436 42034.48908782005
3437 42045.89393377304
3438 42058.205258369446
3439 42070.71307229996
3440 42082.49290108681
3441 42095.174587488174
3442 42107.92683124542
3443 42120.31950926781
3444 42132.97253084183
3445 42145.381165742874
3446 42157.684265851974
3447 42169.228340148926
3448 42181.93439412117
3449 42194.519067525864
3450 42207.14556598663
3451 42219.42067313194
3452 42231.0755443573
3453 42243.80794215202
3454 42255.73874545097
3455 42267.68507695198
3456 42280.16582226753
3457 42293.29042696953
3458 42306.7426776886
3459 42319.373665094376
3460 42331.747413635254
3461 42344.150612831116
3462 42356.29172515869
3463 42368.945880651474
3464 42381.4606051445
3465 42393.66808843613
3466 42405.5746421814
3467 42418.17434048653
3468 42430.70448040962
3469 42442.344826221466
3470 42454.42229747772
3471 42466.137684345245
3472 42477.89829945564
3473 42490.02043581009
3474 42502.45052456856
3475 42515.048489809036
3476 42527.49004125595
3477 42539.230781555176
3478 42551.802220106125
3479 42564.2608230114
3480 42576.58855676651
3481 42589.20664572716
3482 42601.22037792206
3483 42613.561027526855
3484 42625.973113536835
3485 42638.618062734604
3486 42650.68721199036
3487 42663.06382727623
3488 42674.50776028633
3489 42686.12117123604
3490 42698.604803323746
3491 42710.21087098122
3492 42721.988766908646
3493 42734.371418476105
3494 42746.03375196457
3495 42757.79751634598
3496 42770.500442028046
3497 42782.75077748299
3498 42795.27220225334
3499 42807.50288915634
3500 42819.65671825409
3501 42831.111943006516
3502 42843.106353759766
3503 42855.11926484108
3504 42866.84009099007
3505 42879.138988256454
3506 42891.60745382309
3507 42903.32690525055
3508 42915.78727436066
3509 42927.70878124237
3510 42940.26072406769
3511 42952.78945064545
3512 42964.21558856964
3513 42976.5621342659
3514 42988.09267115593
3515 43000.3932929039
3516 43013.04343223572
3517 43025.68699622154
3518 43038.08699846268
3519 43050.43928861618
3520 43063.0599424839
3521 43075.84523534775
3522 43088.51563215256
3523 43101.1592028141
3524 43113.60924696922
3525 43125.29671764374
3526 43137.660925626755
3527 43149.75748252869
3528 43162.24386930466
3529 43174.82807016373
3530 43186.416828632355
3531 43198.97382545471
3532 43210.458396196365
3533 43222.734223365784
3534 43235.150362730026
3535 43247.485157728195
3536 43259.811227321625
3537 43272.17732715607
3538 43284.535440444946
3539 43297.04406619072
3540 43309.60274863243
3541 43322.22549581528
3542 43334.117812633514
3543 43346.46025061607
3544 43358.733862400055
3545 43371.09107518196
3546 43382.92577910423
3547 43395.29533243179
3548 43407.0053756237
3549 43418.453968048096
3550 43430.988345623016
3551 43443.51545500755
3552 43455.88377785683
3553 43468.59842944145
3554 43480.045576334
3555 43491.693281173706
3556 43504.58184719086
3557 43516.86209821701
3558 43529.320142030716
3559 43541.84199023247
3560 43554.072041749954
3561 43566.47400403023
3562 43578.57017326355
3563 43591.07328557968
3564 43603.512013435364
3565 43615.63839507103
3566 43627.22997546196
3567 43639.83294463158
3568 43652.47282075882
3569 43665.06979680061
3570 43677.44974899292
3571 43689.78543186188
3572 43702.266016721725
3573 43714.188517570496
3574 43726.6316549778
3575 43739.21460056305
3576 43751.71513533592
3577 43763.81965613365
3578 43775.988343954086
3579 43788.411997795105
3580 43800.728149175644
3581 43813.076108932495
3582 43825.35262465477
3583 43837.89051413536
3584 43849.29880571365
3585 43861.627673864365
3586 43874.01146864891
3587 43885.536445617676
3588 43897.57869529724
3589 43910.00158047676
3590 43921.91412162781
3591 43934.31178975105
3592 43946.801268815994
3593 43959.33812856674
3594 43971.428490400314
3595 43982.90898346901
3596 43995.30540275574
3597 44007.09979534149
3598 44019.50116944313
3599 44031.68068695068
3600 44044.0401031971
Detailed performance metrics for this job will be available at https://metrics.hpc.arizona.edu/#job_viewer?action=show&realm=SUPREMM&resource_id=73&local_job_id=6546558 by 8am on 2023/02/23.
