(158,) [ 0.    0.05  0.1   0.15  0.2   0.25  0.3   0.35  0.4   0.45  0.5   0.55
  0.6   0.65  0.7   0.75  0.8   0.85  0.9   0.95  1.    1.05  1.1   1.15
  1.2   1.25  1.3   1.35  1.4   1.45  1.5   1.55  1.6   1.65  1.7   1.75
  1.8   1.85  1.9   1.95  2.    2.05  2.1   2.15  2.2   2.25  2.3   2.35
  2.4   2.45  2.5   2.55  2.6   2.65  2.7   2.75  2.8   2.85  2.9   2.95
  3.    3.05  3.1   3.15  3.2   3.25  3.3   3.35  3.4   3.45  3.5   3.55
  3.6   3.65  3.7   3.75  3.8   3.9   4.    4.1   4.2   4.3   4.4   4.5
  4.6   4.7   4.8   4.9   5.    5.1   5.2   5.3   5.4   5.5   5.6   5.7
  5.8   5.9   6.    6.1   6.2   6.3   6.4   6.5   6.6   6.7   6.8   6.9
  7.    7.1   7.2   7.3   7.4   7.5   7.6   7.7   7.8   7.9   8.    8.1
  8.2   8.3   8.4   8.5   8.6   8.7   8.8   8.9   9.    9.1   9.2   9.3
  9.4   9.5   9.6   9.7   9.95 10.2  10.45 10.7  10.95 11.2  11.45 11.7
 11.95 12.2  12.45 12.7  12.95 13.2  13.45 13.7  13.95 14.2  14.45 14.7
 14.95 15.2 ]
(24,) [  0.  15.  30.  45.  60.  75.  90. 105. 120. 135. 150. 165. 180. 195.
 210. 225. 240. 255. 270. 285. 300. 315. 330. 345.] deg
3792
0 23.69981837272644
1 36.26970601081848
2 47.71290445327759
3 59.738481760025024
4 72.27162218093872
5 84.50396871566772
6 96.8392243385315
7 108.9593551158905
8 121.52976942062378
9 133.8678481578827
10 146.21993851661682
11 158.70086550712585
12 171.09618306159973
13 183.39082598686218
14 196.05199432373047
15 208.1676106452942
16 219.89436149597168
17 231.95893812179565
18 244.3002746105194
19 256.67360186576843
20 268.86778235435486
21 280.92163729667664
22 293.2676582336426
23 304.7147719860077
24 317.14304518699646
25 331.3895568847656
26 343.59157133102417
27 356.036372423172
28 368.15872740745544
29 379.6424386501312
30 391.8407893180847
31 403.30795431137085
32 415.7075433731079
33 427.62223076820374
34 440.04214668273926
35 451.6300582885742
36 463.9849615097046
37 475.9427056312561
38 487.29694867134094
39 499.7288565635681
40 511.83296275138855
41 524.1834502220154
42 536.5457708835602
43 547.8736028671265
44 560.2102661132812
45 572.3476634025574
46 584.6252024173737
47 596.8940758705139
48 609.0545010566711
49 621.2621941566467
50 633.1514105796814
51 645.06458735466
52 656.431275844574
53 668.8406774997711
54 681.1742079257965
55 693.1053359508514
56 705.4879424571991
57 717.8515346050262
58 729.5493535995483
59 741.664972782135
60 753.7576105594635
61 765.412847995758
62 776.6582100391388
63 789.0704457759857
64 801.601665019989
65 813.1526825428009
66 824.8497960567474
67 837.2950263023376
68 849.7074975967407
69 862.1551809310913
70 874.4392805099487
71 886.5931620597839
72 899.052407503128
73 910.6126210689545
74 922.7620327472687
75 935.5450084209442
76 947.7664563655853
77 960.0785930156708
78 972.1236944198608
79 984.4813561439514
80 996.5521695613861
81 1008.326361656189
82 1019.8417685031891
83 1032.060839176178
84 1043.657966375351
85 1056.012069940567
86 1068.4153153896332
87 1080.5517253875732
88 1092.7414407730103
89 1105.3181567192078
90 1117.3585829734802
91 1129.785984992981
92 1142.0235953330994
93 1154.527969121933
94 1166.7184381484985
95 1179.033495426178
96 1191.0370061397552
97 1203.393597126007
98 1215.6633214950562
99 1228.0068380832672
100 1240.4232959747314
101 1252.5054032802582
102 1264.970832824707
103 1277.4067342281342
104 1289.7851603031158
105 1302.1320281028748
106 1314.1975564956665
107 1326.393758058548
108 1338.7897720336914
109 1350.6495742797852
110 1362.376024723053
111 1373.809909105301
112 1385.5829465389252
113 1397.98193192482
114 1410.276691198349
115 1422.3628113269806
116 1434.2996182441711
117 1446.10014295578
118 1457.4046919345856
119 1469.136470079422
120 1481.8159470558167
121 1494.3095245361328
122 1506.5107054710388
123 1518.9247448444366
124 1530.9440529346466
125 1542.4574446678162
126 1554.505291223526
127 1566.9511697292328
128 1579.4905738830566
129 1591.4553065299988
130 1603.82723903656
131 1616.3004336357117
132 1628.878513097763
133 1641.1010220050812
134 1653.5763566493988
135 1665.5930609703064
136 1677.8346474170685
137 1690.0552942752838
138 1702.5695612430573
139 1714.816522359848
140 1727.127972126007
141 1739.4978866577148
142 1751.3087651729584
143 1763.7186386585236
144 1775.771725654602
145 1787.906301498413
146 1799.8327775001526
147 1811.719847202301
148 1823.9839673042297
149 1836.2480833530426
150 1848.4859828948975
151 1860.939438343048
152 1873.5070073604584
153 1885.6779754161835
154 1897.8248929977417
155 1910.491469860077
156 1922.564829826355
157 1934.869775056839
158 1947.2521584033966
159 1958.8639569282532
160 1971.1944153308868
161 1983.5671880245209
162 1995.7355649471283
163 2007.7553272247314
164 2019.785026550293
165 2031.9790065288544
166 2044.242954492569
167 2056.489863395691
168 2069.3381955623627
169 2081.81920337677
170 2093.960165977478
171 2106.313718318939
172 2118.3595571517944
173 2129.8213703632355
174 2142.220419883728
175 2154.117262363434
176 2166.445052623749
177 2178.8785417079926
178 2191.4107966423035
179 2203.8365218639374
180 2216.6531360149384
181 2229.169022321701
182 2241.2260961532593
183 2253.534928560257
184 2266.02321267128
185 2278.213897705078
186 2290.501564979553
187 2302.65128159523
188 2314.322415113449
189 2326.6118292808533
190 2338.9582414627075
191 2351.5993592739105
192 2363.8507788181305
193 2376.193127632141
194 2388.5996899604797
195 2400.79385471344
196 2413.1325328350067
197 2425.404878139496
198 2437.786717414856
199 2449.8087933063507
200 2462.2366683483124
201 2474.5532512664795
202 2486.931232213974
203 2499.317198038101
204 2510.8842449188232
205 2522.83850979805
206 2535.068076133728
207 2547.41957116127
208 2559.866558074951
209 2572.165489912033
210 2584.4878602027893
211 2596.056462287903
212 2607.9445540905
213 2620.407069683075
214 2632.3113720417023
215 2644.0992958545685
216 2656.288753271103
217 2668.935079574585
218 2681.04381775856
219 2692.5367579460144
220 2704.6888835430145
221 2716.9177780151367
222 2728.468284368515
223 2740.298832654953
224 2752.6033148765564
225 2765.078562259674
226 2777.092312335968
227 2789.4076178073883
228 2800.945189476013
229 2812.8083715438843
230 2824.7783358097076
231 2837.2119750976562
232 2849.6279380321503
233 2861.262645483017
234 2874.212386369705
235 2886.480813264847
236 2898.836013317108
237 2910.4316594600677
238 2922.779633283615
239 2934.8895959854126
240 2947.0245366096497
241 2959.304314851761
242 2971.6148767471313
243 2983.710263490677
244 2995.4828107357025
245 3007.442046403885
246 3018.976464986801
247 3031.324526786804
248 3042.7806720733643
249 3055.1478459835052
250 3067.529759168625
251 3079.9387109279633
252 3092.1268730163574
253 3104.285727262497
254 3116.5941367149353
255 3128.599762201309
256 3140.6662707328796
257 3152.0490481853485
258 3164.3986265659332
259 3176.0908131599426
260 3187.577386379242
261 3199.5809252262115
262 3211.103516101837
263 3223.416533946991
264 3235.592715024948
265 3247.5547749996185
266 3259.9141018390656
267 3271.5476644039154
268 3283.5920717716217
269 3295.9457507133484
270 3308.3459887504578
271 3320.5289142131805
272 3332.8561267852783
273 3345.140492916107
274 3357.4871802330017
275 3369.1378586292267
276 3381.22287940979
277 3393.772468328476
278 3406.194871902466
279 3418.276020050049
280 3430.702438354492
281 3443.0536966323853
282 3455.332109451294
283 3467.7893760204315
284 3480.0314803123474
285 3492.4447281360626
286 3504.1307384967804
287 3516.550980091095
288 3528.486940383911
289 3540.9104433059692
290 3553.3246898651123
291 3565.961499452591
292 3578.2678809165955
293 3590.4452662467957
294 3602.9077427387238
295 3614.517167329788
296 3626.8087849617004
297 3639.110278606415
298 3651.1192240715027
299 3663.5404267311096
300 3675.933312892914
301 3688.194465637207
302 3700.645937204361
303 3713.0868368148804
304 3725.1876287460327
305 3738.111882686615
306 3750.4459891319275
307 3762.7686579227448
308 3775.12233376503
309 3787.155483007431
310 3798.913813829422
311 3811.2999370098114
312 3823.4995646476746
313 3834.8812925815582
314 3847.2369470596313
315 3858.8204984664917
316 3871.0529503822327
317 3883.235021829605
318 3895.591475009918
319 3907.2332916259766
320 3918.8838856220245
321 3932.3957726955414
322 3944.7406735420227
323 3956.8301877975464
324 3968.4306423664093
325 3981.047407388687
326 3993.4234890937805
327 4005.8243753910065
328 4018.308485507965
329 4029.715425014496
330 4041.949446439743
331 4054.183823108673
332 4066.503068447113
333 4078.762416601181
334 4091.1835782527924
335 4103.534780740738
336 4115.798848390579
337 4128.288983106613
338 4140.203103542328
339 4152.470620632172
340 4164.705379247665
341 4176.848726987839
342 4189.169159889221
343 4201.642637014389
344 4213.0659255981445
345 4225.095695734024
346 4237.541985988617
347 4249.977107524872
348 4261.6709768772125
349 4273.706800222397
350 4285.966382980347
351 4298.273526668549
352 4310.454911470413
353 4322.310930013657
354 4334.530933141708
355 4346.94202041626
356 4359.323095083237
357 4370.668102025986
358 4383.386660814285
359 4395.830784082413
360 4408.064192771912
361 4419.69166970253
362 4432.009622335434
363 4444.435029268265
364 4456.783853530884
365 4469.14942407608
366 4481.311624288559
367 4493.763607501984
368 4505.863111495972
369 4517.899060487747
370 4530.322626829147
371 4542.51390337944
372 4554.9007205963135
373 4566.300800323486
374 4578.653964519501
375 4590.9344000816345
376 4603.017557621002
377 4615.287491559982
378 4627.569348573685
379 4639.980170726776
380 4652.510277271271
381 4664.97718667984
382 4677.71977686882
383 4689.633306264877
384 4701.121119737625
385 4712.859613418579
386 4725.064369440079
387 4737.373187541962
388 4748.8362691402435
389 4761.091586589813
390 4773.364683628082
391 4784.876247406006
392 4796.80534529686
393 4809.096517562866
394 4821.608836174011
395 4833.18668794632
396 4845.278084278107
397 4857.746868848801
398 4870.004446268082
399 4882.340860128403
400 4894.530415058136
401 4906.974857807159
402 4919.584194898605
403 4931.991763591766
404 4944.406192302704
405 4956.576243638992
406 4968.884614467621
407 4981.040855169296
408 4993.197588920593
409 5005.814795732498
410 5017.347255706787
411 5029.525714874268
412 5041.751504421234
413 5054.118987083435
414 5066.26874423027
415 5078.575318336487
416 5089.98687005043
417 5102.34256362915
418 5114.884547948837
419 5127.97877240181
420 5145.957247495651
421 5158.3950736522675
422 5170.736508369446
423 5182.316197395325
424 5194.88543176651
425 5207.01101565361
426 5219.338293552399
427 5230.990495681763
428 5243.231113433838
429 5255.4487657547
430 5267.822818279266
431 5280.00017285347
432 5291.440620422363
433 5302.9630172252655
434 5315.575794458389
435 5327.907642841339
436 5339.6480123996735
437 5351.529995918274
438 5363.036823987961
439 5375.118110656738
440 5387.715022802353
441 5399.952410936356
442 5412.40876865387
443 5424.830085515976
444 5437.091637849808
445 5449.679932355881
446 5461.8547966480255
447 5474.501055717468
448 5486.804684638977
449 5499.410844087601
450 5511.358917951584
451 5523.528233289719
452 5535.063711643219
453 5546.822873830795
454 5559.3060302734375
455 5570.8176481723785
456 5583.885803461075
457 5596.749181509018
458 5608.889999866486
459 5621.102119684219
460 5633.397747755051
461 5645.787091493607
462 5658.278040885925
463 5671.0453045368195
464 5683.345640420914
465 5694.849165916443
466 5707.253354310989
467 5719.531111001968
468 5731.952099084854
469 5744.374840259552
470 5756.326495409012
471 5767.922281742096
472 5779.817474603653
473 5792.039062023163
474 5804.325135469437
475 5815.853116035461
476 5827.943083047867
477 5840.19974398613
478 5851.857396602631
479 5864.153470277786
480 5876.608227014542
481 5888.328181266785
482 5900.569922447205
483 5912.898025274277
484 5925.316044330597
485 5937.299048662186
486 5948.872427225113
487 5961.254877328873
488 5972.672565937042
489 5984.218429327011
490 5996.548483133316
491 6008.899161815643
492 6021.291235923767
493 6033.690877437592
494 6046.173852443695
495 6058.278560876846
496 6070.5865268707275
497 6082.89980340004
498 6095.264532566071
499 6107.720298051834
500 6119.683938741684
501 6131.840394496918
502 6144.240648984909
503 6156.479016304016
504 6169.062779664993
505 6180.7648050785065
506 6192.689844608307
507 6204.686701774597
508 6216.938005447388
509 6229.40434384346
510 6241.7081027030945
511 6254.014799594879
512 6266.402726650238
513 6278.7260825634
514 6290.994318008423
515 6302.395051002502
516 6314.592781543732
517 6326.930131196976
518 6339.250594377518
519 6351.58441734314
520 6363.281366348267
521 6375.57922911644
522 6387.740563392639
523 6399.959176778793
524 6411.870049715042
525 6424.565140962601
526 6435.9997091293335
527 6448.983780384064
528 6461.4542717933655
529 6473.700690507889
530 6486.40985751152
531 6497.957520246506
532 6510.433640241623
533 6522.686293125153
534 6535.029322862625
535 6547.417987346649
536 6559.921746015549
537 6571.25629901886
538 6583.691038131714
539 6596.15523147583
540 6607.663729429245
541 6620.036048650742
542 6632.423270940781
543 6644.549149990082
544 6656.117195606232
545 6668.450109004974
546 6680.113445520401
547 6692.268016338348
548 6703.893581151962
549 6716.254921197891
550 6728.151449680328
551 6740.474810361862
552 6752.663438796997
553 6765.18604850769
554 6777.501476287842
555 6789.989954948425
556 6801.340970516205
557 6812.672198534012
558 6824.959668397903
559 6837.291969299316
560 6849.743704319
561 6861.995136976242
562 6873.727813959122
563 6886.017260313034
564 6898.631126880646
565 6910.73912858963
566 6922.837123394012
567 6935.185101747513
568 6946.641577959061
569 6959.190003395081
570 6971.747608423233
571 6983.988046169281
572 6996.221849441528
573 7008.491051197052
574 7020.690454721451
575 7032.148131608963
576 7044.559767961502
577 7056.847946882248
578 7069.508054733276
579 7081.679918050766
580 7093.976308107376
581 7105.971126079559
582 7118.267924308777
583 7130.832685947418
584 7143.172079801559
585 7155.360567569733
586 7166.754266262054
587 7178.627742052078
588 7191.182090759277
589 7202.641399145126
590 7215.060532569885
591 7227.304387807846
592 7239.679580450058
593 7251.842488288879
594 7263.283363103867
595 7275.758055925369
596 7287.914477348328
597 7300.246740818024
598 7312.95202922821
599 7325.485249996185
600 7337.856286764145
601 7350.188596487045
602 7362.379577875137
603 7374.023469924927
604 7386.089548110962
605 7398.8192772865295
606 7410.2943794727325
607 7422.550279140472
608 7434.895440340042
609 7447.349301576614
610 7459.706997871399
611 7471.3990070819855
612 7483.121361732483
613 7495.630523920059
614 7507.656618118286
615 7519.7361307144165
616 7532.342375278473
617 7544.552353620529
618 7556.90923666954
619 7569.275766849518
620 7581.638681411743
621 7593.980597257614
622 7606.291432142258
623 7618.845315694809
624 7631.215809583664
625 7643.317167043686
626 7655.82298374176
627 7668.267518520355
628 7680.097366333008
629 7692.18976354599
630 7704.733090639114
631 7717.082548618317
632 7729.346007108688
633 7741.464644908905
634 7753.293589115143
635 7765.7696261405945
636 7778.1855032444
637 7789.817183017731
638 7802.106552839279
639 7814.58699631691
640 7826.698914527893
641 7838.109808921814
642 7850.347795963287
643 7862.866145610809
644 7875.503326654434
645 7887.77653503418
646 7899.815559387207
647 7912.254350662231
648 7923.784558773041
649 7935.842878580093
650 7948.349833488464
651 7960.633527755737
652 7973.028758049011
653 7985.382062196732
654 7997.879018306732
655 8010.380718231201
656 8022.36950969696
657 8034.776427984238
658 8047.335488080978
659 8058.87509226799
660 8070.5677318573
661 8082.95928478241
662 8094.411554098129
663 8106.719297885895
664 8118.877413988113
665 8131.3760805130005
666 8144.440983772278
667 8156.607549190521
668 8168.568695783615
669 8180.934665441513
670 8193.284904003143
671 8205.621375799179
672 8217.85592508316
673 8230.011093378067
674 8241.688608407974
675 8253.14668059349
676 8265.356741189957
677 8277.587749958038
678 8289.786908626556
679 8301.99158000946
680 8313.533762693405
681 8325.130757331848
682 8337.668354034424
683 8349.61978650093
684 8362.113900661469
685 8374.54803943634
686 8386.832230091095
687 8399.215897798538
688 8411.351220846176
689 8422.898384571075
690 8434.24256014824
691 8446.55309176445
692 8459.101607561111
693 8471.164707660675
694 8483.489069461823
695 8496.012604951859
696 8508.320106506348
697 8520.512187242508
698 8532.597082614899
699 8544.930557489395
700 8556.757231473923
701 8569.272624969482
702 8581.756875276566
703 8594.01690196991
704 8605.868478775024
705 8618.352394342422
706 8629.870405197144
707 8642.094512224197
708 8654.161586523056
709 8665.6635222435
710 8677.969796180725
711 8690.41851067543
712 8702.361901044846
713 8714.7671854496
714 8726.810211658478
715 8739.127617835999
716 8750.924060106277
717 8763.118462085724
718 8775.718847513199
719 8787.673840999603
720 8800.044565439224
721 8811.99181509018
722 8824.730176448822
723 8836.884588479996
724 8849.181940317154
725 8861.251014471054
726 8873.414195537567
727 8885.667811632156
728 8898.263440132141
729 8910.739597320557
730 8923.111522197723
731 8935.581822156906
732 8947.604486942291
733 8959.968559741974
734 8971.854940414429
735 8984.264420032501
736 8996.739462852478
737 9008.941747903824
738 9021.216010570526
739 9033.834881782532
740 9045.372473478317
741 9057.821741580963
742 9070.435765504837
743 9082.748219490051
744 9094.845128059387
745 9107.076023817062
746 9119.363479852676
747 9130.913797855377
748 9143.149782657623
749 9155.343958616257
750 9166.908336877823
751 9179.197695493698
752 9191.208381414413
753 9203.773418188095
754 9216.260350465775
755 9229.10424876213
756 9241.438012599945
757 9253.844160556793
758 9265.493257522583
759 9277.050355911255
760 9289.505853176117
761 9301.853015899658
762 9313.44209098816
763 9325.207676649094
764 9337.643772602081
765 9350.282522678375
766 9361.791778802872
767 9373.79306602478
768 9385.351116657257
769 9398.077392101288
770 9410.394530057907
771 9422.676523923874
772 9434.35065984726
773 9446.687892198563
774 9458.710803747177
775 9470.478940725327
776 9482.521138429642
777 9494.015788555145
778 9506.25918674469
779 9518.572268486023
780 9530.499394893646
781 9542.146654844284
782 9553.69911980629
783 9565.943742513657
784 9577.589054822922
785 9589.99077296257
786 9602.658503293991
787 9615.167024612427
788 9627.672944784164
789 9640.086692333221
790 9652.318319797516
791 9664.71615767479
792 9677.175872087479
793 9688.717194795609
794 9700.99762916565
795 9713.638987779617
796 9725.808456897736
797 9738.231559753418
798 9750.574312210083
799 9762.821606874466
800 9775.034940481186
801 9787.030984640121
802 9799.488723278046
803 9811.748547315598
804 9824.240178585052
805 9836.366967916489
806 9848.697042942047
807 9860.335953474045
808 9872.154013633728
809 9884.631974220276
810 9897.133724689484
811 9909.609572410583
812 9921.694089651108
813 9934.11110663414
814 9945.613327741623
815 9957.467584609985
816 9969.744121313095
817 9982.171490430832
818 9994.287382602692
819 10006.425974369049
820 10018.212520122528
821 10030.558762073517
822 10042.146504878998
823 10053.896363258362
824 10066.256674289703
825 10078.519117355347
826 10090.186884403229
827 10102.654046058655
828 10115.105447769165
829 10127.536577939987
830 10139.929961681366
831 10152.194498300552
832 10164.43459367752
833 10176.617970705032
834 10189.14333152771
835 10201.6111702919
836 10214.09217619896
837 10226.52805185318
838 10238.969691753387
839 10251.227858304977
840 10263.403807878494
841 10275.04216170311
842 10287.642390489578
843 10300.204940319061
844 10312.605625867844
845 10324.973767995834
846 10336.847788095474
847 10349.327120304108
848 10361.313722610474
849 10373.758831501007
850 10386.059777259827
851 10398.050335884094
852 10410.456923246384
853 10422.187921762466
854 10434.440671682358
855 10446.959158420563
856 10459.45710325241
857 10471.171573638916
858 10482.827271938324
859 10495.04097533226
860 10506.85841870308
861 10518.612018585205
862 10530.054781913757
863 10542.732845067978
864 10554.45633482933
865 10567.054396390915
866 10578.992951154709
867 10591.300428390503
868 10603.473918914795
869 10615.996381044388
870 10628.409574508667
871 10640.442520856857
872 10652.653828144073
873 10663.889637947083
874 10676.263849496841
875 10687.870253562927
876 10700.190047740936
877 10712.669652938843
878 10724.867394685745
879 10737.350559473038
880 10749.713630199432
881 10761.923708677292
882 10774.323302984238
883 10786.537720680237
884 10799.08423089981
885 10811.592723608017
886 10823.51603269577
887 10835.10950422287
888 10847.212058544159
889 10859.754422903061
890 10871.078851222992
891 10883.597006559372
892 10895.125599622726
893 10907.85158586502
894 10919.336105823517
895 10930.8862991333
896 10942.264437913895
897 10954.66922903061
898 10966.543097734451
899 10978.447761535645
900 10990.684151887894
901 11003.19317984581
902 11015.631836652756
903 11027.651943206787
904 11039.538744449615
905 11051.77473950386
906 11064.158513307571
907 11076.268512248993
908 11088.457881450653
909 11100.401689529419
910 11113.173101186752
911 11124.719412565231
912 11136.963776826859
913 11149.448038578033
914 11161.996000766754
915 11174.201429367065
916 11186.354815483093
917 11198.917007684708
918 11211.099802970886
919 11222.874277591705
920 11234.239923715591
921 11246.001787662506
922 11257.526958942413
923 11270.106003046036
924 11282.347603797913
925 11294.661422491074
926 11306.815231084824
927 11318.355385303497
928 11330.176326036453
929 11342.415056943893
930 11354.830004692078
931 11367.29037284851
932 11379.365176677704
933 11391.059049606323
934 11403.107455015182
935 11415.456186294556
936 11427.798505067825
937 11440.318158626556
938 11452.835084676743
939 11465.133596420288
940 11476.77448296547
941 11488.90601158142
942 11500.288086414337
943 11512.509061336517
944 11524.938869476318
945 11536.924080610275
946 11549.11504650116
947 11560.875420093536
948 11572.44091296196
949 11584.791440725327
950 11597.120698928833
951 11609.501000881195
952 11621.694550991058
953 11634.000596284866
954 11645.683247327805
955 11658.102003335953
956 11670.5777862072
957 11682.5428109169
958 11694.965095758438
959 11707.23582983017
960 11719.389935970306
961 11731.859304189682
962 11744.408617258072
963 11756.810575723648
964 11768.909171819687
965 11780.685027599335
966 11793.039804935455
967 11805.51507616043
968 11817.793367147446
969 11829.904647350311
970 11841.867708921432
971 11854.208530426025
972 11866.462666988373
973 11878.059700250626
974 11890.393295764923
975 11902.909244298935
976 11915.352586269379
977 11927.794183969498
978 11939.266419410706
979 11950.88580608368
980 11962.689829826355
981 11974.989359855652
982 11987.522523641586
983 12000.076264858246
984 12011.967409610748
985 12024.206174612045
986 12036.290663957596
987 12047.77098274231
988 12060.492899179459
989 12072.436880111694
990 12084.412557840347
991 12096.532528162003
992 12108.998403549194
993 12121.2428855896
994 12133.80506849289
995 12146.035380840302
996 12157.641602993011
997 12169.31959605217
998 12181.69018626213
999 12193.831049919128
1000 12206.020934343338
1001 12218.290042161942
1002 12230.503630399704
1003 12242.847330570221
1004 12254.827445268631
1005 12266.363402843475
1006 12277.829521417618
1007 12290.049258232117
1008 12302.359998464584
1009 12314.65113568306
1010 12326.518424987793
1011 12338.39887213707
1012 12350.86378622055
1013 12362.949973344803
1014 12374.870323896408
1015 12386.833091259003
1016 12399.195113658905
1017 12411.741642475128
1018 12423.165350198746
1019 12435.486469745636
1020 12447.588729858398
1021 12459.143756866455
1022 12471.133113145828
1023 12482.891713142395
1024 12494.99061203003
1025 12507.341727733612
1026 12519.381785392761
1027 12531.419922828674
1028 12543.695410251617
1029 12555.85156083107
1030 12568.236579656601
1031 12580.338746547699
1032 12592.1224796772
1033 12603.796898126602
1034 12616.318336725235
1035 12628.767668485641
1036 12641.09608411789
1037 12652.525668382645
1038 12664.837168455124
1039 12676.206141710281
1040 12687.877357721329
1041 12700.223813295364
1042 12711.590917825699
1043 12723.945975542068
1044 12736.10855293274
1045 12748.322551488876
1046 12760.421408176422
1047 12772.181243419647
1048 12784.284265756607
1049 12795.853655576706
1050 12807.833007097244
1051 12820.07237815857
1052 12832.778126478195
1053 12845.197348117828
1054 12857.414021492004
1055 12869.590252161026
1056 12882.101340055466
1057 12894.127027511597
1058 12906.292790412903
1059 12918.663036346436
1060 12931.049228668213
1061 12943.39226937294
1062 12955.874857902527
1063 12967.827561855316
1064 12980.314288377762
1065 12992.361362218857
1066 13003.966168880463
1067 13016.273326396942
1068 13028.459296703339
1069 13040.342105865479
1070 13052.704995393753
1071 13064.186648845673
1072 13076.558048963547
1073 13089.140828609467
1074 13100.631964445114
1075 13113.015683412552
1076 13124.543904542923
1077 13136.906625032425
1078 13149.288976430893
1079 13161.536760091782
1080 13173.398270130157
1081 13185.795117855072
1082 13198.267213582993
1083 13209.767817020416
1084 13221.913911104202
1085 13234.239948749542
1086 13246.178185224533
1087 13258.522083759308
1088 13270.16157913208
1089 13282.588394880295
1090 13294.015658855438
1091 13306.087017059326
1092 13318.155679941177
1093 13330.557364225388
1094 13343.037085533142
1095 13355.239263296127
1096 13367.520686388016
1097 13379.919198274612
1098 13392.456545829773
1099 13404.924620389938
1100 13416.883892297745
1101 13429.297044992447
1102 13441.460927009583
1103 13453.034462928772
1104 13464.706731796265
1105 13476.502391576767
1106 13488.015949964523
1107 13500.016040086746
1108 13512.279647827148
1109 13524.791788816452
1110 13538.459126710892
1111 13550.746993303299
1112 13562.695587158203
1113 13574.259960651398
1114 13586.655285835266
1115 13598.09043955803
1116 13610.413205623627
1117 13622.232921123505
1118 13634.789657354355
1119 13646.93881893158
1120 13658.591713905334
1121 13671.093849420547
1122 13683.392797708511
1123 13695.706511974335
1124 13707.817942142487
1125 13720.120832204819
1126 13732.531151294708
1127 13744.728469371796
1128 13756.474022388458
1129 13768.196532726288
1130 13780.5940990448
1131 13792.755186319351
1132 13804.472535848618
1133 13816.98256444931
1134 13829.322030067444
1135 13841.48612523079
1136 13853.112944841385
1137 13864.94980096817
1138 13877.433855056763
1139 13889.50267124176
1140 13902.029664993286
1141 13914.729303121567
1142 13926.711370229721
1143 13939.019010305405
1144 13951.371149778366
1145 13963.807224750519
1146 13976.063566207886
1147 13988.527021408081
1148 14001.078965902328
1149 14013.258910894394
1150 14024.84061574936
1151 14036.727838039398
1152 14048.141555070877
1153 14059.456931352615
1154 14071.85559296608
1155 14083.31767988205
1156 14095.966745853424
1157 14108.066108226776
1158 14120.177275657654
1159 14132.589972496033
1160 14144.785606622696
1161 14156.99577999115
1162 14169.191272974014
1163 14181.485440015793
1164 14193.546491384506
1165 14205.76834487915
1166 14217.70741200447
1167 14230.112787008286
1168 14242.674739599228
1169 14254.915245294571
1170 14267.173127651215
1171 14279.33787059784
1172 14291.653544664383
1173 14304.028175592422
1174 14315.929173231125
1175 14328.406715154648
1176 14339.914072751999
1177 14352.050862789154
1178 14364.285837173462
1179 14376.724222660065
1180 14389.082073926926
1181 14400.928803682327
1182 14413.0470495224
1183 14424.792802333832
1184 14436.445006370544
1185 14448.957944631577
1186 14460.919603824615
1187 14473.342341184616
1188 14485.949010133743
1189 14498.462434530258
1190 14510.350160598755
1191 14522.00710105896
1192 14534.373069763184
1193 14545.92701292038
1194 14557.859667539597
1195 14570.166382551193
1196 14582.356678962708
1197 14594.597348928452
1198 14606.657329559326
1199 14618.973807573318
1200 14631.216158151627
1201 14643.818185329437
1202 14656.089098453522
1203 14668.60463476181
1204 14680.962636470795
1205 14693.50688123703
1206 14705.983437776566
1207 14717.91050863266
1208 14730.901322603226
1209 14743.14331293106
1210 14755.190755605698
1211 14767.656866788864
1212 14779.185043096542
1213 14791.780489683151
1214 14804.087273836136
1215 14816.373142004013
1216 14828.369389533997
1217 14840.613778829575
1218 14852.204568624496
1219 14864.270503759384
1220 14876.734832525253
1221 14888.800706386566
1222 14901.069135904312
1223 14912.918952941895
1224 14924.502492666245
1225 14936.650980472565
1226 14948.438840866089
1227 14960.94719672203
1228 14973.310602426529
1229 14985.555984973907
1230 14997.267421722412
1231 15009.443933725357
1232 15021.578401327133
1233 15033.3065700531
1234 15044.886062145233
1235 15056.870968341827
1236 15068.961940526962
1237 15081.411140441895
1238 15093.720430850983
1239 15106.377050638199
1240 15118.492820501328
1241 15130.774959087372
1242 15142.286502838135
1243 15154.230524301529
1244 15165.886048078537
1245 15178.237492084503
1246 15190.547674894333
1247 15202.781149148941
1248 15214.813880205154
1249 15226.18010687828
1250 15238.337568283081
1251 15250.531291007996
1252 15262.143001794815
1253 15274.205425739288
1254 15286.567682027817
1255 15298.060742855072
1256 15310.120730876923
1257 15322.400277614594
1258 15335.315012454987
1259 15347.478566169739
1260 15359.810734987259
1261 15372.313647508621
1262 15384.578067779541
1263 15397.100534677505
1264 15409.56843495369
1265 15422.021198511124
1266 15433.680694103241
1267 15446.212087392807
1268 15457.717037677765
1269 15470.002561569214
1270 15482.419361829758
1271 15494.76726269722
1272 15506.41601228714
1273 15518.937315940857
1274 15531.10269498825
1275 15543.61889052391
1276 15556.104948997498
1277 15568.143405914307
1278 15579.61641407013
1279 15591.440814733505
1280 15603.01919388771
1281 15614.838889837265
1282 15627.180415153503
1283 15638.969574689865
1284 15651.214031934738
1285 15663.361966848373
1286 15675.841674804688
1287 15688.05543422699
1288 15700.586914777756
1289 15713.061810970306
1290 15725.072259187698
1291 15736.569556713104
1292 15749.029591560364
1293 15761.268756866455
1294 15773.41834449768
1295 15785.700685501099
1296 15798.18626666069
1297 15810.604685544968
1298 15823.020951986313
1299 15835.291991949081
1300 15847.897834539413
1301 15860.390194416046
1302 15872.59338593483
1303 15884.950124025345
1304 15897.476646900177
1305 15909.727274417877
1306 15922.28081870079
1307 15935.285752296448
1308 15946.731589078903
1309 15959.05265045166
1310 15970.81739115715
1311 15982.81339597702
1312 15994.691908121109
1313 16007.047968149185
1314 16019.263018846512
1315 16031.819328308105
1316 16043.468746423721
1317 16055.784854888916
1318 16067.232909202576
1319 16079.50416469574
1320 16091.87497997284
1321 16104.095317602158
1322 16116.528185129166
1323 16128.345661401749
1324 16140.890349149704
1325 16153.298885345459
1326 16164.803348302841
1327 16177.440800905228
1328 16189.60768532753
1329 16202.175879240036
1330 16214.43656373024
1331 16226.560138463974
1332 16238.09012746811
1333 16249.819427251816
1334 16261.820791006088
1335 16274.186871290207
1336 16286.665723323822
1337 16299.5259912014
1338 16311.91350889206
1339 16324.117886066437
1340 16336.834041833878
1341 16349.202407121658
1342 16361.712421417236
1343 16374.053193092346
1344 16386.579273939133
1345 16398.842723846436
1346 16410.815019369125
1347 16423.11046719551
1348 16435.374567985535
1349 16447.35334277153
1350 16459.18024301529
1351 16471.42071223259
1352 16483.85372519493
1353 16495.766081809998
1354 16508.221301794052
1355 16520.523473978043
1356 16534.046489477158
1357 16546.330879688263
1358 16558.893243789673
1359 16571.39013814926
1360 16583.42822122574
1361 16595.74216723442
1362 16608.083882331848
1363 16619.886394500732
1364 16632.613698005676
1365 16645.03434419632
1366 16657.4447889328
1367 16669.282248973846
1368 16681.23001909256
1369 16693.533605337143
1370 16705.976904153824
1371 16717.843577861786
1372 16729.91472172737
1373 16742.208974123
1374 16753.74541902542
1375 16766.007936000824
1376 16777.42202949524
1377 16790.307698965073
1378 16801.68531513214
1379 16814.21439218521
1380 16826.32313466072
1381 16838.411571979523
1382 16850.585758686066
1383 16862.56409597397
1384 16874.400495052338
1385 16886.007263422012
1386 16898.130927801132
1387 16910.38445329666
1388 16922.682804346085
1389 16934.525541067123
1390 16946.684331417084
1391 16958.164280653
1392 16969.752179145813
1393 16981.8159263134
1394 16993.80701136589
1395 17005.78795337677
1396 17018.05368256569
1397 17030.56656575203
1398 17042.014944076538
1399 17054.42600250244
1400 17066.70158624649
1401 17078.5864610672
1402 17090.265522956848
1403 17102.61389565468
1404 17115.121923923492
1405 17127.606048107147
1406 17140.931928157806
1407 17153.2120885849
1408 17165.723030805588
