(105,) [ 0.          0.144423    0.288846    0.433269    0.57769199  0.72211499
  0.86653799  1.01096099  1.15538399  1.29980699  1.44422999  1.58865298
  1.73307598  1.87749898  2.02192198  2.16634498  2.31076798  2.45519098
  2.59961397  2.74403697  2.88845997  3.03288297  3.17730597  3.32172897
  3.46615197  3.61057496  3.75499796  3.89942096  4.04384396  4.18826696
  4.33268996  4.47711296  4.62153595  4.76595895  4.91038195  5.05480495
  5.19922795  5.34365095  5.48807395  5.63249694  5.77691994  5.92134294
  6.06576594  6.21018894  6.35461194  6.49903494  6.64345793  6.78788093
  6.93230393  7.          7.288846    7.57769199  7.86653799  8.15538399
  8.44422999  8.73307598  9.02192198  9.31076798  9.59961397  9.88845997
 10.17730597 10.46615197 10.75499796 11.04384396 11.33268996 11.62153595
 11.91038195 12.19922795 12.48807395 12.77691994 13.06576594 13.35461194
 13.64345793 13.93230393 14.22114993 14.50999593 14.79884192 15.08768792
 15.37653392 15.66537991 15.95422591 16.24307191 16.53191791 16.8207639
 17.1096099  17.3984559  17.68730189 17.97614789 18.26499389 18.55383989
 18.84268588 19.13153188 19.42037788 19.70922387 19.99806987 20.
 20.57769199 21.15538399 21.73307598 22.31076798 22.88845997 23.46615197
 24.04384396 24.62153595 25.19922795]
(24,) [  0.  15.  30.  45.  60.  75.  90. 105. 120. 135. 150. 165. 180. 195.
 210. 225. 240. 255. 270. 285. 300. 315. 330. 345.] deg
2520
1 109.24400877952576
2 164.93886423110962
3 219.71760940551758
4 273.9668810367584
5 328.41396284103394
6 382.7871763706207
7 437.114266872406
8 491.3106164932251
9 545.9639134407043
10 600.2346301078796
11 654.4681360721588
12 708.9817082881927
13 763.4479262828827
14 817.3330552577972
15 871.1669545173645
16 925.2650537490845
17 979.7534303665161
18 1033.9497792720795
19 1088.1779606342316
20 1142.4087972640991
21 1196.7295010089874
22 1250.9645307064056
23 1305.426959991455
24 1359.7281267642975
25 1414.075172662735
26 1468.093356847763
27 1522.4052140712738
28 1576.6958706378937
29 1631.3461554050446
30 1685.466920375824
31 1739.711853981018
32 1794.7781927585602
33 1849.1930854320526
34 1903.337080001831
35 1957.40602850914
36 2013.107488155365
37 2067.6598534584045
38 2122.0919427871704
39 2176.3120698928833
40 2230.4623925685883
41 2284.8302619457245
42 2339.4102058410645
43 2393.72585105896
44 2447.8495717048645
45 2502.3654272556305
46 2557.0526461601257
47 2611.290995359421
48 2665.7186200618744
49 2719.8459753990173
50 2774.0883407592773
51 2828.019475221634
52 2882.3754217624664
53 2936.73957324028
54 2991.014003753662
55 3045.281047821045
56 3099.425268650055
57 3153.4228003025055
58 3207.5151081085205
59 3261.5732901096344
60 3315.9630255699158
61 3370.4916501045227
62 3424.900045633316
63 3479.325487136841
64 3533.801876306534
65 3588.4261298179626
66 3642.463757276535
67 3696.773558139801
68 3751.1190614700317
69 3806.6306567192078
70 3860.98366189003
71 3915.2095232009888
72 3969.7995896339417
73 4024.02241897583
74 4078.173623561859
75 4132.474580049515
76 4186.838666439056
77 4241.435989379883
78 4295.960694551468
79 4350.981294393539
80 4405.46496796608
81 4459.921732187271
82 4514.400305986404
83 4568.866166830063
84 4623.15421128273
85 4677.369478225708
86 4731.530567884445
87 4786.0752630233765
88 4841.025135040283
89 4895.505961179733
90 4949.894979476929
91 5005.0349135398865
92 5059.117917299271
93 5113.311545610428
94 5167.889666080475
95 5222.202018976212
96 5276.660690546036
97 5330.772123098373
98 5385.097611427307
99 5440.029340982437
100 5494.525062799454
101 5549.041692972183
102 5605.1269018650055
103 5659.622994184494
104 5713.829315185547
105 5767.653073787689
106 5821.907972812653
107 5875.8532955646515
108 5930.272510766983
109 5984.618044614792
110 6038.88458275795
111 6093.185681819916
112 6147.124054431915
113 6202.043751478195
114 6256.280802965164
115 6310.485172748566
116 6364.757878541946
117 6418.541386842728
118 6472.8200488090515
119 6527.229029417038
120 6581.711521148682
121 6636.004262208939
122 6690.2286059856415
123 6744.682423114777
124 6799.132004737854
125 6853.474337816238
126 6907.49715256691
127 6961.5190641880035
128 7015.986310482025
129 7070.915161848068
130 7125.3835237026215
131 7179.461953639984
132 7234.1032955646515
133 7287.894043684006
134 7342.1258318424225
135 7396.679044246674
136 7451.157701969147
137 7505.622725725174
138 7560.40416264534
139 7615.323980808258
140 7669.762517690659
141 7724.325109958649
142 7778.538859844208
143 7832.870614051819
144 7886.960174798965
145 7941.075473308563
146 7995.736911058426
147 8049.986134052277
148 8104.352953910828
149 8158.950993061066
150 8213.235808372498
151 8267.46320104599
152 8321.901097297668
153 8376.090489149094
154 8430.238486528397
155 8484.386580944061
156 8538.539675712585
157 8593.363044977188
158 8648.110897541046
159 8702.995608329773
160 8756.863024950027
161 8811.213718175888
162 8865.344477891922
163 8919.985894918442
164 8974.524092435837
165 9029.114258766174
166 9083.251228809357
167 9137.88759303093
168 9193.354844331741
169 9248.01458454132
170 9302.250916957855
171 9357.162751197815
172 9410.98841714859
173 9465.490675210953
174 9520.024136304855
175 9574.175036668777
176 9628.849343299866
177 9683.24830365181
178 9737.594664812088
179 9793.4223549366
180 9847.75739812851
181 9902.38154554367
182 9956.800858736038
183 10011.104501724243
184 10065.59140920639
185 10120.675273656845
186 10174.813687324524
187 10228.93431520462
188 10283.413981437683
189 10338.10899734497
190 10392.303706169128
191 10447.023705720901
192 10501.3714325428
193 10555.964672803879
194 10610.806267499924
195 10665.284059524536
196 10720.00071310997
197 10774.18462395668
198 10828.448675870895
199 10882.632556676865
200 10936.672922372818
201 10991.553578615189
202 11046.028020620346
203 11101.438837051392
204 11155.716253519058
205 11210.581513404846
206 11264.986109733582
207 11319.475197315216
208 11373.84421825409
209 11427.760037183762
210 11481.874766349792
211 11535.764853715897
212 11590.505578517914
213 11644.975908517838
214 11698.78859114647
215 11753.48552775383
216 11807.673477172852
217 11862.076171875
218 11916.363733291626
219 11970.649094104767
220 12025.156385421753
221 12079.796509981155
222 12134.643155574799
223 12188.736925840378
224 12243.247196674347
225 12297.319557189941
226 12351.803420066833
227 12406.213746070862
228 12461.053460359573
229 12515.64784169197
230 12570.01360321045
231 12624.372232913971
232 12678.578387022018
233 12733.187554121017
234 12788.098461389542
235 12844.115826845169
236 12897.98563504219
237 12952.521412611008
238 13006.64219546318
239 13060.074160575867
240 13114.503747940063
241 13169.104511737823
242 13223.497480869293
243 13278.377690076828
244 13332.4119617939
245 13386.763021469116
246 13440.889681339264
247 13494.78878235817
248 13548.8843998909
249 13603.416183233261
250 13657.820208311081
251 13712.54955124855
252 13766.470707893372
253 13821.070239543915
254 13875.461751699448
255 13929.72907447815
256 13985.318224191666
257 14040.620148897171
258 14095.26485657692
259 14150.1410343647
260 14204.484375
261 14259.4974796772
262 14313.632676362991
263 14367.718403339386
264 14421.8397397995
265 14475.889194250107
266 14530.745028495789
267 14585.273229122162
268 14640.15701842308
269 14694.600254058838
270 14748.733042240143
271 14802.997907876968
272 14857.044248342514
273 14911.567076444626
274 14965.788717746735
275 15020.566202402115
276 15075.350532770157
277 15130.618505954742
278 15185.156769275665
279 15240.197174072266
280 15294.691959142685
281 15349.290259599686
282 15403.604824781418
283 15457.934360980988
284 15511.952858448029
285 15566.449302911758
286 15620.98408484459
287 15675.474961042404
288 15730.590049743652
289 15785.672423362732
290 15839.965169668198
291 15894.619405508041
292 15949.190717458725
293 16003.685214996338
294 16058.28007221222
295 16112.677027225494
296 16167.170289754868
297 16221.2710211277
298 16275.912735700607
299 16330.740928649902
300 16385.48556995392
301 16440.634033441544
302 16495.147117376328
303 16550.17815375328
304 16604.690910339355
305 16658.400563001633
306 16713.01055455208
307 16767.379304409027
308 16821.693003177643
309 16876.479967355728
310 16930.87806248665
311 16985.457572221756
312 17040.69744992256
313 17094.720078229904
314 17149.187141418457
315 17203.037929534912
316 17257.615822792053
317 17311.75741171837
318 17366.149211406708
319 17420.452576637268
320 17474.80482006073
321 17529.372888088226
322 17584.079554080963
323 17638.676922798157
324 17692.809084415436
325 17747.16816854477
326 17801.643263339996
327 17855.553723573685
328 17910.06290602684
329 17963.956178188324
330 18018.214624404907
331 18072.18188214302
332 18126.586190462112
333 18181.593678474426
334 18236.18589401245
335 18290.72683095932
336 18344.999943971634
337 18399.141468524933
338 18453.883209228516
339 18508.30952167511
340 18562.529278993607
341 18616.994946718216
342 18671.33156967163
343 18725.68784594536
344 18780.294525146484
345 18834.876916885376
346 18889.18425631523
347 18943.621875286102
348 18998.07114481926
349 19052.31688308716
350 19106.167882204056
351 19160.63340497017
352 19214.555557250977
353 19268.62937760353
354 19322.85984992981
355 19376.701944351196
356 19431.189569950104
357 19485.734121322632
358 19540.255000829697
359 19594.602882146835
360 19648.579297542572
361 19703.207562446594
362 19757.687826871872
363 19812.3008146286
364 19866.415735721588
365 19920.592504262924
366 19975.031268119812
367 20030.482476234436
368 20084.56019973755
369 20139.34737968445
370 20193.659836292267
371 20248.25762486458
372 20302.54186296463
373 20356.942382335663
374 20411.672635555267
375 20466.311920404434
376 20520.925263404846
377 20575.17871427536
378 20630.213790893555
379 20684.32307434082
380 20738.783945798874
381 20793.470660448074
382 20848.236151456833
383 20902.919223070145
384 20957.675718545914
385 21011.550631046295
386 21065.783663988113
387 21120.535541296005
388 21174.648235797882
389 21229.061460733414
390 21283.34647321701
391 21338.03288578987
392 21392.16989183426
393 21446.706786632538
394 21501.01582622528
395 21555.694480895996
396 21609.96078467369
397 21664.48010492325
398 21719.131808042526
399 21773.412471294403
400 21827.375441789627
401 21881.787009477615
402 21935.98166155815
403 21990.548256635666
404 22044.8232088089
405 22099.56587266922
406 22153.782703876495
407 22208.026015281677
408 22262.555404424667
409 22316.677651405334
410 22370.804099082947
411 22425.513778686523
412 22479.606483221054
413 22534.043234825134
414 22588.211913585663
415 22642.58845615387
416 22696.81946015358
417 22751.3292388916
418 22805.602274656296
419 22860.77130627632
420 22915.147615909576
421 22969.71094608307
422 23024.380707502365
423 23079.25790119171
424 23133.685377836227
425 23187.801141023636
426 23242.30038666725
427 23296.926634550095
428 23351.072463989258
429 23405.293887376785
430 23459.53596496582
431 23514.16450381279
432 23568.932379722595
433 23623.772728919983
434 23678.09381532669
435 23732.75414943695
436 23787.40491104126
437 23841.977972745895
438 23896.02217411995
439 23951.313391923904
440 24005.646334648132
441 24060.428294181824
442 24114.356612443924
443 24169.187524318695
444 24224.06563258171
445 24278.2192568779
446 24333.06070113182
447 24387.427586317062
448 24441.468590974808
449 24495.94127368927
450 24550.362200021744
451 24604.807040691376
452 24658.825601816177
453 24713.138425827026
454 24767.574511289597
455 24822.264459848404
456 24877.012402772903
457 24931.278481960297
458 24985.31396985054
459 25039.76712656021
460 25094.017389774323
461 25148.33435153961
462 25202.540983438492
463 25256.67711377144
464 25311.16835951805
465 25365.566448926926
466 25420.287016391754
467 25474.7840423584
468 25529.22593855858
469 25583.79261636734
470 25638.00071787834
471 25692.718396425247
472 25747.30106472969
473 25802.224054336548
474 25857.147385120392
475 25911.81319308281
476 25966.344638347626
477 26020.8639857769
478 26075.041472434998
479 26129.577559947968
480 26183.912042617798
481 26238.347987651825
482 26292.483991861343
483 26346.45310163498
484 26401.678839206696
485 26456.35617375374
486 26511.376526117325
487 26565.572088479996
488 26620.06954240799
489 26674.34835267067
490 26728.717005252838
491 26783.261524915695
492 26837.626068353653
493 26892.0438246727
494 26946.364169836044
495 27000.944220542908
496 27055.44100832939
497 27109.903844833374
498 27164.070674180984
499 27218.0592045784
500 27272.490779161453
501 27326.68169951439
502 27381.294373989105
503 27435.184046030045
504 27489.848763227463
505 27544.351170301437
506 27598.9706325531
507 27653.32776594162
508 27707.97463440895
509 27762.392117261887
510 27816.755019903183
511 27871.76743888855
512 27925.9135055542
513 27980.436064004898
514 28034.978774547577
515 28089.21330523491
516 28143.009234428406
517 28197.56371164322
518 28252.09523177147
519 28306.322575330734
520 28361.001389026642
521 28415.685874700546
522 28470.105887413025
523 28524.63981938362
524 28579.055532455444
525 28634.044350862503
526 28688.141152620316
527 28742.603425741196
528 28797.501818180084
529 28852.30064511299
530 28906.37016415596
531 28961.713129281998
532 29016.32798075676
533 29071.00616145134
534 29125.86737060547
535 29180.755414009094
536 29234.865357398987
537 29289.360963106155
538 29343.67873954773
539 29398.192399024963
540 29452.544911384583
541 29507.074039936066
542 29561.878661632538
543 29616.580823898315
544 29671.100719451904
545 29725.72399497032
546 29780.725376844406
547 29835.515177488327
548 29889.908932209015
549 29944.446487665176
550 29998.750841617584
551 30053.722939252853
552 30107.706073760986
553 30161.88874387741
554 30216.288556337357
555 30270.999454975128
556 30325.729992628098
557 30380.75086760521
558 30435.43813228607
559 30489.88414978981
560 30544.996248483658
561 30599.39885687828
562 30653.30208182335
563 30707.44739341736
564 30762.048176527023
565 30817.489107608795
566 30872.09519314766
567 30926.643229961395
568 30981.162517547607
569 31035.874265670776
570 31089.872490882874
571 31144.00931954384
572 31198.414690971375
573 31252.586632966995
574 31307.114915132523
575 31361.595731019974
576 31417.200796842575
577 31471.920166492462
578 31526.586824417114
579 31581.099730730057
580 31635.344593524933
581 31689.75101351738
582 31744.04089999199
583 31798.548521518707
584 31852.880880832672
585 31906.94570040703
586 31960.81972336769
587 32015.374007463455
588 32069.488785028458
589 32123.383103370667
590 32177.40326976776
591 32232.275836467743
592 32286.532381772995
593 32341.18456721306
594 32395.748996257782
595 32450.11322402954
596 32504.58666753769
597 32558.862953186035
598 32613.03995656967
599 32667.41357088089
600 32722.112579107285
601 32776.662393808365
602 32831.33682966232
603 32885.73979663849
604 32939.910871744156
605 32994.9932179451
606 33049.63808465004
607 33104.18787360191
608 33158.58551669121
609 33213.18265914917
610 33267.80313396454
611 33322.49012160301
612 33377.1786339283
613 33432.16433215141
614 33486.71365714073
615 33541.727271556854
616 33596.11112904549
617 33650.51385354996
618 33704.97361421585
619 33759.558919906616
620 33816.228835344315
621 33870.8900449276
622 33925.40463209152
623 33980.18510222435
624 34034.63373494148
625 34089.42203044891
626 34143.90112614632
627 34198.41614151001
628 34252.9116768837
629 34307.30806899071
630 34362.362887859344
631 34416.857406139374
632 34471.07716226578
633 34525.85345077515
634 34580.16758728027
635 34634.642048597336
636 34688.65703392029
637 34743.074761629105
638 34797.71723985672
639 34851.902037382126
640 34905.643760442734
641 34960.32820367813
642 35015.04357671738
643 35069.5796892643
644 35123.84414815903
645 35178.20522356033
646 35232.93025755882
647 35287.75198531151
648 35342.02664375305
649 35396.57322072983
650 35450.897797584534
651 35505.5369784832
652 35559.89462709427
653 35614.217225551605
654 35668.322196006775
655 35722.79111409187
656 35777.16809463501
657 35831.63703131676
658 35885.84826183319
659 35939.826144218445
660 35994.271079063416
661 36048.75616288185
662 36103.29298663139
663 36157.92894029617
664 36212.321903944016
665 36266.75503778458
666 36321.10510611534
667 36375.42778682709
668 36429.92478299141
669 36484.17445731163
670 36538.52849006653
671 36593.14477801323
672 36647.783464193344
673 36702.50351500511
674 36756.60496902466
675 36811.27874851227
676 36865.78273272514
677 36920.338435173035
678 36974.96156525612
679 37029.335544109344
680 37083.64335608482
681 37138.35311079025
682 37192.419165849686
683 37246.83205127716
684 37301.41066837311
685 37356.09311366081
686 37410.779203653336
687 37465.41283082962
688 37519.913559913635
689 37573.82516884804
690 37628.13069009781
691 37682.4651966095
692 37736.86549782753
693 37791.844723939896
694 37846.211591005325
695 37900.86586880684
696 37954.99258637428
697 38009.48710298538
698 38063.84415626526
699 38118.446634054184
700 38173.01588845253
701 38227.54008626938
702 38282.000091314316
703 38336.31901574135
704 38391.242970228195
705 38445.77300572395
706 38500.02978348732
707 38554.438861846924
708 38610.07270550728
709 38664.15341734886
710 38719.37763261795
711 38774.00385928154
712 38828.25098490715
713 38882.48523235321
714 38936.834651470184
715 38991.69444108009
716 39046.25953865051
717 39100.8742017746
718 39154.74688196182
719 39209.35343694687
720 39263.665235996246
721 39318.00053191185
722 39372.34010243416
723 39426.54253959656
724 39480.517164707184
725 39534.72380852699
726 39589.087547540665
727 39643.319491147995
728 39697.753037929535
729 39752.26384019852
730 39806.40576887131
731 39860.79991936684
732 39915.253811597824
733 39969.811823129654
734 40023.955164670944
735 40077.838374853134
736 40132.27749824524
737 40186.47152733803
738 40240.671172618866
739 40294.997117996216
740 40349.22423839569
741 40403.89024591446
742 40458.15175318718
743 40512.97578573227
744 40567.16953969002
745 40622.3054292202
746 40676.53031206131
747 40731.09038352966
748 40785.6147813797
749 40839.91427278519
750 40894.136352300644
751 40948.643874406815
752 41004.156150102615
753 41058.83554267883
754 41113.30389499664
755 41168.46502709389
756 41223.1553132534
757 41277.6528069973
758 41332.654104948044
759 41387.25761461258
760 41442.28088784218
761 41496.812408447266
762 41551.33362483978
763 41605.6834397316
764 41660.282390117645
765 41715.07044625282
766 41769.786011219025
767 41824.209765672684
768 41878.177782297134
769 41932.589294433594
770 41987.27400517464
771 42041.77876543999
772 42095.89788937569
773 42150.07178926468
774 42204.77669215202
775 42259.15155673027
776 42313.77808713913
777 42368.33577823639
778 42422.67806720734
779 42477.29776287079
780 42532.10943841934
781 42586.73944568634
782 42641.33303523064
783 42696.12875533104
784 42750.50974440575
785 42805.05089569092
786 42859.50141620636
787 42913.58919906616
788 42967.62117481232
789 43022.675240039825
790 43076.5125310421
791 43130.63068842888
792 43184.85268115997
793 43239.2221224308
794 43293.52773690224
795 43348.28252220154
796 43402.521503686905
797 43456.81692433357
798 43510.82947254181
799 43565.245408296585
800 43619.81469702721
801 43673.5400826931
802 43728.215104818344
803 43782.70271682739
804 43837.222786426544
805 43891.479197502136
806 43945.936935424805
807 44000.394817113876
808 44054.601988554
809 44109.08673810959
810 44163.60137796402
811 44217.92698121071
812 44272.30435395241
813 44326.56665682793
814 44381.74230051041
815 44436.21786117554
816 44490.32120990753
817 44544.0588862896
818 44597.78740620613
819 44652.21540141106
820 44706.56517934799
821 44761.249376773834
822 44815.54885625839
823 44870.161086559296
824 44924.44448709488
825 44978.82634687424
826 45033.21628451347
827 45087.61853504181
828 45142.02449083328
829 45196.53835725784
830 45250.958339214325
831 45305.157021045685
832 45359.10005879402
833 45413.60429263115
834 45467.93982720375
835 45522.684186935425
836 45576.939745903015
837 45631.390830755234
838 45686.05855965614
839 45740.49646496773
840 45795.39940786362
841 45849.84856247902
842 45904.0785112381
843 45958.3261077404
844 46012.22471952438
845 46066.64664936066
846 46121.03103685379
847 46175.317314863205
848 46229.62340736389
849 46283.42975449562
850 46337.97803449631
851 46392.36201643944
852 46446.51447892189
853 46501.25546813011
854 46555.72031188011
855 46609.98724269867
856 46664.51034164429
857 46719.02768492699
858 46773.28702521324
859 46826.93892264366
860 46881.13847923279
861 46935.572534799576
862 46990.14280247688
863 47043.749688863754
864 47098.197254657745
865 47152.86214137077
866 47207.296258449554
867 47261.662759780884
868 47315.96558380127
869 47370.41367983818
870 47425.01092362404
871 47479.386548280716
872 47534.175738334656
873 47588.389050245285
874 47642.86474823952
875 47697.46540927887
876 47752.14277982712
877 47806.49226617813
878 47861.338832855225
879 47916.162823438644
880 47970.36257266998
881 48025.15884804726
882 48079.69967722893
883 48134.19737315178
884 48188.19494390488
885 48242.57430076599
886 48296.982417583466
887 48351.59253549576
888 48405.77712106705
889 48460.178567647934
890 48514.30537676811
891 48568.89515423775
892 48623.4091861248
893 48678.00237083435
894 48732.76220154762
895 48787.219062805176
896 48841.7830452919
897 48896.40322685242
898 48950.719928741455
899 49005.27001619339
900 49059.76213955879
901 49114.158913850784
902 49169.17200040817
903 49223.69257950783
904 49278.352069854736
905 49333.1875603199
906 49387.5154569149
907 49442.03901076317
908 49497.118309259415
909 49551.46754050255
910 49605.80388832092
911 49661.002380132675
912 49715.74970912933
913 49770.34860396385
914 49824.733033418655
915 49879.10896873474
916 49933.76729416847
917 49988.07403445244
918 50042.638280153275
919 50096.84680104256
920 50151.85218715668
921 50206.57803225517
922 50261.50023031235
923 50315.8048722744
924 50369.99894952774
925 50424.81705451012
926 50478.714409828186
927 50533.75885748863
928 50588.48509144783
929 50643.260553598404
930 50697.386130571365
931 50751.71242284775
932 50806.711025714874
933 50861.428144693375
934 50915.78756117821
935 50970.21388101578
936 51024.54856967926
937 51078.98547363281
938 51133.62292814255
939 51188.628772735596
940 51242.59139204025
941 51297.16916489601
942 51351.89721560478
943 51406.21672821045
944 51460.94157552719
945 51515.5822968483
946 51569.69422507286
947 51624.3425924778
948 51678.856308698654
949 51733.50863647461
950 51788.5600361824
951 51843.28350830078
952 51897.55591130257
953 51951.88299584389
954 52006.19490528107
955 52060.9843416214
956 52115.2843747139
957 52169.859301805496
958 52224.69972848892
959 52279.17655515671
960 52333.29620695114
961 52387.78092932701
962 52442.432515621185
963 52496.79863214493
964 52551.09012532234
965 52605.73823738098
966 52659.574489593506
967 52713.62500047684
968 52767.96788644791
969 52822.82085299492
970 52877.37150478363
971 52932.16214251518
972 52986.644959926605
973 53041.11070775986
974 53095.54480600357
975 53150.26862859726
976 53204.5995182991
977 53259.328850746155
978 53313.37195301056
979 53367.907737493515
980 53422.57684826851
981 53476.72210812569
982 53531.59854197502
983 53586.17871809006
984 53640.81014418602
985 53695.02199554443
986 53749.22144532204
987 53803.97361469269
988 53858.43706655502
989 53912.75594973564
990 53967.1232380867
991 54021.72117257118
992 54076.776896476746
993 54131.45943951607
994 54185.86546230316
995 54240.53334760666
996 54294.980815410614
997 54349.306314468384
998 54403.83699798584
999 54458.53842973709
1000 54512.37458181381
1001 54567.00837182999
1002 54622.343435287476
1003 54676.512238025665
1004 54730.70006728172
1005 54784.76112866402
1006 54839.990773677826
1007 54893.95018649101
1008 54948.388092279434
1009 55003.09987616539
1010 55058.16026568413
1011 55112.404425144196
1012 55166.574630498886
1013 55221.38428783417
1014 55275.912536382675
1015 55330.19248127937
1016 55384.96723103523
1017 55439.26653981209
1018 55494.28074193001
1019 55548.35278701782
1020 55602.98075890541
1021 55657.18567299843
1022 55712.03398299217
1023 55766.509998083115
1024 55821.30985569954
1025 55876.03789186478
1026 55930.28841161728
1027 55984.847718954086
1028 56039.29147815704
1029 56093.932716846466
1030 56147.86491918564
1031 56202.810291051865
1032 56256.927193403244
1033 56311.58823847771
1034 56365.852890729904
1035 56420.69904136658
1036 56475.41794466972
1037 56530.063553094864
1038 56584.434136390686
1039 56639.02805042267
1040 56693.282138586044
1041 56747.247094631195
1042 56801.83624148369
1043 56856.96879196167
1044 56910.80310177803
1045 56965.37789583206
1046 57020.22668123245
1047 57074.53178024292
1048 57128.923880815506
1049 57183.12777924538
1050 57237.64566540718
1051 57292.42342925072
1052 57346.793364048004
1053 57401.29066371918
1054 57455.52169775963
1055 57509.99757313728
1056 57564.30761241913
1057 57618.80332016945
1058 57673.31666469574
1059 57727.90260338783
1060 57782.42673563957
1061 57836.85983014107
1062 57891.332243680954
1063 57945.86003613472
1064 57999.77285051346
1065 58053.81353664398
1066 58108.085611104965
1067 58163.026579380035
1068 58217.2267241478
1069 58272.14815950394
1070 58326.5901761055
1071 58380.77479052544
1072 58435.027582883835
1073 58489.49196076393
1074 58543.908485651016
1075 58598.59216761589
1076 58652.99276781082
1077 58707.34034490585
1078 58762.24377036095
1079 58816.3588476181
1080 58871.17191076279
1081 58924.80559301376
1082 58979.668348789215
1083 59034.440687179565
1084 59088.797796964645
1085 59143.313126802444
1086 59197.752492427826
1087 59252.003445863724
1088 59306.252252578735
1089 59361.11356449127
1090 59415.380509614944
1091 59469.76872253418
1092 59524.34543275833
1093 59579.07388782501
1094 59633.45650219917
1095 59687.49019885063
1096 59741.52729654312
1097 59796.52370262146
1098 59850.99095034599
1099 59905.45841741562
1100 59959.866399765015
1101 60014.299703359604
1102 60068.877405405045
1103 60123.40325379372
1104 60178.2420027256
1105 60232.89176154137
1106 60286.90202379227
1107 60341.52913689613
1108 60395.896574020386
1109 60450.21851396561
1110 60505.04136419296
1111 60559.442046165466
1112 60613.66435050964
1113 60668.31325030327
1114 60722.79905772209
1115 60777.26231813431
1116 60831.58920001984
1117 60885.968985795975
1118 60940.29658818245
1119 60994.545057058334
1120 61049.031677007675
1121 61103.72938203812
1122 61158.25433206558
1123 61212.3037610054
1124 61266.824056863785
1125 61321.729909181595
1126 61376.06027817726
1127 61430.6732339859
1128 61484.75091314316
1129 61538.62676143646
1130 61592.9134953022
1131 61647.44793820381
1132 61702.25676202774
1133 61756.82349395752
1134 61811.21387004852
1135 61865.29144477844
1136 61919.4304459095
1137 61974.060599565506
1138 62028.49951052666
1139 62083.48567557335
1140 62138.2348818779
1141 62192.78058099747
1142 62247.19779539108
1143 62301.95036506653
1144 62355.94864106178
1145 62410.0787191391
1146 62464.28923201561
1147 62518.64856028557
1148 62573.2659034729
1149 62628.248474121094
1150 62682.55204415321
1151 62737.07753300667
1152 62791.81721448898
1153 62846.161405563354
1154 62900.33441519737
1155 62954.91037750244
1156 63009.21621084213
1157 63063.51155948639
1158 63117.95975732803
1159 63172.03666257858
1160 63226.212173461914
1161 63280.67361974716
1162 63334.76848244667
1163 63388.92555809021
1164 63443.02189254761
1165 63497.605499506
1166 63551.96196556091
1167 63606.45062637329
1168 63660.91122055054
1169 63715.52684497833
1170 63770.08830976486
1171 63824.170261621475
1172 63878.546155929565
1173 63932.78646612167
1174 63986.97433209419
1175 64041.12893128395
1176 64095.90913558006
1177 64150.1962325573
1178 64204.77138566971
1179 64259.096381902695
1180 64313.3607480526
1181 64367.852221012115
1182 64422.584119558334
1183 64477.1456348896
1184 64531.668154001236
1185 64586.32160449028
1186 64640.89918112755
1187 64695.41026234627
1188 64749.901426553726
1189 64804.44931983948
1190 64858.8749768734
1191 64912.868863105774
1192 64967.28382253647
1193 65022.169369220734
1194 65076.8054561615
1195 65130.92063832283
1196 65185.09638571739
1197 65239.96189713478
1198 65295.30196070671
1199 65349.96774983406
1200 65404.146045446396
1201 65458.75605726242
1202 65513.66040444374
1203 65567.61571931839
1204 65622.04657912254
1205 65676.40239953995
1206 65730.98060894012
1207 65785.49669337273
1208 65840.1975312233
1209 65894.82717442513
1210 65949.28033566475
1211 66003.55947732925
1212 66057.63442897797
1213 66112.49183797836
1214 66167.30456352234
1215 66221.32740235329
1216 66276.06943440437
1217 66330.06291985512
1218 66384.32477140427
1219 66438.65784525871
1220 66493.19204497337
1221 66547.47392630577
1222 66601.88600301743
1223 66656.40662646294
1224 66710.76291251183
1225 66764.69367647171
1226 66819.29319834709
1227 66873.7184305191
1228 66928.03642320633
1229 66983.13096904755
1230 67037.1280169487
1231 67091.53529310226
1232 67145.91726613045
1233 67200.48621201515
1234 67254.97256541252
1235 67309.4673461914
1236 67363.4949593544
1237 67417.72915887833
1238 67472.04632639885
1239 67526.4688243866
1240 67581.26515603065
1241 67635.7535264492
1242 67690.40393543243
1243 67744.75196814537
1244 67799.16667866707
1245 67853.77946782112
1246 67907.94670510292
1247 67962.33496189117
1248 68016.86687421799
1249 68071.34425115585
1250 68125.7115843296
1251 68180.20352602005
1252 68234.43557190895
1253 68288.17876267433
1254 68342.58453130722
1255 68397.18899989128
1256 68451.63655567169
1257 68506.29255199432
1258 68560.78224658966
1259 68614.74478316307
1260 68669.11288690567
1261 68723.57086586952
1262 68778.46522974968
1263 68833.05256175995
1264 68887.55310702324
1265 68941.78095579147
1266 68996.15847826004
1267 69050.56376385689
1268 69105.04445528984
1269 69159.33739900589
1270 69213.52895522118
1271 69268.00230669975
1272 69322.15319919586
1273 69376.33759355545
1274 69430.62512159348
1275 69485.52346873283
1276 69539.54596328735
1277 69593.77056217194
1278 69648.08508229256
1279 69702.4585955143
1280 69756.81516242027
1281 69811.29746818542
1282 69865.35001969337
1283 69919.87988352776
1284 69974.38345885277
1285 70028.46389818192
1286 70083.218968153
1287 70137.64818787575
1288 70192.14358520508
1289 70246.6134519577
1290 70300.09427213669
1291 70353.63388800621
1292 70408.32531642914
1293 70462.95088076591
1294 70516.9992275238
1295 70571.44791960716
1296 70626.21573781967
1297 70680.60388040543
1298 70735.33622932434
1299 70789.1992983818
1300 70843.47586655617
1301 70898.08406639099
1302 70952.75215530396
1303 71007.14635491371
1304 71061.43915247917
1305 71116.1616384983
1306 71170.514919281
1307 71225.48683714867
1308 71279.74172091484
1309 71334.45956134796
1310 71388.55531692505
1311 71443.79586577415
1312 71498.35963892937
1313 71553.04321503639
1314 71607.02731823921
1315 71661.75593233109
1316 71715.86323952675
1317 71770.1848142147
1318 71824.18374419212
1319 71878.85659527779
1320 71933.18100357056
1321 71987.5537879467
1322 72042.26163673401
1323 72096.21052265167
1324 72150.26369690895
1325 72204.82634568214
1326 72259.36305785179
1327 72313.6969037056
1328 72368.13105940819
1329 72423.45191764832
1330 72477.59740185738
1331 72532.72812318802
1332 72586.96820259094
1333 72641.4922220707
1334 72695.6499183178
1335 72750.32760214806
1336 72805.09485769272
1337 72859.50149321556
1338 72914.10483694077
1339 72968.31833148003
1340 73022.65220308304
1341 73077.35081076622
1342 73131.95630931854
1343 73186.54276061058
1344 73240.5011768341
1345 73294.60690307617
1346 73349.33382940292
1347 73403.97782468796
1348 73458.29912519455
1349 73513.14121770859
1350 73567.77095794678
1351 73621.72146177292
1352 73676.19319915771
1353 73730.62853741646
1354 73784.71873617172
1355 73839.11802458763
1356 73893.36980724335
1357 73948.09390091896
1358 74002.68187689781
1359 74057.19684267044
1360 74111.42302560806
1361 74165.90243124962
1362 74220.19897413254
1363 74274.571590662
1364 74328.91749119759
1365 74383.3251953125
1366 74437.71711039543
1367 74492.93941617012
1368 74547.45850348473
1369 74602.33060908318
1370 74656.99602937698
1371 74711.36754059792
1372 74765.68147444725
1373 74820.22711372375
1374 74874.57797431946
1375 74928.74684548378
1376 74983.13400888443
1377 75037.49013185501
1378 75092.21055579185
1379 75146.48761105537
1380 75201.05273151398
1381 75255.56625461578
1382 75310.01267313957
1383 75364.39113473892
1384 75418.76731228828
1385 75473.32786726952
1386 75527.42338466644
1387 75581.65107321739
1388 75636.54545402527
1389 75691.37391734123
1390 75745.52371025085
1391 75799.68479061127
1392 75854.08435678482
1393 75908.49933600426
1394 75963.10169959068
1395 76017.59011650085
1396 76072.44071221352
1397 76126.6195807457
1398 76181.31950521469
1399 76235.89198470116
1400 76290.93497657776
1401 76345.39641809464
1402 76399.96844959259
1403 76454.19442939758
1404 76508.82348012924
1405 76562.9901099205
1406 76617.59293460846
1407 76671.87127256393
1408 76726.07076740265
1409 76780.8492796421
1410 76835.15469622612
1411 76889.529702425
1412 76944.02739262581
1413 76999.23623681068
1414 77053.68114113808
1415 77108.75328230858
1416 77163.29015016556
1417 77217.73086619377
1418 77272.25731801987
1419 77326.86364340782
1420 77381.56765151024
1421 77436.14437484741
1422 77492.57616233826
1423 77546.7950322628
1424 77601.15522170067
1425 77655.5608932972
1426 77710.34295916557
1427 77764.44310736656
1428 77818.92937684059
1429 77873.66305685043
1430 77928.3428914547
1431 77983.29879164696
1432 78037.73424482346
1433 78092.88481163979
1434 78147.30005264282
1435 78201.36667084694
1436 78255.51753926277
1437 78310.1034014225
1438 78364.0145111084
1439 78418.62450528145
1440 78473.21596193314
1441 78527.49806904793
1442 78581.97780632973
1443 78636.36876893044
1444 78690.64987802505
1445 78744.71532011032
1446 78800.8110499382
1447 78854.81486535072
1448 78908.63674592972
1449 78963.38255023956
1450 79017.80872416496
1451 79072.36521553993
1452 79126.5545425415
1453 79181.27482891083
1454 79235.33091139793
1455 79290.02942681313
1456 79344.34903526306
1457 79398.81860637665
1458 79453.22672963142
1459 79507.53895568848
1460 79561.75650596619
1461 79616.36297154427
1462 79670.74360179901
1463 79725.36663556099
1464 79779.6063156128
1465 79834.39931893349
1466 79888.69847369194
1467 79943.04078817368
1468 79998.22487711906
1469 80052.78757429123
1470 80107.0950422287
1471 80161.30835199356
1472 80215.85869240761
1473 80270.34221220016
1474 80324.59371161461
1475 80379.02946996689
1476 80433.85650873184
1477 80488.42166209221
1478 80542.6581761837
1479 80596.86655402184
1480 80651.149797678
1481 80705.22252058983
1482 80759.25042033195
1483 80813.57201600075
1484 80867.70356106758
1485 80922.32419514656
1486 80977.0474023819
1487 81031.56815958023
1488 81085.49673223495
1489 81140.00784277916
1490 81194.82262587547
1491 81249.39812135696
1492 81303.61457371712
1493 81358.1747341156
1494 81412.50578022003
1495 81466.6779050827
1496 81520.7322576046
1497 81575.38627815247
1498 81630.07731580734
1499 81684.76376128197
1500 81738.90819048882
1501 81793.5337574482
1502 81847.82276010513
1503 81902.77423143387
1504 81957.08043146133
1505 82011.54998970032
1506 82065.62221360207
1507 82119.96481513977
1508 82174.51063132286
1509 82229.14410328865
1510 82284.1139497757
1511 82338.52320718765
1512 82393.31061983109
1513 82447.70819425583
1514 82502.32851576805
1515 82556.67253375053
1516 82610.80176973343
1517 82665.37257409096
1518 82719.66280150414
1519 82774.61901116371
1520 82828.9386150837
1521 82883.07164239883
1522 82937.39074277878
1523 82991.59340906143
1524 83046.52460026741
1525 83100.4222881794
1526 83154.600669384
1527 83208.7824921608
1528 83263.91460943222
1529 83318.01758551598
1530 83372.20242786407
1531 83426.65960025787
1532 83481.02861118317
1533 83535.37913012505
1534 83589.52255964279
1535 83643.95050215721
1536 83697.84178471565
1537 83752.34309720993
1538 83806.8861246109
1539 83861.48350596428
1540 83915.6753487587
1541 83970.08760905266
1542 84024.6252412796
1543 84078.70999193192
1544 84133.66566991806
1545 84188.15960383415
1546 84242.8169002533
1547 84296.85254573822
1548 84351.10412955284
1549 84405.59974050522
1550 84460.10028243065
1551 84514.63582992554
1552 84569.41186594963
1553 84624.02249073982
1554 84678.17929005623
1555 84732.86308956146
1556 84787.58334159851
1557 84841.93880486488
1558 84896.62657499313
1559 84951.11346077919
1560 85005.18946528435
1561 85059.65949964523
1562 85113.93445658684
1563 85168.30967926979
1564 85223.21657156944
1565 85277.63249778748
1566 85332.58125972748
1567 85387.1360976696
1568 85442.08340239525
1569 85496.61551594734
1570 85551.02089357376
1571 85605.75328111649
1572 85659.95541739464
1573 85714.41840672493
1574 85768.81219792366
1575 85823.6495847702
1576 85877.64762926102
1577 85931.93824195862
1578 85986.622017622
1579 86040.74281167984
1580 86095.2153031826
1581 86149.88223171234
1582 86204.21697497368
1583 86258.78695893288
1584 86313.32408046722
1585 86368.07470560074
1586 86423.1103079319
1587 86477.83226323128
1588 86532.63264584541
1589 86586.86126065254
1590 86641.4015443325
1591 86695.53844666481
1592 86749.66479802132
1593 86804.39924049377
1594 86858.76436591148
1595 86913.39127659798
1596 86967.56192326546
1597 87022.08574819565
1598 87076.54919791222
1599 87131.10438323021
1600 87185.34599995613
1601 87239.73315238953
1602 87294.29779362679
1603 87348.71335577965
1604 87404.06187319756
1605 87458.69291687012
1606 87513.14861631393
1607 87567.50266098976
1608 87621.83554077148
1609 87676.2367041111
1610 87730.66914534569
1611 87785.14145946503
1612 87839.37749576569
1613 87894.20981907845
1614 87948.72616314888
1615 88003.0324549675
1616 88057.32140851021
1617 88111.95794320107
1618 88166.6040751934
1619 88221.10774588585
1620 88275.19228744507
1621 88329.32473778725
1622 88384.0371491909
1623 88438.97535514832
1624 88494.28025341034
1625 88549.0937628746
1626 88604.51219558716
1627 88658.87746453285
1628 88713.7160372734
1629 88768.01831841469
1630 88822.3288564682
1631 88877.01199388504
1632 88931.43396830559
1633 88985.93702435493
1634 89040.34379792213
1635 89094.8517935276
1636 89149.19562363625
1637 89204.00051355362
1638 89258.26835560799
1639 89312.85536265373
1640 89366.76516366005
1641 89422.18825101852
1642 89476.65150809288
1643 89531.65811061859
1644 89586.07178139687
1645 89640.71062135696
1646 89695.46769189835
1647 89749.92440056801
1648 89804.39927220345
1649 89858.95172905922
1650 89913.8657503128
1651 89968.35777878761
1652 90022.6621518135
1653 90077.32937026024
1654 90131.95676159859
1655 90186.470048666
1656 90241.35820126534
1657 90295.32235789299
1658 90349.77591180801
1659 90404.44380092621
1660 90458.64928984642
1661 90513.18722438812
1662 90567.9063937664
